
21860 : 0x369f8bbca : 1 : spill_jit_data :  Jit agent is not initialized
21860 : 0x369f8c217 : 2 : ittapi_config_mask_get :  --itt-config mask to be applied: 39
21860 : 0x369f8c2a7 : 2 : ittapi_config_apply_per_lib :  ITTAPI function instrumented: __itt_domain_createA
21860 : 0x369f8c2ca : 2 : ittapi_config_apply_per_lib :  ITTAPI function instrumented: __itt_domain_createW
21860 : 0x369f8c2f6 : 2 : ittapi_config_apply_per_lib :  ITTAPI function instrumented: __itt_string_handle_createA
21860 : 0x369f8c30e : 2 : ittapi_config_apply_per_lib :  ITTAPI function instrumented: __itt_string_handle_createW
21860 : 0x369f8c329 : 2 : ittapi_config_apply_per_lib :  ITTAPI function instrumented: __itt_counter_createA
21860 : 0x369f8c340 : 2 : ittapi_config_apply_per_lib :  ITTAPI function instrumented: __itt_counter_createW
21860 : 0x369f8c358 : 2 : ittapi_config_apply_per_lib :  ITTAPI function instrumented: __itt_counter_create_typedA
21860 : 0x369f8c41b : 2 : ittapi_config_apply_per_lib :  ITTAPI function instrumented: __itt_counter_create_typedW
21860 : 0x369f8c9b5 : 2 : ittapi_config_apply_per_lib :  ITTAPI function instrumented: __itt_pause
21860 : 0x369f8c9dc : 2 : ittapi_config_apply_per_lib :  ITTAPI function instrumented: __itt_resume
21860 : 0x369f8c9f6 : 2 : ittapi_config_apply_per_lib :  ITTAPI function instrumented: __itt_thread_set_nameA
21860 : 0x369f8ca0f : 2 : ittapi_config_apply_per_lib :  ITTAPI function instrumented: __itt_thread_set_nameW
21860 : 0x369f8ca25 : 2 : ittapi_config_apply_per_lib :  ITTAPI function instrumented: __itt_thread_ignore
21860 : 0x369f8ca3d : 2 : ittapi_config_apply_per_lib :  ITTAPI function instrumented: __itt_thr_name_setA
21860 : 0x369f8ca56 : 2 : ittapi_config_apply_per_lib :  ITTAPI function instrumented: __itt_thr_name_setW
21860 : 0x369f8ca6d : 2 : ittapi_config_apply_per_lib :  ITTAPI function instrumented: __itt_thr_ignore
21860 : 0x369f8caa7 : 2 : ittapi_config_apply_per_lib :  ITTAPI function not implemented: __itt_enable_attach
21860 : 0x369f8cac4 : 2 : ittapi_config_apply_per_lib :  ITTAPI function instrumented: __itt_detach
21860 : 0x369f8cb49 : 2 : ittapi_config_apply_per_lib :  ITTAPI function NOT instrumented (not matched by --itt-config option): __itt_sync_createA

21860 : 0x369f8cb65 : 2 : ittapi_config_apply_per_lib :  ITTAPI function NOT instrumented (not matched by --itt-config option): __itt_sync_createW

21860 : 0x369f8cb79 : 2 : ittapi_config_apply_per_lib :  ITTAPI function NOT instrumented (not matched by --itt-config option): __itt_sync_renameA

21860 : 0x369f8cb91 : 2 : ittapi_config_apply_per_lib :  ITTAPI function NOT instrumented (not matched by --itt-config option): __itt_sync_renameW

21860 : 0x369f8cba4 : 2 : ittapi_config_apply_per_lib :  ITTAPI function NOT instrumented (not matched by --itt-config option): __itt_sync_destroy

21860 : 0x369f8cbb9 : 2 : ittapi_config_apply_per_lib :  ITTAPI function NOT instrumented (not matched by --itt-config option): __itt_sync_prepare

21860 : 0x369f8cbcd : 2 : ittapi_config_apply_per_lib :  ITTAPI function NOT instrumented (not matched by --itt-config option): __itt_sync_cancel

21860 : 0x369f8cbe2 : 2 : ittapi_config_apply_per_lib :  ITTAPI function NOT instrumented (not matched by --itt-config option): __itt_sync_acquired

21860 : 0x369f8cbf6 : 2 : ittapi_config_apply_per_lib :  ITTAPI function NOT instrumented (not matched by --itt-config option): __itt_sync_releasing

21860 : 0x369f8cc12 : 2 : ittapi_config_apply_per_lib :  ITTAPI function not implemented: __itt_suppress_push
21860 : 0x369f8cc59 : 2 : ittapi_config_apply_per_lib :  ITTAPI function not implemented: __itt_suppress_pop
21860 : 0x369f8cc6d : 2 : ittapi_config_apply_per_lib :  ITTAPI function not implemented: __itt_suppress_mark_range
21860 : 0x369f8cc81 : 2 : ittapi_config_apply_per_lib :  ITTAPI function not implemented: __itt_suppress_clear_range
21860 : 0x369f8cc91 : 2 : ittapi_config_apply_per_lib :  ITTAPI function NOT instrumented (not matched by --itt-config option): __itt_sync_prepare

21860 : 0x369f8cca5 : 2 : ittapi_config_apply_per_lib :  ITTAPI function NOT instrumented (not matched by --itt-config option): __itt_sync_cancel

21860 : 0x369f8ccb9 : 2 : ittapi_config_apply_per_lib :  ITTAPI function NOT instrumented (not matched by --itt-config option): __itt_sync_acquired

21860 : 0x369f8ccce : 2 : ittapi_config_apply_per_lib :  ITTAPI function NOT instrumented (not matched by --itt-config option): __itt_sync_releasing

21860 : 0x369f8cce9 : 2 : ittapi_config_apply_per_lib :  ITTAPI function not implemented: __itt_model_site_begin
21860 : 0x369f8ccfd : 2 : ittapi_config_apply_per_lib :  ITTAPI function not implemented: __itt_model_site_end
21860 : 0x369f8cd0f : 2 : ittapi_config_apply_per_lib :  ITTAPI function not implemented: __itt_model_task_begin
21860 : 0x369f8cedc : 2 : ittapi_config_apply_per_lib :  ITTAPI function not implemented: __itt_model_task_end
21860 : 0x369f8cef0 : 2 : ittapi_config_apply_per_lib :  ITTAPI function not implemented: __itt_model_lock_acquire
21860 : 0x369f8cf03 : 2 : ittapi_config_apply_per_lib :  ITTAPI function not implemented: __itt_model_lock_release
21860 : 0x369f8cf14 : 2 : ittapi_config_apply_per_lib :  ITTAPI function not implemented: __itt_model_record_allocation
21860 : 0x369f8cf26 : 2 : ittapi_config_apply_per_lib :  ITTAPI function not implemented: __itt_model_record_deallocation
21860 : 0x369f8cf37 : 2 : ittapi_config_apply_per_lib :  ITTAPI function not implemented: __itt_model_induction_uses
21860 : 0x369f8cf49 : 2 : ittapi_config_apply_per_lib :  ITTAPI function not implemented: __itt_model_reduction_uses
21860 : 0x369f8cf5a : 2 : ittapi_config_apply_per_lib :  ITTAPI function not implemented: __itt_model_observe_uses
21860 : 0x369f8cf6b : 2 : ittapi_config_apply_per_lib :  ITTAPI function not implemented: __itt_model_clear_uses
21860 : 0x369f8cf7d : 2 : ittapi_config_apply_per_lib :  ITTAPI function not implemented: __itt_model_site_beginW
21860 : 0x369f8cfbf : 2 : ittapi_config_apply_per_lib :  ITTAPI function not implemented: __itt_model_task_beginW
21860 : 0x369f8cfd2 : 2 : ittapi_config_apply_per_lib :  ITTAPI function not implemented: __itt_model_iteration_taskW
21860 : 0x369f8cfe4 : 2 : ittapi_config_apply_per_lib :  ITTAPI function not implemented: __itt_model_site_beginA
21860 : 0x369f8cff5 : 2 : ittapi_config_apply_per_lib :  ITTAPI function not implemented: __itt_model_site_beginAL
21860 : 0x369f8d005 : 2 : ittapi_config_apply_per_lib :  ITTAPI function not implemented: __itt_model_task_beginA
21860 : 0x369f8d017 : 2 : ittapi_config_apply_per_lib :  ITTAPI function not implemented: __itt_model_task_beginAL
21860 : 0x369f8d028 : 2 : ittapi_config_apply_per_lib :  ITTAPI function not implemented: __itt_model_iteration_taskA
21860 : 0x369f8d039 : 2 : ittapi_config_apply_per_lib :  ITTAPI function not implemented: __itt_model_iteration_taskAL
21860 : 0x369f8d04a : 2 : ittapi_config_apply_per_lib :  ITTAPI function not implemented: __itt_model_site_end_2
21860 : 0x369f8d05c : 2 : ittapi_config_apply_per_lib :  ITTAPI function not implemented: __itt_model_task_end_2
21860 : 0x369f8d091 : 2 : ittapi_config_apply_per_lib :  ITTAPI function not implemented: __itt_model_lock_acquire_2
21860 : 0x369f8d0a3 : 2 : ittapi_config_apply_per_lib :  ITTAPI function not implemented: __itt_model_lock_release_2
21860 : 0x369f8d0b4 : 2 : ittapi_config_apply_per_lib :  ITTAPI function not implemented: __itt_model_aggregate_task
21860 : 0x369f8d0c5 : 2 : ittapi_config_apply_per_lib :  ITTAPI function not implemented: __itt_model_disable_push
21860 : 0x369f8d0d7 : 2 : ittapi_config_apply_per_lib :  ITTAPI function not implemented: __itt_model_disable_pop
21860 : 0x369f8d0e8 : 2 : ittapi_config_apply_per_lib :  ITTAPI function instrumented: __itt_heap_function_createA
21860 : 0x369f8d0f8 : 2 : ittapi_config_apply_per_lib :  ITTAPI function instrumented: __itt_heap_function_createW
21860 : 0x369f8d109 : 2 : ittapi_config_apply_per_lib :  ITTAPI function instrumented: __itt_heap_allocate_begin
21860 : 0x369f8d118 : 2 : ittapi_config_apply_per_lib :  ITTAPI function instrumented: __itt_heap_allocate_end
21860 : 0x369f8d129 : 2 : ittapi_config_apply_per_lib :  ITTAPI function instrumented: __itt_heap_free_begin
21860 : 0x369f8d166 : 2 : ittapi_config_apply_per_lib :  ITTAPI function instrumented: __itt_heap_free_end
21860 : 0x369f8d177 : 2 : ittapi_config_apply_per_lib :  ITTAPI function instrumented: __itt_heap_reallocate_begin
21860 : 0x369f8d188 : 2 : ittapi_config_apply_per_lib :  ITTAPI function instrumented: __itt_heap_reallocate_end
21860 : 0x369f8d19a : 2 : ittapi_config_apply_per_lib :  ITTAPI function not implemented: __itt_heap_internal_access_begin
21860 : 0x369f8d1ac : 2 : ittapi_config_apply_per_lib :  ITTAPI function not implemented: __itt_heap_internal_access_end
21860 : 0x369f8d1bf : 2 : ittapi_config_apply_per_lib :  ITTAPI function not implemented: __itt_heap_record_memory_growth_begin
21860 : 0x369f8d1d2 : 2 : ittapi_config_apply_per_lib :  ITTAPI function not implemented: __itt_heap_record_memory_growth_end
21860 : 0x369f8d1e4 : 2 : ittapi_config_apply_per_lib :  ITTAPI function not implemented: __itt_heap_reset_detection
21860 : 0x369f8d1f6 : 2 : ittapi_config_apply_per_lib :  ITTAPI function not implemented: __itt_heap_record
21860 : 0x369f8d207 : 2 : ittapi_config_apply_per_lib :  ITTAPI function not implemented: __itt_id_create
21860 : 0x369f8d241 : 2 : ittapi_config_apply_per_lib :  ITTAPI function not implemented: __itt_id_destroy
21860 : 0x369f8d253 : 2 : ittapi_config_apply_per_lib :  ITTAPI function instrumented: __itt_get_timestamp
21860 : 0x369f8d264 : 2 : ittapi_config_apply_per_lib :  ITTAPI function not implemented: __itt_region_begin
21860 : 0x369f8d275 : 2 : ittapi_config_apply_per_lib :  ITTAPI function not implemented: __itt_region_end
21860 : 0x369f8d286 : 2 : ittapi_config_apply_per_lib :  ITTAPI function instrumented: __itt_frame_begin_v3
21860 : 0x369f8d296 : 2 : ittapi_config_apply_per_lib :  ITTAPI function instrumented: __itt_frame_end_v3
21860 : 0x369f8d2a6 : 2 : ittapi_config_apply_per_lib :  ITTAPI function instrumented: __itt_frame_submit_v3
21860 : 0x369f8d2b7 : 2 : ittapi_config_apply_per_lib :  ITTAPI function not implemented: __itt_task_group
21860 : 0x369f8d2c8 : 2 : ittapi_config_apply_per_lib :  ITTAPI function instrumented: __itt_task_begin
21860 : 0x369f8d2d8 : 2 : ittapi_config_apply_per_lib :  ITTAPI function instrumented: __itt_task_begin_fn
21860 : 0x369f8d30b : 2 : ittapi_config_apply_per_lib :  ITTAPI function instrumented: __itt_task_end
21860 : 0x369f8d31e : 2 : ittapi_config_apply_per_lib :  ITTAPI function not implemented: __itt_counter_inc_v3
21860 : 0x369f8d330 : 2 : ittapi_config_apply_per_lib :  ITTAPI function not implemented: __itt_counter_inc_delta_v3
21860 : 0x369f8d342 : 2 : ittapi_config_apply_per_lib :  ITTAPI function not implemented: __itt_counter_dec_v3
21860 : 0x369f8d354 : 2 : ittapi_config_apply_per_lib :  ITTAPI function not implemented: __itt_counter_dec_delta_v3
21860 : 0x369f8d366 : 2 : ittapi_config_apply_per_lib :  ITTAPI function not implemented: __itt_marker
21860 : 0x369f8d375 : 2 : ittapi_config_apply_per_lib :  ITTAPI function instrumented: __itt_metadata_add
21860 : 0x369f8d386 : 2 : ittapi_config_apply_per_lib :  ITTAPI function not implemented: __itt_metadata_str_addA
21860 : 0x369f8d397 : 2 : ittapi_config_apply_per_lib :  ITTAPI function not implemented: __itt_metadata_str_addW
21860 : 0x369f8d3a8 : 2 : ittapi_config_apply_per_lib :  ITTAPI function not implemented: __itt_relation_add_to_current
21860 : 0x369f8d3dc : 2 : ittapi_config_apply_per_lib :  ITTAPI function not implemented: __itt_relation_add
21860 : 0x369f8d3ee : 2 : ittapi_config_apply_per_lib :  ITTAPI function instrumented: __itt_event_createA
21860 : 0x369f8d529 : 2 : ittapi_config_apply_per_lib :  ITTAPI function instrumented: __itt_event_createW
21860 : 0x369f8d539 : 2 : ittapi_config_apply_per_lib :  ITTAPI function instrumented: __itt_event_start
21860 : 0x369f8d54a : 2 : ittapi_config_apply_per_lib :  ITTAPI function instrumented: __itt_event_end
21860 : 0x369f8d559 : 2 : ittapi_config_apply_per_lib :  ITTAPI function NOT instrumented (not matched by --itt-config option): __itt_sync_set_nameA

21860 : 0x369f8d56c : 2 : ittapi_config_apply_per_lib :  ITTAPI function NOT instrumented (not matched by --itt-config option): __itt_sync_set_nameW

21860 : 0x369f8d57f : 2 : ittapi_config_apply_per_lib :  ITTAPI function NOT instrumented (not matched by --itt-config option): __itt_notify_sync_nameA

21860 : 0x369f8d593 : 2 : ittapi_config_apply_per_lib :  ITTAPI function NOT instrumented (not matched by --itt-config option): __itt_notify_sync_nameW

21860 : 0x369f8d5a6 : 2 : ittapi_config_apply_per_lib :  ITTAPI function NOT instrumented (not matched by --itt-config option): __itt_notify_sync_prepare

21860 : 0x369f8d5e8 : 2 : ittapi_config_apply_per_lib :  ITTAPI function NOT instrumented (not matched by --itt-config option): __itt_notify_sync_cancel

21860 : 0x369f8d5fd : 2 : ittapi_config_apply_per_lib :  ITTAPI function NOT instrumented (not matched by --itt-config option): __itt_notify_sync_acquired

21860 : 0x369f8d611 : 2 : ittapi_config_apply_per_lib :  ITTAPI function NOT instrumented (not matched by --itt-config option): __itt_notify_sync_releasing

21860 : 0x369f8d628 : 2 : ittapi_config_apply_per_lib :  ITTAPI function not implemented: __itt_memory_read
21860 : 0x369f8d63a : 2 : ittapi_config_apply_per_lib :  ITTAPI function not implemented: __itt_memory_write
21860 : 0x369f8d64c : 2 : ittapi_config_apply_per_lib :  ITTAPI function not implemented: __itt_memory_update
21860 : 0x369f8d65f : 2 : ittapi_config_apply_per_lib :  ITTAPI function not implemented: __itt_state_get
21860 : 0x369f8d6fd : 2 : ittapi_config_apply_per_lib :  ITTAPI function not implemented: __itt_state_set
21860 : 0x369f8d711 : 2 : ittapi_config_apply_per_lib :  ITTAPI function not implemented: __itt_obj_mode_set
21860 : 0x369f8d783 : 2 : ittapi_config_apply_per_lib :  ITTAPI function not implemented: __itt_thr_mode_set
21860 : 0x369f8d7d6 : 2 : ittapi_config_apply_per_lib :  ITTAPI function instrumented: __itt_frame_createA
21860 : 0x369f8d7e7 : 2 : ittapi_config_apply_per_lib :  ITTAPI function instrumented: __itt_frame_createW
21860 : 0x369f8d7f7 : 2 : ittapi_config_apply_per_lib :  ITTAPI function instrumented: __itt_frame_begin
21860 : 0x369f8d807 : 2 : ittapi_config_apply_per_lib :  ITTAPI function instrumented: __itt_frame_end
21860 : 0x369f8d818 : 2 : ittapi_config_apply_per_lib :  ITTAPI function not implemented: __itt_counter_destroy
21860 : 0x369f8d828 : 2 : ittapi_config_apply_per_lib :  ITTAPI function instrumented: __itt_counter_inc
21860 : 0x369f8d838 : 2 : ittapi_config_apply_per_lib :  ITTAPI function instrumented: __itt_counter_inc_delta
21860 : 0x369f8d848 : 2 : ittapi_config_apply_per_lib :  ITTAPI function instrumented: __itt_counter_dec
21860 : 0x369f8d858 : 2 : ittapi_config_apply_per_lib :  ITTAPI function instrumented: __itt_counter_dec_delta
21860 : 0x369f8d867 : 2 : ittapi_config_apply_per_lib :  ITTAPI function instrumented: __itt_counter_set_value
21860 : 0x369f8d89b : 2 : ittapi_config_apply_per_lib :  ITTAPI function not implemented: __itt_counter_set_value_ex
21860 : 0x369f8d8f4 : 2 : ittapi_config_apply_per_lib :  ITTAPI function not implemented: __itt_mark_createA
21860 : 0x369f8d905 : 2 : ittapi_config_apply_per_lib :  ITTAPI function not implemented: __itt_mark_createW
21860 : 0x369f8d916 : 2 : ittapi_config_apply_per_lib :  ITTAPI function not implemented: __itt_markA
21860 : 0x369f8d926 : 2 : ittapi_config_apply_per_lib :  ITTAPI function not implemented: __itt_markW
21860 : 0x369f8d937 : 2 : ittapi_config_apply_per_lib :  ITTAPI function not implemented: __itt_mark_off
21860 : 0x369f8d947 : 2 : ittapi_config_apply_per_lib :  ITTAPI function not implemented: __itt_mark_globalA
21860 : 0x369f8d958 : 2 : ittapi_config_apply_per_lib :  ITTAPI function not implemented: __itt_mark_globalW
21860 : 0x369f8d969 : 2 : ittapi_config_apply_per_lib :  ITTAPI function not implemented: __itt_mark_global_off
21860 : 0x369f8d978 : 2 : ittapi_config_apply_per_lib :  ITTAPI function NOT instrumented (not matched by --itt-config option): __itt_stack_caller_create

21860 : 0x369f8d9c2 : 2 : ittapi_config_apply_per_lib :  ITTAPI function NOT instrumented (not matched by --itt-config option): __itt_stack_caller_destroy

21860 : 0x369f8d9d6 : 2 : ittapi_config_apply_per_lib :  ITTAPI function NOT instrumented (not matched by --itt-config option): __itt_stack_callee_enter

21860 : 0x369f8d9e8 : 2 : ittapi_config_apply_per_lib :  ITTAPI function NOT instrumented (not matched by --itt-config option): __itt_stack_callee_leave

21860 : 0x369f8d9ff : 2 : ittapi_config_apply_per_lib :  ITTAPI function not implemented: __itt_clock_domain_create
21860 : 0x369f8da11 : 2 : ittapi_config_apply_per_lib :  ITTAPI function not implemented: __itt_clock_domain_reset
21860 : 0x369f8da22 : 2 : ittapi_config_apply_per_lib :  ITTAPI function not implemented: __itt_id_create_ex
21860 : 0x369f8da33 : 2 : ittapi_config_apply_per_lib :  ITTAPI function not implemented: __itt_id_destroy_ex
21860 : 0x369f8da45 : 2 : ittapi_config_apply_per_lib :  ITTAPI function not implemented: __itt_task_begin_ex
21860 : 0x369f8da57 : 2 : ittapi_config_apply_per_lib :  ITTAPI function not implemented: __itt_task_begin_fn_ex
21860 : 0x369f8da69 : 2 : ittapi_config_apply_per_lib :  ITTAPI function not implemented: __itt_task_end_ex
21860 : 0x369f8dbd1 : 2 : ittapi_config_apply_per_lib :  ITTAPI function instrumented: __itt_task_begin_overlapped
21860 : 0x369f8dbeb : 2 : ittapi_config_apply_per_lib :  ITTAPI function not implemented: __itt_task_begin_overlapped_ex
21860 : 0x369f8dbfc : 2 : ittapi_config_apply_per_lib :  ITTAPI function instrumented: __itt_task_end_overlapped
21860 : 0x369f8dc0e : 2 : ittapi_config_apply_per_lib :  ITTAPI function not implemented: __itt_task_end_overlapped_ex
21860 : 0x369f8dc20 : 2 : ittapi_config_apply_per_lib :  ITTAPI function not implemented: __itt_marker_ex
21860 : 0x369f8dc30 : 2 : ittapi_config_apply_per_lib :  ITTAPI function not implemented: __itt_metadata_add_with_scope
21860 : 0x369f8dc42 : 2 : ittapi_config_apply_per_lib :  ITTAPI function not implemented: __itt_metadata_str_add_with_scopeA
21860 : 0x369f8dc54 : 2 : ittapi_config_apply_per_lib :  ITTAPI function not implemented: __itt_metadata_str_add_with_scopeW
21860 : 0x369f8dc66 : 2 : ittapi_config_apply_per_lib :  ITTAPI function not implemented: __itt_relation_add_to_current_ex
21860 : 0x369f8dc77 : 2 : ittapi_config_apply_per_lib :  ITTAPI function not implemented: __itt_relation_add_ex
21860 : 0x369f8dcc3 : 2 : ittapi_config_apply_per_lib :  ITTAPI function not implemented: __itt_track_group_create
21860 : 0x369f8dcd6 : 2 : ittapi_config_apply_per_lib :  ITTAPI function not implemented: __itt_track_create
21860 : 0x369f8dce7 : 2 : ittapi_config_apply_per_lib :  ITTAPI function not implemented: __itt_set_track
21860 : 0x369f8dcf7 : 2 : ittapi_config_apply_per_lib :  ITTAPI function instrumented: __itt_api_version
21860 : 0x369f8dd09 : 2 : ittapi_config_apply_per_lib :  ITTAPI function not implemented: __itt_av_saveA
21860 : 0x369f8dd1a : 2 : ittapi_config_apply_per_lib :  ITTAPI function not implemented: __itt_av_saveW
21860 : 0x369f8dd29 : 2 : ittapi_config_apply_per_lib :  ITTAPI function instrumented: __itt_module_loadA
21860 : 0x369f8dd39 : 2 : ittapi_config_apply_per_lib :  ITTAPI function instrumented: __itt_module_loadW
21860 : 0x369f8e535 : 2 : ittapi_config_mask_get :  --itt-config mask to be applied: 39
21860 : 0x369f8e551 : 2 : ittapi_config_apply_per_lib :  ITTAPI function instrumented: __itt_domain_createA
21860 : 0x369f8e5b7 : 2 : ittapi_config_apply_per_lib :  ITTAPI function instrumented: __itt_domain_createW
21860 : 0x369f8e5c9 : 2 : ittapi_config_apply_per_lib :  ITTAPI function instrumented: __itt_string_handle_createA
21860 : 0x369f8e5da : 2 : ittapi_config_apply_per_lib :  ITTAPI function instrumented: __itt_string_handle_createW
21860 : 0x369f8e5eb : 2 : ittapi_config_apply_per_lib :  ITTAPI function instrumented: __itt_pause
21860 : 0x369f8e5fb : 2 : ittapi_config_apply_per_lib :  ITTAPI function instrumented: __itt_resume
21860 : 0x369f8e60b : 2 : ittapi_config_apply_per_lib :  ITTAPI function instrumented: __itt_thread_set_nameA
21860 : 0x369f8e61c : 2 : ittapi_config_apply_per_lib :  ITTAPI function instrumented: __itt_thread_set_nameW
21860 : 0x369f8e62c : 2 : ittapi_config_apply_per_lib :  ITTAPI function instrumented: __itt_thread_ignore
21860 : 0x369f8e63b : 2 : ittapi_config_apply_per_lib :  ITTAPI function instrumented: __itt_thr_name_setA
21860 : 0x369f8e64b : 2 : ittapi_config_apply_per_lib :  ITTAPI function instrumented: __itt_thr_name_setW
21860 : 0x369f8e690 : 2 : ittapi_config_apply_per_lib :  ITTAPI function instrumented: __itt_thr_ignore
21860 : 0x369f8e6a4 : 2 : ittapi_config_apply_per_lib :  ITTAPI function not implemented: __itt_enable_attach
21860 : 0x369f8e6b4 : 2 : ittapi_config_apply_per_lib :  ITTAPI function instrumented: __itt_detach
21860 : 0x369f8e6c2 : 2 : ittapi_config_apply_per_lib :  ITTAPI function NOT instrumented (not matched by --itt-config option): __itt_sync_createA

21860 : 0x369f8e6d5 : 2 : ittapi_config_apply_per_lib :  ITTAPI function NOT instrumented (not matched by --itt-config option): __itt_sync_createW

21860 : 0x369f8e6e7 : 2 : ittapi_config_apply_per_lib :  ITTAPI function NOT instrumented (not matched by --itt-config option): __itt_sync_renameA

21860 : 0x369f8e6f9 : 2 : ittapi_config_apply_per_lib :  ITTAPI function NOT instrumented (not matched by --itt-config option): __itt_sync_renameW

21860 : 0x369f8e70b : 2 : ittapi_config_apply_per_lib :  ITTAPI function NOT instrumented (not matched by --itt-config option): __itt_sync_destroy

21860 : 0x369f8e71d : 2 : ittapi_config_apply_per_lib :  ITTAPI function NOT instrumented (not matched by --itt-config option): __itt_sync_prepare

21860 : 0x369f8e72f : 2 : ittapi_config_apply_per_lib :  ITTAPI function NOT instrumented (not matched by --itt-config option): __itt_sync_cancel

21860 : 0x369f8e76c : 2 : ittapi_config_apply_per_lib :  ITTAPI function NOT instrumented (not matched by --itt-config option): __itt_sync_acquired

21860 : 0x369f8e77f : 2 : ittapi_config_apply_per_lib :  ITTAPI function NOT instrumented (not matched by --itt-config option): __itt_sync_releasing

21860 : 0x369f8e796 : 2 : ittapi_config_apply_per_lib :  ITTAPI function not implemented: __itt_suppress_push
21860 : 0x369f8e7a8 : 2 : ittapi_config_apply_per_lib :  ITTAPI function not implemented: __itt_suppress_pop
21860 : 0x369f8e7b9 : 2 : ittapi_config_apply_per_lib :  ITTAPI function not implemented: __itt_suppress_mark_range
21860 : 0x369f8e7ca : 2 : ittapi_config_apply_per_lib :  ITTAPI function not implemented: __itt_suppress_clear_range
21860 : 0x369f8e7d9 : 2 : ittapi_config_apply_per_lib :  ITTAPI function NOT instrumented (not matched by --itt-config option): __itt_sync_prepare

21860 : 0x369f8e7eb : 2 : ittapi_config_apply_per_lib :  ITTAPI function NOT instrumented (not matched by --itt-config option): __itt_sync_cancel

21860 : 0x369f8e7fd : 2 : ittapi_config_apply_per_lib :  ITTAPI function NOT instrumented (not matched by --itt-config option): __itt_sync_acquired

21860 : 0x369f8e80f : 2 : ittapi_config_apply_per_lib :  ITTAPI function NOT instrumented (not matched by --itt-config option): __itt_sync_releasing

21860 : 0x369f8e84b : 2 : ittapi_config_apply_per_lib :  ITTAPI function not implemented: __itt_model_site_begin
21860 : 0x369f8e85d : 2 : ittapi_config_apply_per_lib :  ITTAPI function not implemented: __itt_model_site_end
21860 : 0x369f8e86d : 2 : ittapi_config_apply_per_lib :  ITTAPI function not implemented: __itt_model_task_begin
21860 : 0x369f8e87d : 2 : ittapi_config_apply_per_lib :  ITTAPI function not implemented: __itt_model_task_end
21860 : 0x369f8e88e : 2 : ittapi_config_apply_per_lib :  ITTAPI function not implemented: __itt_model_lock_acquire
21860 : 0x369f8e89f : 2 : ittapi_config_apply_per_lib :  ITTAPI function not implemented: __itt_model_lock_release
21860 : 0x369f8e8af : 2 : ittapi_config_apply_per_lib :  ITTAPI function not implemented: __itt_model_record_allocation
21860 : 0x369f8e8c0 : 2 : ittapi_config_apply_per_lib :  ITTAPI function not implemented: __itt_model_record_deallocation
21860 : 0x369f8e8d1 : 2 : ittapi_config_apply_per_lib :  ITTAPI function not implemented: __itt_model_induction_uses
21860 : 0x369f8e8e2 : 2 : ittapi_config_apply_per_lib :  ITTAPI function not implemented: __itt_model_reduction_uses
21860 : 0x369f8e920 : 2 : ittapi_config_apply_per_lib :  ITTAPI function not implemented: __itt_model_observe_uses
21860 : 0x369f8e932 : 2 : ittapi_config_apply_per_lib :  ITTAPI function not implemented: __itt_model_clear_uses
21860 : 0x369f8e943 : 2 : ittapi_config_apply_per_lib :  ITTAPI function not implemented: __itt_model_site_beginW
21860 : 0x369f8e954 : 2 : ittapi_config_apply_per_lib :  ITTAPI function not implemented: __itt_model_task_beginW
21860 : 0x369f8e966 : 2 : ittapi_config_apply_per_lib :  ITTAPI function not implemented: __itt_model_iteration_taskW
21860 : 0x369f8e977 : 2 : ittapi_config_apply_per_lib :  ITTAPI function not implemented: __itt_model_site_beginA
21860 : 0x369f8e987 : 2 : ittapi_config_apply_per_lib :  ITTAPI function not implemented: __itt_model_site_beginAL
21860 : 0x369f8e998 : 2 : ittapi_config_apply_per_lib :  ITTAPI function not implemented: __itt_model_task_beginA
21860 : 0x369f8e9a8 : 2 : ittapi_config_apply_per_lib :  ITTAPI function not implemented: __itt_model_task_beginAL
21860 : 0x369f8e9b9 : 2 : ittapi_config_apply_per_lib :  ITTAPI function not implemented: __itt_model_iteration_taskA
21860 : 0x369f8e9f5 : 2 : ittapi_config_apply_per_lib :  ITTAPI function not implemented: __itt_model_iteration_taskAL
21860 : 0x369f8ea07 : 2 : ittapi_config_apply_per_lib :  ITTAPI function not implemented: __itt_model_site_end_2
21860 : 0x369f8ea18 : 2 : ittapi_config_apply_per_lib :  ITTAPI function not implemented: __itt_model_task_end_2
21860 : 0x369f8ea29 : 2 : ittapi_config_apply_per_lib :  ITTAPI function not implemented: __itt_model_lock_acquire_2
21860 : 0x369f8ea90 : 2 : ittapi_config_apply_per_lib :  ITTAPI function not implemented: __itt_model_lock_release_2
21860 : 0x369f8eaa3 : 2 : ittapi_config_apply_per_lib :  ITTAPI function not implemented: __itt_model_aggregate_task
21860 : 0x369f8eab4 : 2 : ittapi_config_apply_per_lib :  ITTAPI function not implemented: __itt_model_disable_push
21860 : 0x369f8eac5 : 2 : ittapi_config_apply_per_lib :  ITTAPI function not implemented: __itt_model_disable_pop
21860 : 0x369f8ead6 : 2 : ittapi_config_apply_per_lib :  ITTAPI function instrumented: __itt_heap_function_createA
21860 : 0x369f8eae7 : 2 : ittapi_config_apply_per_lib :  ITTAPI function instrumented: __itt_heap_function_createW
21860 : 0x369f8eb32 : 2 : ittapi_config_apply_per_lib :  ITTAPI function instrumented: __itt_heap_allocate_begin
21860 : 0x369f8eb43 : 2 : ittapi_config_apply_per_lib :  ITTAPI function instrumented: __itt_heap_allocate_end
21860 : 0x369f8eb52 : 2 : ittapi_config_apply_per_lib :  ITTAPI function instrumented: __itt_heap_free_begin
21860 : 0x369f8eb61 : 2 : ittapi_config_apply_per_lib :  ITTAPI function instrumented: __itt_heap_free_end
21860 : 0x369f8eb70 : 2 : ittapi_config_apply_per_lib :  ITTAPI function instrumented: __itt_heap_reallocate_begin
21860 : 0x369f8eb80 : 2 : ittapi_config_apply_per_lib :  ITTAPI function instrumented: __itt_heap_reallocate_end
21860 : 0x369f8eb91 : 2 : ittapi_config_apply_per_lib :  ITTAPI function not implemented: __itt_heap_internal_access_begin
21860 : 0x369f8eba3 : 2 : ittapi_config_apply_per_lib :  ITTAPI function not implemented: __itt_heap_internal_access_end
21860 : 0x369f8ebb5 : 2 : ittapi_config_apply_per_lib :  ITTAPI function not implemented: __itt_heap_record_memory_growth_begin
21860 : 0x369f8ebc7 : 2 : ittapi_config_apply_per_lib :  ITTAPI function not implemented: __itt_heap_record_memory_growth_end
21860 : 0x369f8ebfd : 2 : ittapi_config_apply_per_lib :  ITTAPI function not implemented: __itt_heap_reset_detection
21860 : 0x369f8ec0f : 2 : ittapi_config_apply_per_lib :  ITTAPI function not implemented: __itt_heap_record
21860 : 0x369f8ed10 : 2 : ittapi_config_apply_per_lib :  ITTAPI function not implemented: __itt_id_create
21860 : 0x369f8ed21 : 2 : ittapi_config_apply_per_lib :  ITTAPI function not implemented: __itt_id_destroy
21860 : 0x369f8ed36 : 2 : ittapi_config_apply_per_lib :  ITTAPI function instrumented: __itt_get_timestamp
21860 : 0x369f8ed4e : 2 : ittapi_config_apply_per_lib :  ITTAPI function not implemented: __itt_region_begin
21860 : 0x369f8ed66 : 2 : ittapi_config_apply_per_lib :  ITTAPI function not implemented: __itt_region_end
21860 : 0x369f8ed7d : 2 : ittapi_config_apply_per_lib :  ITTAPI function instrumented: __itt_frame_begin_v3
21860 : 0x369f8ed93 : 2 : ittapi_config_apply_per_lib :  ITTAPI function instrumented: __itt_frame_end_v3
21860 : 0x369f8eda9 : 2 : ittapi_config_apply_per_lib :  ITTAPI function instrumented: __itt_frame_submit_v3
21860 : 0x369f8ee2d : 2 : ittapi_config_apply_per_lib :  ITTAPI function not implemented: __itt_task_group
21860 : 0x369f8ee4a : 2 : ittapi_config_apply_per_lib :  ITTAPI function instrumented: __itt_task_begin
21860 : 0x369f8ee61 : 2 : ittapi_config_apply_per_lib :  ITTAPI function instrumented: __itt_task_begin_fn
21860 : 0x369f8ee78 : 2 : ittapi_config_apply_per_lib :  ITTAPI function instrumented: __itt_task_end
21860 : 0x369f8ee91 : 2 : ittapi_config_apply_per_lib :  ITTAPI function not implemented: __itt_counter_inc_v3
21860 : 0x369f8eea5 : 2 : ittapi_config_apply_per_lib :  ITTAPI function not implemented: __itt_counter_inc_delta_v3
21860 : 0x369f8eeb7 : 2 : ittapi_config_apply_per_lib :  ITTAPI function not implemented: __itt_marker
21860 : 0x369f8eec8 : 2 : ittapi_config_apply_per_lib :  ITTAPI function instrumented: __itt_metadata_add
21860 : 0x369f8eed9 : 2 : ittapi_config_apply_per_lib :  ITTAPI function not implemented: __itt_metadata_str_addA
21860 : 0x369f8eeeb : 2 : ittapi_config_apply_per_lib :  ITTAPI function not implemented: __itt_metadata_str_addW
21860 : 0x369f8ef39 : 2 : ittapi_config_apply_per_lib :  ITTAPI function not implemented: __itt_relation_add_to_current
21860 : 0x369f8efe9 : 2 : ittapi_config_apply_per_lib :  ITTAPI function not implemented: __itt_relation_add
21860 : 0x369f8eff9 : 2 : ittapi_config_apply_per_lib :  ITTAPI function instrumented: __itt_event_createA
21860 : 0x369f8f008 : 2 : ittapi_config_apply_per_lib :  ITTAPI function instrumented: __itt_event_createW
21860 : 0x369f8f018 : 2 : ittapi_config_apply_per_lib :  ITTAPI function instrumented: __itt_event_start
21860 : 0x369f8f028 : 2 : ittapi_config_apply_per_lib :  ITTAPI function instrumented: __itt_event_end
21860 : 0x369f8f035 : 2 : ittapi_config_apply_per_lib :  ITTAPI function NOT instrumented (not matched by --itt-config option): __itt_sync_set_nameA

21860 : 0x369f8f047 : 2 : ittapi_config_apply_per_lib :  ITTAPI function NOT instrumented (not matched by --itt-config option): __itt_sync_set_nameW

21860 : 0x369f8f059 : 2 : ittapi_config_apply_per_lib :  ITTAPI function NOT instrumented (not matched by --itt-config option): __itt_notify_sync_nameA

21860 : 0x369f8f06b : 2 : ittapi_config_apply_per_lib :  ITTAPI function NOT instrumented (not matched by --itt-config option): __itt_notify_sync_nameW

21860 : 0x369f8f177 : 2 : ittapi_config_apply_per_lib :  ITTAPI function NOT instrumented (not matched by --itt-config option): __itt_notify_sync_prepare

21860 : 0x369f8f18b : 2 : ittapi_config_apply_per_lib :  ITTAPI function NOT instrumented (not matched by --itt-config option): __itt_notify_sync_cancel

21860 : 0x369f8f19e : 2 : ittapi_config_apply_per_lib :  ITTAPI function NOT instrumented (not matched by --itt-config option): __itt_notify_sync_acquired

21860 : 0x369f8f1b2 : 2 : ittapi_config_apply_per_lib :  ITTAPI function NOT instrumented (not matched by --itt-config option): __itt_notify_sync_releasing

21860 : 0x369f8f1c9 : 2 : ittapi_config_apply_per_lib :  ITTAPI function not implemented: __itt_memory_read
21860 : 0x369f8f1db : 2 : ittapi_config_apply_per_lib :  ITTAPI function not implemented: __itt_memory_write
21860 : 0x369f8f1ed : 2 : ittapi_config_apply_per_lib :  ITTAPI function not implemented: __itt_memory_update
21860 : 0x369f8f200 : 2 : ittapi_config_apply_per_lib :  ITTAPI function not implemented: __itt_state_get
21860 : 0x369f8f212 : 2 : ittapi_config_apply_per_lib :  ITTAPI function not implemented: __itt_state_set
21860 : 0x369f8f224 : 2 : ittapi_config_apply_per_lib :  ITTAPI function not implemented: __itt_obj_mode_set
21860 : 0x369f8f52b : 2 : ittapi_config_apply_per_lib :  ITTAPI function not implemented: __itt_thr_mode_set
21860 : 0x369f8f542 : 2 : ittapi_config_apply_per_lib :  ITTAPI function instrumented: __itt_frame_createA
21860 : 0x369f8f552 : 2 : ittapi_config_apply_per_lib :  ITTAPI function instrumented: __itt_frame_createW
21860 : 0x369f8f563 : 2 : ittapi_config_apply_per_lib :  ITTAPI function instrumented: __itt_frame_begin
21860 : 0x369f8f573 : 2 : ittapi_config_apply_per_lib :  ITTAPI function instrumented: __itt_frame_end
21860 : 0x369f8f584 : 2 : ittapi_config_apply_per_lib :  ITTAPI function instrumented: __itt_counter_createA
21860 : 0x369f8f594 : 2 : ittapi_config_apply_per_lib :  ITTAPI function instrumented: __itt_counter_createW
21860 : 0x369f8f5a6 : 2 : ittapi_config_apply_per_lib :  ITTAPI function not implemented: __itt_counter_destroy
21860 : 0x369f8f5b7 : 2 : ittapi_config_apply_per_lib :  ITTAPI function instrumented: __itt_counter_inc
21860 : 0x369f8f5c8 : 2 : ittapi_config_apply_per_lib :  ITTAPI function instrumented: __itt_counter_inc_delta
21860 : 0x369f8f6b3 : 2 : ittapi_config_apply_per_lib :  ITTAPI function not implemented: __itt_mark_createA
21860 : 0x369f8f6c7 : 2 : ittapi_config_apply_per_lib :  ITTAPI function not implemented: __itt_mark_createW
21860 : 0x369f8f6d9 : 2 : ittapi_config_apply_per_lib :  ITTAPI function not implemented: __itt_markA
21860 : 0x369f8f6ea : 2 : ittapi_config_apply_per_lib :  ITTAPI function not implemented: __itt_markW
21860 : 0x369f8f6fc : 2 : ittapi_config_apply_per_lib :  ITTAPI function not implemented: __itt_mark_off
21860 : 0x369f8f70e : 2 : ittapi_config_apply_per_lib :  ITTAPI function not implemented: __itt_mark_globalA
21860 : 0x369f8f720 : 2 : ittapi_config_apply_per_lib :  ITTAPI function not implemented: __itt_mark_globalW
21860 : 0x369f8f733 : 2 : ittapi_config_apply_per_lib :  ITTAPI function not implemented: __itt_mark_global_off
21860 : 0x369f8f744 : 2 : ittapi_config_apply_per_lib :  ITTAPI function NOT instrumented (not matched by --itt-config option): __itt_stack_caller_create

21860 : 0x369f8f758 : 2 : ittapi_config_apply_per_lib :  ITTAPI function NOT instrumented (not matched by --itt-config option): __itt_stack_caller_destroy

21860 : 0x369f8f793 : 2 : ittapi_config_apply_per_lib :  ITTAPI function NOT instrumented (not matched by --itt-config option): __itt_stack_callee_enter

21860 : 0x369f8f7a9 : 2 : ittapi_config_apply_per_lib :  ITTAPI function NOT instrumented (not matched by --itt-config option): __itt_stack_callee_leave

21860 : 0x369f8f7c0 : 2 : ittapi_config_apply_per_lib :  ITTAPI function not implemented: __itt_clock_domain_create
21860 : 0x369f8f7d3 : 2 : ittapi_config_apply_per_lib :  ITTAPI function not implemented: __itt_clock_domain_reset
21860 : 0x369f8f7e5 : 2 : ittapi_config_apply_per_lib :  ITTAPI function not implemented: __itt_id_create_ex
21860 : 0x369f8f7f6 : 2 : ittapi_config_apply_per_lib :  ITTAPI function not implemented: __itt_id_destroy_ex
21860 : 0x369f8f80a : 2 : ittapi_config_apply_per_lib :  ITTAPI function not implemented: __itt_task_begin_ex
21860 : 0x369f8f81d : 2 : ittapi_config_apply_per_lib :  ITTAPI function not implemented: __itt_task_begin_fn_ex
21860 : 0x369f8f831 : 2 : ittapi_config_apply_per_lib :  ITTAPI function not implemented: __itt_task_end_ex
21860 : 0x369f8f843 : 2 : ittapi_config_apply_per_lib :  ITTAPI function instrumented: __itt_task_begin_overlapped
21860 : 0x369f8f87d : 2 : ittapi_config_apply_per_lib :  ITTAPI function not implemented: __itt_task_begin_overlapped_ex
21860 : 0x369f8f88f : 2 : ittapi_config_apply_per_lib :  ITTAPI function instrumented: __itt_task_end_overlapped
21860 : 0x369f8f8a2 : 2 : ittapi_config_apply_per_lib :  ITTAPI function not implemented: __itt_task_end_overlapped_ex
21860 : 0x369f8f8b5 : 2 : ittapi_config_apply_per_lib :  ITTAPI function not implemented: __itt_marker_ex
21860 : 0x369f8f8c7 : 2 : ittapi_config_apply_per_lib :  ITTAPI function not implemented: __itt_metadata_add_with_scope
21860 : 0x369f8f8da : 2 : ittapi_config_apply_per_lib :  ITTAPI function not implemented: __itt_metadata_str_add_with_scopeA
21860 : 0x369f8f8ee : 2 : ittapi_config_apply_per_lib :  ITTAPI function not implemented: __itt_metadata_str_add_with_scopeW
21860 : 0x369f8f902 : 2 : ittapi_config_apply_per_lib :  ITTAPI function not implemented: __itt_relation_add_to_current_ex
21860 : 0x369f8f915 : 2 : ittapi_config_apply_per_lib :  ITTAPI function not implemented: __itt_relation_add_ex
21860 : 0x369f8f928 : 2 : ittapi_config_apply_per_lib :  ITTAPI function not implemented: __itt_track_group_create
21860 : 0x369f8f96a : 2 : ittapi_config_apply_per_lib :  ITTAPI function not implemented: __itt_track_create
21860 : 0x369f8f97e : 2 : ittapi_config_apply_per_lib :  ITTAPI function not implemented: __itt_set_track
21860 : 0x369f8f994 : 2 : ittapi_config_apply_per_lib :  ITTAPI function instrumented: __itt_api_version
21860 : 0x369f8f9ad : 2 : ittapi_config_apply_per_lib :  ITTAPI function not implemented: __itt_av_saveA
21860 : 0x369f8f9c5 : 2 : ittapi_config_apply_per_lib :  ITTAPI function not implemented: __itt_av_saveW