
884 : 0x1d3f2ed81b : 1 : spill_jit_data :  Jit agent is not initialized
884 : 0x1d3f2ee4e3 : 2 : ittapi_config_mask_get :  --itt-config mask to be applied: 39
884 : 0x1d3f2ee5c5 : 2 : ittapi_config_apply_per_lib :  ITTAPI function instrumented: __itt_domain_createA
884 : 0x1d3f2ee5fb : 2 : ittapi_config_apply_per_lib :  ITTAPI function instrumented: __itt_domain_createW
884 : 0x1d3f2ee62d : 2 : ittapi_config_apply_per_lib :  ITTAPI function instrumented: __itt_string_handle_createA
884 : 0x1d3f2ee65a : 2 : ittapi_config_apply_per_lib :  ITTAPI function instrumented: __itt_string_handle_createW
884 : 0x1d3f2ee685 : 2 : ittapi_config_apply_per_lib :  ITTAPI function instrumented: __itt_counter_createA
884 : 0x1d3f2ee6b2 : 2 : ittapi_config_apply_per_lib :  ITTAPI function instrumented: __itt_counter_createW
884 : 0x1d3f2ee6dd : 2 : ittapi_config_apply_per_lib :  ITTAPI function instrumented: __itt_counter_create_typedA
884 : 0x1d3f2ee707 : 2 : ittapi_config_apply_per_lib :  ITTAPI function instrumented: __itt_counter_create_typedW
884 : 0x1d3f2ef16b : 2 : ittapi_config_apply_per_lib :  ITTAPI function instrumented: __itt_pause
884 : 0x1d3f2ef1b7 : 2 : ittapi_config_apply_per_lib :  ITTAPI function instrumented: __itt_resume
884 : 0x1d3f2ef1e4 : 2 : ittapi_config_apply_per_lib :  ITTAPI function instrumented: __itt_thread_set_nameA
884 : 0x1d3f2ef214 : 2 : ittapi_config_apply_per_lib :  ITTAPI function instrumented: __itt_thread_set_nameW
884 : 0x1d3f2ef23f : 2 : ittapi_config_apply_per_lib :  ITTAPI function instrumented: __itt_thread_ignore
884 : 0x1d3f2ef269 : 2 : ittapi_config_apply_per_lib :  ITTAPI function instrumented: __itt_thr_name_setA
884 : 0x1d3f2ef296 : 2 : ittapi_config_apply_per_lib :  ITTAPI function instrumented: __itt_thr_name_setW
884 : 0x1d3f2ef2c2 : 2 : ittapi_config_apply_per_lib :  ITTAPI function instrumented: __itt_thr_ignore
884 : 0x1d3f2ef302 : 2 : ittapi_config_apply_per_lib :  ITTAPI function not implemented: __itt_enable_attach
884 : 0x1d3f2ef330 : 2 : ittapi_config_apply_per_lib :  ITTAPI function instrumented: __itt_detach
884 : 0x1d3f2ef45d : 2 : ittapi_config_apply_per_lib :  ITTAPI function NOT instrumented (not matched by --itt-config option): __itt_sync_createA

884 : 0x1d3f2ef497 : 2 : ittapi_config_apply_per_lib :  ITTAPI function NOT instrumented (not matched by --itt-config option): __itt_sync_createW

884 : 0x1d3f2ef4ca : 2 : ittapi_config_apply_per_lib :  ITTAPI function NOT instrumented (not matched by --itt-config option): __itt_sync_renameA

884 : 0x1d3f2ef5dc : 2 : ittapi_config_apply_per_lib :  ITTAPI function NOT instrumented (not matched by --itt-config option): __itt_sync_renameW

884 : 0x1d3f2ef60c : 2 : ittapi_config_apply_per_lib :  ITTAPI function NOT instrumented (not matched by --itt-config option): __itt_sync_destroy

884 : 0x1d3f2ef63f : 2 : ittapi_config_apply_per_lib :  ITTAPI function NOT instrumented (not matched by --itt-config option): __itt_sync_prepare

884 : 0x1d3f2ef66f : 2 : ittapi_config_apply_per_lib :  ITTAPI function NOT instrumented (not matched by --itt-config option): __itt_sync_cancel

884 : 0x1d3f2ef69f : 2 : ittapi_config_apply_per_lib :  ITTAPI function NOT instrumented (not matched by --itt-config option): __itt_sync_acquired

884 : 0x1d3f2ef6d0 : 2 : ittapi_config_apply_per_lib :  ITTAPI function NOT instrumented (not matched by --itt-config option): __itt_sync_releasing

884 : 0x1d3f2ef7a8 : 2 : ittapi_config_apply_per_lib :  ITTAPI function not implemented: __itt_suppress_push
884 : 0x1d3f2ef89a : 2 : ittapi_config_apply_per_lib :  ITTAPI function not implemented: __itt_suppress_pop
884 : 0x1d3f2ef8c9 : 2 : ittapi_config_apply_per_lib :  ITTAPI function not implemented: __itt_suppress_mark_range
884 : 0x1d3f2ef8f9 : 2 : ittapi_config_apply_per_lib :  ITTAPI function not implemented: __itt_suppress_clear_range
884 : 0x1d3f2ef921 : 2 : ittapi_config_apply_per_lib :  ITTAPI function NOT instrumented (not matched by --itt-config option): __itt_sync_prepare

884 : 0x1d3f2ef952 : 2 : ittapi_config_apply_per_lib :  ITTAPI function NOT instrumented (not matched by --itt-config option): __itt_sync_cancel

884 : 0x1d3f2ef982 : 2 : ittapi_config_apply_per_lib :  ITTAPI function NOT instrumented (not matched by --itt-config option): __itt_sync_acquired

884 : 0x1d3f2ef9b0 : 2 : ittapi_config_apply_per_lib :  ITTAPI function NOT instrumented (not matched by --itt-config option): __itt_sync_releasing

884 : 0x1d3f2ef9ec : 2 : ittapi_config_apply_per_lib :  ITTAPI function not implemented: __itt_model_site_begin
884 : 0x1d3f2efa1b : 2 : ittapi_config_apply_per_lib :  ITTAPI function not implemented: __itt_model_site_end
884 : 0x1d3f2efa49 : 2 : ittapi_config_apply_per_lib :  ITTAPI function not implemented: __itt_model_task_begin
884 : 0x1d3f2efe48 : 2 : ittapi_config_apply_per_lib :  ITTAPI function not implemented: __itt_model_task_end
884 : 0x1d3f2efe8a : 2 : ittapi_config_apply_per_lib :  ITTAPI function not implemented: __itt_model_lock_acquire
884 : 0x1d3f2efebd : 2 : ittapi_config_apply_per_lib :  ITTAPI function not implemented: __itt_model_lock_release
884 : 0x1d3f2efeed : 2 : ittapi_config_apply_per_lib :  ITTAPI function not implemented: __itt_model_record_allocation
884 : 0x1d3f2eff1c : 2 : ittapi_config_apply_per_lib :  ITTAPI function not implemented: __itt_model_record_deallocation
884 : 0x1d3f2eff49 : 2 : ittapi_config_apply_per_lib :  ITTAPI function not implemented: __itt_model_induction_uses
884 : 0x1d3f2eff78 : 2 : ittapi_config_apply_per_lib :  ITTAPI function not implemented: __itt_model_reduction_uses
884 : 0x1d3f2effa5 : 2 : ittapi_config_apply_per_lib :  ITTAPI function not implemented: __itt_model_observe_uses
884 : 0x1d3f2effd5 : 2 : ittapi_config_apply_per_lib :  ITTAPI function not implemented: __itt_model_clear_uses
884 : 0x1d3f2f0004 : 2 : ittapi_config_apply_per_lib :  ITTAPI function not implemented: __itt_model_site_beginW
884 : 0x1d3f2f00e8 : 2 : ittapi_config_apply_per_lib :  ITTAPI function not implemented: __itt_model_task_beginW
884 : 0x1d3f2f011d : 2 : ittapi_config_apply_per_lib :  ITTAPI function not implemented: __itt_model_iteration_taskW
884 : 0x1d3f2f014c : 2 : ittapi_config_apply_per_lib :  ITTAPI function not implemented: __itt_model_site_beginA
884 : 0x1d3f2f017a : 2 : ittapi_config_apply_per_lib :  ITTAPI function not implemented: __itt_model_site_beginAL
884 : 0x1d3f2f01a8 : 2 : ittapi_config_apply_per_lib :  ITTAPI function not implemented: __itt_model_task_beginA
884 : 0x1d3f2f01d6 : 2 : ittapi_config_apply_per_lib :  ITTAPI function not implemented: __itt_model_task_beginAL
884 : 0x1d3f2f0203 : 2 : ittapi_config_apply_per_lib :  ITTAPI function not implemented: __itt_model_iteration_taskA
884 : 0x1d3f2f0231 : 2 : ittapi_config_apply_per_lib :  ITTAPI function not implemented: __itt_model_iteration_taskAL
884 : 0x1d3f2f025e : 2 : ittapi_config_apply_per_lib :  ITTAPI function not implemented: __itt_model_site_end_2
884 : 0x1d3f2f028b : 2 : ittapi_config_apply_per_lib :  ITTAPI function not implemented: __itt_model_task_end_2
884 : 0x1d3f2f0317 : 2 : ittapi_config_apply_per_lib :  ITTAPI function not implemented: __itt_model_lock_acquire_2
884 : 0x1d3f2f0347 : 2 : ittapi_config_apply_per_lib :  ITTAPI function not implemented: __itt_model_lock_release_2
884 : 0x1d3f2f03ba : 2 : ittapi_config_apply_per_lib :  ITTAPI function not implemented: __itt_model_aggregate_task
884 : 0x1d3f2f03e9 : 2 : ittapi_config_apply_per_lib :  ITTAPI function not implemented: __itt_model_disable_push
884 : 0x1d3f2f041e : 2 : ittapi_config_apply_per_lib :  ITTAPI function not implemented: __itt_model_disable_pop
884 : 0x1d3f2f045b : 2 : ittapi_config_apply_per_lib :  ITTAPI function instrumented: __itt_heap_function_createA
884 : 0x1d3f2f0496 : 2 : ittapi_config_apply_per_lib :  ITTAPI function instrumented: __itt_heap_function_createW
884 : 0x1d3f2f04d1 : 2 : ittapi_config_apply_per_lib :  ITTAPI function instrumented: __itt_heap_allocate_begin
884 : 0x1d3f2f0508 : 2 : ittapi_config_apply_per_lib :  ITTAPI function instrumented: __itt_heap_allocate_end
884 : 0x1d3f2f0548 : 2 : ittapi_config_apply_per_lib :  ITTAPI function instrumented: __itt_heap_free_begin
884 : 0x1d3f2f0705 : 2 : ittapi_config_apply_per_lib :  ITTAPI function instrumented: __itt_heap_free_end
884 : 0x1d3f2f076c : 2 : ittapi_config_apply_per_lib :  ITTAPI function instrumented: __itt_heap_reallocate_begin
884 : 0x1d3f2f07b0 : 2 : ittapi_config_apply_per_lib :  ITTAPI function instrumented: __itt_heap_reallocate_end
884 : 0x1d3f2f07fc : 2 : ittapi_config_apply_per_lib :  ITTAPI function not implemented: __itt_heap_internal_access_begin
884 : 0x1d3f2f082e : 2 : ittapi_config_apply_per_lib :  ITTAPI function not implemented: __itt_heap_internal_access_end
884 : 0x1d3f2f0860 : 2 : ittapi_config_apply_per_lib :  ITTAPI function not implemented: __itt_heap_record_memory_growth_begin
884 : 0x1d3f2f0892 : 2 : ittapi_config_apply_per_lib :  ITTAPI function not implemented: __itt_heap_record_memory_growth_end
884 : 0x1d3f2f08c3 : 2 : ittapi_config_apply_per_lib :  ITTAPI function not implemented: __itt_heap_reset_detection
884 : 0x1d3f2f08f0 : 2 : ittapi_config_apply_per_lib :  ITTAPI function not implemented: __itt_heap_record
884 : 0x1d3f2f091e : 2 : ittapi_config_apply_per_lib :  ITTAPI function not implemented: __itt_id_create
884 : 0x1d3f2f0a19 : 2 : ittapi_config_apply_per_lib :  ITTAPI function not implemented: __itt_id_destroy
884 : 0x1d3f2f0a4b : 2 : ittapi_config_apply_per_lib :  ITTAPI function instrumented: __itt_get_timestamp
884 : 0x1d3f2f0a7a : 2 : ittapi_config_apply_per_lib :  ITTAPI function not implemented: __itt_region_begin
884 : 0x1d3f2f0aa8 : 2 : ittapi_config_apply_per_lib :  ITTAPI function not implemented: __itt_region_end
884 : 0x1d3f2f0ad6 : 2 : ittapi_config_apply_per_lib :  ITTAPI function instrumented: __itt_frame_begin_v3
884 : 0x1d3f2f0b02 : 2 : ittapi_config_apply_per_lib :  ITTAPI function instrumented: __itt_frame_end_v3
884 : 0x1d3f2f0b2e : 2 : ittapi_config_apply_per_lib :  ITTAPI function instrumented: __itt_frame_submit_v3
884 : 0x1d3f2f0b5c : 2 : ittapi_config_apply_per_lib :  ITTAPI function not implemented: __itt_task_group
884 : 0x1d3f2f0b89 : 2 : ittapi_config_apply_per_lib :  ITTAPI function instrumented: __itt_task_begin
884 : 0x1d3f2f0bb3 : 2 : ittapi_config_apply_per_lib :  ITTAPI function instrumented: __itt_task_begin_fn
884 : 0x1d3f2f0c42 : 2 : ittapi_config_apply_per_lib :  ITTAPI function instrumented: __itt_task_end
884 : 0x1d3f2f0c76 : 2 : ittapi_config_apply_per_lib :  ITTAPI function not implemented: __itt_counter_inc_v3
884 : 0x1d3f2f0ca5 : 2 : ittapi_config_apply_per_lib :  ITTAPI function not implemented: __itt_counter_inc_delta_v3
884 : 0x1d3f2f0cd6 : 2 : ittapi_config_apply_per_lib :  ITTAPI function not implemented: __itt_counter_dec_v3
884 : 0x1d3f2f0d05 : 2 : ittapi_config_apply_per_lib :  ITTAPI function not implemented: __itt_counter_dec_delta_v3
884 : 0x1d3f2f0d33 : 2 : ittapi_config_apply_per_lib :  ITTAPI function not implemented: __itt_marker
884 : 0x1d3f2f0d5d : 2 : ittapi_config_apply_per_lib :  ITTAPI function instrumented: __itt_metadata_add
884 : 0x1d3f2f0d8a : 2 : ittapi_config_apply_per_lib :  ITTAPI function not implemented: __itt_metadata_str_addA
884 : 0x1d3f2f0db8 : 2 : ittapi_config_apply_per_lib :  ITTAPI function not implemented: __itt_metadata_str_addW
884 : 0x1d3f2f0de6 : 2 : ittapi_config_apply_per_lib :  ITTAPI function not implemented: __itt_relation_add_to_current
884 : 0x1d3f2f0f61 : 2 : ittapi_config_apply_per_lib :  ITTAPI function not implemented: __itt_relation_add
884 : 0x1d3f2f0fa1 : 2 : ittapi_config_apply_per_lib :  ITTAPI function instrumented: __itt_event_createA
884 : 0x1d3f2f0fcb : 2 : ittapi_config_apply_per_lib :  ITTAPI function instrumented: __itt_event_createW
884 : 0x1d3f2f0ff7 : 2 : ittapi_config_apply_per_lib :  ITTAPI function instrumented: __itt_event_start
884 : 0x1d3f2f1021 : 2 : ittapi_config_apply_per_lib :  ITTAPI function instrumented: __itt_event_end
884 : 0x1d3f2f1046 : 2 : ittapi_config_apply_per_lib :  ITTAPI function NOT instrumented (not matched by --itt-config option): __itt_sync_set_nameA

884 : 0x1d3f2f1078 : 2 : ittapi_config_apply_per_lib :  ITTAPI function NOT instrumented (not matched by --itt-config option): __itt_sync_set_nameW

884 : 0x1d3f2f10aa : 2 : ittapi_config_apply_per_lib :  ITTAPI function NOT instrumented (not matched by --itt-config option): __itt_notify_sync_nameA

884 : 0x1d3f2f10db : 2 : ittapi_config_apply_per_lib :  ITTAPI function NOT instrumented (not matched by --itt-config option): __itt_notify_sync_nameW

884 : 0x1d3f2f110c : 2 : ittapi_config_apply_per_lib :  ITTAPI function NOT instrumented (not matched by --itt-config option): __itt_notify_sync_prepare

884 : 0x1d3f2f11fc : 2 : ittapi_config_apply_per_lib :  ITTAPI function NOT instrumented (not matched by --itt-config option): __itt_notify_sync_cancel

884 : 0x1d3f2f1231 : 2 : ittapi_config_apply_per_lib :  ITTAPI function NOT instrumented (not matched by --itt-config option): __itt_notify_sync_acquired

884 : 0x1d3f2f1263 : 2 : ittapi_config_apply_per_lib :  ITTAPI function NOT instrumented (not matched by --itt-config option): __itt_notify_sync_releasing

884 : 0x1d3f2f12a3 : 2 : ittapi_config_apply_per_lib :  ITTAPI function not implemented: __itt_memory_read
884 : 0x1d3f2f12d1 : 2 : ittapi_config_apply_per_lib :  ITTAPI function not implemented: __itt_memory_write
884 : 0x1d3f2f12fe : 2 : ittapi_config_apply_per_lib :  ITTAPI function not implemented: __itt_memory_update
884 : 0x1d3f2f1330 : 2 : ittapi_config_apply_per_lib :  ITTAPI function not implemented: __itt_state_get
884 : 0x1d3f2f135d : 2 : ittapi_config_apply_per_lib :  ITTAPI function not implemented: __itt_state_set
884 : 0x1d3f2f138b : 2 : ittapi_config_apply_per_lib :  ITTAPI function not implemented: __itt_obj_mode_set
884 : 0x1d3f2f13b9 : 2 : ittapi_config_apply_per_lib :  ITTAPI function not implemented: __itt_thr_mode_set
884 : 0x1d3f2f1453 : 2 : ittapi_config_apply_per_lib :  ITTAPI function instrumented: __itt_frame_createA
884 : 0x1d3f2f147f : 2 : ittapi_config_apply_per_lib :  ITTAPI function instrumented: __itt_frame_createW
884 : 0x1d3f2f14ab : 2 : ittapi_config_apply_per_lib :  ITTAPI function instrumented: __itt_frame_begin
884 : 0x1d3f2f14d5 : 2 : ittapi_config_apply_per_lib :  ITTAPI function instrumented: __itt_frame_end
884 : 0x1d3f2f1503 : 2 : ittapi_config_apply_per_lib :  ITTAPI function not implemented: __itt_counter_destroy
884 : 0x1d3f2f152e : 2 : ittapi_config_apply_per_lib :  ITTAPI function instrumented: __itt_counter_inc
884 : 0x1d3f2f155a : 2 : ittapi_config_apply_per_lib :  ITTAPI function instrumented: __itt_counter_inc_delta
884 : 0x1d3f2f1584 : 2 : ittapi_config_apply_per_lib :  ITTAPI function instrumented: __itt_counter_dec
884 : 0x1d3f2f15ad : 2 : ittapi_config_apply_per_lib :  ITTAPI function instrumented: __itt_counter_dec_delta
884 : 0x1d3f2f15d8 : 2 : ittapi_config_apply_per_lib :  ITTAPI function instrumented: __itt_counter_set_value
884 : 0x1d3f2f1663 : 2 : ittapi_config_apply_per_lib :  ITTAPI function not implemented: __itt_counter_set_value_ex
884 : 0x1d3f2f1691 : 2 : ittapi_config_apply_per_lib :  ITTAPI function not implemented: __itt_mark_createA
884 : 0x1d3f2f16bc : 2 : ittapi_config_apply_per_lib :  ITTAPI function not implemented: __itt_mark_createW
884 : 0x1d3f2f16e9 : 2 : ittapi_config_apply_per_lib :  ITTAPI function not implemented: __itt_markA
884 : 0x1d3f2f1714 : 2 : ittapi_config_apply_per_lib :  ITTAPI function not implemented: __itt_markW
884 : 0x1d3f2f1740 : 2 : ittapi_config_apply_per_lib :  ITTAPI function not implemented: __itt_mark_off
884 : 0x1d3f2f176c : 2 : ittapi_config_apply_per_lib :  ITTAPI function not implemented: __itt_mark_globalA
884 : 0x1d3f2f1799 : 2 : ittapi_config_apply_per_lib :  ITTAPI function not implemented: __itt_mark_globalW
884 : 0x1d3f2f17c7 : 2 : ittapi_config_apply_per_lib :  ITTAPI function not implemented: __itt_mark_global_off
884 : 0x1d3f2f18b7 : 2 : ittapi_config_apply_per_lib :  ITTAPI function NOT instrumented (not matched by --itt-config option): __itt_stack_caller_create

884 : 0x1d3f2f1983 : 2 : ittapi_config_apply_per_lib :  ITTAPI function NOT instrumented (not matched by --itt-config option): __itt_stack_caller_destroy

884 : 0x1d3f2f19b7 : 2 : ittapi_config_apply_per_lib :  ITTAPI function NOT instrumented (not matched by --itt-config option): __itt_stack_callee_enter

884 : 0x1d3f2f19ea : 2 : ittapi_config_apply_per_lib :  ITTAPI function NOT instrumented (not matched by --itt-config option): __itt_stack_callee_leave

884 : 0x1d3f2f1a31 : 2 : ittapi_config_apply_per_lib :  ITTAPI function not implemented: __itt_clock_domain_create
884 : 0x1d3f2f1a61 : 2 : ittapi_config_apply_per_lib :  ITTAPI function not implemented: __itt_clock_domain_reset
884 : 0x1d3f2f1a8e : 2 : ittapi_config_apply_per_lib :  ITTAPI function not implemented: __itt_id_create_ex
884 : 0x1d3f2f1abb : 2 : ittapi_config_apply_per_lib :  ITTAPI function not implemented: __itt_id_destroy_ex
884 : 0x1d3f2f1aed : 2 : ittapi_config_apply_per_lib :  ITTAPI function not implemented: __itt_task_begin_ex
884 : 0x1d3f2f1b1d : 2 : ittapi_config_apply_per_lib :  ITTAPI function not implemented: __itt_task_begin_fn_ex
884 : 0x1d3f2f1b4d : 2 : ittapi_config_apply_per_lib :  ITTAPI function not implemented: __itt_task_end_ex
884 : 0x1d3f2f1f1f : 2 : ittapi_config_apply_per_lib :  ITTAPI function instrumented: __itt_task_begin_overlapped
884 : 0x1d3f2f1f7a : 2 : ittapi_config_apply_per_lib :  ITTAPI function not implemented: __itt_task_begin_overlapped_ex
884 : 0x1d3f2f1fb6 : 2 : ittapi_config_apply_per_lib :  ITTAPI function instrumented: __itt_task_end_overlapped
884 : 0x1d3f2f1ff5 : 2 : ittapi_config_apply_per_lib :  ITTAPI function not implemented: __itt_task_end_overlapped_ex
884 : 0x1d3f2f2033 : 2 : ittapi_config_apply_per_lib :  ITTAPI function not implemented: __itt_marker_ex
884 : 0x1d3f2f206e : 2 : ittapi_config_apply_per_lib :  ITTAPI function not implemented: __itt_metadata_add_with_scope
884 : 0x1d3f2f20ad : 2 : ittapi_config_apply_per_lib :  ITTAPI function not implemented: __itt_metadata_str_add_with_scopeA
884 : 0x1d3f2f20f1 : 2 : ittapi_config_apply_per_lib :  ITTAPI function not implemented: __itt_metadata_str_add_with_scopeW
884 : 0x1d3f2f2137 : 2 : ittapi_config_apply_per_lib :  ITTAPI function not implemented: __itt_relation_add_to_current_ex
884 : 0x1d3f2f217f : 2 : ittapi_config_apply_per_lib :  ITTAPI function not implemented: __itt_relation_add_ex
884 : 0x1d3f2f244c : 2 : ittapi_config_apply_per_lib :  ITTAPI function not implemented: __itt_track_group_create
884 : 0x1d3f2f249c : 2 : ittapi_config_apply_per_lib :  ITTAPI function not implemented: __itt_track_create
884 : 0x1d3f2f24df : 2 : ittapi_config_apply_per_lib :  ITTAPI function not implemented: __itt_set_track
884 : 0x1d3f2f251e : 2 : ittapi_config_apply_per_lib :  ITTAPI function instrumented: __itt_api_version
884 : 0x1d3f2f255c : 2 : ittapi_config_apply_per_lib :  ITTAPI function not implemented: __itt_av_saveA
884 : 0x1d3f2f259b : 2 : ittapi_config_apply_per_lib :  ITTAPI function not implemented: __itt_av_saveW
884 : 0x1d3f2f25d6 : 2 : ittapi_config_apply_per_lib :  ITTAPI function instrumented: __itt_module_loadA
884 : 0x1d3f2f2613 : 2 : ittapi_config_apply_per_lib :  ITTAPI function instrumented: __itt_module_loadW
884 : 0x1d3f2f409d : 2 : ittapi_config_mask_get :  --itt-config mask to be applied: 39
884 : 0x1d3f2f410f : 2 : ittapi_config_apply_per_lib :  ITTAPI function instrumented: __itt_domain_createA
884 : 0x1d3f2f43d4 : 2 : ittapi_config_apply_per_lib :  ITTAPI function instrumented: __itt_domain_createW
884 : 0x1d3f2f442b : 2 : ittapi_config_apply_per_lib :  ITTAPI function instrumented: __itt_string_handle_createA
884 : 0x1d3f2f446c : 2 : ittapi_config_apply_per_lib :  ITTAPI function instrumented: __itt_string_handle_createW
884 : 0x1d3f2f44aa : 2 : ittapi_config_apply_per_lib :  ITTAPI function instrumented: __itt_pause
884 : 0x1d3f2f44e0 : 2 : ittapi_config_apply_per_lib :  ITTAPI function instrumented: __itt_resume
884 : 0x1d3f2f4518 : 2 : ittapi_config_apply_per_lib :  ITTAPI function instrumented: __itt_thread_set_nameA
884 : 0x1d3f2f4558 : 2 : ittapi_config_apply_per_lib :  ITTAPI function instrumented: __itt_thread_set_nameW
884 : 0x1d3f2f459b : 2 : ittapi_config_apply_per_lib :  ITTAPI function instrumented: __itt_thread_ignore
884 : 0x1d3f2f45d5 : 2 : ittapi_config_apply_per_lib :  ITTAPI function instrumented: __itt_thr_name_setA
884 : 0x1d3f2f4617 : 2 : ittapi_config_apply_per_lib :  ITTAPI function instrumented: __itt_thr_name_setW
884 : 0x1d3f2f47a6 : 2 : ittapi_config_apply_per_lib :  ITTAPI function instrumented: __itt_thr_ignore
884 : 0x1d3f2f47fe : 2 : ittapi_config_apply_per_lib :  ITTAPI function not implemented: __itt_enable_attach
884 : 0x1d3f2f4841 : 2 : ittapi_config_apply_per_lib :  ITTAPI function instrumented: __itt_detach
884 : 0x1d3f2f4878 : 2 : ittapi_config_apply_per_lib :  ITTAPI function NOT instrumented (not matched by --itt-config option): __itt_sync_createA

884 : 0x1d3f2f48be : 2 : ittapi_config_apply_per_lib :  ITTAPI function NOT instrumented (not matched by --itt-config option): __itt_sync_createW

884 : 0x1d3f2f4907 : 2 : ittapi_config_apply_per_lib :  ITTAPI function NOT instrumented (not matched by --itt-config option): __itt_sync_renameA

884 : 0x1d3f2f4951 : 2 : ittapi_config_apply_per_lib :  ITTAPI function NOT instrumented (not matched by --itt-config option): __itt_sync_renameW

884 : 0x1d3f2f499b : 2 : ittapi_config_apply_per_lib :  ITTAPI function NOT instrumented (not matched by --itt-config option): __itt_sync_destroy

884 : 0x1d3f2f49e0 : 2 : ittapi_config_apply_per_lib :  ITTAPI function NOT instrumented (not matched by --itt-config option): __itt_sync_prepare

884 : 0x1d3f2f4a22 : 2 : ittapi_config_apply_per_lib :  ITTAPI function NOT instrumented (not matched by --itt-config option): __itt_sync_cancel

884 : 0x1d3f2f4b5e : 2 : ittapi_config_apply_per_lib :  ITTAPI function NOT instrumented (not matched by --itt-config option): __itt_sync_acquired

884 : 0x1d3f2f4baa : 2 : ittapi_config_apply_per_lib :  ITTAPI function NOT instrumented (not matched by --itt-config option): __itt_sync_releasing

884 : 0x1d3f2f4c10 : 2 : ittapi_config_apply_per_lib :  ITTAPI function not implemented: __itt_suppress_push
884 : 0x1d3f2f4c52 : 2 : ittapi_config_apply_per_lib :  ITTAPI function not implemented: __itt_suppress_pop
884 : 0x1d3f2f4c97 : 2 : ittapi_config_apply_per_lib :  ITTAPI function not implemented: __itt_suppress_mark_range
884 : 0x1d3f2f4cde : 2 : ittapi_config_apply_per_lib :  ITTAPI function not implemented: __itt_suppress_clear_range
884 : 0x1d3f2f4d16 : 2 : ittapi_config_apply_per_lib :  ITTAPI function NOT instrumented (not matched by --itt-config option): __itt_sync_prepare

884 : 0x1d3f2f4d5d : 2 : ittapi_config_apply_per_lib :  ITTAPI function NOT instrumented (not matched by --itt-config option): __itt_sync_cancel

884 : 0x1d3f2f4da1 : 2 : ittapi_config_apply_per_lib :  ITTAPI function NOT instrumented (not matched by --itt-config option): __itt_sync_acquired

884 : 0x1d3f2f4de7 : 2 : ittapi_config_apply_per_lib :  ITTAPI function NOT instrumented (not matched by --itt-config option): __itt_sync_releasing

884 : 0x1d3f2f4f0e : 2 : ittapi_config_apply_per_lib :  ITTAPI function not implemented: __itt_model_site_begin
884 : 0x1d3f2f4f59 : 2 : ittapi_config_apply_per_lib :  ITTAPI function not implemented: __itt_model_site_end
884 : 0x1d3f2f4f9a : 2 : ittapi_config_apply_per_lib :  ITTAPI function not implemented: __itt_model_task_begin
884 : 0x1d3f2f4fd8 : 2 : ittapi_config_apply_per_lib :  ITTAPI function not implemented: __itt_model_task_end
884 : 0x1d3f2f5013 : 2 : ittapi_config_apply_per_lib :  ITTAPI function not implemented: __itt_model_lock_acquire
884 : 0x1d3f2f50a5 : 2 : ittapi_config_apply_per_lib :  ITTAPI function not implemented: __itt_model_lock_release
884 : 0x1d3f2f50d6 : 2 : ittapi_config_apply_per_lib :  ITTAPI function not implemented: __itt_model_record_allocation
884 : 0x1d3f2f5105 : 2 : ittapi_config_apply_per_lib :  ITTAPI function not implemented: __itt_model_record_deallocation
884 : 0x1d3f2f5133 : 2 : ittapi_config_apply_per_lib :  ITTAPI function not implemented: __itt_model_induction_uses
884 : 0x1d3f2f5161 : 2 : ittapi_config_apply_per_lib :  ITTAPI function not implemented: __itt_model_reduction_uses
884 : 0x1d3f2f520e : 2 : ittapi_config_apply_per_lib :  ITTAPI function not implemented: __itt_model_observe_uses
884 : 0x1d3f2f523e : 2 : ittapi_config_apply_per_lib :  ITTAPI function not implemented: __itt_model_clear_uses
884 : 0x1d3f2f526c : 2 : ittapi_config_apply_per_lib :  ITTAPI function not implemented: __itt_model_site_beginW
884 : 0x1d3f2f529a : 2 : ittapi_config_apply_per_lib :  ITTAPI function not implemented: __itt_model_task_beginW
884 : 0x1d3f2f52c9 : 2 : ittapi_config_apply_per_lib :  ITTAPI function not implemented: __itt_model_iteration_taskW
884 : 0x1d3f2f52f7 : 2 : ittapi_config_apply_per_lib :  ITTAPI function not implemented: __itt_model_site_beginA
884 : 0x1d3f2f5323 : 2 : ittapi_config_apply_per_lib :  ITTAPI function not implemented: __itt_model_site_beginAL
884 : 0x1d3f2f5351 : 2 : ittapi_config_apply_per_lib :  ITTAPI function not implemented: __itt_model_task_beginA
884 : 0x1d3f2f537f : 2 : ittapi_config_apply_per_lib :  ITTAPI function not implemented: __itt_model_task_beginAL
884 : 0x1d3f2f53ac : 2 : ittapi_config_apply_per_lib :  ITTAPI function not implemented: __itt_model_iteration_taskA
884 : 0x1d3f2f5463 : 2 : ittapi_config_apply_per_lib :  ITTAPI function not implemented: __itt_model_iteration_taskAL
884 : 0x1d3f2f5493 : 2 : ittapi_config_apply_per_lib :  ITTAPI function not implemented: __itt_model_site_end_2
884 : 0x1d3f2f54c1 : 2 : ittapi_config_apply_per_lib :  ITTAPI function not implemented: __itt_model_task_end_2
884 : 0x1d3f2f54ec : 2 : ittapi_config_apply_per_lib :  ITTAPI function not implemented: __itt_model_lock_acquire_2
884 : 0x1d3f2f551a : 2 : ittapi_config_apply_per_lib :  ITTAPI function not implemented: __itt_model_lock_release_2
884 : 0x1d3f2f5547 : 2 : ittapi_config_apply_per_lib :  ITTAPI function not implemented: __itt_model_aggregate_task
884 : 0x1d3f2f5573 : 2 : ittapi_config_apply_per_lib :  ITTAPI function not implemented: __itt_model_disable_push
884 : 0x1d3f2f55a0 : 2 : ittapi_config_apply_per_lib :  ITTAPI function not implemented: __itt_model_disable_pop
884 : 0x1d3f2f55cf : 2 : ittapi_config_apply_per_lib :  ITTAPI function instrumented: __itt_heap_function_createA
884 : 0x1d3f2f55fb : 2 : ittapi_config_apply_per_lib :  ITTAPI function instrumented: __itt_heap_function_createW
884 : 0x1d3f2f569c : 2 : ittapi_config_apply_per_lib :  ITTAPI function instrumented: __itt_heap_allocate_begin
884 : 0x1d3f2f56c9 : 2 : ittapi_config_apply_per_lib :  ITTAPI function instrumented: __itt_heap_allocate_end
884 : 0x1d3f2f56f4 : 2 : ittapi_config_apply_per_lib :  ITTAPI function instrumented: __itt_heap_free_begin
884 : 0x1d3f2f571e : 2 : ittapi_config_apply_per_lib :  ITTAPI function instrumented: __itt_heap_free_end
884 : 0x1d3f2f5748 : 2 : ittapi_config_apply_per_lib :  ITTAPI function instrumented: __itt_heap_reallocate_begin
884 : 0x1d3f2f5772 : 2 : ittapi_config_apply_per_lib :  ITTAPI function instrumented: __itt_heap_reallocate_end
884 : 0x1d3f2f57a1 : 2 : ittapi_config_apply_per_lib :  ITTAPI function not implemented: __itt_heap_internal_access_begin
884 : 0x1d3f2f57d0 : 2 : ittapi_config_apply_per_lib :  ITTAPI function not implemented: __itt_heap_internal_access_end
884 : 0x1d3f2f5801 : 2 : ittapi_config_apply_per_lib :  ITTAPI function not implemented: __itt_heap_record_memory_growth_begin
884 : 0x1d3f2f5833 : 2 : ittapi_config_apply_per_lib :  ITTAPI function not implemented: __itt_heap_record_memory_growth_end
884 : 0x1d3f2f58ba : 2 : ittapi_config_apply_per_lib :  ITTAPI function not implemented: __itt_heap_reset_detection
884 : 0x1d3f2f58e9 : 2 : ittapi_config_apply_per_lib :  ITTAPI function not implemented: __itt_heap_record
884 : 0x1d3f2f5916 : 2 : ittapi_config_apply_per_lib :  ITTAPI function not implemented: __itt_id_create
884 : 0x1d3f2f5942 : 2 : ittapi_config_apply_per_lib :  ITTAPI function not implemented: __itt_id_destroy
884 : 0x1d3f2f596c : 2 : ittapi_config_apply_per_lib :  ITTAPI function instrumented: __itt_get_timestamp
884 : 0x1d3f2f599b : 2 : ittapi_config_apply_per_lib :  ITTAPI function not implemented: __itt_region_begin
884 : 0x1d3f2f59c7 : 2 : ittapi_config_apply_per_lib :  ITTAPI function not implemented: __itt_region_end
884 : 0x1d3f2f59f3 : 2 : ittapi_config_apply_per_lib :  ITTAPI function instrumented: __itt_frame_begin_v3
884 : 0x1d3f2f5a1e : 2 : ittapi_config_apply_per_lib :  ITTAPI function instrumented: __itt_frame_end_v3
884 : 0x1d3f2f5a49 : 2 : ittapi_config_apply_per_lib :  ITTAPI function instrumented: __itt_frame_submit_v3
884 : 0x1d3f2f5aec : 2 : ittapi_config_apply_per_lib :  ITTAPI function not implemented: __itt_task_group
884 : 0x1d3f2f5b1c : 2 : ittapi_config_apply_per_lib :  ITTAPI function instrumented: __itt_task_begin
884 : 0x1d3f2f5b47 : 2 : ittapi_config_apply_per_lib :  ITTAPI function instrumented: __itt_task_begin_fn
884 : 0x1d3f2f5b73 : 2 : ittapi_config_apply_per_lib :  ITTAPI function instrumented: __itt_task_end
884 : 0x1d3f2f5ba4 : 2 : ittapi_config_apply_per_lib :  ITTAPI function not implemented: __itt_counter_inc_v3
884 : 0x1d3f2f5bd5 : 2 : ittapi_config_apply_per_lib :  ITTAPI function not implemented: __itt_counter_inc_delta_v3
884 : 0x1d3f2f5c04 : 2 : ittapi_config_apply_per_lib :  ITTAPI function not implemented: __itt_marker
884 : 0x1d3f2f5c2d : 2 : ittapi_config_apply_per_lib :  ITTAPI function instrumented: __itt_metadata_add
884 : 0x1d3f2f5c5a : 2 : ittapi_config_apply_per_lib :  ITTAPI function not implemented: __itt_metadata_str_addA
884 : 0x1d3f2f5c87 : 2 : ittapi_config_apply_per_lib :  ITTAPI function not implemented: __itt_metadata_str_addW
884 : 0x1d3f2f5d1a : 2 : ittapi_config_apply_per_lib :  ITTAPI function not implemented: __itt_relation_add_to_current
884 : 0x1d3f2f5d49 : 2 : ittapi_config_apply_per_lib :  ITTAPI function not implemented: __itt_relation_add
884 : 0x1d3f2f5e65 : 2 : ittapi_config_apply_per_lib :  ITTAPI function instrumented: __itt_event_createA
884 : 0x1d3f2f5e8e : 2 : ittapi_config_apply_per_lib :  ITTAPI function instrumented: __itt_event_createW
884 : 0x1d3f2f5eb8 : 2 : ittapi_config_apply_per_lib :  ITTAPI function instrumented: __itt_event_start
884 : 0x1d3f2f5ee2 : 2 : ittapi_config_apply_per_lib :  ITTAPI function instrumented: __itt_event_end
884 : 0x1d3f2f5f07 : 2 : ittapi_config_apply_per_lib :  ITTAPI function NOT instrumented (not matched by --itt-config option): __itt_sync_set_nameA

884 : 0x1d3f2f5f37 : 2 : ittapi_config_apply_per_lib :  ITTAPI function NOT instrumented (not matched by --itt-config option): __itt_sync_set_nameW

884 : 0x1d3f2f5f69 : 2 : ittapi_config_apply_per_lib :  ITTAPI function NOT instrumented (not matched by --itt-config option): __itt_notify_sync_nameA

884 : 0x1d3f2f5f99 : 2 : ittapi_config_apply_per_lib :  ITTAPI function NOT instrumented (not matched by --itt-config option): __itt_notify_sync_nameW

884 : 0x1d3f2f6124 : 2 : ittapi_config_apply_per_lib :  ITTAPI function NOT instrumented (not matched by --itt-config option): __itt_notify_sync_prepare

884 : 0x1d3f2f6160 : 2 : ittapi_config_apply_per_lib :  ITTAPI function NOT instrumented (not matched by --itt-config option): __itt_notify_sync_cancel

884 : 0x1d3f2f6193 : 2 : ittapi_config_apply_per_lib :  ITTAPI function NOT instrumented (not matched by --itt-config option): __itt_notify_sync_acquired

884 : 0x1d3f2f61c6 : 2 : ittapi_config_apply_per_lib :  ITTAPI function NOT instrumented (not matched by --itt-config option): __itt_notify_sync_releasing

884 : 0x1d3f2f620a : 2 : ittapi_config_apply_per_lib :  ITTAPI function not implemented: __itt_memory_read
884 : 0x1d3f2f6239 : 2 : ittapi_config_apply_per_lib :  ITTAPI function not implemented: __itt_memory_write
884 : 0x1d3f2f6267 : 2 : ittapi_config_apply_per_lib :  ITTAPI function not implemented: __itt_memory_update
884 : 0x1d3f2f6296 : 2 : ittapi_config_apply_per_lib :  ITTAPI function not implemented: __itt_state_get
884 : 0x1d3f2f62c2 : 2 : ittapi_config_apply_per_lib :  ITTAPI function not implemented: __itt_state_set
884 : 0x1d3f2f62ef : 2 : ittapi_config_apply_per_lib :  ITTAPI function not implemented: __itt_obj_mode_set
884 : 0x1d3f2f638f : 2 : ittapi_config_apply_per_lib :  ITTAPI function not implemented: __itt_thr_mode_set
884 : 0x1d3f2f63bd : 2 : ittapi_config_apply_per_lib :  ITTAPI function instrumented: __itt_frame_createA
884 : 0x1d3f2f63e6 : 2 : ittapi_config_apply_per_lib :  ITTAPI function instrumented: __itt_frame_createW
884 : 0x1d3f2f6413 : 2 : ittapi_config_apply_per_lib :  ITTAPI function instrumented: __itt_frame_begin
884 : 0x1d3f2f643c : 2 : ittapi_config_apply_per_lib :  ITTAPI function instrumented: __itt_frame_end
884 : 0x1d3f2f6468 : 2 : ittapi_config_apply_per_lib :  ITTAPI function instrumented: __itt_counter_createA
884 : 0x1d3f2f6490 : 2 : ittapi_config_apply_per_lib :  ITTAPI function instrumented: __itt_counter_createW
884 : 0x1d3f2f64be : 2 : ittapi_config_apply_per_lib :  ITTAPI function not implemented: __itt_counter_destroy
884 : 0x1d3f2f64ea : 2 : ittapi_config_apply_per_lib :  ITTAPI function instrumented: __itt_counter_inc
884 : 0x1d3f2f6515 : 2 : ittapi_config_apply_per_lib :  ITTAPI function instrumented: __itt_counter_inc_delta
884 : 0x1d3f2f684a : 2 : ittapi_config_apply_per_lib :  ITTAPI function not implemented: __itt_mark_createA
884 : 0x1d3f2f6880 : 2 : ittapi_config_apply_per_lib :  ITTAPI function not implemented: __itt_mark_createW
884 : 0x1d3f2f68ae : 2 : ittapi_config_apply_per_lib :  ITTAPI function not implemented: __itt_markA
884 : 0x1d3f2f68da : 2 : ittapi_config_apply_per_lib :  ITTAPI function not implemented: __itt_markW
884 : 0x1d3f2f6905 : 2 : ittapi_config_apply_per_lib :  ITTAPI function not implemented: __itt_mark_off
884 : 0x1d3f2f6932 : 2 : ittapi_config_apply_per_lib :  ITTAPI function not implemented: __itt_mark_globalA
884 : 0x1d3f2f695d : 2 : ittapi_config_apply_per_lib :  ITTAPI function not implemented: __itt_mark_globalW
884 : 0x1d3f2f6989 : 2 : ittapi_config_apply_per_lib :  ITTAPI function not implemented: __itt_mark_global_off
884 : 0x1d3f2f69b2 : 2 : ittapi_config_apply_per_lib :  ITTAPI function NOT instrumented (not matched by --itt-config option): __itt_stack_caller_create

884 : 0x1d3f2f69e4 : 2 : ittapi_config_apply_per_lib :  ITTAPI function NOT instrumented (not matched by --itt-config option): __itt_stack_caller_destroy

884 : 0x1d3f2f6a9f : 2 : ittapi_config_apply_per_lib :  ITTAPI function NOT instrumented (not matched by --itt-config option): __itt_stack_callee_enter

884 : 0x1d3f2f6ad5 : 2 : ittapi_config_apply_per_lib :  ITTAPI function NOT instrumented (not matched by --itt-config option): __itt_stack_callee_leave

884 : 0x1d3f2f6b14 : 2 : ittapi_config_apply_per_lib :  ITTAPI function not implemented: __itt_clock_domain_create
884 : 0x1d3f2f6b42 : 2 : ittapi_config_apply_per_lib :  ITTAPI function not implemented: __itt_clock_domain_reset
884 : 0x1d3f2f6ca2 : 2 : ittapi_config_apply_per_lib :  ITTAPI function not implemented: __itt_id_create_ex
884 : 0x1d3f2f6cd2 : 2 : ittapi_config_apply_per_lib :  ITTAPI function not implemented: __itt_id_destroy_ex
884 : 0x1d3f2f6d03 : 2 : ittapi_config_apply_per_lib :  ITTAPI function not implemented: __itt_task_begin_ex
884 : 0x1d3f2f6d32 : 2 : ittapi_config_apply_per_lib :  ITTAPI function not implemented: __itt_task_begin_fn_ex
884 : 0x1d3f2f6d60 : 2 : ittapi_config_apply_per_lib :  ITTAPI function not implemented: __itt_task_end_ex
884 : 0x1d3f2f6d8e : 2 : ittapi_config_apply_per_lib :  ITTAPI function instrumented: __itt_task_begin_overlapped
884 : 0x1d3f2f6e5f : 2 : ittapi_config_apply_per_lib :  ITTAPI function not implemented: __itt_task_begin_overlapped_ex
884 : 0x1d3f2f6e8c : 2 : ittapi_config_apply_per_lib :  ITTAPI function instrumented: __itt_task_end_overlapped
884 : 0x1d3f2f6ebb : 2 : ittapi_config_apply_per_lib :  ITTAPI function not implemented: __itt_task_end_overlapped_ex
884 : 0x1d3f2f6ee9 : 2 : ittapi_config_apply_per_lib :  ITTAPI function not implemented: __itt_marker_ex
884 : 0x1d3f2f6f16 : 2 : ittapi_config_apply_per_lib :  ITTAPI function not implemented: __itt_metadata_add_with_scope
884 : 0x1d3f2f6f44 : 2 : ittapi_config_apply_per_lib :  ITTAPI function not implemented: __itt_metadata_str_add_with_scopeA
884 : 0x1d3f2f6f74 : 2 : ittapi_config_apply_per_lib :  ITTAPI function not implemented: __itt_metadata_str_add_with_scopeW
884 : 0x1d3f2f6fa4 : 2 : ittapi_config_apply_per_lib :  ITTAPI function not implemented: __itt_relation_add_to_current_ex
884 : 0x1d3f2f6fd3 : 2 : ittapi_config_apply_per_lib :  ITTAPI function not implemented: __itt_relation_add_ex
884 : 0x1d3f2f7001 : 2 : ittapi_config_apply_per_lib :  ITTAPI function not implemented: __itt_track_group_create
884 : 0x1d3f2f70af : 2 : ittapi_config_apply_per_lib :  ITTAPI function not implemented: __itt_track_create
884 : 0x1d3f2f70df : 2 : ittapi_config_apply_per_lib :  ITTAPI function not implemented: __itt_set_track
884 : 0x1d3f2f710b : 2 : ittapi_config_apply_per_lib :  ITTAPI function instrumented: __itt_api_version
884 : 0x1d3f2f7138 : 2 : ittapi_config_apply_per_lib :  ITTAPI function not implemented: __itt_av_saveA
884 : 0x1d3f2f7165 : 2 : ittapi_config_apply_per_lib :  ITTAPI function not implemented: __itt_av_saveW