
10120 : 0x3a0eb67c1 : 1 : spill_jit_data :  Jit agent is not initialized
10120 : 0x3a0eb6c41 : 2 : ittapi_config_mask_get :  --itt-config mask to be applied: 39
10120 : 0x3a0eb6c9e : 2 : ittapi_config_apply_per_lib :  ITTAPI function instrumented: __itt_domain_createA
10120 : 0x3a0eb6cb3 : 2 : ittapi_config_apply_per_lib :  ITTAPI function instrumented: __itt_domain_createW
10120 : 0x3a0eb6cca : 2 : ittapi_config_apply_per_lib :  ITTAPI function instrumented: __itt_string_handle_createA
10120 : 0x3a0eb6cdb : 2 : ittapi_config_apply_per_lib :  ITTAPI function instrumented: __itt_string_handle_createW
10120 : 0x3a0eb6cec : 2 : ittapi_config_apply_per_lib :  ITTAPI function instrumented: __itt_counter_createA
10120 : 0x3a0eb6cfc : 2 : ittapi_config_apply_per_lib :  ITTAPI function instrumented: __itt_counter_createW
10120 : 0x3a0eb6d0b : 2 : ittapi_config_apply_per_lib :  ITTAPI function instrumented: __itt_counter_create_typedA
10120 : 0x3a0eb6d1b : 2 : ittapi_config_apply_per_lib :  ITTAPI function instrumented: __itt_counter_create_typedW
10120 : 0x3a0eb71e9 : 2 : ittapi_config_apply_per_lib :  ITTAPI function instrumented: __itt_pause
10120 : 0x3a0eb7204 : 2 : ittapi_config_apply_per_lib :  ITTAPI function instrumented: __itt_resume
10120 : 0x3a0eb7217 : 2 : ittapi_config_apply_per_lib :  ITTAPI function instrumented: __itt_thread_set_nameA
10120 : 0x3a0eb722a : 2 : ittapi_config_apply_per_lib :  ITTAPI function instrumented: __itt_thread_set_nameW
10120 : 0x3a0eb723c : 2 : ittapi_config_apply_per_lib :  ITTAPI function instrumented: __itt_thread_ignore
10120 : 0x3a0eb724c : 2 : ittapi_config_apply_per_lib :  ITTAPI function instrumented: __itt_thr_name_setA
10120 : 0x3a0eb725d : 2 : ittapi_config_apply_per_lib :  ITTAPI function instrumented: __itt_thr_name_setW
10120 : 0x3a0eb726f : 2 : ittapi_config_apply_per_lib :  ITTAPI function instrumented: __itt_thr_ignore
10120 : 0x3a0eb728d : 2 : ittapi_config_apply_per_lib :  ITTAPI function not implemented: __itt_enable_attach
10120 : 0x3a0eb729f : 2 : ittapi_config_apply_per_lib :  ITTAPI function instrumented: __itt_detach
10120 : 0x3a0eb72fa : 2 : ittapi_config_apply_per_lib :  ITTAPI function NOT instrumented (not matched by --itt-config option): __itt_sync_createA

10120 : 0x3a0eb7310 : 2 : ittapi_config_apply_per_lib :  ITTAPI function NOT instrumented (not matched by --itt-config option): __itt_sync_createW

10120 : 0x3a0eb7325 : 2 : ittapi_config_apply_per_lib :  ITTAPI function NOT instrumented (not matched by --itt-config option): __itt_sync_renameA

10120 : 0x3a0eb7339 : 2 : ittapi_config_apply_per_lib :  ITTAPI function NOT instrumented (not matched by --itt-config option): __itt_sync_renameW

10120 : 0x3a0eb734b : 2 : ittapi_config_apply_per_lib :  ITTAPI function NOT instrumented (not matched by --itt-config option): __itt_sync_destroy

10120 : 0x3a0eb735e : 2 : ittapi_config_apply_per_lib :  ITTAPI function NOT instrumented (not matched by --itt-config option): __itt_sync_prepare

10120 : 0x3a0eb7370 : 2 : ittapi_config_apply_per_lib :  ITTAPI function NOT instrumented (not matched by --itt-config option): __itt_sync_cancel

10120 : 0x3a0eb7383 : 2 : ittapi_config_apply_per_lib :  ITTAPI function NOT instrumented (not matched by --itt-config option): __itt_sync_acquired

10120 : 0x3a0eb7396 : 2 : ittapi_config_apply_per_lib :  ITTAPI function NOT instrumented (not matched by --itt-config option): __itt_sync_releasing

10120 : 0x3a0eb73b0 : 2 : ittapi_config_apply_per_lib :  ITTAPI function not implemented: __itt_suppress_push
10120 : 0x3a0eb73e8 : 2 : ittapi_config_apply_per_lib :  ITTAPI function not implemented: __itt_suppress_pop
10120 : 0x3a0eb73fa : 2 : ittapi_config_apply_per_lib :  ITTAPI function not implemented: __itt_suppress_mark_range
10120 : 0x3a0eb740d : 2 : ittapi_config_apply_per_lib :  ITTAPI function not implemented: __itt_suppress_clear_range
10120 : 0x3a0eb741c : 2 : ittapi_config_apply_per_lib :  ITTAPI function NOT instrumented (not matched by --itt-config option): __itt_sync_prepare

10120 : 0x3a0eb742f : 2 : ittapi_config_apply_per_lib :  ITTAPI function NOT instrumented (not matched by --itt-config option): __itt_sync_cancel

10120 : 0x3a0eb7441 : 2 : ittapi_config_apply_per_lib :  ITTAPI function NOT instrumented (not matched by --itt-config option): __itt_sync_acquired

10120 : 0x3a0eb7454 : 2 : ittapi_config_apply_per_lib :  ITTAPI function NOT instrumented (not matched by --itt-config option): __itt_sync_releasing

10120 : 0x3a0eb746b : 2 : ittapi_config_apply_per_lib :  ITTAPI function not implemented: __itt_model_site_begin
10120 : 0x3a0eb747d : 2 : ittapi_config_apply_per_lib :  ITTAPI function not implemented: __itt_model_site_end
10120 : 0x3a0eb748e : 2 : ittapi_config_apply_per_lib :  ITTAPI function not implemented: __itt_model_task_begin
10120 : 0x3a0eb7574 : 2 : ittapi_config_apply_per_lib :  ITTAPI function not implemented: __itt_model_task_end
10120 : 0x3a0eb7589 : 2 : ittapi_config_apply_per_lib :  ITTAPI function not implemented: __itt_model_lock_acquire
10120 : 0x3a0eb759c : 2 : ittapi_config_apply_per_lib :  ITTAPI function not implemented: __itt_model_lock_release
10120 : 0x3a0eb75ae : 2 : ittapi_config_apply_per_lib :  ITTAPI function not implemented: __itt_model_record_allocation
10120 : 0x3a0eb75c0 : 2 : ittapi_config_apply_per_lib :  ITTAPI function not implemented: __itt_model_record_deallocation
10120 : 0x3a0eb75d1 : 2 : ittapi_config_apply_per_lib :  ITTAPI function not implemented: __itt_model_induction_uses
10120 : 0x3a0eb75e3 : 2 : ittapi_config_apply_per_lib :  ITTAPI function not implemented: __itt_model_reduction_uses
10120 : 0x3a0eb75f6 : 2 : ittapi_config_apply_per_lib :  ITTAPI function not implemented: __itt_model_observe_uses
10120 : 0x3a0eb7607 : 2 : ittapi_config_apply_per_lib :  ITTAPI function not implemented: __itt_model_clear_uses
10120 : 0x3a0eb7619 : 2 : ittapi_config_apply_per_lib :  ITTAPI function not implemented: __itt_model_site_beginW
10120 : 0x3a0eb76d6 : 2 : ittapi_config_apply_per_lib :  ITTAPI function not implemented: __itt_model_task_beginW
10120 : 0x3a0eb76ea : 2 : ittapi_config_apply_per_lib :  ITTAPI function not implemented: __itt_model_iteration_taskW
10120 : 0x3a0eb76fb : 2 : ittapi_config_apply_per_lib :  ITTAPI function not implemented: __itt_model_site_beginA
10120 : 0x3a0eb770d : 2 : ittapi_config_apply_per_lib :  ITTAPI function not implemented: __itt_model_site_beginAL
10120 : 0x3a0eb771f : 2 : ittapi_config_apply_per_lib :  ITTAPI function not implemented: __itt_model_task_beginA
10120 : 0x3a0eb7731 : 2 : ittapi_config_apply_per_lib :  ITTAPI function not implemented: __itt_model_task_beginAL
10120 : 0x3a0eb7742 : 2 : ittapi_config_apply_per_lib :  ITTAPI function not implemented: __itt_model_iteration_taskA
10120 : 0x3a0eb7753 : 2 : ittapi_config_apply_per_lib :  ITTAPI function not implemented: __itt_model_iteration_taskAL
10120 : 0x3a0eb7765 : 2 : ittapi_config_apply_per_lib :  ITTAPI function not implemented: __itt_model_site_end_2
10120 : 0x3a0eb7776 : 2 : ittapi_config_apply_per_lib :  ITTAPI function not implemented: __itt_model_task_end_2
10120 : 0x3a0eb77ab : 2 : ittapi_config_apply_per_lib :  ITTAPI function not implemented: __itt_model_lock_acquire_2
10120 : 0x3a0eb77bd : 2 : ittapi_config_apply_per_lib :  ITTAPI function not implemented: __itt_model_lock_release_2
10120 : 0x3a0eb77cf : 2 : ittapi_config_apply_per_lib :  ITTAPI function not implemented: __itt_model_aggregate_task
10120 : 0x3a0eb77e0 : 2 : ittapi_config_apply_per_lib :  ITTAPI function not implemented: __itt_model_disable_push
10120 : 0x3a0eb77f2 : 2 : ittapi_config_apply_per_lib :  ITTAPI function not implemented: __itt_model_disable_pop
10120 : 0x3a0eb7804 : 2 : ittapi_config_apply_per_lib :  ITTAPI function instrumented: __itt_heap_function_createA
10120 : 0x3a0eb7814 : 2 : ittapi_config_apply_per_lib :  ITTAPI function instrumented: __itt_heap_function_createW
10120 : 0x3a0eb7826 : 2 : ittapi_config_apply_per_lib :  ITTAPI function instrumented: __itt_heap_allocate_begin
10120 : 0x3a0eb7836 : 2 : ittapi_config_apply_per_lib :  ITTAPI function instrumented: __itt_heap_allocate_end
10120 : 0x3a0eb788d : 2 : ittapi_config_apply_per_lib :  ITTAPI function instrumented: __itt_heap_free_begin
10120 : 0x3a0eb7924 : 2 : ittapi_config_apply_per_lib :  ITTAPI function instrumented: __itt_heap_free_end
10120 : 0x3a0eb7939 : 2 : ittapi_config_apply_per_lib :  ITTAPI function instrumented: __itt_heap_reallocate_begin
10120 : 0x3a0eb794a : 2 : ittapi_config_apply_per_lib :  ITTAPI function instrumented: __itt_heap_reallocate_end
10120 : 0x3a0eb795e : 2 : ittapi_config_apply_per_lib :  ITTAPI function not implemented: __itt_heap_internal_access_begin
10120 : 0x3a0eb7971 : 2 : ittapi_config_apply_per_lib :  ITTAPI function not implemented: __itt_heap_internal_access_end
10120 : 0x3a0eb7983 : 2 : ittapi_config_apply_per_lib :  ITTAPI function not implemented: __itt_heap_record_memory_growth_begin
10120 : 0x3a0eb7997 : 2 : ittapi_config_apply_per_lib :  ITTAPI function not implemented: __itt_heap_record_memory_growth_end
10120 : 0x3a0eb79a9 : 2 : ittapi_config_apply_per_lib :  ITTAPI function not implemented: __itt_heap_reset_detection
10120 : 0x3a0eb79bb : 2 : ittapi_config_apply_per_lib :  ITTAPI function not implemented: __itt_heap_record
10120 : 0x3a0eb79cd : 2 : ittapi_config_apply_per_lib :  ITTAPI function not implemented: __itt_id_create
10120 : 0x3a0eb7a1a : 2 : ittapi_config_apply_per_lib :  ITTAPI function not implemented: __itt_id_destroy
10120 : 0x3a0eb7a2d : 2 : ittapi_config_apply_per_lib :  ITTAPI function instrumented: __itt_get_timestamp
10120 : 0x3a0eb7a3f : 2 : ittapi_config_apply_per_lib :  ITTAPI function not implemented: __itt_region_begin
10120 : 0x3a0eb7a50 : 2 : ittapi_config_apply_per_lib :  ITTAPI function not implemented: __itt_region_end
10120 : 0x3a0eb7a61 : 2 : ittapi_config_apply_per_lib :  ITTAPI function instrumented: __itt_frame_begin_v3
10120 : 0x3a0eb7a73 : 2 : ittapi_config_apply_per_lib :  ITTAPI function instrumented: __itt_frame_end_v3
10120 : 0x3a0eb7a83 : 2 : ittapi_config_apply_per_lib :  ITTAPI function instrumented: __itt_frame_submit_v3
10120 : 0x3a0eb7a95 : 2 : ittapi_config_apply_per_lib :  ITTAPI function not implemented: __itt_task_group
10120 : 0x3a0eb7aa5 : 2 : ittapi_config_apply_per_lib :  ITTAPI function instrumented: __itt_task_begin
10120 : 0x3a0eb7ab5 : 2 : ittapi_config_apply_per_lib :  ITTAPI function instrumented: __itt_task_begin_fn
10120 : 0x3a0eb7aea : 2 : ittapi_config_apply_per_lib :  ITTAPI function instrumented: __itt_task_end
10120 : 0x3a0eb7aff : 2 : ittapi_config_apply_per_lib :  ITTAPI function not implemented: __itt_counter_inc_v3
10120 : 0x3a0eb7b12 : 2 : ittapi_config_apply_per_lib :  ITTAPI function not implemented: __itt_counter_inc_delta_v3
10120 : 0x3a0eb7b24 : 2 : ittapi_config_apply_per_lib :  ITTAPI function not implemented: __itt_counter_dec_v3
10120 : 0x3a0eb7b36 : 2 : ittapi_config_apply_per_lib :  ITTAPI function not implemented: __itt_counter_dec_delta_v3
10120 : 0x3a0eb7b48 : 2 : ittapi_config_apply_per_lib :  ITTAPI function not implemented: __itt_marker
10120 : 0x3a0eb7b58 : 2 : ittapi_config_apply_per_lib :  ITTAPI function instrumented: __itt_metadata_add
10120 : 0x3a0eb7b69 : 2 : ittapi_config_apply_per_lib :  ITTAPI function not implemented: __itt_metadata_str_addA
10120 : 0x3a0eb7b7b : 2 : ittapi_config_apply_per_lib :  ITTAPI function not implemented: __itt_metadata_str_addW
10120 : 0x3a0eb7b8d : 2 : ittapi_config_apply_per_lib :  ITTAPI function not implemented: __itt_relation_add_to_current
10120 : 0x3a0eb7bc1 : 2 : ittapi_config_apply_per_lib :  ITTAPI function not implemented: __itt_relation_add
10120 : 0x3a0eb7bd2 : 2 : ittapi_config_apply_per_lib :  ITTAPI function instrumented: __itt_event_createA
10120 : 0x3a0eb7be2 : 2 : ittapi_config_apply_per_lib :  ITTAPI function instrumented: __itt_event_createW
10120 : 0x3a0eb7bf3 : 2 : ittapi_config_apply_per_lib :  ITTAPI function instrumented: __itt_event_start
10120 : 0x3a0eb7c04 : 2 : ittapi_config_apply_per_lib :  ITTAPI function instrumented: __itt_event_end
10120 : 0x3a0eb7c12 : 2 : ittapi_config_apply_per_lib :  ITTAPI function NOT instrumented (not matched by --itt-config option): __itt_sync_set_nameA

10120 : 0x3a0eb7c25 : 2 : ittapi_config_apply_per_lib :  ITTAPI function NOT instrumented (not matched by --itt-config option): __itt_sync_set_nameW

10120 : 0x3a0eb7c38 : 2 : ittapi_config_apply_per_lib :  ITTAPI function NOT instrumented (not matched by --itt-config option): __itt_notify_sync_nameA

10120 : 0x3a0eb7c4b : 2 : ittapi_config_apply_per_lib :  ITTAPI function NOT instrumented (not matched by --itt-config option): __itt_notify_sync_nameW

10120 : 0x3a0eb7c5d : 2 : ittapi_config_apply_per_lib :  ITTAPI function NOT instrumented (not matched by --itt-config option): __itt_notify_sync_prepare

10120 : 0x3a0eb7c9f : 2 : ittapi_config_apply_per_lib :  ITTAPI function NOT instrumented (not matched by --itt-config option): __itt_notify_sync_cancel

10120 : 0x3a0eb7cb3 : 2 : ittapi_config_apply_per_lib :  ITTAPI function NOT instrumented (not matched by --itt-config option): __itt_notify_sync_acquired

10120 : 0x3a0eb7cc7 : 2 : ittapi_config_apply_per_lib :  ITTAPI function NOT instrumented (not matched by --itt-config option): __itt_notify_sync_releasing

10120 : 0x3a0eb7cde : 2 : ittapi_config_apply_per_lib :  ITTAPI function not implemented: __itt_memory_read
10120 : 0x3a0eb7cf0 : 2 : ittapi_config_apply_per_lib :  ITTAPI function not implemented: __itt_memory_write
10120 : 0x3a0eb7d02 : 2 : ittapi_config_apply_per_lib :  ITTAPI function not implemented: __itt_memory_update
10120 : 0x3a0eb7d5b : 2 : ittapi_config_apply_per_lib :  ITTAPI function not implemented: __itt_state_get
10120 : 0x3a0eb7d6c : 2 : ittapi_config_apply_per_lib :  ITTAPI function not implemented: __itt_state_set
10120 : 0x3a0eb7d7d : 2 : ittapi_config_apply_per_lib :  ITTAPI function not implemented: __itt_obj_mode_set
10120 : 0x3a0eb7d8f : 2 : ittapi_config_apply_per_lib :  ITTAPI function not implemented: __itt_thr_mode_set
10120 : 0x3a0eb7ddd : 2 : ittapi_config_apply_per_lib :  ITTAPI function instrumented: __itt_frame_createA
10120 : 0x3a0eb7dee : 2 : ittapi_config_apply_per_lib :  ITTAPI function instrumented: __itt_frame_createW
10120 : 0x3a0eb7dff : 2 : ittapi_config_apply_per_lib :  ITTAPI function instrumented: __itt_frame_begin
10120 : 0x3a0eb7e0f : 2 : ittapi_config_apply_per_lib :  ITTAPI function instrumented: __itt_frame_end
10120 : 0x3a0eb7e22 : 2 : ittapi_config_apply_per_lib :  ITTAPI function not implemented: __itt_counter_destroy
10120 : 0x3a0eb7e33 : 2 : ittapi_config_apply_per_lib :  ITTAPI function instrumented: __itt_counter_inc
10120 : 0x3a0eb7ec4 : 2 : ittapi_config_apply_per_lib :  ITTAPI function instrumented: __itt_counter_inc_delta
10120 : 0x3a0eb7ed6 : 2 : ittapi_config_apply_per_lib :  ITTAPI function instrumented: __itt_counter_dec
10120 : 0x3a0eb7ee6 : 2 : ittapi_config_apply_per_lib :  ITTAPI function instrumented: __itt_counter_dec_delta
10120 : 0x3a0eb7ef7 : 2 : ittapi_config_apply_per_lib :  ITTAPI function instrumented: __itt_counter_set_value
10120 : 0x3a0eb7f33 : 2 : ittapi_config_apply_per_lib :  ITTAPI function not implemented: __itt_counter_set_value_ex
10120 : 0x3a0eb7f46 : 2 : ittapi_config_apply_per_lib :  ITTAPI function not implemented: __itt_mark_createA
10120 : 0x3a0eb7f57 : 2 : ittapi_config_apply_per_lib :  ITTAPI function not implemented: __itt_mark_createW
10120 : 0x3a0eb7f69 : 2 : ittapi_config_apply_per_lib :  ITTAPI function not implemented: __itt_markA
10120 : 0x3a0eb7f79 : 2 : ittapi_config_apply_per_lib :  ITTAPI function not implemented: __itt_markW
10120 : 0x3a0eb7f8a : 2 : ittapi_config_apply_per_lib :  ITTAPI function not implemented: __itt_mark_off
10120 : 0x3a0eb7f9b : 2 : ittapi_config_apply_per_lib :  ITTAPI function not implemented: __itt_mark_globalA
10120 : 0x3a0eb7fac : 2 : ittapi_config_apply_per_lib :  ITTAPI function not implemented: __itt_mark_globalW
10120 : 0x3a0eb7fbd : 2 : ittapi_config_apply_per_lib :  ITTAPI function not implemented: __itt_mark_global_off
10120 : 0x3a0eb7fcd : 2 : ittapi_config_apply_per_lib :  ITTAPI function NOT instrumented (not matched by --itt-config option): __itt_stack_caller_create

10120 : 0x3a0eb8006 : 2 : ittapi_config_apply_per_lib :  ITTAPI function NOT instrumented (not matched by --itt-config option): __itt_stack_caller_destroy

10120 : 0x3a0eb801a : 2 : ittapi_config_apply_per_lib :  ITTAPI function NOT instrumented (not matched by --itt-config option): __itt_stack_callee_enter

10120 : 0x3a0eb802e : 2 : ittapi_config_apply_per_lib :  ITTAPI function NOT instrumented (not matched by --itt-config option): __itt_stack_callee_leave

10120 : 0x3a0eb8045 : 2 : ittapi_config_apply_per_lib :  ITTAPI function not implemented: __itt_clock_domain_create
10120 : 0x3a0eb8057 : 2 : ittapi_config_apply_per_lib :  ITTAPI function not implemented: __itt_clock_domain_reset
10120 : 0x3a0eb8068 : 2 : ittapi_config_apply_per_lib :  ITTAPI function not implemented: __itt_id_create_ex
10120 : 0x3a0eb8079 : 2 : ittapi_config_apply_per_lib :  ITTAPI function not implemented: __itt_id_destroy_ex
10120 : 0x3a0eb808c : 2 : ittapi_config_apply_per_lib :  ITTAPI function not implemented: __itt_task_begin_ex
10120 : 0x3a0eb809e : 2 : ittapi_config_apply_per_lib :  ITTAPI function not implemented: __itt_task_begin_fn_ex
10120 : 0x3a0eb80af : 2 : ittapi_config_apply_per_lib :  ITTAPI function not implemented: __itt_task_end_ex
10120 : 0x3a0eb8244 : 2 : ittapi_config_apply_per_lib :  ITTAPI function instrumented: __itt_task_begin_overlapped
10120 : 0x3a0eb825f : 2 : ittapi_config_apply_per_lib :  ITTAPI function not implemented: __itt_task_begin_overlapped_ex
10120 : 0x3a0eb8270 : 2 : ittapi_config_apply_per_lib :  ITTAPI function instrumented: __itt_task_end_overlapped
10120 : 0x3a0eb8283 : 2 : ittapi_config_apply_per_lib :  ITTAPI function not implemented: __itt_task_end_overlapped_ex
10120 : 0x3a0eb8295 : 2 : ittapi_config_apply_per_lib :  ITTAPI function not implemented: __itt_marker_ex
10120 : 0x3a0eb82a6 : 2 : ittapi_config_apply_per_lib :  ITTAPI function not implemented: __itt_metadata_add_with_scope
10120 : 0x3a0eb82b9 : 2 : ittapi_config_apply_per_lib :  ITTAPI function not implemented: __itt_metadata_str_add_with_scopeA
10120 : 0x3a0eb82cc : 2 : ittapi_config_apply_per_lib :  ITTAPI function not implemented: __itt_metadata_str_add_with_scopeW
10120 : 0x3a0eb82e0 : 2 : ittapi_config_apply_per_lib :  ITTAPI function not implemented: __itt_relation_add_to_current_ex
10120 : 0x3a0eb82f2 : 2 : ittapi_config_apply_per_lib :  ITTAPI function not implemented: __itt_relation_add_ex
10120 : 0x3a0eb8390 : 2 : ittapi_config_apply_per_lib :  ITTAPI function not implemented: __itt_track_group_create
10120 : 0x3a0eb83a6 : 2 : ittapi_config_apply_per_lib :  ITTAPI function not implemented: __itt_track_create
10120 : 0x3a0eb83b8 : 2 : ittapi_config_apply_per_lib :  ITTAPI function not implemented: __itt_set_track
10120 : 0x3a0eb83c9 : 2 : ittapi_config_apply_per_lib :  ITTAPI function instrumented: __itt_api_version
10120 : 0x3a0eb83db : 2 : ittapi_config_apply_per_lib :  ITTAPI function not implemented: __itt_av_saveA
10120 : 0x3a0eb83ec : 2 : ittapi_config_apply_per_lib :  ITTAPI function not implemented: __itt_av_saveW
10120 : 0x3a0eb83fd : 2 : ittapi_config_apply_per_lib :  ITTAPI function instrumented: __itt_module_loadA
10120 : 0x3a0eb840e : 2 : ittapi_config_apply_per_lib :  ITTAPI function instrumented: __itt_module_loadW
10120 : 0x3a0eb8ca5 : 2 : ittapi_config_mask_get :  --itt-config mask to be applied: 39
10120 : 0x3a0eb8cc2 : 2 : ittapi_config_apply_per_lib :  ITTAPI function instrumented: __itt_domain_createA
10120 : 0x3a0eb8d28 : 2 : ittapi_config_apply_per_lib :  ITTAPI function instrumented: __itt_domain_createW
10120 : 0x3a0eb8d3c : 2 : ittapi_config_apply_per_lib :  ITTAPI function instrumented: __itt_string_handle_createA
10120 : 0x3a0eb8d4d : 2 : ittapi_config_apply_per_lib :  ITTAPI function instrumented: __itt_string_handle_createW
10120 : 0x3a0eb8d5e : 2 : ittapi_config_apply_per_lib :  ITTAPI function instrumented: __itt_pause
10120 : 0x3a0eb8d6f : 2 : ittapi_config_apply_per_lib :  ITTAPI function instrumented: __itt_resume
10120 : 0x3a0eb8dd0 : 2 : ittapi_config_apply_per_lib :  ITTAPI function instrumented: __itt_thread_set_nameA
10120 : 0x3a0eb8de6 : 2 : ittapi_config_apply_per_lib :  ITTAPI function instrumented: __itt_thread_set_nameW
10120 : 0x3a0eb8df7 : 2 : ittapi_config_apply_per_lib :  ITTAPI function instrumented: __itt_thread_ignore
10120 : 0x3a0eb8e06 : 2 : ittapi_config_apply_per_lib :  ITTAPI function instrumented: __itt_thr_name_setA
10120 : 0x3a0eb8e17 : 2 : ittapi_config_apply_per_lib :  ITTAPI function instrumented: __itt_thr_name_setW
10120 : 0x3a0eb8e70 : 2 : ittapi_config_apply_per_lib :  ITTAPI function instrumented: __itt_thr_ignore
10120 : 0x3a0eb8e86 : 2 : ittapi_config_apply_per_lib :  ITTAPI function not implemented: __itt_enable_attach
10120 : 0x3a0eb8e96 : 2 : ittapi_config_apply_per_lib :  ITTAPI function instrumented: __itt_detach
10120 : 0x3a0eb8ea4 : 2 : ittapi_config_apply_per_lib :  ITTAPI function NOT instrumented (not matched by --itt-config option): __itt_sync_createA

10120 : 0x3a0eb8eb8 : 2 : ittapi_config_apply_per_lib :  ITTAPI function NOT instrumented (not matched by --itt-config option): __itt_sync_createW

10120 : 0x3a0eb8ecb : 2 : ittapi_config_apply_per_lib :  ITTAPI function NOT instrumented (not matched by --itt-config option): __itt_sync_renameA

10120 : 0x3a0eb8ede : 2 : ittapi_config_apply_per_lib :  ITTAPI function NOT instrumented (not matched by --itt-config option): __itt_sync_renameW

10120 : 0x3a0eb8ef1 : 2 : ittapi_config_apply_per_lib :  ITTAPI function NOT instrumented (not matched by --itt-config option): __itt_sync_destroy

10120 : 0x3a0eb8f03 : 2 : ittapi_config_apply_per_lib :  ITTAPI function NOT instrumented (not matched by --itt-config option): __itt_sync_prepare

10120 : 0x3a0eb8f16 : 2 : ittapi_config_apply_per_lib :  ITTAPI function NOT instrumented (not matched by --itt-config option): __itt_sync_cancel

10120 : 0x3a0eb8f55 : 2 : ittapi_config_apply_per_lib :  ITTAPI function NOT instrumented (not matched by --itt-config option): __itt_sync_acquired

10120 : 0x3a0eb8f68 : 2 : ittapi_config_apply_per_lib :  ITTAPI function NOT instrumented (not matched by --itt-config option): __itt_sync_releasing

10120 : 0x3a0eb8f80 : 2 : ittapi_config_apply_per_lib :  ITTAPI function not implemented: __itt_suppress_push
10120 : 0x3a0eb8f91 : 2 : ittapi_config_apply_per_lib :  ITTAPI function not implemented: __itt_suppress_pop
10120 : 0x3a0eb8fa3 : 2 : ittapi_config_apply_per_lib :  ITTAPI function not implemented: __itt_suppress_mark_range
10120 : 0x3a0eb8fb5 : 2 : ittapi_config_apply_per_lib :  ITTAPI function not implemented: __itt_suppress_clear_range
10120 : 0x3a0eb8fc4 : 2 : ittapi_config_apply_per_lib :  ITTAPI function NOT instrumented (not matched by --itt-config option): __itt_sync_prepare

10120 : 0x3a0eb8fd7 : 2 : ittapi_config_apply_per_lib :  ITTAPI function NOT instrumented (not matched by --itt-config option): __itt_sync_cancel

10120 : 0x3a0eb8fe9 : 2 : ittapi_config_apply_per_lib :  ITTAPI function NOT instrumented (not matched by --itt-config option): __itt_sync_acquired

10120 : 0x3a0eb8ffb : 2 : ittapi_config_apply_per_lib :  ITTAPI function NOT instrumented (not matched by --itt-config option): __itt_sync_releasing

10120 : 0x3a0eb9033 : 2 : ittapi_config_apply_per_lib :  ITTAPI function not implemented: __itt_model_site_begin
10120 : 0x3a0eb9046 : 2 : ittapi_config_apply_per_lib :  ITTAPI function not implemented: __itt_model_site_end
10120 : 0x3a0eb9057 : 2 : ittapi_config_apply_per_lib :  ITTAPI function not implemented: __itt_model_task_begin
10120 : 0x3a0eb9068 : 2 : ittapi_config_apply_per_lib :  ITTAPI function not implemented: __itt_model_task_end
10120 : 0x3a0eb9079 : 2 : ittapi_config_apply_per_lib :  ITTAPI function not implemented: __itt_model_lock_acquire
10120 : 0x3a0eb908b : 2 : ittapi_config_apply_per_lib :  ITTAPI function not implemented: __itt_model_lock_release
10120 : 0x3a0eb909d : 2 : ittapi_config_apply_per_lib :  ITTAPI function not implemented: __itt_model_record_allocation
10120 : 0x3a0eb90ae : 2 : ittapi_config_apply_per_lib :  ITTAPI function not implemented: __itt_model_record_deallocation
10120 : 0x3a0eb90c0 : 2 : ittapi_config_apply_per_lib :  ITTAPI function not implemented: __itt_model_induction_uses
10120 : 0x3a0eb90d2 : 2 : ittapi_config_apply_per_lib :  ITTAPI function not implemented: __itt_model_reduction_uses
10120 : 0x3a0eb910c : 2 : ittapi_config_apply_per_lib :  ITTAPI function not implemented: __itt_model_observe_uses
10120 : 0x3a0eb911e : 2 : ittapi_config_apply_per_lib :  ITTAPI function not implemented: __itt_model_clear_uses
10120 : 0x3a0eb9176 : 2 : ittapi_config_apply_per_lib :  ITTAPI function not implemented: __itt_model_site_beginW
10120 : 0x3a0eb9187 : 2 : ittapi_config_apply_per_lib :  ITTAPI function not implemented: __itt_model_task_beginW
10120 : 0x3a0eb9198 : 2 : ittapi_config_apply_per_lib :  ITTAPI function not implemented: __itt_model_iteration_taskW
10120 : 0x3a0eb91aa : 2 : ittapi_config_apply_per_lib :  ITTAPI function not implemented: __itt_model_site_beginA
10120 : 0x3a0eb91bb : 2 : ittapi_config_apply_per_lib :  ITTAPI function not implemented: __itt_model_site_beginAL
10120 : 0x3a0eb91cd : 2 : ittapi_config_apply_per_lib :  ITTAPI function not implemented: __itt_model_task_beginA
10120 : 0x3a0eb91df : 2 : ittapi_config_apply_per_lib :  ITTAPI function not implemented: __itt_model_task_beginAL
10120 : 0x3a0eb91f0 : 2 : ittapi_config_apply_per_lib :  ITTAPI function not implemented: __itt_model_iteration_taskA
10120 : 0x3a0eb923d : 2 : ittapi_config_apply_per_lib :  ITTAPI function not implemented: __itt_model_iteration_taskAL
10120 : 0x3a0eb9250 : 2 : ittapi_config_apply_per_lib :  ITTAPI function not implemented: __itt_model_site_end_2
10120 : 0x3a0eb9262 : 2 : ittapi_config_apply_per_lib :  ITTAPI function not implemented: __itt_model_task_end_2
10120 : 0x3a0eb9274 : 2 : ittapi_config_apply_per_lib :  ITTAPI function not implemented: __itt_model_lock_acquire_2
10120 : 0x3a0eb9285 : 2 : ittapi_config_apply_per_lib :  ITTAPI function not implemented: __itt_model_lock_release_2
10120 : 0x3a0eb9296 : 2 : ittapi_config_apply_per_lib :  ITTAPI function not implemented: __itt_model_aggregate_task
10120 : 0x3a0eb92a8 : 2 : ittapi_config_apply_per_lib :  ITTAPI function not implemented: __itt_model_disable_push
10120 : 0x3a0eb92b9 : 2 : ittapi_config_apply_per_lib :  ITTAPI function not implemented: __itt_model_disable_pop
10120 : 0x3a0eb92cb : 2 : ittapi_config_apply_per_lib :  ITTAPI function instrumented: __itt_heap_function_createA
10120 : 0x3a0eb92dc : 2 : ittapi_config_apply_per_lib :  ITTAPI function instrumented: __itt_heap_function_createW
10120 : 0x3a0eb9311 : 2 : ittapi_config_apply_per_lib :  ITTAPI function instrumented: __itt_heap_allocate_begin
10120 : 0x3a0eb9321 : 2 : ittapi_config_apply_per_lib :  ITTAPI function instrumented: __itt_heap_allocate_end
10120 : 0x3a0eb9332 : 2 : ittapi_config_apply_per_lib :  ITTAPI function instrumented: __itt_heap_free_begin
10120 : 0x3a0eb9342 : 2 : ittapi_config_apply_per_lib :  ITTAPI function instrumented: __itt_heap_free_end
10120 : 0x3a0eb9352 : 2 : ittapi_config_apply_per_lib :  ITTAPI function instrumented: __itt_heap_reallocate_begin
10120 : 0x3a0eb9362 : 2 : ittapi_config_apply_per_lib :  ITTAPI function instrumented: __itt_heap_reallocate_end
10120 : 0x3a0eb9374 : 2 : ittapi_config_apply_per_lib :  ITTAPI function not implemented: __itt_heap_internal_access_begin
10120 : 0x3a0eb9387 : 2 : ittapi_config_apply_per_lib :  ITTAPI function not implemented: __itt_heap_internal_access_end
10120 : 0x3a0eb9399 : 2 : ittapi_config_apply_per_lib :  ITTAPI function not implemented: __itt_heap_record_memory_growth_begin
10120 : 0x3a0eb93ac : 2 : ittapi_config_apply_per_lib :  ITTAPI function not implemented: __itt_heap_record_memory_growth_end
10120 : 0x3a0eb93e2 : 2 : ittapi_config_apply_per_lib :  ITTAPI function not implemented: __itt_heap_reset_detection
10120 : 0x3a0eb93f5 : 2 : ittapi_config_apply_per_lib :  ITTAPI function not implemented: __itt_heap_record
10120 : 0x3a0eb9407 : 2 : ittapi_config_apply_per_lib :  ITTAPI function not implemented: __itt_id_create
10120 : 0x3a0eb9418 : 2 : ittapi_config_apply_per_lib :  ITTAPI function not implemented: __itt_id_destroy
10120 : 0x3a0eb9428 : 2 : ittapi_config_apply_per_lib :  ITTAPI function instrumented: __itt_get_timestamp
10120 : 0x3a0eb9439 : 2 : ittapi_config_apply_per_lib :  ITTAPI function not implemented: __itt_region_begin
10120 : 0x3a0eb944b : 2 : ittapi_config_apply_per_lib :  ITTAPI function not implemented: __itt_region_end
10120 : 0x3a0eb945c : 2 : ittapi_config_apply_per_lib :  ITTAPI function instrumented: __itt_frame_begin_v3
10120 : 0x3a0eb946d : 2 : ittapi_config_apply_per_lib :  ITTAPI function instrumented: __itt_frame_end_v3
10120 : 0x3a0eb947d : 2 : ittapi_config_apply_per_lib :  ITTAPI function instrumented: __itt_frame_submit_v3
10120 : 0x3a0eb94bc : 2 : ittapi_config_apply_per_lib :  ITTAPI function not implemented: __itt_task_group
10120 : 0x3a0eb94ce : 2 : ittapi_config_apply_per_lib :  ITTAPI function instrumented: __itt_task_begin
10120 : 0x3a0eb94de : 2 : ittapi_config_apply_per_lib :  ITTAPI function instrumented: __itt_task_begin_fn
10120 : 0x3a0eb94ef : 2 : ittapi_config_apply_per_lib :  ITTAPI function instrumented: __itt_task_end
10120 : 0x3a0eb9501 : 2 : ittapi_config_apply_per_lib :  ITTAPI function not implemented: __itt_counter_inc_v3
10120 : 0x3a0eb9514 : 2 : ittapi_config_apply_per_lib :  ITTAPI function not implemented: __itt_counter_inc_delta_v3
10120 : 0x3a0eb9525 : 2 : ittapi_config_apply_per_lib :  ITTAPI function not implemented: __itt_marker
10120 : 0x3a0eb9536 : 2 : ittapi_config_apply_per_lib :  ITTAPI function instrumented: __itt_metadata_add
10120 : 0x3a0eb9547 : 2 : ittapi_config_apply_per_lib :  ITTAPI function not implemented: __itt_metadata_str_addA
10120 : 0x3a0eb9559 : 2 : ittapi_config_apply_per_lib :  ITTAPI function not implemented: __itt_metadata_str_addW
10120 : 0x3a0eb9594 : 2 : ittapi_config_apply_per_lib :  ITTAPI function not implemented: __itt_relation_add_to_current
10120 : 0x3a0eb95a6 : 2 : ittapi_config_apply_per_lib :  ITTAPI function not implemented: __itt_relation_add
10120 : 0x3a0eb95b7 : 2 : ittapi_config_apply_per_lib :  ITTAPI function instrumented: __itt_event_createA
10120 : 0x3a0eb960b : 2 : ittapi_config_apply_per_lib :  ITTAPI function instrumented: __itt_event_createW
10120 : 0x3a0eb961b : 2 : ittapi_config_apply_per_lib :  ITTAPI function instrumented: __itt_event_start
10120 : 0x3a0eb962c : 2 : ittapi_config_apply_per_lib :  ITTAPI function instrumented: __itt_event_end
10120 : 0x3a0eb963a : 2 : ittapi_config_apply_per_lib :  ITTAPI function NOT instrumented (not matched by --itt-config option): __itt_sync_set_nameA

10120 : 0x3a0eb964d : 2 : ittapi_config_apply_per_lib :  ITTAPI function NOT instrumented (not matched by --itt-config option): __itt_sync_set_nameW

10120 : 0x3a0eb9660 : 2 : ittapi_config_apply_per_lib :  ITTAPI function NOT instrumented (not matched by --itt-config option): __itt_notify_sync_nameA

10120 : 0x3a0eb9673 : 2 : ittapi_config_apply_per_lib :  ITTAPI function NOT instrumented (not matched by --itt-config option): __itt_notify_sync_nameW

10120 : 0x3a0eb96bb : 2 : ittapi_config_apply_per_lib :  ITTAPI function NOT instrumented (not matched by --itt-config option): __itt_notify_sync_prepare

10120 : 0x3a0eb96d0 : 2 : ittapi_config_apply_per_lib :  ITTAPI function NOT instrumented (not matched by --itt-config option): __itt_notify_sync_cancel

10120 : 0x3a0eb96e3 : 2 : ittapi_config_apply_per_lib :  ITTAPI function NOT instrumented (not matched by --itt-config option): __itt_notify_sync_acquired

10120 : 0x3a0eb96f6 : 2 : ittapi_config_apply_per_lib :  ITTAPI function NOT instrumented (not matched by --itt-config option): __itt_notify_sync_releasing

10120 : 0x3a0eb970e : 2 : ittapi_config_apply_per_lib :  ITTAPI function not implemented: __itt_memory_read
10120 : 0x3a0eb9720 : 2 : ittapi_config_apply_per_lib :  ITTAPI function not implemented: __itt_memory_write
10120 : 0x3a0eb9731 : 2 : ittapi_config_apply_per_lib :  ITTAPI function not implemented: __itt_memory_update
10120 : 0x3a0eb9744 : 2 : ittapi_config_apply_per_lib :  ITTAPI function not implemented: __itt_state_get
10120 : 0x3a0eb9756 : 2 : ittapi_config_apply_per_lib :  ITTAPI function not implemented: __itt_state_set
10120 : 0x3a0eb9767 : 2 : ittapi_config_apply_per_lib :  ITTAPI function not implemented: __itt_obj_mode_set
10120 : 0x3a0eb98ae : 2 : ittapi_config_apply_per_lib :  ITTAPI function not implemented: __itt_thr_mode_set
10120 : 0x3a0eb98cc : 2 : ittapi_config_apply_per_lib :  ITTAPI function instrumented: __itt_frame_createA
10120 : 0x3a0eb98e4 : 2 : ittapi_config_apply_per_lib :  ITTAPI function instrumented: __itt_frame_createW
10120 : 0x3a0eb98fd : 2 : ittapi_config_apply_per_lib :  ITTAPI function instrumented: __itt_frame_begin
10120 : 0x3a0eb9916 : 2 : ittapi_config_apply_per_lib :  ITTAPI function instrumented: __itt_frame_end
10120 : 0x3a0eb992d : 2 : ittapi_config_apply_per_lib :  ITTAPI function instrumented: __itt_counter_createA
10120 : 0x3a0eb9942 : 2 : ittapi_config_apply_per_lib :  ITTAPI function instrumented: __itt_counter_createW
10120 : 0x3a0eb995a : 2 : ittapi_config_apply_per_lib :  ITTAPI function not implemented: __itt_counter_destroy
10120 : 0x3a0eb996e : 2 : ittapi_config_apply_per_lib :  ITTAPI function instrumented: __itt_counter_inc
10120 : 0x3a0eb997e : 2 : ittapi_config_apply_per_lib :  ITTAPI function instrumented: __itt_counter_inc_delta
10120 : 0x3a0eb99cd : 2 : ittapi_config_apply_per_lib :  ITTAPI function not implemented: __itt_mark_createA
10120 : 0x3a0eb99df : 2 : ittapi_config_apply_per_lib :  ITTAPI function not implemented: __itt_mark_createW
10120 : 0x3a0eb99f0 : 2 : ittapi_config_apply_per_lib :  ITTAPI function not implemented: __itt_markA
10120 : 0x3a0eb9a01 : 2 : ittapi_config_apply_per_lib :  ITTAPI function not implemented: __itt_markW
10120 : 0x3a0eb9a12 : 2 : ittapi_config_apply_per_lib :  ITTAPI function not implemented: __itt_mark_off
10120 : 0x3a0eb9a24 : 2 : ittapi_config_apply_per_lib :  ITTAPI function not implemented: __itt_mark_globalA
10120 : 0x3a0eb9a34 : 2 : ittapi_config_apply_per_lib :  ITTAPI function not implemented: __itt_mark_globalW
10120 : 0x3a0eb9a46 : 2 : ittapi_config_apply_per_lib :  ITTAPI function not implemented: __itt_mark_global_off
10120 : 0x3a0eb9a55 : 2 : ittapi_config_apply_per_lib :  ITTAPI function NOT instrumented (not matched by --itt-config option): __itt_stack_caller_create

10120 : 0x3a0eb9a68 : 2 : ittapi_config_apply_per_lib :  ITTAPI function NOT instrumented (not matched by --itt-config option): __itt_stack_caller_destroy

10120 : 0x3a0eb9a9d : 2 : ittapi_config_apply_per_lib :  ITTAPI function NOT instrumented (not matched by --itt-config option): __itt_stack_callee_enter

10120 : 0x3a0eb9ab1 : 2 : ittapi_config_apply_per_lib :  ITTAPI function NOT instrumented (not matched by --itt-config option): __itt_stack_callee_leave

10120 : 0x3a0eb9ac8 : 2 : ittapi_config_apply_per_lib :  ITTAPI function not implemented: __itt_clock_domain_create
10120 : 0x3a0eb9ada : 2 : ittapi_config_apply_per_lib :  ITTAPI function not implemented: __itt_clock_domain_reset
10120 : 0x3a0eb9aeb : 2 : ittapi_config_apply_per_lib :  ITTAPI function not implemented: __itt_id_create_ex
10120 : 0x3a0eb9afd : 2 : ittapi_config_apply_per_lib :  ITTAPI function not implemented: __itt_id_destroy_ex
10120 : 0x3a0eb9b10 : 2 : ittapi_config_apply_per_lib :  ITTAPI function not implemented: __itt_task_begin_ex
10120 : 0x3a0eb9b22 : 2 : ittapi_config_apply_per_lib :  ITTAPI function not implemented: __itt_task_begin_fn_ex
10120 : 0x3a0eb9b34 : 2 : ittapi_config_apply_per_lib :  ITTAPI function not implemented: __itt_task_end_ex
10120 : 0x3a0eb9b45 : 2 : ittapi_config_apply_per_lib :  ITTAPI function instrumented: __itt_task_begin_overlapped
10120 : 0x3a0eb9b79 : 2 : ittapi_config_apply_per_lib :  ITTAPI function not implemented: __itt_task_begin_overlapped_ex
10120 : 0x3a0eb9b8a : 2 : ittapi_config_apply_per_lib :  ITTAPI function instrumented: __itt_task_end_overlapped
10120 : 0x3a0eb9bf3 : 2 : ittapi_config_apply_per_lib :  ITTAPI function not implemented: __itt_task_end_overlapped_ex
10120 : 0x3a0eb9c05 : 2 : ittapi_config_apply_per_lib :  ITTAPI function not implemented: __itt_marker_ex
10120 : 0x3a0eb9c16 : 2 : ittapi_config_apply_per_lib :  ITTAPI function not implemented: __itt_metadata_add_with_scope
10120 : 0x3a0eb9c5e : 2 : ittapi_config_apply_per_lib :  ITTAPI function not implemented: __itt_metadata_str_add_with_scopeA
10120 : 0x3a0eb9c74 : 2 : ittapi_config_apply_per_lib :  ITTAPI function not implemented: __itt_metadata_str_add_with_scopeW
10120 : 0x3a0eb9c86 : 2 : ittapi_config_apply_per_lib :  ITTAPI function not implemented: __itt_relation_add_to_current_ex
10120 : 0x3a0eb9c98 : 2 : ittapi_config_apply_per_lib :  ITTAPI function not implemented: __itt_relation_add_ex
10120 : 0x3a0eb9caa : 2 : ittapi_config_apply_per_lib :  ITTAPI function not implemented: __itt_track_group_create
10120 : 0x3a0eb9d04 : 2 : ittapi_config_apply_per_lib :  ITTAPI function not implemented: __itt_track_create
10120 : 0x3a0eb9d17 : 2 : ittapi_config_apply_per_lib :  ITTAPI function not implemented: __itt_set_track
10120 : 0x3a0eb9d27 : 2 : ittapi_config_apply_per_lib :  ITTAPI function instrumented: __itt_api_version
10120 : 0x3a0eb9d39 : 2 : ittapi_config_apply_per_lib :  ITTAPI function not implemented: __itt_av_saveA
10120 : 0x3a0eb9d4a : 2 : ittapi_config_apply_per_lib :  ITTAPI function not implemented: __itt_av_saveW