
7664 : 0x1ecdfe642d : 1 : spill_jit_data :  Jit agent is not initialized
7664 : 0x1ecdfe6b33 : 2 : ittapi_config_mask_get :  --itt-config mask to be applied: 39
7664 : 0x1ecdfe6b9c : 2 : ittapi_config_apply_per_lib :  ITTAPI function instrumented: __itt_domain_createA
7664 : 0x1ecdfe6bb3 : 2 : ittapi_config_apply_per_lib :  ITTAPI function instrumented: __itt_domain_createW
7664 : 0x1ecdfe6bca : 2 : ittapi_config_apply_per_lib :  ITTAPI function instrumented: __itt_string_handle_createA
7664 : 0x1ecdfe6bdb : 2 : ittapi_config_apply_per_lib :  ITTAPI function instrumented: __itt_string_handle_createW
7664 : 0x1ecdfe6bed : 2 : ittapi_config_apply_per_lib :  ITTAPI function instrumented: __itt_counter_createA
7664 : 0x1ecdfe6bfe : 2 : ittapi_config_apply_per_lib :  ITTAPI function instrumented: __itt_counter_createW
7664 : 0x1ecdfe6c0e : 2 : ittapi_config_apply_per_lib :  ITTAPI function instrumented: __itt_counter_create_typedA
7664 : 0x1ecdfe6c1f : 2 : ittapi_config_apply_per_lib :  ITTAPI function instrumented: __itt_counter_create_typedW
7664 : 0x1ecdfe705e : 2 : ittapi_config_apply_per_lib :  ITTAPI function instrumented: __itt_pause
7664 : 0x1ecdfe7077 : 2 : ittapi_config_apply_per_lib :  ITTAPI function instrumented: __itt_resume
7664 : 0x1ecdfe7088 : 2 : ittapi_config_apply_per_lib :  ITTAPI function instrumented: __itt_thread_set_nameA
7664 : 0x1ecdfe709c : 2 : ittapi_config_apply_per_lib :  ITTAPI function instrumented: __itt_thread_set_nameW
7664 : 0x1ecdfe70ad : 2 : ittapi_config_apply_per_lib :  ITTAPI function instrumented: __itt_thread_ignore
7664 : 0x1ecdfe70bf : 2 : ittapi_config_apply_per_lib :  ITTAPI function instrumented: __itt_thr_name_setA
7664 : 0x1ecdfe70d1 : 2 : ittapi_config_apply_per_lib :  ITTAPI function instrumented: __itt_thr_name_setW
7664 : 0x1ecdfe70e3 : 2 : ittapi_config_apply_per_lib :  ITTAPI function instrumented: __itt_thr_ignore
7664 : 0x1ecdfe7109 : 2 : ittapi_config_apply_per_lib :  ITTAPI function not implemented: __itt_enable_attach
7664 : 0x1ecdfe711c : 2 : ittapi_config_apply_per_lib :  ITTAPI function instrumented: __itt_detach
7664 : 0x1ecdfe7172 : 2 : ittapi_config_apply_per_lib :  ITTAPI function NOT instrumented (not matched by --itt-config option): __itt_sync_createA

7664 : 0x1ecdfe7189 : 2 : ittapi_config_apply_per_lib :  ITTAPI function NOT instrumented (not matched by --itt-config option): __itt_sync_createW

7664 : 0x1ecdfe719d : 2 : ittapi_config_apply_per_lib :  ITTAPI function NOT instrumented (not matched by --itt-config option): __itt_sync_renameA

7664 : 0x1ecdfe71b2 : 2 : ittapi_config_apply_per_lib :  ITTAPI function NOT instrumented (not matched by --itt-config option): __itt_sync_renameW

7664 : 0x1ecdfe71c6 : 2 : ittapi_config_apply_per_lib :  ITTAPI function NOT instrumented (not matched by --itt-config option): __itt_sync_destroy

7664 : 0x1ecdfe71da : 2 : ittapi_config_apply_per_lib :  ITTAPI function NOT instrumented (not matched by --itt-config option): __itt_sync_prepare

7664 : 0x1ecdfe71ed : 2 : ittapi_config_apply_per_lib :  ITTAPI function NOT instrumented (not matched by --itt-config option): __itt_sync_cancel

7664 : 0x1ecdfe7200 : 2 : ittapi_config_apply_per_lib :  ITTAPI function NOT instrumented (not matched by --itt-config option): __itt_sync_acquired

7664 : 0x1ecdfe7214 : 2 : ittapi_config_apply_per_lib :  ITTAPI function NOT instrumented (not matched by --itt-config option): __itt_sync_releasing

7664 : 0x1ecdfe722f : 2 : ittapi_config_apply_per_lib :  ITTAPI function not implemented: __itt_suppress_push
7664 : 0x1ecdfe7269 : 2 : ittapi_config_apply_per_lib :  ITTAPI function not implemented: __itt_suppress_pop
7664 : 0x1ecdfe727c : 2 : ittapi_config_apply_per_lib :  ITTAPI function not implemented: __itt_suppress_mark_range
7664 : 0x1ecdfe728f : 2 : ittapi_config_apply_per_lib :  ITTAPI function not implemented: __itt_suppress_clear_range
7664 : 0x1ecdfe729f : 2 : ittapi_config_apply_per_lib :  ITTAPI function NOT instrumented (not matched by --itt-config option): __itt_sync_prepare

7664 : 0x1ecdfe72b2 : 2 : ittapi_config_apply_per_lib :  ITTAPI function NOT instrumented (not matched by --itt-config option): __itt_sync_cancel

7664 : 0x1ecdfe734e : 2 : ittapi_config_apply_per_lib :  ITTAPI function NOT instrumented (not matched by --itt-config option): __itt_sync_acquired

7664 : 0x1ecdfe7360 : 2 : ittapi_config_apply_per_lib :  ITTAPI function NOT instrumented (not matched by --itt-config option): __itt_sync_releasing

7664 : 0x1ecdfe7375 : 2 : ittapi_config_apply_per_lib :  ITTAPI function not implemented: __itt_model_site_begin
7664 : 0x1ecdfe7386 : 2 : ittapi_config_apply_per_lib :  ITTAPI function not implemented: __itt_model_site_end
7664 : 0x1ecdfe7397 : 2 : ittapi_config_apply_per_lib :  ITTAPI function not implemented: __itt_model_task_begin
7664 : 0x1ecdfe7485 : 2 : ittapi_config_apply_per_lib :  ITTAPI function not implemented: __itt_model_task_end
7664 : 0x1ecdfe7498 : 2 : ittapi_config_apply_per_lib :  ITTAPI function not implemented: __itt_model_lock_acquire
7664 : 0x1ecdfe74aa : 2 : ittapi_config_apply_per_lib :  ITTAPI function not implemented: __itt_model_lock_release
7664 : 0x1ecdfe74ba : 2 : ittapi_config_apply_per_lib :  ITTAPI function not implemented: __itt_model_record_allocation
7664 : 0x1ecdfe74cb : 2 : ittapi_config_apply_per_lib :  ITTAPI function not implemented: __itt_model_record_deallocation
7664 : 0x1ecdfe74dc : 2 : ittapi_config_apply_per_lib :  ITTAPI function not implemented: __itt_model_induction_uses
7664 : 0x1ecdfe74ed : 2 : ittapi_config_apply_per_lib :  ITTAPI function not implemented: __itt_model_reduction_uses
7664 : 0x1ecdfe74fe : 2 : ittapi_config_apply_per_lib :  ITTAPI function not implemented: __itt_model_observe_uses
7664 : 0x1ecdfe750e : 2 : ittapi_config_apply_per_lib :  ITTAPI function not implemented: __itt_model_clear_uses
7664 : 0x1ecdfe751e : 2 : ittapi_config_apply_per_lib :  ITTAPI function not implemented: __itt_model_site_beginW
7664 : 0x1ecdfe755d : 2 : ittapi_config_apply_per_lib :  ITTAPI function not implemented: __itt_model_task_beginW
7664 : 0x1ecdfe756e : 2 : ittapi_config_apply_per_lib :  ITTAPI function not implemented: __itt_model_iteration_taskW
7664 : 0x1ecdfe757f : 2 : ittapi_config_apply_per_lib :  ITTAPI function not implemented: __itt_model_site_beginA
7664 : 0x1ecdfe758f : 2 : ittapi_config_apply_per_lib :  ITTAPI function not implemented: __itt_model_site_beginAL
7664 : 0x1ecdfe759f : 2 : ittapi_config_apply_per_lib :  ITTAPI function not implemented: __itt_model_task_beginA
7664 : 0x1ecdfe75af : 2 : ittapi_config_apply_per_lib :  ITTAPI function not implemented: __itt_model_task_beginAL
7664 : 0x1ecdfe75c0 : 2 : ittapi_config_apply_per_lib :  ITTAPI function not implemented: __itt_model_iteration_taskA
7664 : 0x1ecdfe7627 : 2 : ittapi_config_apply_per_lib :  ITTAPI function not implemented: __itt_model_iteration_taskAL
7664 : 0x1ecdfe7638 : 2 : ittapi_config_apply_per_lib :  ITTAPI function not implemented: __itt_model_site_end_2
7664 : 0x1ecdfe7648 : 2 : ittapi_config_apply_per_lib :  ITTAPI function not implemented: __itt_model_task_end_2
7664 : 0x1ecdfe76d3 : 2 : ittapi_config_apply_per_lib :  ITTAPI function not implemented: __itt_model_lock_acquire_2
7664 : 0x1ecdfe76e7 : 2 : ittapi_config_apply_per_lib :  ITTAPI function not implemented: __itt_model_lock_release_2
7664 : 0x1ecdfe76f8 : 2 : ittapi_config_apply_per_lib :  ITTAPI function not implemented: __itt_model_aggregate_task
7664 : 0x1ecdfe7708 : 2 : ittapi_config_apply_per_lib :  ITTAPI function not implemented: __itt_model_disable_push
7664 : 0x1ecdfe7718 : 2 : ittapi_config_apply_per_lib :  ITTAPI function not implemented: __itt_model_disable_pop
7664 : 0x1ecdfe772a : 2 : ittapi_config_apply_per_lib :  ITTAPI function instrumented: __itt_heap_function_createA
7664 : 0x1ecdfe773a : 2 : ittapi_config_apply_per_lib :  ITTAPI function instrumented: __itt_heap_function_createW
7664 : 0x1ecdfe774a : 2 : ittapi_config_apply_per_lib :  ITTAPI function instrumented: __itt_heap_allocate_begin
7664 : 0x1ecdfe7759 : 2 : ittapi_config_apply_per_lib :  ITTAPI function instrumented: __itt_heap_allocate_end
7664 : 0x1ecdfe7769 : 2 : ittapi_config_apply_per_lib :  ITTAPI function instrumented: __itt_heap_free_begin
7664 : 0x1ecdfe785a : 2 : ittapi_config_apply_per_lib :  ITTAPI function instrumented: __itt_heap_free_end
7664 : 0x1ecdfe786e : 2 : ittapi_config_apply_per_lib :  ITTAPI function instrumented: __itt_heap_reallocate_begin
7664 : 0x1ecdfe7880 : 2 : ittapi_config_apply_per_lib :  ITTAPI function instrumented: __itt_heap_reallocate_end
7664 : 0x1ecdfe7895 : 2 : ittapi_config_apply_per_lib :  ITTAPI function not implemented: __itt_heap_internal_access_begin
7664 : 0x1ecdfe78a8 : 2 : ittapi_config_apply_per_lib :  ITTAPI function not implemented: __itt_heap_internal_access_end
7664 : 0x1ecdfe78bb : 2 : ittapi_config_apply_per_lib :  ITTAPI function not implemented: __itt_heap_record_memory_growth_begin
7664 : 0x1ecdfe78d0 : 2 : ittapi_config_apply_per_lib :  ITTAPI function not implemented: __itt_heap_record_memory_growth_end
7664 : 0x1ecdfe78e4 : 2 : ittapi_config_apply_per_lib :  ITTAPI function not implemented: __itt_heap_reset_detection
7664 : 0x1ecdfe78f6 : 2 : ittapi_config_apply_per_lib :  ITTAPI function not implemented: __itt_heap_record
7664 : 0x1ecdfe7908 : 2 : ittapi_config_apply_per_lib :  ITTAPI function not implemented: __itt_id_create
7664 : 0x1ecdfe7945 : 2 : ittapi_config_apply_per_lib :  ITTAPI function not implemented: __itt_id_destroy
7664 : 0x1ecdfe7957 : 2 : ittapi_config_apply_per_lib :  ITTAPI function instrumented: __itt_get_timestamp
7664 : 0x1ecdfe796d : 2 : ittapi_config_apply_per_lib :  ITTAPI function not implemented: __itt_region_begin
7664 : 0x1ecdfe797f : 2 : ittapi_config_apply_per_lib :  ITTAPI function not implemented: __itt_region_end
7664 : 0x1ecdfe7991 : 2 : ittapi_config_apply_per_lib :  ITTAPI function instrumented: __itt_frame_begin_v3
7664 : 0x1ecdfe79a2 : 2 : ittapi_config_apply_per_lib :  ITTAPI function instrumented: __itt_frame_end_v3
7664 : 0x1ecdfe79b3 : 2 : ittapi_config_apply_per_lib :  ITTAPI function instrumented: __itt_frame_submit_v3
7664 : 0x1ecdfe79c6 : 2 : ittapi_config_apply_per_lib :  ITTAPI function not implemented: __itt_task_group
7664 : 0x1ecdfe79d7 : 2 : ittapi_config_apply_per_lib :  ITTAPI function instrumented: __itt_task_begin
7664 : 0x1ecdfe79e8 : 2 : ittapi_config_apply_per_lib :  ITTAPI function instrumented: __itt_task_begin_fn
7664 : 0x1ecdfe7a1d : 2 : ittapi_config_apply_per_lib :  ITTAPI function instrumented: __itt_task_end
7664 : 0x1ecdfe7a31 : 2 : ittapi_config_apply_per_lib :  ITTAPI function not implemented: __itt_counter_inc_v3
7664 : 0x1ecdfe7a45 : 2 : ittapi_config_apply_per_lib :  ITTAPI function not implemented: __itt_counter_inc_delta_v3
7664 : 0x1ecdfe7a59 : 2 : ittapi_config_apply_per_lib :  ITTAPI function not implemented: __itt_counter_dec_v3
7664 : 0x1ecdfe7a6c : 2 : ittapi_config_apply_per_lib :  ITTAPI function not implemented: __itt_counter_dec_delta_v3
7664 : 0x1ecdfe7a7f : 2 : ittapi_config_apply_per_lib :  ITTAPI function not implemented: __itt_marker
7664 : 0x1ecdfe7a90 : 2 : ittapi_config_apply_per_lib :  ITTAPI function instrumented: __itt_metadata_add
7664 : 0x1ecdfe7aa2 : 2 : ittapi_config_apply_per_lib :  ITTAPI function not implemented: __itt_metadata_str_addA
7664 : 0x1ecdfe7ab5 : 2 : ittapi_config_apply_per_lib :  ITTAPI function not implemented: __itt_metadata_str_addW
7664 : 0x1ecdfe7b51 : 2 : ittapi_config_apply_per_lib :  ITTAPI function not implemented: __itt_relation_add_to_current
7664 : 0x1ecdfe7b85 : 2 : ittapi_config_apply_per_lib :  ITTAPI function not implemented: __itt_relation_add
7664 : 0x1ecdfe7b95 : 2 : ittapi_config_apply_per_lib :  ITTAPI function instrumented: __itt_event_createA
7664 : 0x1ecdfe7ba4 : 2 : ittapi_config_apply_per_lib :  ITTAPI function instrumented: __itt_event_createW
7664 : 0x1ecdfe7bb3 : 2 : ittapi_config_apply_per_lib :  ITTAPI function instrumented: __itt_event_start
7664 : 0x1ecdfe7bc2 : 2 : ittapi_config_apply_per_lib :  ITTAPI function instrumented: __itt_event_end
7664 : 0x1ecdfe7bd0 : 2 : ittapi_config_apply_per_lib :  ITTAPI function NOT instrumented (not matched by --itt-config option): __itt_sync_set_nameA

7664 : 0x1ecdfe7be1 : 2 : ittapi_config_apply_per_lib :  ITTAPI function NOT instrumented (not matched by --itt-config option): __itt_sync_set_nameW

7664 : 0x1ecdfe7bf3 : 2 : ittapi_config_apply_per_lib :  ITTAPI function NOT instrumented (not matched by --itt-config option): __itt_notify_sync_nameA

7664 : 0x1ecdfe7c05 : 2 : ittapi_config_apply_per_lib :  ITTAPI function NOT instrumented (not matched by --itt-config option): __itt_notify_sync_nameW

7664 : 0x1ecdfe7c16 : 2 : ittapi_config_apply_per_lib :  ITTAPI function NOT instrumented (not matched by --itt-config option): __itt_notify_sync_prepare

7664 : 0x1ecdfe7c66 : 2 : ittapi_config_apply_per_lib :  ITTAPI function NOT instrumented (not matched by --itt-config option): __itt_notify_sync_cancel

7664 : 0x1ecdfe7c7a : 2 : ittapi_config_apply_per_lib :  ITTAPI function NOT instrumented (not matched by --itt-config option): __itt_notify_sync_acquired

7664 : 0x1ecdfe7c8c : 2 : ittapi_config_apply_per_lib :  ITTAPI function NOT instrumented (not matched by --itt-config option): __itt_notify_sync_releasing

7664 : 0x1ecdfe7ca3 : 2 : ittapi_config_apply_per_lib :  ITTAPI function not implemented: __itt_memory_read
7664 : 0x1ecdfe7cba : 2 : ittapi_config_apply_per_lib :  ITTAPI function not implemented: __itt_memory_write
7664 : 0x1ecdfe7db6 : 2 : ittapi_config_apply_per_lib :  ITTAPI function not implemented: __itt_memory_update
7664 : 0x1ecdfe7dd2 : 2 : ittapi_config_apply_per_lib :  ITTAPI function not implemented: __itt_state_get
7664 : 0x1ecdfe7deb : 2 : ittapi_config_apply_per_lib :  ITTAPI function not implemented: __itt_state_set
7664 : 0x1ecdfe7e02 : 2 : ittapi_config_apply_per_lib :  ITTAPI function not implemented: __itt_obj_mode_set
7664 : 0x1ecdfe7e19 : 2 : ittapi_config_apply_per_lib :  ITTAPI function not implemented: __itt_thr_mode_set
7664 : 0x1ecdfe7e96 : 2 : ittapi_config_apply_per_lib :  ITTAPI function instrumented: __itt_frame_createA
7664 : 0x1ecdfe7eb3 : 2 : ittapi_config_apply_per_lib :  ITTAPI function instrumented: __itt_frame_createW
7664 : 0x1ecdfe7ecb : 2 : ittapi_config_apply_per_lib :  ITTAPI function instrumented: __itt_frame_begin
7664 : 0x1ecdfe7ee5 : 2 : ittapi_config_apply_per_lib :  ITTAPI function instrumented: __itt_frame_end
7664 : 0x1ecdfe7eff : 2 : ittapi_config_apply_per_lib :  ITTAPI function not implemented: __itt_counter_destroy
7664 : 0x1ecdfe7f18 : 2 : ittapi_config_apply_per_lib :  ITTAPI function instrumented: __itt_counter_inc
7664 : 0x1ecdfe7f2f : 2 : ittapi_config_apply_per_lib :  ITTAPI function instrumented: __itt_counter_inc_delta
7664 : 0x1ecdfe7f47 : 2 : ittapi_config_apply_per_lib :  ITTAPI function instrumented: __itt_counter_dec
7664 : 0x1ecdfe7f5d : 2 : ittapi_config_apply_per_lib :  ITTAPI function instrumented: __itt_counter_dec_delta
7664 : 0x1ecdfe7f6e : 2 : ittapi_config_apply_per_lib :  ITTAPI function instrumented: __itt_counter_set_value
7664 : 0x1ecdfe7fb2 : 2 : ittapi_config_apply_per_lib :  ITTAPI function not implemented: __itt_counter_set_value_ex
7664 : 0x1ecdfe7fc6 : 2 : ittapi_config_apply_per_lib :  ITTAPI function not implemented: __itt_mark_createA
7664 : 0x1ecdfe7fd8 : 2 : ittapi_config_apply_per_lib :  ITTAPI function not implemented: __itt_mark_createW
7664 : 0x1ecdfe8047 : 2 : ittapi_config_apply_per_lib :  ITTAPI function not implemented: __itt_markA
7664 : 0x1ecdfe8059 : 2 : ittapi_config_apply_per_lib :  ITTAPI function not implemented: __itt_markW
7664 : 0x1ecdfe80ff : 2 : ittapi_config_apply_per_lib :  ITTAPI function not implemented: __itt_mark_off
7664 : 0x1ecdfe810f : 2 : ittapi_config_apply_per_lib :  ITTAPI function not implemented: __itt_mark_globalA
7664 : 0x1ecdfe8120 : 2 : ittapi_config_apply_per_lib :  ITTAPI function not implemented: __itt_mark_globalW
7664 : 0x1ecdfe8130 : 2 : ittapi_config_apply_per_lib :  ITTAPI function not implemented: __itt_mark_global_off
7664 : 0x1ecdfe813f : 2 : ittapi_config_apply_per_lib :  ITTAPI function NOT instrumented (not matched by --itt-config option): __itt_stack_caller_create

7664 : 0x1ecdfe8229 : 2 : ittapi_config_apply_per_lib :  ITTAPI function NOT instrumented (not matched by --itt-config option): __itt_stack_caller_destroy

7664 : 0x1ecdfe823e : 2 : ittapi_config_apply_per_lib :  ITTAPI function NOT instrumented (not matched by --itt-config option): __itt_stack_callee_enter

7664 : 0x1ecdfe8252 : 2 : ittapi_config_apply_per_lib :  ITTAPI function NOT instrumented (not matched by --itt-config option): __itt_stack_callee_leave

7664 : 0x1ecdfe826a : 2 : ittapi_config_apply_per_lib :  ITTAPI function not implemented: __itt_clock_domain_create
7664 : 0x1ecdfe827d : 2 : ittapi_config_apply_per_lib :  ITTAPI function not implemented: __itt_clock_domain_reset
7664 : 0x1ecdfe828f : 2 : ittapi_config_apply_per_lib :  ITTAPI function not implemented: __itt_id_create_ex
7664 : 0x1ecdfe82a1 : 2 : ittapi_config_apply_per_lib :  ITTAPI function not implemented: __itt_id_destroy_ex
7664 : 0x1ecdfe82b6 : 2 : ittapi_config_apply_per_lib :  ITTAPI function not implemented: __itt_task_begin_ex
7664 : 0x1ecdfe82ca : 2 : ittapi_config_apply_per_lib :  ITTAPI function not implemented: __itt_task_begin_fn_ex
7664 : 0x1ecdfe82dd : 2 : ittapi_config_apply_per_lib :  ITTAPI function not implemented: __itt_task_end_ex
7664 : 0x1ecdfe8452 : 2 : ittapi_config_apply_per_lib :  ITTAPI function instrumented: __itt_task_begin_overlapped
7664 : 0x1ecdfe848a : 2 : ittapi_config_apply_per_lib :  ITTAPI function not implemented: __itt_task_begin_overlapped_ex
7664 : 0x1ecdfe84b8 : 2 : ittapi_config_apply_per_lib :  ITTAPI function instrumented: __itt_task_end_overlapped
7664 : 0x1ecdfe84e7 : 2 : ittapi_config_apply_per_lib :  ITTAPI function not implemented: __itt_task_end_overlapped_ex
7664 : 0x1ecdfe8515 : 2 : ittapi_config_apply_per_lib :  ITTAPI function not implemented: __itt_marker_ex
7664 : 0x1ecdfe85e3 : 2 : ittapi_config_apply_per_lib :  ITTAPI function not implemented: __itt_metadata_add_with_scope
7664 : 0x1ecdfe8602 : 2 : ittapi_config_apply_per_lib :  ITTAPI function not implemented: __itt_metadata_str_add_with_scopeA
7664 : 0x1ecdfe861a : 2 : ittapi_config_apply_per_lib :  ITTAPI function not implemented: __itt_metadata_str_add_with_scopeW
7664 : 0x1ecdfe8633 : 2 : ittapi_config_apply_per_lib :  ITTAPI function not implemented: __itt_relation_add_to_current_ex
7664 : 0x1ecdfe8645 : 2 : ittapi_config_apply_per_lib :  ITTAPI function not implemented: __itt_relation_add_ex
7664 : 0x1ecdfe8743 : 2 : ittapi_config_apply_per_lib :  ITTAPI function not implemented: __itt_track_group_create
7664 : 0x1ecdfe8757 : 2 : ittapi_config_apply_per_lib :  ITTAPI function not implemented: __itt_track_create
7664 : 0x1ecdfe876a : 2 : ittapi_config_apply_per_lib :  ITTAPI function not implemented: __itt_set_track
7664 : 0x1ecdfe877c : 2 : ittapi_config_apply_per_lib :  ITTAPI function instrumented: __itt_api_version
7664 : 0x1ecdfe878e : 2 : ittapi_config_apply_per_lib :  ITTAPI function not implemented: __itt_av_saveA
7664 : 0x1ecdfe8804 : 2 : ittapi_config_apply_per_lib :  ITTAPI function not implemented: __itt_av_saveW
7664 : 0x1ecdfe881a : 2 : ittapi_config_apply_per_lib :  ITTAPI function instrumented: __itt_module_loadA
7664 : 0x1ecdfe882b : 2 : ittapi_config_apply_per_lib :  ITTAPI function instrumented: __itt_module_loadW
7664 : 0x1ecdfe958b : 2 : ittapi_config_mask_get :  --itt-config mask to be applied: 39
7664 : 0x1ecdfe95ac : 2 : ittapi_config_apply_per_lib :  ITTAPI function instrumented: __itt_domain_createA
7664 : 0x1ecdfe96af : 2 : ittapi_config_apply_per_lib :  ITTAPI function instrumented: __itt_domain_createW
7664 : 0x1ecdfe96c1 : 2 : ittapi_config_apply_per_lib :  ITTAPI function instrumented: __itt_string_handle_createA
7664 : 0x1ecdfe96d1 : 2 : ittapi_config_apply_per_lib :  ITTAPI function instrumented: __itt_string_handle_createW
7664 : 0x1ecdfe96e2 : 2 : ittapi_config_apply_per_lib :  ITTAPI function instrumented: __itt_pause
7664 : 0x1ecdfe96f1 : 2 : ittapi_config_apply_per_lib :  ITTAPI function instrumented: __itt_resume
7664 : 0x1ecdfe97e6 : 2 : ittapi_config_apply_per_lib :  ITTAPI function instrumented: __itt_thread_set_nameA
7664 : 0x1ecdfe97f9 : 2 : ittapi_config_apply_per_lib :  ITTAPI function instrumented: __itt_thread_set_nameW
7664 : 0x1ecdfe980a : 2 : ittapi_config_apply_per_lib :  ITTAPI function instrumented: __itt_thread_ignore
7664 : 0x1ecdfe981a : 2 : ittapi_config_apply_per_lib :  ITTAPI function instrumented: __itt_thr_name_setA
7664 : 0x1ecdfe982b : 2 : ittapi_config_apply_per_lib :  ITTAPI function instrumented: __itt_thr_name_setW
7664 : 0x1ecdfe987b : 2 : ittapi_config_apply_per_lib :  ITTAPI function instrumented: __itt_thr_ignore
7664 : 0x1ecdfe9897 : 2 : ittapi_config_apply_per_lib :  ITTAPI function not implemented: __itt_enable_attach
7664 : 0x1ecdfe98af : 2 : ittapi_config_apply_per_lib :  ITTAPI function instrumented: __itt_detach
7664 : 0x1ecdfe98c4 : 2 : ittapi_config_apply_per_lib :  ITTAPI function NOT instrumented (not matched by --itt-config option): __itt_sync_createA

7664 : 0x1ecdfe98e0 : 2 : ittapi_config_apply_per_lib :  ITTAPI function NOT instrumented (not matched by --itt-config option): __itt_sync_createW

7664 : 0x1ecdfe98fc : 2 : ittapi_config_apply_per_lib :  ITTAPI function NOT instrumented (not matched by --itt-config option): __itt_sync_renameA

7664 : 0x1ecdfe9916 : 2 : ittapi_config_apply_per_lib :  ITTAPI function NOT instrumented (not matched by --itt-config option): __itt_sync_renameW

7664 : 0x1ecdfe992e : 2 : ittapi_config_apply_per_lib :  ITTAPI function NOT instrumented (not matched by --itt-config option): __itt_sync_destroy

7664 : 0x1ecdfe9948 : 2 : ittapi_config_apply_per_lib :  ITTAPI function NOT instrumented (not matched by --itt-config option): __itt_sync_prepare

7664 : 0x1ecdfe9962 : 2 : ittapi_config_apply_per_lib :  ITTAPI function NOT instrumented (not matched by --itt-config option): __itt_sync_cancel

7664 : 0x1ecdfe99ca : 2 : ittapi_config_apply_per_lib :  ITTAPI function NOT instrumented (not matched by --itt-config option): __itt_sync_acquired

7664 : 0x1ecdfe99ea : 2 : ittapi_config_apply_per_lib :  ITTAPI function NOT instrumented (not matched by --itt-config option): __itt_sync_releasing

7664 : 0x1ecdfe9a12 : 2 : ittapi_config_apply_per_lib :  ITTAPI function not implemented: __itt_suppress_push
7664 : 0x1ecdfe9a30 : 2 : ittapi_config_apply_per_lib :  ITTAPI function not implemented: __itt_suppress_pop
7664 : 0x1ecdfe9ae0 : 2 : ittapi_config_apply_per_lib :  ITTAPI function not implemented: __itt_suppress_mark_range
7664 : 0x1ecdfe9afb : 2 : ittapi_config_apply_per_lib :  ITTAPI function not implemented: __itt_suppress_clear_range
7664 : 0x1ecdfe9b11 : 2 : ittapi_config_apply_per_lib :  ITTAPI function NOT instrumented (not matched by --itt-config option): __itt_sync_prepare

7664 : 0x1ecdfe9b2d : 2 : ittapi_config_apply_per_lib :  ITTAPI function NOT instrumented (not matched by --itt-config option): __itt_sync_cancel

7664 : 0x1ecdfe9b49 : 2 : ittapi_config_apply_per_lib :  ITTAPI function NOT instrumented (not matched by --itt-config option): __itt_sync_acquired

7664 : 0x1ecdfe9b64 : 2 : ittapi_config_apply_per_lib :  ITTAPI function NOT instrumented (not matched by --itt-config option): __itt_sync_releasing

7664 : 0x1ecdfe9bb6 : 2 : ittapi_config_apply_per_lib :  ITTAPI function not implemented: __itt_model_site_begin
7664 : 0x1ecdfe9bd1 : 2 : ittapi_config_apply_per_lib :  ITTAPI function not implemented: __itt_model_site_end
7664 : 0x1ecdfe9bec : 2 : ittapi_config_apply_per_lib :  ITTAPI function not implemented: __itt_model_task_begin
7664 : 0x1ecdfe9c04 : 2 : ittapi_config_apply_per_lib :  ITTAPI function not implemented: __itt_model_task_end
7664 : 0x1ecdfe9c1e : 2 : ittapi_config_apply_per_lib :  ITTAPI function not implemented: __itt_model_lock_acquire
7664 : 0x1ecdfe9c38 : 2 : ittapi_config_apply_per_lib :  ITTAPI function not implemented: __itt_model_lock_release
7664 : 0x1ecdfe9c51 : 2 : ittapi_config_apply_per_lib :  ITTAPI function not implemented: __itt_model_record_allocation
7664 : 0x1ecdfe9c6b : 2 : ittapi_config_apply_per_lib :  ITTAPI function not implemented: __itt_model_record_deallocation
7664 : 0x1ecdfe9c86 : 2 : ittapi_config_apply_per_lib :  ITTAPI function not implemented: __itt_model_induction_uses
7664 : 0x1ecdfe9c9f : 2 : ittapi_config_apply_per_lib :  ITTAPI function not implemented: __itt_model_reduction_uses
7664 : 0x1ecdfe9d9e : 2 : ittapi_config_apply_per_lib :  ITTAPI function not implemented: __itt_model_observe_uses
7664 : 0x1ecdfe9dbc : 2 : ittapi_config_apply_per_lib :  ITTAPI function not implemented: __itt_model_clear_uses
7664 : 0x1ecdfe9dd9 : 2 : ittapi_config_apply_per_lib :  ITTAPI function not implemented: __itt_model_site_beginW
7664 : 0x1ecdfe9df5 : 2 : ittapi_config_apply_per_lib :  ITTAPI function not implemented: __itt_model_task_beginW
7664 : 0x1ecdfe9e12 : 2 : ittapi_config_apply_per_lib :  ITTAPI function not implemented: __itt_model_iteration_taskW
7664 : 0x1ecdfe9e2f : 2 : ittapi_config_apply_per_lib :  ITTAPI function not implemented: __itt_model_site_beginA
7664 : 0x1ecdfe9e4c : 2 : ittapi_config_apply_per_lib :  ITTAPI function not implemented: __itt_model_site_beginAL
7664 : 0x1ecdfe9e69 : 2 : ittapi_config_apply_per_lib :  ITTAPI function not implemented: __itt_model_task_beginA
7664 : 0x1ecdfe9e86 : 2 : ittapi_config_apply_per_lib :  ITTAPI function not implemented: __itt_model_task_beginAL
7664 : 0x1ecdfe9ea3 : 2 : ittapi_config_apply_per_lib :  ITTAPI function not implemented: __itt_model_iteration_taskA
7664 : 0x1ecdfe9f7d : 2 : ittapi_config_apply_per_lib :  ITTAPI function not implemented: __itt_model_iteration_taskAL
7664 : 0x1ecdfe9f9f : 2 : ittapi_config_apply_per_lib :  ITTAPI function not implemented: __itt_model_site_end_2
7664 : 0x1ecdfe9fbb : 2 : ittapi_config_apply_per_lib :  ITTAPI function not implemented: __itt_model_task_end_2
7664 : 0x1ecdfe9fd8 : 2 : ittapi_config_apply_per_lib :  ITTAPI function not implemented: __itt_model_lock_acquire_2
7664 : 0x1ecdfe9ff6 : 2 : ittapi_config_apply_per_lib :  ITTAPI function not implemented: __itt_model_lock_release_2
7664 : 0x1ecdfea012 : 2 : ittapi_config_apply_per_lib :  ITTAPI function not implemented: __itt_model_aggregate_task
7664 : 0x1ecdfea02e : 2 : ittapi_config_apply_per_lib :  ITTAPI function not implemented: __itt_model_disable_push
7664 : 0x1ecdfea04b : 2 : ittapi_config_apply_per_lib :  ITTAPI function not implemented: __itt_model_disable_pop
7664 : 0x1ecdfea065 : 2 : ittapi_config_apply_per_lib :  ITTAPI function instrumented: __itt_heap_function_createA
7664 : 0x1ecdfea07e : 2 : ittapi_config_apply_per_lib :  ITTAPI function instrumented: __itt_heap_function_createW
7664 : 0x1ecdfea171 : 2 : ittapi_config_apply_per_lib :  ITTAPI function instrumented: __itt_heap_allocate_begin
7664 : 0x1ecdfea18c : 2 : ittapi_config_apply_per_lib :  ITTAPI function instrumented: __itt_heap_allocate_end
7664 : 0x1ecdfea1a5 : 2 : ittapi_config_apply_per_lib :  ITTAPI function instrumented: __itt_heap_free_begin
7664 : 0x1ecdfea1bf : 2 : ittapi_config_apply_per_lib :  ITTAPI function instrumented: __itt_heap_free_end
7664 : 0x1ecdfea1d6 : 2 : ittapi_config_apply_per_lib :  ITTAPI function instrumented: __itt_heap_reallocate_begin
7664 : 0x1ecdfea1ef : 2 : ittapi_config_apply_per_lib :  ITTAPI function instrumented: __itt_heap_reallocate_end
7664 : 0x1ecdfea20c : 2 : ittapi_config_apply_per_lib :  ITTAPI function not implemented: __itt_heap_internal_access_begin
7664 : 0x1ecdfea227 : 2 : ittapi_config_apply_per_lib :  ITTAPI function not implemented: __itt_heap_internal_access_end
7664 : 0x1ecdfea242 : 2 : ittapi_config_apply_per_lib :  ITTAPI function not implemented: __itt_heap_record_memory_growth_begin
7664 : 0x1ecdfea2b0 : 2 : ittapi_config_apply_per_lib :  ITTAPI function not implemented: __itt_heap_record_memory_growth_end
7664 : 0x1ecdfea316 : 2 : ittapi_config_apply_per_lib :  ITTAPI function not implemented: __itt_heap_reset_detection
7664 : 0x1ecdfea347 : 2 : ittapi_config_apply_per_lib :  ITTAPI function not implemented: __itt_heap_record
7664 : 0x1ecdfea361 : 2 : ittapi_config_apply_per_lib :  ITTAPI function not implemented: __itt_id_create
7664 : 0x1ecdfea37a : 2 : ittapi_config_apply_per_lib :  ITTAPI function not implemented: __itt_id_destroy
7664 : 0x1ecdfea393 : 2 : ittapi_config_apply_per_lib :  ITTAPI function instrumented: __itt_get_timestamp
7664 : 0x1ecdfea448 : 2 : ittapi_config_apply_per_lib :  ITTAPI function not implemented: __itt_region_begin
7664 : 0x1ecdfea464 : 2 : ittapi_config_apply_per_lib :  ITTAPI function not implemented: __itt_region_end
7664 : 0x1ecdfea47f : 2 : ittapi_config_apply_per_lib :  ITTAPI function instrumented: __itt_frame_begin_v3
7664 : 0x1ecdfea49b : 2 : ittapi_config_apply_per_lib :  ITTAPI function instrumented: __itt_frame_end_v3
7664 : 0x1ecdfea4b6 : 2 : ittapi_config_apply_per_lib :  ITTAPI function instrumented: __itt_frame_submit_v3
7664 : 0x1ecdfea521 : 2 : ittapi_config_apply_per_lib :  ITTAPI function not implemented: __itt_task_group
7664 : 0x1ecdfea53f : 2 : ittapi_config_apply_per_lib :  ITTAPI function instrumented: __itt_task_begin
7664 : 0x1ecdfea559 : 2 : ittapi_config_apply_per_lib :  ITTAPI function instrumented: __itt_task_begin_fn
7664 : 0x1ecdfea576 : 2 : ittapi_config_apply_per_lib :  ITTAPI function instrumented: __itt_task_end
7664 : 0x1ecdfea593 : 2 : ittapi_config_apply_per_lib :  ITTAPI function not implemented: __itt_counter_inc_v3
7664 : 0x1ecdfea5b1 : 2 : ittapi_config_apply_per_lib :  ITTAPI function not implemented: __itt_counter_inc_delta_v3
7664 : 0x1ecdfea5cc : 2 : ittapi_config_apply_per_lib :  ITTAPI function not implemented: __itt_marker
7664 : 0x1ecdfea5e7 : 2 : ittapi_config_apply_per_lib :  ITTAPI function instrumented: __itt_metadata_add
7664 : 0x1ecdfea603 : 2 : ittapi_config_apply_per_lib :  ITTAPI function not implemented: __itt_metadata_str_addA
7664 : 0x1ecdfea61f : 2 : ittapi_config_apply_per_lib :  ITTAPI function not implemented: __itt_metadata_str_addW
7664 : 0x1ecdfea67b : 2 : ittapi_config_apply_per_lib :  ITTAPI function not implemented: __itt_relation_add_to_current
7664 : 0x1ecdfea699 : 2 : ittapi_config_apply_per_lib :  ITTAPI function not implemented: __itt_relation_add
7664 : 0x1ecdfea6b3 : 2 : ittapi_config_apply_per_lib :  ITTAPI function instrumented: __itt_event_createA
7664 : 0x1ecdfea6cd : 2 : ittapi_config_apply_per_lib :  ITTAPI function instrumented: __itt_event_createW
7664 : 0x1ecdfea77b : 2 : ittapi_config_apply_per_lib :  ITTAPI function instrumented: __itt_event_start
7664 : 0x1ecdfea793 : 2 : ittapi_config_apply_per_lib :  ITTAPI function instrumented: __itt_event_end
7664 : 0x1ecdfea7a8 : 2 : ittapi_config_apply_per_lib :  ITTAPI function NOT instrumented (not matched by --itt-config option): __itt_sync_set_nameA

7664 : 0x1ecdfea7c3 : 2 : ittapi_config_apply_per_lib :  ITTAPI function NOT instrumented (not matched by --itt-config option): __itt_sync_set_nameW

7664 : 0x1ecdfea7df : 2 : ittapi_config_apply_per_lib :  ITTAPI function NOT instrumented (not matched by --itt-config option): __itt_notify_sync_nameA

7664 : 0x1ecdfea7fc : 2 : ittapi_config_apply_per_lib :  ITTAPI function NOT instrumented (not matched by --itt-config option): __itt_notify_sync_nameW

7664 : 0x1ecdfea8e3 : 2 : ittapi_config_apply_per_lib :  ITTAPI function NOT instrumented (not matched by --itt-config option): __itt_notify_sync_prepare

7664 : 0x1ecdfea903 : 2 : ittapi_config_apply_per_lib :  ITTAPI function NOT instrumented (not matched by --itt-config option): __itt_notify_sync_cancel

7664 : 0x1ecdfea922 : 2 : ittapi_config_apply_per_lib :  ITTAPI function NOT instrumented (not matched by --itt-config option): __itt_notify_sync_acquired

7664 : 0x1ecdfea942 : 2 : ittapi_config_apply_per_lib :  ITTAPI function NOT instrumented (not matched by --itt-config option): __itt_notify_sync_releasing

7664 : 0x1ecdfea966 : 2 : ittapi_config_apply_per_lib :  ITTAPI function not implemented: __itt_memory_read
7664 : 0x1ecdfea980 : 2 : ittapi_config_apply_per_lib :  ITTAPI function not implemented: __itt_memory_write
7664 : 0x1ecdfea99a : 2 : ittapi_config_apply_per_lib :  ITTAPI function not implemented: __itt_memory_update
7664 : 0x1ecdfea9b3 : 2 : ittapi_config_apply_per_lib :  ITTAPI function not implemented: __itt_state_get
7664 : 0x1ecdfea9cc : 2 : ittapi_config_apply_per_lib :  ITTAPI function not implemented: __itt_state_set
7664 : 0x1ecdfea9e3 : 2 : ittapi_config_apply_per_lib :  ITTAPI function not implemented: __itt_obj_mode_set
7664 : 0x1ecdfeab91 : 2 : ittapi_config_apply_per_lib :  ITTAPI function not implemented: __itt_thr_mode_set
7664 : 0x1ecdfeaba8 : 2 : ittapi_config_apply_per_lib :  ITTAPI function instrumented: __itt_frame_createA
7664 : 0x1ecdfeabba : 2 : ittapi_config_apply_per_lib :  ITTAPI function instrumented: __itt_frame_createW
7664 : 0x1ecdfeabcc : 2 : ittapi_config_apply_per_lib :  ITTAPI function instrumented: __itt_frame_begin
7664 : 0x1ecdfeabde : 2 : ittapi_config_apply_per_lib :  ITTAPI function instrumented: __itt_frame_end
7664 : 0x1ecdfeac42 : 2 : ittapi_config_apply_per_lib :  ITTAPI function instrumented: __itt_counter_createA
7664 : 0x1ecdfeac52 : 2 : ittapi_config_apply_per_lib :  ITTAPI function instrumented: __itt_counter_createW
7664 : 0x1ecdfeac66 : 2 : ittapi_config_apply_per_lib :  ITTAPI function not implemented: __itt_counter_destroy
7664 : 0x1ecdfeac77 : 2 : ittapi_config_apply_per_lib :  ITTAPI function instrumented: __itt_counter_inc
7664 : 0x1ecdfeac88 : 2 : ittapi_config_apply_per_lib :  ITTAPI function instrumented: __itt_counter_inc_delta
7664 : 0x1ecdfeace6 : 2 : ittapi_config_apply_per_lib :  ITTAPI function not implemented: __itt_mark_createA
7664 : 0x1ecdfeacfa : 2 : ittapi_config_apply_per_lib :  ITTAPI function not implemented: __itt_mark_createW
7664 : 0x1ecdfead0c : 2 : ittapi_config_apply_per_lib :  ITTAPI function not implemented: __itt_markA
7664 : 0x1ecdfead1e : 2 : ittapi_config_apply_per_lib :  ITTAPI function not implemented: __itt_markW
7664 : 0x1ecdfead31 : 2 : ittapi_config_apply_per_lib :  ITTAPI function not implemented: __itt_mark_off
7664 : 0x1ecdfead43 : 2 : ittapi_config_apply_per_lib :  ITTAPI function not implemented: __itt_mark_globalA
7664 : 0x1ecdfead54 : 2 : ittapi_config_apply_per_lib :  ITTAPI function not implemented: __itt_mark_globalW
7664 : 0x1ecdfead66 : 2 : ittapi_config_apply_per_lib :  ITTAPI function not implemented: __itt_mark_global_off
7664 : 0x1ecdfead77 : 2 : ittapi_config_apply_per_lib :  ITTAPI function NOT instrumented (not matched by --itt-config option): __itt_stack_caller_create

7664 : 0x1ecdfead8b : 2 : ittapi_config_apply_per_lib :  ITTAPI function NOT instrumented (not matched by --itt-config option): __itt_stack_caller_destroy

7664 : 0x1ecdfeadc2 : 2 : ittapi_config_apply_per_lib :  ITTAPI function NOT instrumented (not matched by --itt-config option): __itt_stack_callee_enter

7664 : 0x1ecdfeadd7 : 2 : ittapi_config_apply_per_lib :  ITTAPI function NOT instrumented (not matched by --itt-config option): __itt_stack_callee_leave

7664 : 0x1ecdfeadef : 2 : ittapi_config_apply_per_lib :  ITTAPI function not implemented: __itt_clock_domain_create
7664 : 0x1ecdfeae02 : 2 : ittapi_config_apply_per_lib :  ITTAPI function not implemented: __itt_clock_domain_reset
7664 : 0x1ecdfeae15 : 2 : ittapi_config_apply_per_lib :  ITTAPI function not implemented: __itt_id_create_ex
7664 : 0x1ecdfeae27 : 2 : ittapi_config_apply_per_lib :  ITTAPI function not implemented: __itt_id_destroy_ex
7664 : 0x1ecdfeae3a : 2 : ittapi_config_apply_per_lib :  ITTAPI function not implemented: __itt_task_begin_ex
7664 : 0x1ecdfeae4e : 2 : ittapi_config_apply_per_lib :  ITTAPI function not implemented: __itt_task_begin_fn_ex
7664 : 0x1ecdfeae61 : 2 : ittapi_config_apply_per_lib :  ITTAPI function not implemented: __itt_task_end_ex
7664 : 0x1ecdfeae72 : 2 : ittapi_config_apply_per_lib :  ITTAPI function instrumented: __itt_task_begin_overlapped
7664 : 0x1ecdfeaea8 : 2 : ittapi_config_apply_per_lib :  ITTAPI function not implemented: __itt_task_begin_overlapped_ex
7664 : 0x1ecdfeaeba : 2 : ittapi_config_apply_per_lib :  ITTAPI function instrumented: __itt_task_end_overlapped
7664 : 0x1ecdfeaecd : 2 : ittapi_config_apply_per_lib :  ITTAPI function not implemented: __itt_task_end_overlapped_ex
7664 : 0x1ecdfeaee0 : 2 : ittapi_config_apply_per_lib :  ITTAPI function not implemented: __itt_marker_ex
7664 : 0x1ecdfeaef2 : 2 : ittapi_config_apply_per_lib :  ITTAPI function not implemented: __itt_metadata_add_with_scope
7664 : 0x1ecdfeaf05 : 2 : ittapi_config_apply_per_lib :  ITTAPI function not implemented: __itt_metadata_str_add_with_scopeA
7664 : 0x1ecdfeaf1a : 2 : ittapi_config_apply_per_lib :  ITTAPI function not implemented: __itt_metadata_str_add_with_scopeW
7664 : 0x1ecdfeaf2e : 2 : ittapi_config_apply_per_lib :  ITTAPI function not implemented: __itt_relation_add_to_current_ex
7664 : 0x1ecdfeaf41 : 2 : ittapi_config_apply_per_lib :  ITTAPI function not implemented: __itt_relation_add_ex
7664 : 0x1ecdfeaf54 : 2 : ittapi_config_apply_per_lib :  ITTAPI function not implemented: __itt_track_group_create
7664 : 0x1ecdfeaf94 : 2 : ittapi_config_apply_per_lib :  ITTAPI function not implemented: __itt_track_create
7664 : 0x1ecdfeafa7 : 2 : ittapi_config_apply_per_lib :  ITTAPI function not implemented: __itt_set_track
7664 : 0x1ecdfeafb8 : 2 : ittapi_config_apply_per_lib :  ITTAPI function instrumented: __itt_api_version
7664 : 0x1ecdfeafcb : 2 : ittapi_config_apply_per_lib :  ITTAPI function not implemented: __itt_av_saveA
7664 : 0x1ecdfeafdd : 2 : ittapi_config_apply_per_lib :  ITTAPI function not implemented: __itt_av_saveW