
21760 : 0x320bd2ad6 : 1 : spill_jit_data :  Jit agent is not initialized
21760 : 0x320bd2dd9 : 2 : ittapi_config_mask_get :  --itt-config mask to be applied: 39
21760 : 0x320bd2e1c : 2 : ittapi_config_apply_per_lib :  ITTAPI function instrumented: __itt_domain_createA
21760 : 0x320bd2e30 : 2 : ittapi_config_apply_per_lib :  ITTAPI function instrumented: __itt_domain_createW
21760 : 0x320bd2e44 : 2 : ittapi_config_apply_per_lib :  ITTAPI function instrumented: __itt_string_handle_createA
21760 : 0x320bd2e53 : 2 : ittapi_config_apply_per_lib :  ITTAPI function instrumented: __itt_string_handle_createW
21760 : 0x320bd2e63 : 2 : ittapi_config_apply_per_lib :  ITTAPI function instrumented: __itt_counter_createA
21760 : 0x320bd2e72 : 2 : ittapi_config_apply_per_lib :  ITTAPI function instrumented: __itt_counter_createW
21760 : 0x320bd2e81 : 2 : ittapi_config_apply_per_lib :  ITTAPI function instrumented: __itt_counter_create_typedA
21760 : 0x320bd2e90 : 2 : ittapi_config_apply_per_lib :  ITTAPI function instrumented: __itt_counter_create_typedW
21760 : 0x320bd3106 : 2 : ittapi_config_apply_per_lib :  ITTAPI function instrumented: __itt_pause
21760 : 0x320bd311e : 2 : ittapi_config_apply_per_lib :  ITTAPI function instrumented: __itt_resume
21760 : 0x320bd3184 : 2 : ittapi_config_apply_per_lib :  ITTAPI function instrumented: __itt_thread_set_nameA
21760 : 0x320bd3198 : 2 : ittapi_config_apply_per_lib :  ITTAPI function instrumented: __itt_thread_set_nameW
21760 : 0x320bd31a8 : 2 : ittapi_config_apply_per_lib :  ITTAPI function instrumented: __itt_thread_ignore
21760 : 0x320bd31b8 : 2 : ittapi_config_apply_per_lib :  ITTAPI function instrumented: __itt_thr_name_setA
21760 : 0x320bd31c9 : 2 : ittapi_config_apply_per_lib :  ITTAPI function instrumented: __itt_thr_name_setW
21760 : 0x320bd31d9 : 2 : ittapi_config_apply_per_lib :  ITTAPI function instrumented: __itt_thr_ignore
21760 : 0x320bd31ef : 2 : ittapi_config_apply_per_lib :  ITTAPI function not implemented: __itt_enable_attach
21760 : 0x320bd3201 : 2 : ittapi_config_apply_per_lib :  ITTAPI function instrumented: __itt_detach
21760 : 0x320bd327b : 2 : ittapi_config_apply_per_lib :  ITTAPI function NOT instrumented (not matched by --itt-config option): __itt_sync_createA

21760 : 0x320bd3291 : 2 : ittapi_config_apply_per_lib :  ITTAPI function NOT instrumented (not matched by --itt-config option): __itt_sync_createW

21760 : 0x320bd32a4 : 2 : ittapi_config_apply_per_lib :  ITTAPI function NOT instrumented (not matched by --itt-config option): __itt_sync_renameA

21760 : 0x320bd32b7 : 2 : ittapi_config_apply_per_lib :  ITTAPI function NOT instrumented (not matched by --itt-config option): __itt_sync_renameW

21760 : 0x320bd32c8 : 2 : ittapi_config_apply_per_lib :  ITTAPI function NOT instrumented (not matched by --itt-config option): __itt_sync_destroy

21760 : 0x320bd32da : 2 : ittapi_config_apply_per_lib :  ITTAPI function NOT instrumented (not matched by --itt-config option): __itt_sync_prepare

21760 : 0x320bd32eb : 2 : ittapi_config_apply_per_lib :  ITTAPI function NOT instrumented (not matched by --itt-config option): __itt_sync_cancel

21760 : 0x320bd32fc : 2 : ittapi_config_apply_per_lib :  ITTAPI function NOT instrumented (not matched by --itt-config option): __itt_sync_acquired

21760 : 0x320bd330f : 2 : ittapi_config_apply_per_lib :  ITTAPI function NOT instrumented (not matched by --itt-config option): __itt_sync_releasing

21760 : 0x320bd3327 : 2 : ittapi_config_apply_per_lib :  ITTAPI function not implemented: __itt_suppress_push
21760 : 0x320bd335e : 2 : ittapi_config_apply_per_lib :  ITTAPI function not implemented: __itt_suppress_pop
21760 : 0x320bd3370 : 2 : ittapi_config_apply_per_lib :  ITTAPI function not implemented: __itt_suppress_mark_range
21760 : 0x320bd3382 : 2 : ittapi_config_apply_per_lib :  ITTAPI function not implemented: __itt_suppress_clear_range
21760 : 0x320bd3391 : 2 : ittapi_config_apply_per_lib :  ITTAPI function NOT instrumented (not matched by --itt-config option): __itt_sync_prepare

21760 : 0x320bd33a3 : 2 : ittapi_config_apply_per_lib :  ITTAPI function NOT instrumented (not matched by --itt-config option): __itt_sync_cancel

21760 : 0x320bd33b4 : 2 : ittapi_config_apply_per_lib :  ITTAPI function NOT instrumented (not matched by --itt-config option): __itt_sync_acquired

21760 : 0x320bd33c5 : 2 : ittapi_config_apply_per_lib :  ITTAPI function NOT instrumented (not matched by --itt-config option): __itt_sync_releasing

21760 : 0x320bd33dc : 2 : ittapi_config_apply_per_lib :  ITTAPI function not implemented: __itt_model_site_begin
21760 : 0x320bd33ed : 2 : ittapi_config_apply_per_lib :  ITTAPI function not implemented: __itt_model_site_end
21760 : 0x320bd33fe : 2 : ittapi_config_apply_per_lib :  ITTAPI function not implemented: __itt_model_task_begin
21760 : 0x320bd34ec : 2 : ittapi_config_apply_per_lib :  ITTAPI function not implemented: __itt_model_task_end
21760 : 0x320bd3500 : 2 : ittapi_config_apply_per_lib :  ITTAPI function not implemented: __itt_model_lock_acquire
21760 : 0x320bd3512 : 2 : ittapi_config_apply_per_lib :  ITTAPI function not implemented: __itt_model_lock_release
21760 : 0x320bd3523 : 2 : ittapi_config_apply_per_lib :  ITTAPI function not implemented: __itt_model_record_allocation
21760 : 0x320bd3534 : 2 : ittapi_config_apply_per_lib :  ITTAPI function not implemented: __itt_model_record_deallocation
21760 : 0x320bd3545 : 2 : ittapi_config_apply_per_lib :  ITTAPI function not implemented: __itt_model_induction_uses
21760 : 0x320bd3556 : 2 : ittapi_config_apply_per_lib :  ITTAPI function not implemented: __itt_model_reduction_uses
21760 : 0x320bd3566 : 2 : ittapi_config_apply_per_lib :  ITTAPI function not implemented: __itt_model_observe_uses
21760 : 0x320bd3577 : 2 : ittapi_config_apply_per_lib :  ITTAPI function not implemented: __itt_model_clear_uses
21760 : 0x320bd3588 : 2 : ittapi_config_apply_per_lib :  ITTAPI function not implemented: __itt_model_site_beginW
21760 : 0x320bd35c7 : 2 : ittapi_config_apply_per_lib :  ITTAPI function not implemented: __itt_model_task_beginW
21760 : 0x320bd35da : 2 : ittapi_config_apply_per_lib :  ITTAPI function not implemented: __itt_model_iteration_taskW
21760 : 0x320bd35eb : 2 : ittapi_config_apply_per_lib :  ITTAPI function not implemented: __itt_model_site_beginA
21760 : 0x320bd35fc : 2 : ittapi_config_apply_per_lib :  ITTAPI function not implemented: __itt_model_site_beginAL
21760 : 0x320bd360d : 2 : ittapi_config_apply_per_lib :  ITTAPI function not implemented: __itt_model_task_beginA
21760 : 0x320bd361f : 2 : ittapi_config_apply_per_lib :  ITTAPI function not implemented: __itt_model_task_beginAL
21760 : 0x320bd362f : 2 : ittapi_config_apply_per_lib :  ITTAPI function not implemented: __itt_model_iteration_taskA
21760 : 0x320bd3640 : 2 : ittapi_config_apply_per_lib :  ITTAPI function not implemented: __itt_model_iteration_taskAL
21760 : 0x320bd369f : 2 : ittapi_config_apply_per_lib :  ITTAPI function not implemented: __itt_model_site_end_2
21760 : 0x320bd36b0 : 2 : ittapi_config_apply_per_lib :  ITTAPI function not implemented: __itt_model_task_end_2
21760 : 0x320bd372e : 2 : ittapi_config_apply_per_lib :  ITTAPI function not implemented: __itt_model_lock_acquire_2
21760 : 0x320bd3741 : 2 : ittapi_config_apply_per_lib :  ITTAPI function not implemented: __itt_model_lock_release_2
21760 : 0x320bd3752 : 2 : ittapi_config_apply_per_lib :  ITTAPI function not implemented: __itt_model_aggregate_task
21760 : 0x320bd3763 : 2 : ittapi_config_apply_per_lib :  ITTAPI function not implemented: __itt_model_disable_push
21760 : 0x320bd3773 : 2 : ittapi_config_apply_per_lib :  ITTAPI function not implemented: __itt_model_disable_pop
21760 : 0x320bd3784 : 2 : ittapi_config_apply_per_lib :  ITTAPI function instrumented: __itt_heap_function_createA
21760 : 0x320bd3794 : 2 : ittapi_config_apply_per_lib :  ITTAPI function instrumented: __itt_heap_function_createW
21760 : 0x320bd37a5 : 2 : ittapi_config_apply_per_lib :  ITTAPI function instrumented: __itt_heap_allocate_begin
21760 : 0x320bd37b5 : 2 : ittapi_config_apply_per_lib :  ITTAPI function instrumented: __itt_heap_allocate_end
21760 : 0x320bd37c4 : 2 : ittapi_config_apply_per_lib :  ITTAPI function instrumented: __itt_heap_free_begin
21760 : 0x320bd3839 : 2 : ittapi_config_apply_per_lib :  ITTAPI function instrumented: __itt_heap_free_end
21760 : 0x320bd384d : 2 : ittapi_config_apply_per_lib :  ITTAPI function instrumented: __itt_heap_reallocate_begin
21760 : 0x320bd385d : 2 : ittapi_config_apply_per_lib :  ITTAPI function instrumented: __itt_heap_reallocate_end
21760 : 0x320bd3871 : 2 : ittapi_config_apply_per_lib :  ITTAPI function not implemented: __itt_heap_internal_access_begin
21760 : 0x320bd3882 : 2 : ittapi_config_apply_per_lib :  ITTAPI function not implemented: __itt_heap_internal_access_end
21760 : 0x320bd3893 : 2 : ittapi_config_apply_per_lib :  ITTAPI function not implemented: __itt_heap_record_memory_growth_begin
21760 : 0x320bd38a5 : 2 : ittapi_config_apply_per_lib :  ITTAPI function not implemented: __itt_heap_record_memory_growth_end
21760 : 0x320bd38b7 : 2 : ittapi_config_apply_per_lib :  ITTAPI function not implemented: __itt_heap_reset_detection
21760 : 0x320bd38c7 : 2 : ittapi_config_apply_per_lib :  ITTAPI function not implemented: __itt_heap_record
21760 : 0x320bd38d8 : 2 : ittapi_config_apply_per_lib :  ITTAPI function not implemented: __itt_id_create
21760 : 0x320bd3925 : 2 : ittapi_config_apply_per_lib :  ITTAPI function not implemented: __itt_id_destroy
21760 : 0x320bd3935 : 2 : ittapi_config_apply_per_lib :  ITTAPI function instrumented: __itt_get_timestamp
21760 : 0x320bd3946 : 2 : ittapi_config_apply_per_lib :  ITTAPI function not implemented: __itt_region_begin
21760 : 0x320bd3956 : 2 : ittapi_config_apply_per_lib :  ITTAPI function not implemented: __itt_region_end
21760 : 0x320bd3966 : 2 : ittapi_config_apply_per_lib :  ITTAPI function instrumented: __itt_frame_begin_v3
21760 : 0x320bd3976 : 2 : ittapi_config_apply_per_lib :  ITTAPI function instrumented: __itt_frame_end_v3
21760 : 0x320bd3986 : 2 : ittapi_config_apply_per_lib :  ITTAPI function instrumented: __itt_frame_submit_v3
21760 : 0x320bd3997 : 2 : ittapi_config_apply_per_lib :  ITTAPI function not implemented: __itt_task_group
21760 : 0x320bd39a7 : 2 : ittapi_config_apply_per_lib :  ITTAPI function instrumented: __itt_task_begin
21760 : 0x320bd39b7 : 2 : ittapi_config_apply_per_lib :  ITTAPI function instrumented: __itt_task_begin_fn
21760 : 0x320bd39e8 : 2 : ittapi_config_apply_per_lib :  ITTAPI function instrumented: __itt_task_end
21760 : 0x320bd39fb : 2 : ittapi_config_apply_per_lib :  ITTAPI function not implemented: __itt_counter_inc_v3
21760 : 0x320bd3a0d : 2 : ittapi_config_apply_per_lib :  ITTAPI function not implemented: __itt_counter_inc_delta_v3
21760 : 0x320bd3a1f : 2 : ittapi_config_apply_per_lib :  ITTAPI function not implemented: __itt_counter_dec_v3
21760 : 0x320bd3a31 : 2 : ittapi_config_apply_per_lib :  ITTAPI function not implemented: __itt_counter_dec_delta_v3
21760 : 0x320bd3a42 : 2 : ittapi_config_apply_per_lib :  ITTAPI function not implemented: __itt_marker
21760 : 0x320bd3a52 : 2 : ittapi_config_apply_per_lib :  ITTAPI function instrumented: __itt_metadata_add
21760 : 0x320bd3a62 : 2 : ittapi_config_apply_per_lib :  ITTAPI function not implemented: __itt_metadata_str_addA
21760 : 0x320bd3a72 : 2 : ittapi_config_apply_per_lib :  ITTAPI function not implemented: __itt_metadata_str_addW
21760 : 0x320bd3a83 : 2 : ittapi_config_apply_per_lib :  ITTAPI function not implemented: __itt_relation_add_to_current
21760 : 0x320bd3ab4 : 2 : ittapi_config_apply_per_lib :  ITTAPI function not implemented: __itt_relation_add
21760 : 0x320bd3ac5 : 2 : ittapi_config_apply_per_lib :  ITTAPI function instrumented: __itt_event_createA
21760 : 0x320bd3ad5 : 2 : ittapi_config_apply_per_lib :  ITTAPI function instrumented: __itt_event_createW
21760 : 0x320bd3ae4 : 2 : ittapi_config_apply_per_lib :  ITTAPI function instrumented: __itt_event_start
21760 : 0x320bd3af4 : 2 : ittapi_config_apply_per_lib :  ITTAPI function instrumented: __itt_event_end
21760 : 0x320bd3b01 : 2 : ittapi_config_apply_per_lib :  ITTAPI function NOT instrumented (not matched by --itt-config option): __itt_sync_set_nameA

21760 : 0x320bd3b13 : 2 : ittapi_config_apply_per_lib :  ITTAPI function NOT instrumented (not matched by --itt-config option): __itt_sync_set_nameW

21760 : 0x320bd3b24 : 2 : ittapi_config_apply_per_lib :  ITTAPI function NOT instrumented (not matched by --itt-config option): __itt_notify_sync_nameA

21760 : 0x320bd3b36 : 2 : ittapi_config_apply_per_lib :  ITTAPI function NOT instrumented (not matched by --itt-config option): __itt_notify_sync_nameW

21760 : 0x320bd3b48 : 2 : ittapi_config_apply_per_lib :  ITTAPI function NOT instrumented (not matched by --itt-config option): __itt_notify_sync_prepare

21760 : 0x320bd3b84 : 2 : ittapi_config_apply_per_lib :  ITTAPI function NOT instrumented (not matched by --itt-config option): __itt_notify_sync_cancel

21760 : 0x320bd3b96 : 2 : ittapi_config_apply_per_lib :  ITTAPI function NOT instrumented (not matched by --itt-config option): __itt_notify_sync_acquired

21760 : 0x320bd3ba8 : 2 : ittapi_config_apply_per_lib :  ITTAPI function NOT instrumented (not matched by --itt-config option): __itt_notify_sync_releasing

21760 : 0x320bd3bbe : 2 : ittapi_config_apply_per_lib :  ITTAPI function not implemented: __itt_memory_read
21760 : 0x320bd3bd0 : 2 : ittapi_config_apply_per_lib :  ITTAPI function not implemented: __itt_memory_write
21760 : 0x320bd3be1 : 2 : ittapi_config_apply_per_lib :  ITTAPI function not implemented: __itt_memory_update
21760 : 0x320bd3bf2 : 2 : ittapi_config_apply_per_lib :  ITTAPI function not implemented: __itt_state_get
21760 : 0x320bd3c03 : 2 : ittapi_config_apply_per_lib :  ITTAPI function not implemented: __itt_state_set
21760 : 0x320bd3c13 : 2 : ittapi_config_apply_per_lib :  ITTAPI function not implemented: __itt_obj_mode_set
21760 : 0x320bd3c24 : 2 : ittapi_config_apply_per_lib :  ITTAPI function not implemented: __itt_thr_mode_set
21760 : 0x320bd3c59 : 2 : ittapi_config_apply_per_lib :  ITTAPI function instrumented: __itt_frame_createA
21760 : 0x320bd3c69 : 2 : ittapi_config_apply_per_lib :  ITTAPI function instrumented: __itt_frame_createW
21760 : 0x320bd3c78 : 2 : ittapi_config_apply_per_lib :  ITTAPI function instrumented: __itt_frame_begin
21760 : 0x320bd3c87 : 2 : ittapi_config_apply_per_lib :  ITTAPI function instrumented: __itt_frame_end
21760 : 0x320bd3c98 : 2 : ittapi_config_apply_per_lib :  ITTAPI function not implemented: __itt_counter_destroy
21760 : 0x320bd3ca7 : 2 : ittapi_config_apply_per_lib :  ITTAPI function instrumented: __itt_counter_inc
21760 : 0x320bd3cb7 : 2 : ittapi_config_apply_per_lib :  ITTAPI function instrumented: __itt_counter_inc_delta
21760 : 0x320bd3cc7 : 2 : ittapi_config_apply_per_lib :  ITTAPI function instrumented: __itt_counter_dec
21760 : 0x320bd3cd7 : 2 : ittapi_config_apply_per_lib :  ITTAPI function instrumented: __itt_counter_dec_delta
21760 : 0x320bd3ce7 : 2 : ittapi_config_apply_per_lib :  ITTAPI function instrumented: __itt_counter_set_value
21760 : 0x320bd3d19 : 2 : ittapi_config_apply_per_lib :  ITTAPI function not implemented: __itt_counter_set_value_ex
21760 : 0x320bd3d2a : 2 : ittapi_config_apply_per_lib :  ITTAPI function not implemented: __itt_mark_createA
21760 : 0x320bd3d3a : 2 : ittapi_config_apply_per_lib :  ITTAPI function not implemented: __itt_mark_createW
21760 : 0x320bd3d4b : 2 : ittapi_config_apply_per_lib :  ITTAPI function not implemented: __itt_markA
21760 : 0x320bd3d5b : 2 : ittapi_config_apply_per_lib :  ITTAPI function not implemented: __itt_markW
21760 : 0x320bd3d6b : 2 : ittapi_config_apply_per_lib :  ITTAPI function not implemented: __itt_mark_off
21760 : 0x320bd3d7b : 2 : ittapi_config_apply_per_lib :  ITTAPI function not implemented: __itt_mark_globalA
21760 : 0x320bd3d8b : 2 : ittapi_config_apply_per_lib :  ITTAPI function not implemented: __itt_mark_globalW
21760 : 0x320bd3d9c : 2 : ittapi_config_apply_per_lib :  ITTAPI function not implemented: __itt_mark_global_off
21760 : 0x320bd3dab : 2 : ittapi_config_apply_per_lib :  ITTAPI function NOT instrumented (not matched by --itt-config option): __itt_stack_caller_create

21760 : 0x320bd3dde : 2 : ittapi_config_apply_per_lib :  ITTAPI function NOT instrumented (not matched by --itt-config option): __itt_stack_caller_destroy

21760 : 0x320bd3df1 : 2 : ittapi_config_apply_per_lib :  ITTAPI function NOT instrumented (not matched by --itt-config option): __itt_stack_callee_enter

21760 : 0x320bd3e04 : 2 : ittapi_config_apply_per_lib :  ITTAPI function NOT instrumented (not matched by --itt-config option): __itt_stack_callee_leave

21760 : 0x320bd3e19 : 2 : ittapi_config_apply_per_lib :  ITTAPI function not implemented: __itt_clock_domain_create
21760 : 0x320bd3e2a : 2 : ittapi_config_apply_per_lib :  ITTAPI function not implemented: __itt_clock_domain_reset
21760 : 0x320bd3e3a : 2 : ittapi_config_apply_per_lib :  ITTAPI function not implemented: __itt_id_create_ex
21760 : 0x320bd3e4a : 2 : ittapi_config_apply_per_lib :  ITTAPI function not implemented: __itt_id_destroy_ex
21760 : 0x320bd3e5b : 2 : ittapi_config_apply_per_lib :  ITTAPI function not implemented: __itt_task_begin_ex
21760 : 0x320bd3e6c : 2 : ittapi_config_apply_per_lib :  ITTAPI function not implemented: __itt_task_begin_fn_ex
21760 : 0x320bd3e7c : 2 : ittapi_config_apply_per_lib :  ITTAPI function not implemented: __itt_task_end_ex
21760 : 0x320bd3f76 : 2 : ittapi_config_apply_per_lib :  ITTAPI function instrumented: __itt_task_begin_overlapped
21760 : 0x320bd3f8b : 2 : ittapi_config_apply_per_lib :  ITTAPI function not implemented: __itt_task_begin_overlapped_ex
21760 : 0x320bd3f9b : 2 : ittapi_config_apply_per_lib :  ITTAPI function instrumented: __itt_task_end_overlapped
21760 : 0x320bd3fac : 2 : ittapi_config_apply_per_lib :  ITTAPI function not implemented: __itt_task_end_overlapped_ex
21760 : 0x320bd3fbd : 2 : ittapi_config_apply_per_lib :  ITTAPI function not implemented: __itt_marker_ex
21760 : 0x320bd3fce : 2 : ittapi_config_apply_per_lib :  ITTAPI function not implemented: __itt_metadata_add_with_scope
21760 : 0x320bd3fdf : 2 : ittapi_config_apply_per_lib :  ITTAPI function not implemented: __itt_metadata_str_add_with_scopeA
21760 : 0x320bd403d : 2 : ittapi_config_apply_per_lib :  ITTAPI function not implemented: __itt_metadata_str_add_with_scopeW
21760 : 0x320bd4050 : 2 : ittapi_config_apply_per_lib :  ITTAPI function not implemented: __itt_relation_add_to_current_ex
21760 : 0x320bd4062 : 2 : ittapi_config_apply_per_lib :  ITTAPI function not implemented: __itt_relation_add_ex
21760 : 0x320bd40ee : 2 : ittapi_config_apply_per_lib :  ITTAPI function not implemented: __itt_track_group_create
21760 : 0x320bd4101 : 2 : ittapi_config_apply_per_lib :  ITTAPI function not implemented: __itt_track_create
21760 : 0x320bd4112 : 2 : ittapi_config_apply_per_lib :  ITTAPI function not implemented: __itt_set_track
21760 : 0x320bd4122 : 2 : ittapi_config_apply_per_lib :  ITTAPI function instrumented: __itt_api_version
21760 : 0x320bd4133 : 2 : ittapi_config_apply_per_lib :  ITTAPI function not implemented: __itt_av_saveA
21760 : 0x320bd4142 : 2 : ittapi_config_apply_per_lib :  ITTAPI function not implemented: __itt_av_saveW
21760 : 0x320bd4152 : 2 : ittapi_config_apply_per_lib :  ITTAPI function instrumented: __itt_module_loadA
21760 : 0x320bd4161 : 2 : ittapi_config_apply_per_lib :  ITTAPI function instrumented: __itt_module_loadW
21760 : 0x320bd6c7f : 2 : ittapi_config_mask_get :  --itt-config mask to be applied: 39
21760 : 0x320bd6ca1 : 2 : ittapi_config_apply_per_lib :  ITTAPI function instrumented: __itt_domain_createA
21760 : 0x320bd6d17 : 2 : ittapi_config_apply_per_lib :  ITTAPI function instrumented: __itt_domain_createW
21760 : 0x320bd6d2a : 2 : ittapi_config_apply_per_lib :  ITTAPI function instrumented: __itt_string_handle_createA
21760 : 0x320bd6d3a : 2 : ittapi_config_apply_per_lib :  ITTAPI function instrumented: __itt_string_handle_createW
21760 : 0x320bd6d4c : 2 : ittapi_config_apply_per_lib :  ITTAPI function instrumented: __itt_pause
21760 : 0x320bd6d5c : 2 : ittapi_config_apply_per_lib :  ITTAPI function instrumented: __itt_resume
21760 : 0x320bd6d6b : 2 : ittapi_config_apply_per_lib :  ITTAPI function instrumented: __itt_thread_set_nameA
21760 : 0x320bd6d7d : 2 : ittapi_config_apply_per_lib :  ITTAPI function instrumented: __itt_thread_set_nameW
21760 : 0x320bd6d8d : 2 : ittapi_config_apply_per_lib :  ITTAPI function instrumented: __itt_thread_ignore
21760 : 0x320bd6d9c : 2 : ittapi_config_apply_per_lib :  ITTAPI function instrumented: __itt_thr_name_setA
21760 : 0x320bd6dac : 2 : ittapi_config_apply_per_lib :  ITTAPI function instrumented: __itt_thr_name_setW
21760 : 0x320bd6df2 : 2 : ittapi_config_apply_per_lib :  ITTAPI function instrumented: __itt_thr_ignore
21760 : 0x320bd6e08 : 2 : ittapi_config_apply_per_lib :  ITTAPI function not implemented: __itt_enable_attach
21760 : 0x320bd6e19 : 2 : ittapi_config_apply_per_lib :  ITTAPI function instrumented: __itt_detach
21760 : 0x320bd6e27 : 2 : ittapi_config_apply_per_lib :  ITTAPI function NOT instrumented (not matched by --itt-config option): __itt_sync_createA

21760 : 0x320bd6e3b : 2 : ittapi_config_apply_per_lib :  ITTAPI function NOT instrumented (not matched by --itt-config option): __itt_sync_createW

21760 : 0x320bd6e4e : 2 : ittapi_config_apply_per_lib :  ITTAPI function NOT instrumented (not matched by --itt-config option): __itt_sync_renameA

21760 : 0x320bd6e5f : 2 : ittapi_config_apply_per_lib :  ITTAPI function NOT instrumented (not matched by --itt-config option): __itt_sync_renameW

21760 : 0x320bd6e71 : 2 : ittapi_config_apply_per_lib :  ITTAPI function NOT instrumented (not matched by --itt-config option): __itt_sync_destroy

21760 : 0x320bd6e82 : 2 : ittapi_config_apply_per_lib :  ITTAPI function NOT instrumented (not matched by --itt-config option): __itt_sync_prepare

21760 : 0x320bd6e93 : 2 : ittapi_config_apply_per_lib :  ITTAPI function NOT instrumented (not matched by --itt-config option): __itt_sync_cancel

21760 : 0x320bd6ed0 : 2 : ittapi_config_apply_per_lib :  ITTAPI function NOT instrumented (not matched by --itt-config option): __itt_sync_acquired

21760 : 0x320bd6ee3 : 2 : ittapi_config_apply_per_lib :  ITTAPI function NOT instrumented (not matched by --itt-config option): __itt_sync_releasing

21760 : 0x320bd6efb : 2 : ittapi_config_apply_per_lib :  ITTAPI function not implemented: __itt_suppress_push
21760 : 0x320bd6f0c : 2 : ittapi_config_apply_per_lib :  ITTAPI function not implemented: __itt_suppress_pop
21760 : 0x320bd6f1d : 2 : ittapi_config_apply_per_lib :  ITTAPI function not implemented: __itt_suppress_mark_range
21760 : 0x320bd6f2e : 2 : ittapi_config_apply_per_lib :  ITTAPI function not implemented: __itt_suppress_clear_range
21760 : 0x320bd6f3c : 2 : ittapi_config_apply_per_lib :  ITTAPI function NOT instrumented (not matched by --itt-config option): __itt_sync_prepare

21760 : 0x320bd6f4e : 2 : ittapi_config_apply_per_lib :  ITTAPI function NOT instrumented (not matched by --itt-config option): __itt_sync_cancel

21760 : 0x320bd6f60 : 2 : ittapi_config_apply_per_lib :  ITTAPI function NOT instrumented (not matched by --itt-config option): __itt_sync_acquired

21760 : 0x320bd6f71 : 2 : ittapi_config_apply_per_lib :  ITTAPI function NOT instrumented (not matched by --itt-config option): __itt_sync_releasing

21760 : 0x320bd6fa7 : 2 : ittapi_config_apply_per_lib :  ITTAPI function not implemented: __itt_model_site_begin
21760 : 0x320bd6fb8 : 2 : ittapi_config_apply_per_lib :  ITTAPI function not implemented: __itt_model_site_end
21760 : 0x320bd6fc9 : 2 : ittapi_config_apply_per_lib :  ITTAPI function not implemented: __itt_model_task_begin
21760 : 0x320bd6fd9 : 2 : ittapi_config_apply_per_lib :  ITTAPI function not implemented: __itt_model_task_end
21760 : 0x320bd6fe9 : 2 : ittapi_config_apply_per_lib :  ITTAPI function not implemented: __itt_model_lock_acquire
21760 : 0x320bd6ffa : 2 : ittapi_config_apply_per_lib :  ITTAPI function not implemented: __itt_model_lock_release
21760 : 0x320bd700b : 2 : ittapi_config_apply_per_lib :  ITTAPI function not implemented: __itt_model_record_allocation
21760 : 0x320bd701c : 2 : ittapi_config_apply_per_lib :  ITTAPI function not implemented: __itt_model_record_deallocation
21760 : 0x320bd702d : 2 : ittapi_config_apply_per_lib :  ITTAPI function not implemented: __itt_model_induction_uses
21760 : 0x320bd703e : 2 : ittapi_config_apply_per_lib :  ITTAPI function not implemented: __itt_model_reduction_uses
21760 : 0x320bd7074 : 2 : ittapi_config_apply_per_lib :  ITTAPI function not implemented: __itt_model_observe_uses
21760 : 0x320bd7086 : 2 : ittapi_config_apply_per_lib :  ITTAPI function not implemented: __itt_model_clear_uses
21760 : 0x320bd7097 : 2 : ittapi_config_apply_per_lib :  ITTAPI function not implemented: __itt_model_site_beginW
21760 : 0x320bd70a8 : 2 : ittapi_config_apply_per_lib :  ITTAPI function not implemented: __itt_model_task_beginW
21760 : 0x320bd70b9 : 2 : ittapi_config_apply_per_lib :  ITTAPI function not implemented: __itt_model_iteration_taskW
21760 : 0x320bd70c9 : 2 : ittapi_config_apply_per_lib :  ITTAPI function not implemented: __itt_model_site_beginA
21760 : 0x320bd70da : 2 : ittapi_config_apply_per_lib :  ITTAPI function not implemented: __itt_model_site_beginAL
21760 : 0x320bd70eb : 2 : ittapi_config_apply_per_lib :  ITTAPI function not implemented: __itt_model_task_beginA
21760 : 0x320bd70fc : 2 : ittapi_config_apply_per_lib :  ITTAPI function not implemented: __itt_model_task_beginAL
21760 : 0x320bd710d : 2 : ittapi_config_apply_per_lib :  ITTAPI function not implemented: __itt_model_iteration_taskA
21760 : 0x320bd7141 : 2 : ittapi_config_apply_per_lib :  ITTAPI function not implemented: __itt_model_iteration_taskAL
21760 : 0x320bd7152 : 2 : ittapi_config_apply_per_lib :  ITTAPI function not implemented: __itt_model_site_end_2
21760 : 0x320bd7162 : 2 : ittapi_config_apply_per_lib :  ITTAPI function not implemented: __itt_model_task_end_2
21760 : 0x320bd7172 : 2 : ittapi_config_apply_per_lib :  ITTAPI function not implemented: __itt_model_lock_acquire_2
21760 : 0x320bd7183 : 2 : ittapi_config_apply_per_lib :  ITTAPI function not implemented: __itt_model_lock_release_2
21760 : 0x320bd7193 : 2 : ittapi_config_apply_per_lib :  ITTAPI function not implemented: __itt_model_aggregate_task
21760 : 0x320bd71a3 : 2 : ittapi_config_apply_per_lib :  ITTAPI function not implemented: __itt_model_disable_push
21760 : 0x320bd71b3 : 2 : ittapi_config_apply_per_lib :  ITTAPI function not implemented: __itt_model_disable_pop
21760 : 0x320bd71c4 : 2 : ittapi_config_apply_per_lib :  ITTAPI function instrumented: __itt_heap_function_createA
21760 : 0x320bd71d4 : 2 : ittapi_config_apply_per_lib :  ITTAPI function instrumented: __itt_heap_function_createW
21760 : 0x320bd7271 : 2 : ittapi_config_apply_per_lib :  ITTAPI function instrumented: __itt_heap_allocate_begin
21760 : 0x320bd7283 : 2 : ittapi_config_apply_per_lib :  ITTAPI function instrumented: __itt_heap_allocate_end
21760 : 0x320bd7292 : 2 : ittapi_config_apply_per_lib :  ITTAPI function instrumented: __itt_heap_free_begin
21760 : 0x320bd72a1 : 2 : ittapi_config_apply_per_lib :  ITTAPI function instrumented: __itt_heap_free_end
21760 : 0x320bd72b0 : 2 : ittapi_config_apply_per_lib :  ITTAPI function instrumented: __itt_heap_reallocate_begin
21760 : 0x320bd72c0 : 2 : ittapi_config_apply_per_lib :  ITTAPI function instrumented: __itt_heap_reallocate_end
21760 : 0x320bd72d3 : 2 : ittapi_config_apply_per_lib :  ITTAPI function not implemented: __itt_heap_internal_access_begin
21760 : 0x320bd72e5 : 2 : ittapi_config_apply_per_lib :  ITTAPI function not implemented: __itt_heap_internal_access_end
21760 : 0x320bd72f7 : 2 : ittapi_config_apply_per_lib :  ITTAPI function not implemented: __itt_heap_record_memory_growth_begin
21760 : 0x320bd7309 : 2 : ittapi_config_apply_per_lib :  ITTAPI function not implemented: __itt_heap_record_memory_growth_end
21760 : 0x320bd733a : 2 : ittapi_config_apply_per_lib :  ITTAPI function not implemented: __itt_heap_reset_detection
21760 : 0x320bd734b : 2 : ittapi_config_apply_per_lib :  ITTAPI function not implemented: __itt_heap_record
21760 : 0x320bd735d : 2 : ittapi_config_apply_per_lib :  ITTAPI function not implemented: __itt_id_create
21760 : 0x320bd736d : 2 : ittapi_config_apply_per_lib :  ITTAPI function not implemented: __itt_id_destroy
21760 : 0x320bd73bd : 2 : ittapi_config_apply_per_lib :  ITTAPI function instrumented: __itt_get_timestamp
21760 : 0x320bd73cf : 2 : ittapi_config_apply_per_lib :  ITTAPI function not implemented: __itt_region_begin
21760 : 0x320bd73df : 2 : ittapi_config_apply_per_lib :  ITTAPI function not implemented: __itt_region_end
21760 : 0x320bd73ef : 2 : ittapi_config_apply_per_lib :  ITTAPI function instrumented: __itt_frame_begin_v3
21760 : 0x320bd73ff : 2 : ittapi_config_apply_per_lib :  ITTAPI function instrumented: __itt_frame_end_v3
21760 : 0x320bd740e : 2 : ittapi_config_apply_per_lib :  ITTAPI function instrumented: __itt_frame_submit_v3
21760 : 0x320bd745e : 2 : ittapi_config_apply_per_lib :  ITTAPI function not implemented: __itt_task_group
21760 : 0x320bd7470 : 2 : ittapi_config_apply_per_lib :  ITTAPI function instrumented: __itt_task_begin
21760 : 0x320bd747f : 2 : ittapi_config_apply_per_lib :  ITTAPI function instrumented: __itt_task_begin_fn
21760 : 0x320bd7490 : 2 : ittapi_config_apply_per_lib :  ITTAPI function instrumented: __itt_task_end
21760 : 0x320bd74a2 : 2 : ittapi_config_apply_per_lib :  ITTAPI function not implemented: __itt_counter_inc_v3
21760 : 0x320bd74b4 : 2 : ittapi_config_apply_per_lib :  ITTAPI function not implemented: __itt_counter_inc_delta_v3
21760 : 0x320bd74c5 : 2 : ittapi_config_apply_per_lib :  ITTAPI function not implemented: __itt_marker
21760 : 0x320bd74d3 : 2 : ittapi_config_apply_per_lib :  ITTAPI function instrumented: __itt_metadata_add
21760 : 0x320bd74e3 : 2 : ittapi_config_apply_per_lib :  ITTAPI function not implemented: __itt_metadata_str_addA
21760 : 0x320bd74f4 : 2 : ittapi_config_apply_per_lib :  ITTAPI function not implemented: __itt_metadata_str_addW
21760 : 0x320bd7529 : 2 : ittapi_config_apply_per_lib :  ITTAPI function not implemented: __itt_relation_add_to_current
21760 : 0x320bd753a : 2 : ittapi_config_apply_per_lib :  ITTAPI function not implemented: __itt_relation_add
21760 : 0x320bd7549 : 2 : ittapi_config_apply_per_lib :  ITTAPI function instrumented: __itt_event_createA
21760 : 0x320bd7559 : 2 : ittapi_config_apply_per_lib :  ITTAPI function instrumented: __itt_event_createW
21760 : 0x320bd7568 : 2 : ittapi_config_apply_per_lib :  ITTAPI function instrumented: __itt_event_start
21760 : 0x320bd7577 : 2 : ittapi_config_apply_per_lib :  ITTAPI function instrumented: __itt_event_end
21760 : 0x320bd7584 : 2 : ittapi_config_apply_per_lib :  ITTAPI function NOT instrumented (not matched by --itt-config option): __itt_sync_set_nameA

21760 : 0x320bd7595 : 2 : ittapi_config_apply_per_lib :  ITTAPI function NOT instrumented (not matched by --itt-config option): __itt_sync_set_nameW

21760 : 0x320bd75a7 : 2 : ittapi_config_apply_per_lib :  ITTAPI function NOT instrumented (not matched by --itt-config option): __itt_notify_sync_nameA

21760 : 0x320bd75b9 : 2 : ittapi_config_apply_per_lib :  ITTAPI function NOT instrumented (not matched by --itt-config option): __itt_notify_sync_nameW

21760 : 0x320bd75e9 : 2 : ittapi_config_apply_per_lib :  ITTAPI function NOT instrumented (not matched by --itt-config option): __itt_notify_sync_prepare

21760 : 0x320bd75fc : 2 : ittapi_config_apply_per_lib :  ITTAPI function NOT instrumented (not matched by --itt-config option): __itt_notify_sync_cancel

21760 : 0x320bd760d : 2 : ittapi_config_apply_per_lib :  ITTAPI function NOT instrumented (not matched by --itt-config option): __itt_notify_sync_acquired

21760 : 0x320bd7620 : 2 : ittapi_config_apply_per_lib :  ITTAPI function NOT instrumented (not matched by --itt-config option): __itt_notify_sync_releasing

21760 : 0x320bd7635 : 2 : ittapi_config_apply_per_lib :  ITTAPI function not implemented: __itt_memory_read
21760 : 0x320bd7645 : 2 : ittapi_config_apply_per_lib :  ITTAPI function not implemented: __itt_memory_write
21760 : 0x320bd7656 : 2 : ittapi_config_apply_per_lib :  ITTAPI function not implemented: __itt_memory_update
21760 : 0x320bd7667 : 2 : ittapi_config_apply_per_lib :  ITTAPI function not implemented: __itt_state_get
21760 : 0x320bd767a : 2 : ittapi_config_apply_per_lib :  ITTAPI function not implemented: __itt_state_set
21760 : 0x320bd768a : 2 : ittapi_config_apply_per_lib :  ITTAPI function not implemented: __itt_obj_mode_set
21760 : 0x320bd77b1 : 2 : ittapi_config_apply_per_lib :  ITTAPI function not implemented: __itt_thr_mode_set
21760 : 0x320bd77c4 : 2 : ittapi_config_apply_per_lib :  ITTAPI function instrumented: __itt_frame_createA
21760 : 0x320bd77d2 : 2 : ittapi_config_apply_per_lib :  ITTAPI function instrumented: __itt_frame_createW
21760 : 0x320bd77e2 : 2 : ittapi_config_apply_per_lib :  ITTAPI function instrumented: __itt_frame_begin
21760 : 0x320bd77f2 : 2 : ittapi_config_apply_per_lib :  ITTAPI function instrumented: __itt_frame_end
21760 : 0x320bd7801 : 2 : ittapi_config_apply_per_lib :  ITTAPI function instrumented: __itt_counter_createA
21760 : 0x320bd7810 : 2 : ittapi_config_apply_per_lib :  ITTAPI function instrumented: __itt_counter_createW
21760 : 0x320bd7821 : 2 : ittapi_config_apply_per_lib :  ITTAPI function not implemented: __itt_counter_destroy
21760 : 0x320bd7830 : 2 : ittapi_config_apply_per_lib :  ITTAPI function instrumented: __itt_counter_inc
21760 : 0x320bd7840 : 2 : ittapi_config_apply_per_lib :  ITTAPI function instrumented: __itt_counter_inc_delta
21760 : 0x320bd787d : 2 : ittapi_config_apply_per_lib :  ITTAPI function not implemented: __itt_mark_createA
21760 : 0x320bd788e : 2 : ittapi_config_apply_per_lib :  ITTAPI function not implemented: __itt_mark_createW
21760 : 0x320bd789e : 2 : ittapi_config_apply_per_lib :  ITTAPI function not implemented: __itt_markA
21760 : 0x320bd78ae : 2 : ittapi_config_apply_per_lib :  ITTAPI function not implemented: __itt_markW
21760 : 0x320bd78be : 2 : ittapi_config_apply_per_lib :  ITTAPI function not implemented: __itt_mark_off
21760 : 0x320bd78ce : 2 : ittapi_config_apply_per_lib :  ITTAPI function not implemented: __itt_mark_globalA
21760 : 0x320bd78de : 2 : ittapi_config_apply_per_lib :  ITTAPI function not implemented: __itt_mark_globalW
21760 : 0x320bd78ef : 2 : ittapi_config_apply_per_lib :  ITTAPI function not implemented: __itt_mark_global_off
21760 : 0x320bd78fe : 2 : ittapi_config_apply_per_lib :  ITTAPI function NOT instrumented (not matched by --itt-config option): __itt_stack_caller_create

21760 : 0x320bd7910 : 2 : ittapi_config_apply_per_lib :  ITTAPI function NOT instrumented (not matched by --itt-config option): __itt_stack_caller_destroy

21760 : 0x320bd7940 : 2 : ittapi_config_apply_per_lib :  ITTAPI function NOT instrumented (not matched by --itt-config option): __itt_stack_callee_enter

21760 : 0x320bd7953 : 2 : ittapi_config_apply_per_lib :  ITTAPI function NOT instrumented (not matched by --itt-config option): __itt_stack_callee_leave

21760 : 0x320bd7969 : 2 : ittapi_config_apply_per_lib :  ITTAPI function not implemented: __itt_clock_domain_create
21760 : 0x320bd797a : 2 : ittapi_config_apply_per_lib :  ITTAPI function not implemented: __itt_clock_domain_reset
21760 : 0x320bd798b : 2 : ittapi_config_apply_per_lib :  ITTAPI function not implemented: __itt_id_create_ex
21760 : 0x320bd799b : 2 : ittapi_config_apply_per_lib :  ITTAPI function not implemented: __itt_id_destroy_ex
21760 : 0x320bd79ad : 2 : ittapi_config_apply_per_lib :  ITTAPI function not implemented: __itt_task_begin_ex
21760 : 0x320bd79be : 2 : ittapi_config_apply_per_lib :  ITTAPI function not implemented: __itt_task_begin_fn_ex
21760 : 0x320bd79cf : 2 : ittapi_config_apply_per_lib :  ITTAPI function not implemented: __itt_task_end_ex
21760 : 0x320bd79df : 2 : ittapi_config_apply_per_lib :  ITTAPI function instrumented: __itt_task_begin_overlapped
21760 : 0x320bd7a0e : 2 : ittapi_config_apply_per_lib :  ITTAPI function not implemented: __itt_task_begin_overlapped_ex
21760 : 0x320bd7a1e : 2 : ittapi_config_apply_per_lib :  ITTAPI function instrumented: __itt_task_end_overlapped
21760 : 0x320bd7a2f : 2 : ittapi_config_apply_per_lib :  ITTAPI function not implemented: __itt_task_end_overlapped_ex
21760 : 0x320bd7a40 : 2 : ittapi_config_apply_per_lib :  ITTAPI function not implemented: __itt_marker_ex
21760 : 0x320bd7a51 : 2 : ittapi_config_apply_per_lib :  ITTAPI function not implemented: __itt_metadata_add_with_scope
21760 : 0x320bd7a62 : 2 : ittapi_config_apply_per_lib :  ITTAPI function not implemented: __itt_metadata_str_add_with_scopeA
21760 : 0x320bd7a74 : 2 : ittapi_config_apply_per_lib :  ITTAPI function not implemented: __itt_metadata_str_add_with_scopeW
21760 : 0x320bd7a87 : 2 : ittapi_config_apply_per_lib :  ITTAPI function not implemented: __itt_relation_add_to_current_ex
21760 : 0x320bd7a98 : 2 : ittapi_config_apply_per_lib :  ITTAPI function not implemented: __itt_relation_add_ex
21760 : 0x320bd7aa8 : 2 : ittapi_config_apply_per_lib :  ITTAPI function not implemented: __itt_track_group_create
21760 : 0x320bd7adf : 2 : ittapi_config_apply_per_lib :  ITTAPI function not implemented: __itt_track_create
21760 : 0x320bd7af1 : 2 : ittapi_config_apply_per_lib :  ITTAPI function not implemented: __itt_set_track
21760 : 0x320bd7b00 : 2 : ittapi_config_apply_per_lib :  ITTAPI function instrumented: __itt_api_version
21760 : 0x320bd7b11 : 2 : ittapi_config_apply_per_lib :  ITTAPI function not implemented: __itt_av_saveA
21760 : 0x320bd7b22 : 2 : ittapi_config_apply_per_lib :  ITTAPI function not implemented: __itt_av_saveW