
24472 : 0x1ffed6be5e : 1 : spill_jit_data :  Jit agent is not initialized
24472 : 0x1ffed6c3a7 : 2 : ittapi_config_mask_get :  --itt-config mask to be applied: 39
24472 : 0x1ffed6c48b : 2 : ittapi_config_apply_per_lib :  ITTAPI function instrumented: __itt_domain_createA
24472 : 0x1ffed6c4a0 : 2 : ittapi_config_apply_per_lib :  ITTAPI function instrumented: __itt_domain_createW
24472 : 0x1ffed6c548 : 2 : ittapi_config_apply_per_lib :  ITTAPI function instrumented: __itt_string_handle_createA
24472 : 0x1ffed6c559 : 2 : ittapi_config_apply_per_lib :  ITTAPI function instrumented: __itt_string_handle_createW
24472 : 0x1ffed6c56a : 2 : ittapi_config_apply_per_lib :  ITTAPI function instrumented: __itt_counter_createA
24472 : 0x1ffed6c57a : 2 : ittapi_config_apply_per_lib :  ITTAPI function instrumented: __itt_counter_createW
24472 : 0x1ffed6c58a : 2 : ittapi_config_apply_per_lib :  ITTAPI function instrumented: __itt_counter_create_typedA
24472 : 0x1ffed6c59a : 2 : ittapi_config_apply_per_lib :  ITTAPI function instrumented: __itt_counter_create_typedW
24472 : 0x1ffed6c884 : 2 : ittapi_config_apply_per_lib :  ITTAPI function instrumented: __itt_pause
24472 : 0x1ffed6c89c : 2 : ittapi_config_apply_per_lib :  ITTAPI function instrumented: __itt_resume
24472 : 0x1ffed6c941 : 2 : ittapi_config_apply_per_lib :  ITTAPI function instrumented: __itt_thread_set_nameA
24472 : 0x1ffed6c954 : 2 : ittapi_config_apply_per_lib :  ITTAPI function instrumented: __itt_thread_set_nameW
24472 : 0x1ffed6c964 : 2 : ittapi_config_apply_per_lib :  ITTAPI function instrumented: __itt_thread_ignore
24472 : 0x1ffed6c973 : 2 : ittapi_config_apply_per_lib :  ITTAPI function instrumented: __itt_thr_name_setA
24472 : 0x1ffed6c983 : 2 : ittapi_config_apply_per_lib :  ITTAPI function instrumented: __itt_thr_name_setW
24472 : 0x1ffed6ca28 : 2 : ittapi_config_apply_per_lib :  ITTAPI function instrumented: __itt_thr_ignore
24472 : 0x1ffed6ca47 : 2 : ittapi_config_apply_per_lib :  ITTAPI function not implemented: __itt_enable_attach
24472 : 0x1ffed6ca58 : 2 : ittapi_config_apply_per_lib :  ITTAPI function instrumented: __itt_detach
24472 : 0x1ffed6caaf : 2 : ittapi_config_apply_per_lib :  ITTAPI function NOT instrumented (not matched by --itt-config option): __itt_sync_createA

24472 : 0x1ffed6cac6 : 2 : ittapi_config_apply_per_lib :  ITTAPI function NOT instrumented (not matched by --itt-config option): __itt_sync_createW

24472 : 0x1ffed6cada : 2 : ittapi_config_apply_per_lib :  ITTAPI function NOT instrumented (not matched by --itt-config option): __itt_sync_renameA

24472 : 0x1ffed6caed : 2 : ittapi_config_apply_per_lib :  ITTAPI function NOT instrumented (not matched by --itt-config option): __itt_sync_renameW

24472 : 0x1ffed6caff : 2 : ittapi_config_apply_per_lib :  ITTAPI function NOT instrumented (not matched by --itt-config option): __itt_sync_destroy

24472 : 0x1ffed6cb12 : 2 : ittapi_config_apply_per_lib :  ITTAPI function NOT instrumented (not matched by --itt-config option): __itt_sync_prepare

24472 : 0x1ffed6cb25 : 2 : ittapi_config_apply_per_lib :  ITTAPI function NOT instrumented (not matched by --itt-config option): __itt_sync_cancel

24472 : 0x1ffed6cb37 : 2 : ittapi_config_apply_per_lib :  ITTAPI function NOT instrumented (not matched by --itt-config option): __itt_sync_acquired

24472 : 0x1ffed6cb4a : 2 : ittapi_config_apply_per_lib :  ITTAPI function NOT instrumented (not matched by --itt-config option): __itt_sync_releasing

24472 : 0x1ffed6cb65 : 2 : ittapi_config_apply_per_lib :  ITTAPI function not implemented: __itt_suppress_push
24472 : 0x1ffed6cb9e : 2 : ittapi_config_apply_per_lib :  ITTAPI function not implemented: __itt_suppress_pop
24472 : 0x1ffed6cbb2 : 2 : ittapi_config_apply_per_lib :  ITTAPI function not implemented: __itt_suppress_mark_range
24472 : 0x1ffed6cbc4 : 2 : ittapi_config_apply_per_lib :  ITTAPI function not implemented: __itt_suppress_clear_range
24472 : 0x1ffed6cbd3 : 2 : ittapi_config_apply_per_lib :  ITTAPI function NOT instrumented (not matched by --itt-config option): __itt_sync_prepare

24472 : 0x1ffed6cbe6 : 2 : ittapi_config_apply_per_lib :  ITTAPI function NOT instrumented (not matched by --itt-config option): __itt_sync_cancel

24472 : 0x1ffed6cbf8 : 2 : ittapi_config_apply_per_lib :  ITTAPI function NOT instrumented (not matched by --itt-config option): __itt_sync_acquired

24472 : 0x1ffed6cc0a : 2 : ittapi_config_apply_per_lib :  ITTAPI function NOT instrumented (not matched by --itt-config option): __itt_sync_releasing

24472 : 0x1ffed6cc21 : 2 : ittapi_config_apply_per_lib :  ITTAPI function not implemented: __itt_model_site_begin
24472 : 0x1ffed6cc33 : 2 : ittapi_config_apply_per_lib :  ITTAPI function not implemented: __itt_model_site_end
24472 : 0x1ffed6cc44 : 2 : ittapi_config_apply_per_lib :  ITTAPI function not implemented: __itt_model_task_begin
24472 : 0x1ffed6cd41 : 2 : ittapi_config_apply_per_lib :  ITTAPI function not implemented: __itt_model_task_end
24472 : 0x1ffed6cd55 : 2 : ittapi_config_apply_per_lib :  ITTAPI function not implemented: __itt_model_lock_acquire
24472 : 0x1ffed6cd68 : 2 : ittapi_config_apply_per_lib :  ITTAPI function not implemented: __itt_model_lock_release
24472 : 0x1ffed6cd79 : 2 : ittapi_config_apply_per_lib :  ITTAPI function not implemented: __itt_model_record_allocation
24472 : 0x1ffed6cd8b : 2 : ittapi_config_apply_per_lib :  ITTAPI function not implemented: __itt_model_record_deallocation
24472 : 0x1ffed6cd9d : 2 : ittapi_config_apply_per_lib :  ITTAPI function not implemented: __itt_model_induction_uses
24472 : 0x1ffed6cdaf : 2 : ittapi_config_apply_per_lib :  ITTAPI function not implemented: __itt_model_reduction_uses
24472 : 0x1ffed6cdc1 : 2 : ittapi_config_apply_per_lib :  ITTAPI function not implemented: __itt_model_observe_uses
24472 : 0x1ffed6cdd3 : 2 : ittapi_config_apply_per_lib :  ITTAPI function not implemented: __itt_model_clear_uses
24472 : 0x1ffed6cde4 : 2 : ittapi_config_apply_per_lib :  ITTAPI function not implemented: __itt_model_site_beginW
24472 : 0x1ffed6ce2b : 2 : ittapi_config_apply_per_lib :  ITTAPI function not implemented: __itt_model_task_beginW
24472 : 0x1ffed6ce3f : 2 : ittapi_config_apply_per_lib :  ITTAPI function not implemented: __itt_model_iteration_taskW
24472 : 0x1ffed6ce52 : 2 : ittapi_config_apply_per_lib :  ITTAPI function not implemented: __itt_model_site_beginA
24472 : 0x1ffed6ce63 : 2 : ittapi_config_apply_per_lib :  ITTAPI function not implemented: __itt_model_site_beginAL
24472 : 0x1ffed6ce75 : 2 : ittapi_config_apply_per_lib :  ITTAPI function not implemented: __itt_model_task_beginA
24472 : 0x1ffed6ce86 : 2 : ittapi_config_apply_per_lib :  ITTAPI function not implemented: __itt_model_task_beginAL
24472 : 0x1ffed6ce98 : 2 : ittapi_config_apply_per_lib :  ITTAPI function not implemented: __itt_model_iteration_taskA
24472 : 0x1ffed6ceaa : 2 : ittapi_config_apply_per_lib :  ITTAPI function not implemented: __itt_model_iteration_taskAL
24472 : 0x1ffed6cebb : 2 : ittapi_config_apply_per_lib :  ITTAPI function not implemented: __itt_model_site_end_2
24472 : 0x1ffed6cecd : 2 : ittapi_config_apply_per_lib :  ITTAPI function not implemented: __itt_model_task_end_2
24472 : 0x1ffed6cf04 : 2 : ittapi_config_apply_per_lib :  ITTAPI function not implemented: __itt_model_lock_acquire_2
24472 : 0x1ffed6cf16 : 2 : ittapi_config_apply_per_lib :  ITTAPI function not implemented: __itt_model_lock_release_2
24472 : 0x1ffed6cf28 : 2 : ittapi_config_apply_per_lib :  ITTAPI function not implemented: __itt_model_aggregate_task
24472 : 0x1ffed6cf39 : 2 : ittapi_config_apply_per_lib :  ITTAPI function not implemented: __itt_model_disable_push
24472 : 0x1ffed6cf4b : 2 : ittapi_config_apply_per_lib :  ITTAPI function not implemented: __itt_model_disable_pop
24472 : 0x1ffed6cf5e : 2 : ittapi_config_apply_per_lib :  ITTAPI function instrumented: __itt_heap_function_createA
24472 : 0x1ffed6cf6f : 2 : ittapi_config_apply_per_lib :  ITTAPI function instrumented: __itt_heap_function_createW
24472 : 0x1ffed6cfe6 : 2 : ittapi_config_apply_per_lib :  ITTAPI function instrumented: __itt_heap_allocate_begin
24472 : 0x1ffed6cff9 : 2 : ittapi_config_apply_per_lib :  ITTAPI function instrumented: __itt_heap_allocate_end
24472 : 0x1ffed6d009 : 2 : ittapi_config_apply_per_lib :  ITTAPI function instrumented: __itt_heap_free_begin
24472 : 0x1ffed6d064 : 2 : ittapi_config_apply_per_lib :  ITTAPI function instrumented: __itt_heap_free_end
24472 : 0x1ffed6d076 : 2 : ittapi_config_apply_per_lib :  ITTAPI function instrumented: __itt_heap_reallocate_begin
24472 : 0x1ffed6d086 : 2 : ittapi_config_apply_per_lib :  ITTAPI function instrumented: __itt_heap_reallocate_end
24472 : 0x1ffed6d09b : 2 : ittapi_config_apply_per_lib :  ITTAPI function not implemented: __itt_heap_internal_access_begin
24472 : 0x1ffed6d0ae : 2 : ittapi_config_apply_per_lib :  ITTAPI function not implemented: __itt_heap_internal_access_end
24472 : 0x1ffed6d0c2 : 2 : ittapi_config_apply_per_lib :  ITTAPI function not implemented: __itt_heap_record_memory_growth_begin
24472 : 0x1ffed6d0d6 : 2 : ittapi_config_apply_per_lib :  ITTAPI function not implemented: __itt_heap_record_memory_growth_end
24472 : 0x1ffed6d0e9 : 2 : ittapi_config_apply_per_lib :  ITTAPI function not implemented: __itt_heap_reset_detection
24472 : 0x1ffed6d0fb : 2 : ittapi_config_apply_per_lib :  ITTAPI function not implemented: __itt_heap_record
24472 : 0x1ffed6d156 : 2 : ittapi_config_apply_per_lib :  ITTAPI function not implemented: __itt_id_create
24472 : 0x1ffed6d1a9 : 2 : ittapi_config_apply_per_lib :  ITTAPI function not implemented: __itt_id_destroy
24472 : 0x1ffed6d1bb : 2 : ittapi_config_apply_per_lib :  ITTAPI function instrumented: __itt_get_timestamp
24472 : 0x1ffed6d1ce : 2 : ittapi_config_apply_per_lib :  ITTAPI function not implemented: __itt_region_begin
24472 : 0x1ffed6d1df : 2 : ittapi_config_apply_per_lib :  ITTAPI function not implemented: __itt_region_end
24472 : 0x1ffed6d1f1 : 2 : ittapi_config_apply_per_lib :  ITTAPI function instrumented: __itt_frame_begin_v3
24472 : 0x1ffed6d202 : 2 : ittapi_config_apply_per_lib :  ITTAPI function instrumented: __itt_frame_end_v3
24472 : 0x1ffed6d213 : 2 : ittapi_config_apply_per_lib :  ITTAPI function instrumented: __itt_frame_submit_v3
24472 : 0x1ffed6d225 : 2 : ittapi_config_apply_per_lib :  ITTAPI function not implemented: __itt_task_group
24472 : 0x1ffed6d236 : 2 : ittapi_config_apply_per_lib :  ITTAPI function instrumented: __itt_task_begin
24472 : 0x1ffed6d246 : 2 : ittapi_config_apply_per_lib :  ITTAPI function instrumented: __itt_task_begin_fn
24472 : 0x1ffed6d27d : 2 : ittapi_config_apply_per_lib :  ITTAPI function instrumented: __itt_task_end
24472 : 0x1ffed6d2d7 : 2 : ittapi_config_apply_per_lib :  ITTAPI function not implemented: __itt_counter_inc_v3
24472 : 0x1ffed6d2ea : 2 : ittapi_config_apply_per_lib :  ITTAPI function not implemented: __itt_counter_inc_delta_v3
24472 : 0x1ffed6d2fc : 2 : ittapi_config_apply_per_lib :  ITTAPI function not implemented: __itt_counter_dec_v3
24472 : 0x1ffed6d30f : 2 : ittapi_config_apply_per_lib :  ITTAPI function not implemented: __itt_counter_dec_delta_v3
24472 : 0x1ffed6d321 : 2 : ittapi_config_apply_per_lib :  ITTAPI function not implemented: __itt_marker
24472 : 0x1ffed6d368 : 2 : ittapi_config_apply_per_lib :  ITTAPI function instrumented: __itt_metadata_add
24472 : 0x1ffed6d37d : 2 : ittapi_config_apply_per_lib :  ITTAPI function not implemented: __itt_metadata_str_addA
24472 : 0x1ffed6d38e : 2 : ittapi_config_apply_per_lib :  ITTAPI function not implemented: __itt_metadata_str_addW
24472 : 0x1ffed6d3a1 : 2 : ittapi_config_apply_per_lib :  ITTAPI function not implemented: __itt_relation_add_to_current
24472 : 0x1ffed6d3ef : 2 : ittapi_config_apply_per_lib :  ITTAPI function not implemented: __itt_relation_add
24472 : 0x1ffed6d401 : 2 : ittapi_config_apply_per_lib :  ITTAPI function instrumented: __itt_event_createA
24472 : 0x1ffed6d411 : 2 : ittapi_config_apply_per_lib :  ITTAPI function instrumented: __itt_event_createW
24472 : 0x1ffed6d420 : 2 : ittapi_config_apply_per_lib :  ITTAPI function instrumented: __itt_event_start
24472 : 0x1ffed6d431 : 2 : ittapi_config_apply_per_lib :  ITTAPI function instrumented: __itt_event_end
24472 : 0x1ffed6d43f : 2 : ittapi_config_apply_per_lib :  ITTAPI function NOT instrumented (not matched by --itt-config option): __itt_sync_set_nameA

24472 : 0x1ffed6d452 : 2 : ittapi_config_apply_per_lib :  ITTAPI function NOT instrumented (not matched by --itt-config option): __itt_sync_set_nameW

24472 : 0x1ffed6d465 : 2 : ittapi_config_apply_per_lib :  ITTAPI function NOT instrumented (not matched by --itt-config option): __itt_notify_sync_nameA

24472 : 0x1ffed6d478 : 2 : ittapi_config_apply_per_lib :  ITTAPI function NOT instrumented (not matched by --itt-config option): __itt_notify_sync_nameW

24472 : 0x1ffed6d48b : 2 : ittapi_config_apply_per_lib :  ITTAPI function NOT instrumented (not matched by --itt-config option): __itt_notify_sync_prepare

24472 : 0x1ffed6d4ce : 2 : ittapi_config_apply_per_lib :  ITTAPI function NOT instrumented (not matched by --itt-config option): __itt_notify_sync_cancel

24472 : 0x1ffed6d4e2 : 2 : ittapi_config_apply_per_lib :  ITTAPI function NOT instrumented (not matched by --itt-config option): __itt_notify_sync_acquired

24472 : 0x1ffed6d4f6 : 2 : ittapi_config_apply_per_lib :  ITTAPI function NOT instrumented (not matched by --itt-config option): __itt_notify_sync_releasing

24472 : 0x1ffed6d50d : 2 : ittapi_config_apply_per_lib :  ITTAPI function not implemented: __itt_memory_read
24472 : 0x1ffed6d51f : 2 : ittapi_config_apply_per_lib :  ITTAPI function not implemented: __itt_memory_write
24472 : 0x1ffed6d531 : 2 : ittapi_config_apply_per_lib :  ITTAPI function not implemented: __itt_memory_update
24472 : 0x1ffed6d544 : 2 : ittapi_config_apply_per_lib :  ITTAPI function not implemented: __itt_state_get
24472 : 0x1ffed6d556 : 2 : ittapi_config_apply_per_lib :  ITTAPI function not implemented: __itt_state_set
24472 : 0x1ffed6d567 : 2 : ittapi_config_apply_per_lib :  ITTAPI function not implemented: __itt_obj_mode_set
24472 : 0x1ffed6d5bb : 2 : ittapi_config_apply_per_lib :  ITTAPI function not implemented: __itt_thr_mode_set
24472 : 0x1ffed6d611 : 2 : ittapi_config_apply_per_lib :  ITTAPI function instrumented: __itt_frame_createA
24472 : 0x1ffed6d623 : 2 : ittapi_config_apply_per_lib :  ITTAPI function instrumented: __itt_frame_createW
24472 : 0x1ffed6d633 : 2 : ittapi_config_apply_per_lib :  ITTAPI function instrumented: __itt_frame_begin
24472 : 0x1ffed6d643 : 2 : ittapi_config_apply_per_lib :  ITTAPI function instrumented: __itt_frame_end
24472 : 0x1ffed6d6e8 : 2 : ittapi_config_apply_per_lib :  ITTAPI function not implemented: __itt_counter_destroy
24472 : 0x1ffed6d6f8 : 2 : ittapi_config_apply_per_lib :  ITTAPI function instrumented: __itt_counter_inc
24472 : 0x1ffed6d708 : 2 : ittapi_config_apply_per_lib :  ITTAPI function instrumented: __itt_counter_inc_delta
24472 : 0x1ffed6d718 : 2 : ittapi_config_apply_per_lib :  ITTAPI function instrumented: __itt_counter_dec
24472 : 0x1ffed6d727 : 2 : ittapi_config_apply_per_lib :  ITTAPI function instrumented: __itt_counter_dec_delta
24472 : 0x1ffed6d74c : 2 : ittapi_config_apply_per_lib :  ITTAPI function instrumented: __itt_counter_set_value
24472 : 0x1ffed6d784 : 2 : ittapi_config_apply_per_lib :  ITTAPI function not implemented: __itt_counter_set_value_ex
24472 : 0x1ffed6d82f : 2 : ittapi_config_apply_per_lib :  ITTAPI function not implemented: __itt_mark_createA
24472 : 0x1ffed6d840 : 2 : ittapi_config_apply_per_lib :  ITTAPI function not implemented: __itt_mark_createW
24472 : 0x1ffed6d851 : 2 : ittapi_config_apply_per_lib :  ITTAPI function not implemented: __itt_markA
24472 : 0x1ffed6d862 : 2 : ittapi_config_apply_per_lib :  ITTAPI function not implemented: __itt_markW
24472 : 0x1ffed6d873 : 2 : ittapi_config_apply_per_lib :  ITTAPI function not implemented: __itt_mark_off
24472 : 0x1ffed6d885 : 2 : ittapi_config_apply_per_lib :  ITTAPI function not implemented: __itt_mark_globalA
24472 : 0x1ffed6d895 : 2 : ittapi_config_apply_per_lib :  ITTAPI function not implemented: __itt_mark_globalW
24472 : 0x1ffed6d8a7 : 2 : ittapi_config_apply_per_lib :  ITTAPI function not implemented: __itt_mark_global_off
24472 : 0x1ffed6d8b7 : 2 : ittapi_config_apply_per_lib :  ITTAPI function NOT instrumented (not matched by --itt-config option): __itt_stack_caller_create

24472 : 0x1ffed6d9b8 : 2 : ittapi_config_apply_per_lib :  ITTAPI function NOT instrumented (not matched by --itt-config option): __itt_stack_caller_destroy

24472 : 0x1ffed6d9cf : 2 : ittapi_config_apply_per_lib :  ITTAPI function NOT instrumented (not matched by --itt-config option): __itt_stack_callee_enter

24472 : 0x1ffed6d9e3 : 2 : ittapi_config_apply_per_lib :  ITTAPI function NOT instrumented (not matched by --itt-config option): __itt_stack_callee_leave

24472 : 0x1ffed6d9fb : 2 : ittapi_config_apply_per_lib :  ITTAPI function not implemented: __itt_clock_domain_create
24472 : 0x1ffed6da0e : 2 : ittapi_config_apply_per_lib :  ITTAPI function not implemented: __itt_clock_domain_reset
24472 : 0x1ffed6da1f : 2 : ittapi_config_apply_per_lib :  ITTAPI function not implemented: __itt_id_create_ex
24472 : 0x1ffed6da31 : 2 : ittapi_config_apply_per_lib :  ITTAPI function not implemented: __itt_id_destroy_ex
24472 : 0x1ffed6da44 : 2 : ittapi_config_apply_per_lib :  ITTAPI function not implemented: __itt_task_begin_ex
24472 : 0x1ffed6da56 : 2 : ittapi_config_apply_per_lib :  ITTAPI function not implemented: __itt_task_begin_fn_ex
24472 : 0x1ffed6da68 : 2 : ittapi_config_apply_per_lib :  ITTAPI function not implemented: __itt_task_end_ex
24472 : 0x1ffed6daac : 2 : ittapi_config_apply_per_lib :  ITTAPI function instrumented: __itt_task_begin_overlapped
24472 : 0x1ffed6dac0 : 2 : ittapi_config_apply_per_lib :  ITTAPI function not implemented: __itt_task_begin_overlapped_ex
24472 : 0x1ffed6dad1 : 2 : ittapi_config_apply_per_lib :  ITTAPI function instrumented: __itt_task_end_overlapped
24472 : 0x1ffed6dae3 : 2 : ittapi_config_apply_per_lib :  ITTAPI function not implemented: __itt_task_end_overlapped_ex
24472 : 0x1ffed6daf4 : 2 : ittapi_config_apply_per_lib :  ITTAPI function not implemented: __itt_marker_ex
24472 : 0x1ffed6db05 : 2 : ittapi_config_apply_per_lib :  ITTAPI function not implemented: __itt_metadata_add_with_scope
24472 : 0x1ffed6db18 : 2 : ittapi_config_apply_per_lib :  ITTAPI function not implemented: __itt_metadata_str_add_with_scopeA
24472 : 0x1ffed6db2b : 2 : ittapi_config_apply_per_lib :  ITTAPI function not implemented: __itt_metadata_str_add_with_scopeW
24472 : 0x1ffed6db3e : 2 : ittapi_config_apply_per_lib :  ITTAPI function not implemented: __itt_relation_add_to_current_ex
24472 : 0x1ffed6db51 : 2 : ittapi_config_apply_per_lib :  ITTAPI function not implemented: __itt_relation_add_ex
24472 : 0x1ffed6db87 : 2 : ittapi_config_apply_per_lib :  ITTAPI function not implemented: __itt_track_group_create
24472 : 0x1ffed6db99 : 2 : ittapi_config_apply_per_lib :  ITTAPI function not implemented: __itt_track_create
24472 : 0x1ffed6dbaa : 2 : ittapi_config_apply_per_lib :  ITTAPI function not implemented: __itt_set_track
24472 : 0x1ffed6dbbb : 2 : ittapi_config_apply_per_lib :  ITTAPI function instrumented: __itt_api_version
24472 : 0x1ffed6dbcd : 2 : ittapi_config_apply_per_lib :  ITTAPI function not implemented: __itt_av_saveA
24472 : 0x1ffed6dbde : 2 : ittapi_config_apply_per_lib :  ITTAPI function not implemented: __itt_av_saveW
24472 : 0x1ffed6dbef : 2 : ittapi_config_apply_per_lib :  ITTAPI function instrumented: __itt_module_loadA
24472 : 0x1ffed6dbff : 2 : ittapi_config_apply_per_lib :  ITTAPI function instrumented: __itt_module_loadW
24472 : 0x1ffed70ee8 : 2 : ittapi_config_mask_get :  --itt-config mask to be applied: 39
24472 : 0x1ffed70f10 : 2 : ittapi_config_apply_per_lib :  ITTAPI function instrumented: __itt_domain_createA
24472 : 0x1ffed70f87 : 2 : ittapi_config_apply_per_lib :  ITTAPI function instrumented: __itt_domain_createW
24472 : 0x1ffed70f9b : 2 : ittapi_config_apply_per_lib :  ITTAPI function instrumented: __itt_string_handle_createA
24472 : 0x1ffed70fad : 2 : ittapi_config_apply_per_lib :  ITTAPI function instrumented: __itt_string_handle_createW
24472 : 0x1ffed70fbe : 2 : ittapi_config_apply_per_lib :  ITTAPI function instrumented: __itt_pause
24472 : 0x1ffed70fcf : 2 : ittapi_config_apply_per_lib :  ITTAPI function instrumented: __itt_resume
24472 : 0x1ffed70fde : 2 : ittapi_config_apply_per_lib :  ITTAPI function instrumented: __itt_thread_set_nameA
24472 : 0x1ffed70ff0 : 2 : ittapi_config_apply_per_lib :  ITTAPI function instrumented: __itt_thread_set_nameW
24472 : 0x1ffed71000 : 2 : ittapi_config_apply_per_lib :  ITTAPI function instrumented: __itt_thread_ignore
24472 : 0x1ffed71010 : 2 : ittapi_config_apply_per_lib :  ITTAPI function instrumented: __itt_thr_name_setA
24472 : 0x1ffed71020 : 2 : ittapi_config_apply_per_lib :  ITTAPI function instrumented: __itt_thr_name_setW
24472 : 0x1ffed71067 : 2 : ittapi_config_apply_per_lib :  ITTAPI function instrumented: __itt_thr_ignore
24472 : 0x1ffed7107b : 2 : ittapi_config_apply_per_lib :  ITTAPI function not implemented: __itt_enable_attach
24472 : 0x1ffed7108b : 2 : ittapi_config_apply_per_lib :  ITTAPI function instrumented: __itt_detach
24472 : 0x1ffed71099 : 2 : ittapi_config_apply_per_lib :  ITTAPI function NOT instrumented (not matched by --itt-config option): __itt_sync_createA

24472 : 0x1ffed710ac : 2 : ittapi_config_apply_per_lib :  ITTAPI function NOT instrumented (not matched by --itt-config option): __itt_sync_createW

24472 : 0x1ffed710bf : 2 : ittapi_config_apply_per_lib :  ITTAPI function NOT instrumented (not matched by --itt-config option): __itt_sync_renameA

24472 : 0x1ffed710d2 : 2 : ittapi_config_apply_per_lib :  ITTAPI function NOT instrumented (not matched by --itt-config option): __itt_sync_renameW

24472 : 0x1ffed710e3 : 2 : ittapi_config_apply_per_lib :  ITTAPI function NOT instrumented (not matched by --itt-config option): __itt_sync_destroy

24472 : 0x1ffed710f6 : 2 : ittapi_config_apply_per_lib :  ITTAPI function NOT instrumented (not matched by --itt-config option): __itt_sync_prepare

24472 : 0x1ffed71108 : 2 : ittapi_config_apply_per_lib :  ITTAPI function NOT instrumented (not matched by --itt-config option): __itt_sync_cancel

24472 : 0x1ffed71149 : 2 : ittapi_config_apply_per_lib :  ITTAPI function NOT instrumented (not matched by --itt-config option): __itt_sync_acquired

24472 : 0x1ffed7115c : 2 : ittapi_config_apply_per_lib :  ITTAPI function NOT instrumented (not matched by --itt-config option): __itt_sync_releasing

24472 : 0x1ffed71173 : 2 : ittapi_config_apply_per_lib :  ITTAPI function not implemented: __itt_suppress_push
24472 : 0x1ffed71184 : 2 : ittapi_config_apply_per_lib :  ITTAPI function not implemented: __itt_suppress_pop
24472 : 0x1ffed71195 : 2 : ittapi_config_apply_per_lib :  ITTAPI function not implemented: __itt_suppress_mark_range
24472 : 0x1ffed711a6 : 2 : ittapi_config_apply_per_lib :  ITTAPI function not implemented: __itt_suppress_clear_range
24472 : 0x1ffed711b5 : 2 : ittapi_config_apply_per_lib :  ITTAPI function NOT instrumented (not matched by --itt-config option): __itt_sync_prepare

24472 : 0x1ffed711c7 : 2 : ittapi_config_apply_per_lib :  ITTAPI function NOT instrumented (not matched by --itt-config option): __itt_sync_cancel

24472 : 0x1ffed711da : 2 : ittapi_config_apply_per_lib :  ITTAPI function NOT instrumented (not matched by --itt-config option): __itt_sync_acquired

24472 : 0x1ffed71244 : 2 : ittapi_config_apply_per_lib :  ITTAPI function NOT instrumented (not matched by --itt-config option): __itt_sync_releasing

24472 : 0x1ffed71298 : 2 : ittapi_config_apply_per_lib :  ITTAPI function not implemented: __itt_model_site_begin
24472 : 0x1ffed712aa : 2 : ittapi_config_apply_per_lib :  ITTAPI function not implemented: __itt_model_site_end
24472 : 0x1ffed712bb : 2 : ittapi_config_apply_per_lib :  ITTAPI function not implemented: __itt_model_task_begin
24472 : 0x1ffed712cb : 2 : ittapi_config_apply_per_lib :  ITTAPI function not implemented: __itt_model_task_end
24472 : 0x1ffed712dc : 2 : ittapi_config_apply_per_lib :  ITTAPI function not implemented: __itt_model_lock_acquire
24472 : 0x1ffed712ed : 2 : ittapi_config_apply_per_lib :  ITTAPI function not implemented: __itt_model_lock_release
24472 : 0x1ffed712fe : 2 : ittapi_config_apply_per_lib :  ITTAPI function not implemented: __itt_model_record_allocation
24472 : 0x1ffed7130f : 2 : ittapi_config_apply_per_lib :  ITTAPI function not implemented: __itt_model_record_deallocation
24472 : 0x1ffed71320 : 2 : ittapi_config_apply_per_lib :  ITTAPI function not implemented: __itt_model_induction_uses
24472 : 0x1ffed71331 : 2 : ittapi_config_apply_per_lib :  ITTAPI function not implemented: __itt_model_reduction_uses
24472 : 0x1ffed71370 : 2 : ittapi_config_apply_per_lib :  ITTAPI function not implemented: __itt_model_observe_uses
24472 : 0x1ffed71383 : 2 : ittapi_config_apply_per_lib :  ITTAPI function not implemented: __itt_model_clear_uses
24472 : 0x1ffed71393 : 2 : ittapi_config_apply_per_lib :  ITTAPI function not implemented: __itt_model_site_beginW
24472 : 0x1ffed713e8 : 2 : ittapi_config_apply_per_lib :  ITTAPI function not implemented: __itt_model_task_beginW
24472 : 0x1ffed713f9 : 2 : ittapi_config_apply_per_lib :  ITTAPI function not implemented: __itt_model_iteration_taskW
24472 : 0x1ffed7140a : 2 : ittapi_config_apply_per_lib :  ITTAPI function not implemented: __itt_model_site_beginA
24472 : 0x1ffed7141b : 2 : ittapi_config_apply_per_lib :  ITTAPI function not implemented: __itt_model_site_beginAL
24472 : 0x1ffed7142b : 2 : ittapi_config_apply_per_lib :  ITTAPI function not implemented: __itt_model_task_beginA
24472 : 0x1ffed7143c : 2 : ittapi_config_apply_per_lib :  ITTAPI function not implemented: __itt_model_task_beginAL
24472 : 0x1ffed7144d : 2 : ittapi_config_apply_per_lib :  ITTAPI function not implemented: __itt_model_iteration_taskA
24472 : 0x1ffed7149b : 2 : ittapi_config_apply_per_lib :  ITTAPI function not implemented: __itt_model_iteration_taskAL
24472 : 0x1ffed714ad : 2 : ittapi_config_apply_per_lib :  ITTAPI function not implemented: __itt_model_site_end_2
24472 : 0x1ffed714be : 2 : ittapi_config_apply_per_lib :  ITTAPI function not implemented: __itt_model_task_end_2
24472 : 0x1ffed714ce : 2 : ittapi_config_apply_per_lib :  ITTAPI function not implemented: __itt_model_lock_acquire_2
24472 : 0x1ffed714df : 2 : ittapi_config_apply_per_lib :  ITTAPI function not implemented: __itt_model_lock_release_2
24472 : 0x1ffed714f0 : 2 : ittapi_config_apply_per_lib :  ITTAPI function not implemented: __itt_model_aggregate_task
24472 : 0x1ffed71500 : 2 : ittapi_config_apply_per_lib :  ITTAPI function not implemented: __itt_model_disable_push
24472 : 0x1ffed71511 : 2 : ittapi_config_apply_per_lib :  ITTAPI function not implemented: __itt_model_disable_pop
24472 : 0x1ffed71521 : 2 : ittapi_config_apply_per_lib :  ITTAPI function instrumented: __itt_heap_function_createA
24472 : 0x1ffed71532 : 2 : ittapi_config_apply_per_lib :  ITTAPI function instrumented: __itt_heap_function_createW
24472 : 0x1ffed71563 : 2 : ittapi_config_apply_per_lib :  ITTAPI function instrumented: __itt_heap_allocate_begin
24472 : 0x1ffed71573 : 2 : ittapi_config_apply_per_lib :  ITTAPI function instrumented: __itt_heap_allocate_end
24472 : 0x1ffed71582 : 2 : ittapi_config_apply_per_lib :  ITTAPI function instrumented: __itt_heap_free_begin
24472 : 0x1ffed71591 : 2 : ittapi_config_apply_per_lib :  ITTAPI function instrumented: __itt_heap_free_end
24472 : 0x1ffed715a0 : 2 : ittapi_config_apply_per_lib :  ITTAPI function instrumented: __itt_heap_reallocate_begin
24472 : 0x1ffed715b0 : 2 : ittapi_config_apply_per_lib :  ITTAPI function instrumented: __itt_heap_reallocate_end
24472 : 0x1ffed715c2 : 2 : ittapi_config_apply_per_lib :  ITTAPI function not implemented: __itt_heap_internal_access_begin
24472 : 0x1ffed715d3 : 2 : ittapi_config_apply_per_lib :  ITTAPI function not implemented: __itt_heap_internal_access_end
24472 : 0x1ffed715e5 : 2 : ittapi_config_apply_per_lib :  ITTAPI function not implemented: __itt_heap_record_memory_growth_begin
24472 : 0x1ffed715f7 : 2 : ittapi_config_apply_per_lib :  ITTAPI function not implemented: __itt_heap_record_memory_growth_end
24472 : 0x1ffed71629 : 2 : ittapi_config_apply_per_lib :  ITTAPI function not implemented: __itt_heap_reset_detection
24472 : 0x1ffed7163a : 2 : ittapi_config_apply_per_lib :  ITTAPI function not implemented: __itt_heap_record
24472 : 0x1ffed7164b : 2 : ittapi_config_apply_per_lib :  ITTAPI function not implemented: __itt_id_create
24472 : 0x1ffed7165b : 2 : ittapi_config_apply_per_lib :  ITTAPI function not implemented: __itt_id_destroy
24472 : 0x1ffed7166b : 2 : ittapi_config_apply_per_lib :  ITTAPI function instrumented: __itt_get_timestamp
24472 : 0x1ffed7167c : 2 : ittapi_config_apply_per_lib :  ITTAPI function not implemented: __itt_region_begin
24472 : 0x1ffed7168c : 2 : ittapi_config_apply_per_lib :  ITTAPI function not implemented: __itt_region_end
24472 : 0x1ffed7169c : 2 : ittapi_config_apply_per_lib :  ITTAPI function instrumented: __itt_frame_begin_v3
24472 : 0x1ffed716ac : 2 : ittapi_config_apply_per_lib :  ITTAPI function instrumented: __itt_frame_end_v3
24472 : 0x1ffed716bc : 2 : ittapi_config_apply_per_lib :  ITTAPI function instrumented: __itt_frame_submit_v3
24472 : 0x1ffed716f9 : 2 : ittapi_config_apply_per_lib :  ITTAPI function not implemented: __itt_task_group
24472 : 0x1ffed7170b : 2 : ittapi_config_apply_per_lib :  ITTAPI function instrumented: __itt_task_begin
24472 : 0x1ffed7171a : 2 : ittapi_config_apply_per_lib :  ITTAPI function instrumented: __itt_task_begin_fn
24472 : 0x1ffed7172a : 2 : ittapi_config_apply_per_lib :  ITTAPI function instrumented: __itt_task_end
24472 : 0x1ffed7173b : 2 : ittapi_config_apply_per_lib :  ITTAPI function not implemented: __itt_counter_inc_v3
24472 : 0x1ffed7174c : 2 : ittapi_config_apply_per_lib :  ITTAPI function not implemented: __itt_counter_inc_delta_v3
24472 : 0x1ffed7175e : 2 : ittapi_config_apply_per_lib :  ITTAPI function not implemented: __itt_marker
24472 : 0x1ffed7176d : 2 : ittapi_config_apply_per_lib :  ITTAPI function instrumented: __itt_metadata_add
24472 : 0x1ffed7177c : 2 : ittapi_config_apply_per_lib :  ITTAPI function not implemented: __itt_metadata_str_addA
24472 : 0x1ffed7178d : 2 : ittapi_config_apply_per_lib :  ITTAPI function not implemented: __itt_metadata_str_addW
24472 : 0x1ffed717c4 : 2 : ittapi_config_apply_per_lib :  ITTAPI function not implemented: __itt_relation_add_to_current
24472 : 0x1ffed717d6 : 2 : ittapi_config_apply_per_lib :  ITTAPI function not implemented: __itt_relation_add
24472 : 0x1ffed717e5 : 2 : ittapi_config_apply_per_lib :  ITTAPI function instrumented: __itt_event_createA
24472 : 0x1ffed717f4 : 2 : ittapi_config_apply_per_lib :  ITTAPI function instrumented: __itt_event_createW
24472 : 0x1ffed71804 : 2 : ittapi_config_apply_per_lib :  ITTAPI function instrumented: __itt_event_start
24472 : 0x1ffed71813 : 2 : ittapi_config_apply_per_lib :  ITTAPI function instrumented: __itt_event_end
24472 : 0x1ffed71820 : 2 : ittapi_config_apply_per_lib :  ITTAPI function NOT instrumented (not matched by --itt-config option): __itt_sync_set_nameA

24472 : 0x1ffed71832 : 2 : ittapi_config_apply_per_lib :  ITTAPI function NOT instrumented (not matched by --itt-config option): __itt_sync_set_nameW

24472 : 0x1ffed71844 : 2 : ittapi_config_apply_per_lib :  ITTAPI function NOT instrumented (not matched by --itt-config option): __itt_notify_sync_nameA

24472 : 0x1ffed71856 : 2 : ittapi_config_apply_per_lib :  ITTAPI function NOT instrumented (not matched by --itt-config option): __itt_notify_sync_nameW

24472 : 0x1ffed71888 : 2 : ittapi_config_apply_per_lib :  ITTAPI function NOT instrumented (not matched by --itt-config option): __itt_notify_sync_prepare

24472 : 0x1ffed7189a : 2 : ittapi_config_apply_per_lib :  ITTAPI function NOT instrumented (not matched by --itt-config option): __itt_notify_sync_cancel

24472 : 0x1ffed718ad : 2 : ittapi_config_apply_per_lib :  ITTAPI function NOT instrumented (not matched by --itt-config option): __itt_notify_sync_acquired

24472 : 0x1ffed718bf : 2 : ittapi_config_apply_per_lib :  ITTAPI function NOT instrumented (not matched by --itt-config option): __itt_notify_sync_releasing

24472 : 0x1ffed718d6 : 2 : ittapi_config_apply_per_lib :  ITTAPI function not implemented: __itt_memory_read
24472 : 0x1ffed718e7 : 2 : ittapi_config_apply_per_lib :  ITTAPI function not implemented: __itt_memory_write
24472 : 0x1ffed718f7 : 2 : ittapi_config_apply_per_lib :  ITTAPI function not implemented: __itt_memory_update
24472 : 0x1ffed71909 : 2 : ittapi_config_apply_per_lib :  ITTAPI function not implemented: __itt_state_get
24472 : 0x1ffed71919 : 2 : ittapi_config_apply_per_lib :  ITTAPI function not implemented: __itt_state_set
24472 : 0x1ffed7192a : 2 : ittapi_config_apply_per_lib :  ITTAPI function not implemented: __itt_obj_mode_set
24472 : 0x1ffed71a6b : 2 : ittapi_config_apply_per_lib :  ITTAPI function not implemented: __itt_thr_mode_set
24472 : 0x1ffed71a7f : 2 : ittapi_config_apply_per_lib :  ITTAPI function instrumented: __itt_frame_createA
24472 : 0x1ffed71a8f : 2 : ittapi_config_apply_per_lib :  ITTAPI function instrumented: __itt_frame_createW
24472 : 0x1ffed71a9e : 2 : ittapi_config_apply_per_lib :  ITTAPI function instrumented: __itt_frame_begin
24472 : 0x1ffed71aae : 2 : ittapi_config_apply_per_lib :  ITTAPI function instrumented: __itt_frame_end
24472 : 0x1ffed71abd : 2 : ittapi_config_apply_per_lib :  ITTAPI function instrumented: __itt_counter_createA
24472 : 0x1ffed71acd : 2 : ittapi_config_apply_per_lib :  ITTAPI function instrumented: __itt_counter_createW
24472 : 0x1ffed71add : 2 : ittapi_config_apply_per_lib :  ITTAPI function not implemented: __itt_counter_destroy
24472 : 0x1ffed71aee : 2 : ittapi_config_apply_per_lib :  ITTAPI function instrumented: __itt_counter_inc
24472 : 0x1ffed71afe : 2 : ittapi_config_apply_per_lib :  ITTAPI function instrumented: __itt_counter_inc_delta
24472 : 0x1ffed71b3e : 2 : ittapi_config_apply_per_lib :  ITTAPI function not implemented: __itt_mark_createA
24472 : 0x1ffed71b4f : 2 : ittapi_config_apply_per_lib :  ITTAPI function not implemented: __itt_mark_createW
24472 : 0x1ffed71b5f : 2 : ittapi_config_apply_per_lib :  ITTAPI function not implemented: __itt_markA
24472 : 0x1ffed71b6f : 2 : ittapi_config_apply_per_lib :  ITTAPI function not implemented: __itt_markW
24472 : 0x1ffed71b7f : 2 : ittapi_config_apply_per_lib :  ITTAPI function not implemented: __itt_mark_off
24472 : 0x1ffed71b8f : 2 : ittapi_config_apply_per_lib :  ITTAPI function not implemented: __itt_mark_globalA
24472 : 0x1ffed71b9f : 2 : ittapi_config_apply_per_lib :  ITTAPI function not implemented: __itt_mark_globalW
24472 : 0x1ffed71bb0 : 2 : ittapi_config_apply_per_lib :  ITTAPI function not implemented: __itt_mark_global_off
24472 : 0x1ffed71bbf : 2 : ittapi_config_apply_per_lib :  ITTAPI function NOT instrumented (not matched by --itt-config option): __itt_stack_caller_create

24472 : 0x1ffed71bd2 : 2 : ittapi_config_apply_per_lib :  ITTAPI function NOT instrumented (not matched by --itt-config option): __itt_stack_caller_destroy

24472 : 0x1ffed71c06 : 2 : ittapi_config_apply_per_lib :  ITTAPI function NOT instrumented (not matched by --itt-config option): __itt_stack_callee_enter

24472 : 0x1ffed71c19 : 2 : ittapi_config_apply_per_lib :  ITTAPI function NOT instrumented (not matched by --itt-config option): __itt_stack_callee_leave

24472 : 0x1ffed71c2f : 2 : ittapi_config_apply_per_lib :  ITTAPI function not implemented: __itt_clock_domain_create
24472 : 0x1ffed71c41 : 2 : ittapi_config_apply_per_lib :  ITTAPI function not implemented: __itt_clock_domain_reset
24472 : 0x1ffed71c52 : 2 : ittapi_config_apply_per_lib :  ITTAPI function not implemented: __itt_id_create_ex
24472 : 0x1ffed71c62 : 2 : ittapi_config_apply_per_lib :  ITTAPI function not implemented: __itt_id_destroy_ex
24472 : 0x1ffed71c73 : 2 : ittapi_config_apply_per_lib :  ITTAPI function not implemented: __itt_task_begin_ex
24472 : 0x1ffed71c84 : 2 : ittapi_config_apply_per_lib :  ITTAPI function not implemented: __itt_task_begin_fn_ex
24472 : 0x1ffed71c95 : 2 : ittapi_config_apply_per_lib :  ITTAPI function not implemented: __itt_task_end_ex
24472 : 0x1ffed71ca4 : 2 : ittapi_config_apply_per_lib :  ITTAPI function instrumented: __itt_task_begin_overlapped
24472 : 0x1ffed71cd5 : 2 : ittapi_config_apply_per_lib :  ITTAPI function not implemented: __itt_task_begin_overlapped_ex
24472 : 0x1ffed71ce6 : 2 : ittapi_config_apply_per_lib :  ITTAPI function instrumented: __itt_task_end_overlapped
24472 : 0x1ffed71cf7 : 2 : ittapi_config_apply_per_lib :  ITTAPI function not implemented: __itt_task_end_overlapped_ex
24472 : 0x1ffed71d07 : 2 : ittapi_config_apply_per_lib :  ITTAPI function not implemented: __itt_marker_ex
24472 : 0x1ffed71d18 : 2 : ittapi_config_apply_per_lib :  ITTAPI function not implemented: __itt_metadata_add_with_scope
24472 : 0x1ffed71d29 : 2 : ittapi_config_apply_per_lib :  ITTAPI function not implemented: __itt_metadata_str_add_with_scopeA
24472 : 0x1ffed71d39 : 2 : ittapi_config_apply_per_lib :  ITTAPI function not implemented: __itt_metadata_str_add_with_scopeW
24472 : 0x1ffed71d4b : 2 : ittapi_config_apply_per_lib :  ITTAPI function not implemented: __itt_relation_add_to_current_ex
24472 : 0x1ffed71d5c : 2 : ittapi_config_apply_per_lib :  ITTAPI function not implemented: __itt_relation_add_ex
24472 : 0x1ffed71d6d : 2 : ittapi_config_apply_per_lib :  ITTAPI function not implemented: __itt_track_group_create
24472 : 0x1ffed71da7 : 2 : ittapi_config_apply_per_lib :  ITTAPI function not implemented: __itt_track_create
24472 : 0x1ffed71db9 : 2 : ittapi_config_apply_per_lib :  ITTAPI function not implemented: __itt_set_track
24472 : 0x1ffed71dc8 : 2 : ittapi_config_apply_per_lib :  ITTAPI function instrumented: __itt_api_version
24472 : 0x1ffed71dd8 : 2 : ittapi_config_apply_per_lib :  ITTAPI function not implemented: __itt_av_saveA
24472 : 0x1ffed71de9 : 2 : ittapi_config_apply_per_lib :  ITTAPI function not implemented: __itt_av_saveW