
21976 : 0x146a06da8 : 1 : spill_jit_data :  Jit agent is not initialized
21976 : 0x146a07098 : 2 : ittapi_config_mask_get :  --itt-config mask to be applied: 39
21976 : 0x146a07161 : 2 : ittapi_config_apply_per_lib :  ITTAPI function instrumented: __itt_domain_createA
21976 : 0x146a0718a : 2 : ittapi_config_apply_per_lib :  ITTAPI function instrumented: __itt_domain_createW
21976 : 0x146a071a6 : 2 : ittapi_config_apply_per_lib :  ITTAPI function instrumented: __itt_string_handle_createA
21976 : 0x146a071bd : 2 : ittapi_config_apply_per_lib :  ITTAPI function instrumented: __itt_string_handle_createW
21976 : 0x146a071d4 : 2 : ittapi_config_apply_per_lib :  ITTAPI function instrumented: __itt_counter_createA
21976 : 0x146a071ea : 2 : ittapi_config_apply_per_lib :  ITTAPI function instrumented: __itt_counter_createW
21976 : 0x146a071ff : 2 : ittapi_config_apply_per_lib :  ITTAPI function instrumented: __itt_counter_create_typedA
21976 : 0x146a07216 : 2 : ittapi_config_apply_per_lib :  ITTAPI function instrumented: __itt_counter_create_typedW
21976 : 0x146a076f4 : 2 : ittapi_config_apply_per_lib :  ITTAPI function instrumented: __itt_pause
21976 : 0x146a07719 : 2 : ittapi_config_apply_per_lib :  ITTAPI function instrumented: __itt_resume
21976 : 0x146a07733 : 2 : ittapi_config_apply_per_lib :  ITTAPI function instrumented: __itt_thread_set_nameA
21976 : 0x146a0774e : 2 : ittapi_config_apply_per_lib :  ITTAPI function instrumented: __itt_thread_set_nameW
21976 : 0x146a0776c : 2 : ittapi_config_apply_per_lib :  ITTAPI function instrumented: __itt_thread_ignore
21976 : 0x146a07785 : 2 : ittapi_config_apply_per_lib :  ITTAPI function instrumented: __itt_thr_name_setA
21976 : 0x146a0779c : 2 : ittapi_config_apply_per_lib :  ITTAPI function instrumented: __itt_thr_name_setW
21976 : 0x146a077b4 : 2 : ittapi_config_apply_per_lib :  ITTAPI function instrumented: __itt_thr_ignore
21976 : 0x146a077d9 : 2 : ittapi_config_apply_per_lib :  ITTAPI function not implemented: __itt_enable_attach
21976 : 0x146a077ef : 2 : ittapi_config_apply_per_lib :  ITTAPI function instrumented: __itt_detach
21976 : 0x146a07871 : 2 : ittapi_config_apply_per_lib :  ITTAPI function NOT instrumented (not matched by --itt-config option): __itt_sync_createA

21976 : 0x146a0788e : 2 : ittapi_config_apply_per_lib :  ITTAPI function NOT instrumented (not matched by --itt-config option): __itt_sync_createW

21976 : 0x146a078a7 : 2 : ittapi_config_apply_per_lib :  ITTAPI function NOT instrumented (not matched by --itt-config option): __itt_sync_renameA

21976 : 0x146a078c4 : 2 : ittapi_config_apply_per_lib :  ITTAPI function NOT instrumented (not matched by --itt-config option): __itt_sync_renameW

21976 : 0x146a078dc : 2 : ittapi_config_apply_per_lib :  ITTAPI function NOT instrumented (not matched by --itt-config option): __itt_sync_destroy

21976 : 0x146a078f4 : 2 : ittapi_config_apply_per_lib :  ITTAPI function NOT instrumented (not matched by --itt-config option): __itt_sync_prepare

21976 : 0x146a0790c : 2 : ittapi_config_apply_per_lib :  ITTAPI function NOT instrumented (not matched by --itt-config option): __itt_sync_cancel

21976 : 0x146a07924 : 2 : ittapi_config_apply_per_lib :  ITTAPI function NOT instrumented (not matched by --itt-config option): __itt_sync_acquired

21976 : 0x146a0793c : 2 : ittapi_config_apply_per_lib :  ITTAPI function NOT instrumented (not matched by --itt-config option): __itt_sync_releasing

21976 : 0x146a0795e : 2 : ittapi_config_apply_per_lib :  ITTAPI function not implemented: __itt_suppress_push
21976 : 0x146a079ae : 2 : ittapi_config_apply_per_lib :  ITTAPI function not implemented: __itt_suppress_pop
21976 : 0x146a079c9 : 2 : ittapi_config_apply_per_lib :  ITTAPI function not implemented: __itt_suppress_mark_range
21976 : 0x146a079e4 : 2 : ittapi_config_apply_per_lib :  ITTAPI function not implemented: __itt_suppress_clear_range
21976 : 0x146a079fa : 2 : ittapi_config_apply_per_lib :  ITTAPI function NOT instrumented (not matched by --itt-config option): __itt_sync_prepare

21976 : 0x146a07a14 : 2 : ittapi_config_apply_per_lib :  ITTAPI function NOT instrumented (not matched by --itt-config option): __itt_sync_cancel

21976 : 0x146a07a30 : 2 : ittapi_config_apply_per_lib :  ITTAPI function NOT instrumented (not matched by --itt-config option): __itt_sync_acquired

21976 : 0x146a07a4b : 2 : ittapi_config_apply_per_lib :  ITTAPI function NOT instrumented (not matched by --itt-config option): __itt_sync_releasing

21976 : 0x146a07a75 : 2 : ittapi_config_apply_per_lib :  ITTAPI function not implemented: __itt_model_site_begin
21976 : 0x146a07a8f : 2 : ittapi_config_apply_per_lib :  ITTAPI function not implemented: __itt_model_site_end
21976 : 0x146a07aa6 : 2 : ittapi_config_apply_per_lib :  ITTAPI function not implemented: __itt_model_task_begin
21976 : 0x146a07bef : 2 : ittapi_config_apply_per_lib :  ITTAPI function not implemented: __itt_model_task_end
21976 : 0x146a07c0c : 2 : ittapi_config_apply_per_lib :  ITTAPI function not implemented: __itt_model_lock_acquire
21976 : 0x146a07c25 : 2 : ittapi_config_apply_per_lib :  ITTAPI function not implemented: __itt_model_lock_release
21976 : 0x146a07c3c : 2 : ittapi_config_apply_per_lib :  ITTAPI function not implemented: __itt_model_record_allocation
21976 : 0x146a07c54 : 2 : ittapi_config_apply_per_lib :  ITTAPI function not implemented: __itt_model_record_deallocation
21976 : 0x146a07c6c : 2 : ittapi_config_apply_per_lib :  ITTAPI function not implemented: __itt_model_induction_uses
21976 : 0x146a07c84 : 2 : ittapi_config_apply_per_lib :  ITTAPI function not implemented: __itt_model_reduction_uses
21976 : 0x146a07c9b : 2 : ittapi_config_apply_per_lib :  ITTAPI function not implemented: __itt_model_observe_uses
21976 : 0x146a07cb2 : 2 : ittapi_config_apply_per_lib :  ITTAPI function not implemented: __itt_model_clear_uses
21976 : 0x146a07cc9 : 2 : ittapi_config_apply_per_lib :  ITTAPI function not implemented: __itt_model_site_beginW
21976 : 0x146a07d26 : 2 : ittapi_config_apply_per_lib :  ITTAPI function not implemented: __itt_model_task_beginW
21976 : 0x146a07d46 : 2 : ittapi_config_apply_per_lib :  ITTAPI function not implemented: __itt_model_iteration_taskW
21976 : 0x146a07d60 : 2 : ittapi_config_apply_per_lib :  ITTAPI function not implemented: __itt_model_site_beginA
21976 : 0x146a07d7b : 2 : ittapi_config_apply_per_lib :  ITTAPI function not implemented: __itt_model_site_beginAL
21976 : 0x146a07d99 : 2 : ittapi_config_apply_per_lib :  ITTAPI function not implemented: __itt_model_task_beginA
21976 : 0x146a07dbe : 2 : ittapi_config_apply_per_lib :  ITTAPI function not implemented: __itt_model_task_beginAL
21976 : 0x146a07dda : 2 : ittapi_config_apply_per_lib :  ITTAPI function not implemented: __itt_model_iteration_taskA
21976 : 0x146a07df1 : 2 : ittapi_config_apply_per_lib :  ITTAPI function not implemented: __itt_model_iteration_taskAL
21976 : 0x146a07e08 : 2 : ittapi_config_apply_per_lib :  ITTAPI function not implemented: __itt_model_site_end_2
21976 : 0x146a07e1e : 2 : ittapi_config_apply_per_lib :  ITTAPI function not implemented: __itt_model_task_end_2
21976 : 0x146a07e70 : 2 : ittapi_config_apply_per_lib :  ITTAPI function not implemented: __itt_model_lock_acquire_2
21976 : 0x146a07e8a : 2 : ittapi_config_apply_per_lib :  ITTAPI function not implemented: __itt_model_lock_release_2
21976 : 0x146a07ea1 : 2 : ittapi_config_apply_per_lib :  ITTAPI function not implemented: __itt_model_aggregate_task
21976 : 0x146a07eb8 : 2 : ittapi_config_apply_per_lib :  ITTAPI function not implemented: __itt_model_disable_push
21976 : 0x146a07ece : 2 : ittapi_config_apply_per_lib :  ITTAPI function not implemented: __itt_model_disable_pop
21976 : 0x146a07ee6 : 2 : ittapi_config_apply_per_lib :  ITTAPI function instrumented: __itt_heap_function_createA
21976 : 0x146a07efc : 2 : ittapi_config_apply_per_lib :  ITTAPI function instrumented: __itt_heap_function_createW
21976 : 0x146a07f13 : 2 : ittapi_config_apply_per_lib :  ITTAPI function instrumented: __itt_heap_allocate_begin
21976 : 0x146a07f28 : 2 : ittapi_config_apply_per_lib :  ITTAPI function instrumented: __itt_heap_allocate_end
21976 : 0x146a07f3e : 2 : ittapi_config_apply_per_lib :  ITTAPI function instrumented: __itt_heap_free_begin
21976 : 0x146a07f9a : 2 : ittapi_config_apply_per_lib :  ITTAPI function instrumented: __itt_heap_free_end
21976 : 0x146a07fb1 : 2 : ittapi_config_apply_per_lib :  ITTAPI function instrumented: __itt_heap_reallocate_begin
21976 : 0x146a07fc8 : 2 : ittapi_config_apply_per_lib :  ITTAPI function instrumented: __itt_heap_reallocate_end
21976 : 0x146a07fe1 : 2 : ittapi_config_apply_per_lib :  ITTAPI function not implemented: __itt_heap_internal_access_begin
21976 : 0x146a07ff9 : 2 : ittapi_config_apply_per_lib :  ITTAPI function not implemented: __itt_heap_internal_access_end
21976 : 0x146a08012 : 2 : ittapi_config_apply_per_lib :  ITTAPI function not implemented: __itt_heap_record_memory_growth_begin
21976 : 0x146a0802b : 2 : ittapi_config_apply_per_lib :  ITTAPI function not implemented: __itt_heap_record_memory_growth_end
21976 : 0x146a08044 : 2 : ittapi_config_apply_per_lib :  ITTAPI function not implemented: __itt_heap_reset_detection
21976 : 0x146a0805f : 2 : ittapi_config_apply_per_lib :  ITTAPI function not implemented: __itt_heap_record
21976 : 0x146a0807a : 2 : ittapi_config_apply_per_lib :  ITTAPI function not implemented: __itt_id_create
21976 : 0x146a080db : 2 : ittapi_config_apply_per_lib :  ITTAPI function not implemented: __itt_id_destroy
21976 : 0x146a080f9 : 2 : ittapi_config_apply_per_lib :  ITTAPI function instrumented: __itt_get_timestamp
21976 : 0x146a08115 : 2 : ittapi_config_apply_per_lib :  ITTAPI function not implemented: __itt_region_begin
21976 : 0x146a08132 : 2 : ittapi_config_apply_per_lib :  ITTAPI function not implemented: __itt_region_end
21976 : 0x146a0814d : 2 : ittapi_config_apply_per_lib :  ITTAPI function instrumented: __itt_frame_begin_v3
21976 : 0x146a08168 : 2 : ittapi_config_apply_per_lib :  ITTAPI function instrumented: __itt_frame_end_v3
21976 : 0x146a08182 : 2 : ittapi_config_apply_per_lib :  ITTAPI function instrumented: __itt_frame_submit_v3
21976 : 0x146a0819f : 2 : ittapi_config_apply_per_lib :  ITTAPI function not implemented: __itt_task_group
21976 : 0x146a081bc : 2 : ittapi_config_apply_per_lib :  ITTAPI function instrumented: __itt_task_begin
21976 : 0x146a081d6 : 2 : ittapi_config_apply_per_lib :  ITTAPI function instrumented: __itt_task_begin_fn
21976 : 0x146a08231 : 2 : ittapi_config_apply_per_lib :  ITTAPI function instrumented: __itt_task_end
21976 : 0x146a08251 : 2 : ittapi_config_apply_per_lib :  ITTAPI function not implemented: __itt_counter_inc_v3
21976 : 0x146a08270 : 2 : ittapi_config_apply_per_lib :  ITTAPI function not implemented: __itt_counter_inc_delta_v3
21976 : 0x146a0828f : 2 : ittapi_config_apply_per_lib :  ITTAPI function not implemented: __itt_counter_dec_v3
21976 : 0x146a082ab : 2 : ittapi_config_apply_per_lib :  ITTAPI function not implemented: __itt_counter_dec_delta_v3
21976 : 0x146a082ca : 2 : ittapi_config_apply_per_lib :  ITTAPI function not implemented: __itt_marker
21976 : 0x146a082e4 : 2 : ittapi_config_apply_per_lib :  ITTAPI function instrumented: __itt_metadata_add
21976 : 0x146a08300 : 2 : ittapi_config_apply_per_lib :  ITTAPI function not implemented: __itt_metadata_str_addA
21976 : 0x146a0831e : 2 : ittapi_config_apply_per_lib :  ITTAPI function not implemented: __itt_metadata_str_addW
21976 : 0x146a0833a : 2 : ittapi_config_apply_per_lib :  ITTAPI function not implemented: __itt_relation_add_to_current
21976 : 0x146a08393 : 2 : ittapi_config_apply_per_lib :  ITTAPI function not implemented: __itt_relation_add
21976 : 0x146a083b0 : 2 : ittapi_config_apply_per_lib :  ITTAPI function instrumented: __itt_event_createA
21976 : 0x146a083ca : 2 : ittapi_config_apply_per_lib :  ITTAPI function instrumented: __itt_event_createW
21976 : 0x146a083e7 : 2 : ittapi_config_apply_per_lib :  ITTAPI function instrumented: __itt_event_start
21976 : 0x146a08402 : 2 : ittapi_config_apply_per_lib :  ITTAPI function instrumented: __itt_event_end
21976 : 0x146a08419 : 2 : ittapi_config_apply_per_lib :  ITTAPI function NOT instrumented (not matched by --itt-config option): __itt_sync_set_nameA

21976 : 0x146a0843b : 2 : ittapi_config_apply_per_lib :  ITTAPI function NOT instrumented (not matched by --itt-config option): __itt_sync_set_nameW

21976 : 0x146a08533 : 2 : ittapi_config_apply_per_lib :  ITTAPI function NOT instrumented (not matched by --itt-config option): __itt_notify_sync_nameA

21976 : 0x146a08551 : 2 : ittapi_config_apply_per_lib :  ITTAPI function NOT instrumented (not matched by --itt-config option): __itt_notify_sync_nameW

21976 : 0x146a0856c : 2 : ittapi_config_apply_per_lib :  ITTAPI function NOT instrumented (not matched by --itt-config option): __itt_notify_sync_prepare

21976 : 0x146a085df : 2 : ittapi_config_apply_per_lib :  ITTAPI function NOT instrumented (not matched by --itt-config option): __itt_notify_sync_cancel

21976 : 0x146a08601 : 2 : ittapi_config_apply_per_lib :  ITTAPI function NOT instrumented (not matched by --itt-config option): __itt_notify_sync_acquired

21976 : 0x146a08620 : 2 : ittapi_config_apply_per_lib :  ITTAPI function NOT instrumented (not matched by --itt-config option): __itt_notify_sync_releasing

21976 : 0x146a08649 : 2 : ittapi_config_apply_per_lib :  ITTAPI function not implemented: __itt_memory_read
21976 : 0x146a08665 : 2 : ittapi_config_apply_per_lib :  ITTAPI function not implemented: __itt_memory_write
21976 : 0x146a08680 : 2 : ittapi_config_apply_per_lib :  ITTAPI function not implemented: __itt_memory_update
21976 : 0x146a0869d : 2 : ittapi_config_apply_per_lib :  ITTAPI function not implemented: __itt_state_get
21976 : 0x146a086ba : 2 : ittapi_config_apply_per_lib :  ITTAPI function not implemented: __itt_state_set
21976 : 0x146a086d6 : 2 : ittapi_config_apply_per_lib :  ITTAPI function not implemented: __itt_obj_mode_set
21976 : 0x146a086f4 : 2 : ittapi_config_apply_per_lib :  ITTAPI function not implemented: __itt_thr_mode_set
21976 : 0x146a0875a : 2 : ittapi_config_apply_per_lib :  ITTAPI function instrumented: __itt_frame_createA
21976 : 0x146a08775 : 2 : ittapi_config_apply_per_lib :  ITTAPI function instrumented: __itt_frame_createW
21976 : 0x146a0878e : 2 : ittapi_config_apply_per_lib :  ITTAPI function instrumented: __itt_frame_begin
21976 : 0x146a087a7 : 2 : ittapi_config_apply_per_lib :  ITTAPI function instrumented: __itt_frame_end
21976 : 0x146a087c5 : 2 : ittapi_config_apply_per_lib :  ITTAPI function not implemented: __itt_counter_destroy
21976 : 0x146a087e1 : 2 : ittapi_config_apply_per_lib :  ITTAPI function instrumented: __itt_counter_inc
21976 : 0x146a087fb : 2 : ittapi_config_apply_per_lib :  ITTAPI function instrumented: __itt_counter_inc_delta
21976 : 0x146a08816 : 2 : ittapi_config_apply_per_lib :  ITTAPI function instrumented: __itt_counter_dec
21976 : 0x146a08831 : 2 : ittapi_config_apply_per_lib :  ITTAPI function instrumented: __itt_counter_dec_delta
21976 : 0x146a0884d : 2 : ittapi_config_apply_per_lib :  ITTAPI function instrumented: __itt_counter_set_value
21976 : 0x146a088a7 : 2 : ittapi_config_apply_per_lib :  ITTAPI function not implemented: __itt_counter_set_value_ex
21976 : 0x146a088c7 : 2 : ittapi_config_apply_per_lib :  ITTAPI function not implemented: __itt_mark_createA
21976 : 0x146a088e3 : 2 : ittapi_config_apply_per_lib :  ITTAPI function not implemented: __itt_mark_createW
21976 : 0x146a088fe : 2 : ittapi_config_apply_per_lib :  ITTAPI function not implemented: __itt_markA
21976 : 0x146a0891a : 2 : ittapi_config_apply_per_lib :  ITTAPI function not implemented: __itt_markW
21976 : 0x146a08936 : 2 : ittapi_config_apply_per_lib :  ITTAPI function not implemented: __itt_mark_off
21976 : 0x146a08950 : 2 : ittapi_config_apply_per_lib :  ITTAPI function not implemented: __itt_mark_globalA
21976 : 0x146a0896d : 2 : ittapi_config_apply_per_lib :  ITTAPI function not implemented: __itt_mark_globalW
21976 : 0x146a08989 : 2 : ittapi_config_apply_per_lib :  ITTAPI function not implemented: __itt_mark_global_off
21976 : 0x146a089a4 : 2 : ittapi_config_apply_per_lib :  ITTAPI function NOT instrumented (not matched by --itt-config option): __itt_stack_caller_create

21976 : 0x146a089f8 : 2 : ittapi_config_apply_per_lib :  ITTAPI function NOT instrumented (not matched by --itt-config option): __itt_stack_caller_destroy

21976 : 0x146a08a19 : 2 : ittapi_config_apply_per_lib :  ITTAPI function NOT instrumented (not matched by --itt-config option): __itt_stack_callee_enter

21976 : 0x146a08aa9 : 2 : ittapi_config_apply_per_lib :  ITTAPI function NOT instrumented (not matched by --itt-config option): __itt_stack_callee_leave

21976 : 0x146a08ad6 : 2 : ittapi_config_apply_per_lib :  ITTAPI function not implemented: __itt_clock_domain_create
21976 : 0x146a08af4 : 2 : ittapi_config_apply_per_lib :  ITTAPI function not implemented: __itt_clock_domain_reset
21976 : 0x146a08b10 : 2 : ittapi_config_apply_per_lib :  ITTAPI function not implemented: __itt_id_create_ex
21976 : 0x146a08b2c : 2 : ittapi_config_apply_per_lib :  ITTAPI function not implemented: __itt_id_destroy_ex
21976 : 0x146a08b9c : 2 : ittapi_config_apply_per_lib :  ITTAPI function not implemented: __itt_task_begin_ex
21976 : 0x146a08bbe : 2 : ittapi_config_apply_per_lib :  ITTAPI function not implemented: __itt_task_begin_fn_ex
21976 : 0x146a08bdc : 2 : ittapi_config_apply_per_lib :  ITTAPI function not implemented: __itt_task_end_ex
21976 : 0x146a08d73 : 2 : ittapi_config_apply_per_lib :  ITTAPI function instrumented: __itt_task_begin_overlapped
21976 : 0x146a08d97 : 2 : ittapi_config_apply_per_lib :  ITTAPI function not implemented: __itt_task_begin_overlapped_ex
21976 : 0x146a08db2 : 2 : ittapi_config_apply_per_lib :  ITTAPI function instrumented: __itt_task_end_overlapped
21976 : 0x146a08dcf : 2 : ittapi_config_apply_per_lib :  ITTAPI function not implemented: __itt_task_end_overlapped_ex
21976 : 0x146a08dec : 2 : ittapi_config_apply_per_lib :  ITTAPI function not implemented: __itt_marker_ex
21976 : 0x146a08e08 : 2 : ittapi_config_apply_per_lib :  ITTAPI function not implemented: __itt_metadata_add_with_scope
21976 : 0x146a08e26 : 2 : ittapi_config_apply_per_lib :  ITTAPI function not implemented: __itt_metadata_str_add_with_scopeA
21976 : 0x146a08e43 : 2 : ittapi_config_apply_per_lib :  ITTAPI function not implemented: __itt_metadata_str_add_with_scopeW
21976 : 0x146a08e61 : 2 : ittapi_config_apply_per_lib :  ITTAPI function not implemented: __itt_relation_add_to_current_ex
21976 : 0x146a08e7e : 2 : ittapi_config_apply_per_lib :  ITTAPI function not implemented: __itt_relation_add_ex
21976 : 0x146a08ee4 : 2 : ittapi_config_apply_per_lib :  ITTAPI function not implemented: __itt_track_group_create
21976 : 0x146a08f02 : 2 : ittapi_config_apply_per_lib :  ITTAPI function not implemented: __itt_track_create
21976 : 0x146a08f1e : 2 : ittapi_config_apply_per_lib :  ITTAPI function not implemented: __itt_set_track
21976 : 0x146a08f38 : 2 : ittapi_config_apply_per_lib :  ITTAPI function instrumented: __itt_api_version
21976 : 0x146a08f52 : 2 : ittapi_config_apply_per_lib :  ITTAPI function not implemented: __itt_av_saveA
21976 : 0x146a08f6d : 2 : ittapi_config_apply_per_lib :  ITTAPI function not implemented: __itt_av_saveW
21976 : 0x146a08f88 : 2 : ittapi_config_apply_per_lib :  ITTAPI function instrumented: __itt_module_loadA
21976 : 0x146a08fa2 : 2 : ittapi_config_apply_per_lib :  ITTAPI function instrumented: __itt_module_loadW
21976 : 0x146a09a39 : 2 : ittapi_config_mask_get :  --itt-config mask to be applied: 39
21976 : 0x146a09a66 : 2 : ittapi_config_apply_per_lib :  ITTAPI function instrumented: __itt_domain_createA
21976 : 0x146a09af8 : 2 : ittapi_config_apply_per_lib :  ITTAPI function instrumented: __itt_domain_createW
21976 : 0x146a09b17 : 2 : ittapi_config_apply_per_lib :  ITTAPI function instrumented: __itt_string_handle_createA
21976 : 0x146a09b32 : 2 : ittapi_config_apply_per_lib :  ITTAPI function instrumented: __itt_string_handle_createW
21976 : 0x146a09b4d : 2 : ittapi_config_apply_per_lib :  ITTAPI function instrumented: __itt_pause
21976 : 0x146a09b68 : 2 : ittapi_config_apply_per_lib :  ITTAPI function instrumented: __itt_resume
21976 : 0x146a09b83 : 2 : ittapi_config_apply_per_lib :  ITTAPI function instrumented: __itt_thread_set_nameA
21976 : 0x146a09b9f : 2 : ittapi_config_apply_per_lib :  ITTAPI function instrumented: __itt_thread_set_nameW
21976 : 0x146a09bb9 : 2 : ittapi_config_apply_per_lib :  ITTAPI function instrumented: __itt_thread_ignore
21976 : 0x146a09bd2 : 2 : ittapi_config_apply_per_lib :  ITTAPI function instrumented: __itt_thr_name_setA
21976 : 0x146a09bee : 2 : ittapi_config_apply_per_lib :  ITTAPI function instrumented: __itt_thr_name_setW
21976 : 0x146a09ce2 : 2 : ittapi_config_apply_per_lib :  ITTAPI function instrumented: __itt_thr_ignore
21976 : 0x146a09d04 : 2 : ittapi_config_apply_per_lib :  ITTAPI function not implemented: __itt_enable_attach
21976 : 0x146a09d1e : 2 : ittapi_config_apply_per_lib :  ITTAPI function instrumented: __itt_detach
21976 : 0x146a09d34 : 2 : ittapi_config_apply_per_lib :  ITTAPI function NOT instrumented (not matched by --itt-config option): __itt_sync_createA

21976 : 0x146a09d53 : 2 : ittapi_config_apply_per_lib :  ITTAPI function NOT instrumented (not matched by --itt-config option): __itt_sync_createW

21976 : 0x146a09d72 : 2 : ittapi_config_apply_per_lib :  ITTAPI function NOT instrumented (not matched by --itt-config option): __itt_sync_renameA

21976 : 0x146a09d8f : 2 : ittapi_config_apply_per_lib :  ITTAPI function NOT instrumented (not matched by --itt-config option): __itt_sync_renameW

21976 : 0x146a09dac : 2 : ittapi_config_apply_per_lib :  ITTAPI function NOT instrumented (not matched by --itt-config option): __itt_sync_destroy

21976 : 0x146a09dca : 2 : ittapi_config_apply_per_lib :  ITTAPI function NOT instrumented (not matched by --itt-config option): __itt_sync_prepare

21976 : 0x146a09de6 : 2 : ittapi_config_apply_per_lib :  ITTAPI function NOT instrumented (not matched by --itt-config option): __itt_sync_cancel

21976 : 0x146a09e49 : 2 : ittapi_config_apply_per_lib :  ITTAPI function NOT instrumented (not matched by --itt-config option): __itt_sync_acquired

21976 : 0x146a09e69 : 2 : ittapi_config_apply_per_lib :  ITTAPI function NOT instrumented (not matched by --itt-config option): __itt_sync_releasing

21976 : 0x146a09e8e : 2 : ittapi_config_apply_per_lib :  ITTAPI function not implemented: __itt_suppress_push
21976 : 0x146a09eab : 2 : ittapi_config_apply_per_lib :  ITTAPI function not implemented: __itt_suppress_pop
21976 : 0x146a09ec7 : 2 : ittapi_config_apply_per_lib :  ITTAPI function not implemented: __itt_suppress_mark_range
21976 : 0x146a09ee3 : 2 : ittapi_config_apply_per_lib :  ITTAPI function not implemented: __itt_suppress_clear_range
21976 : 0x146a09efd : 2 : ittapi_config_apply_per_lib :  ITTAPI function NOT instrumented (not matched by --itt-config option): __itt_sync_prepare

21976 : 0x146a09f1a : 2 : ittapi_config_apply_per_lib :  ITTAPI function NOT instrumented (not matched by --itt-config option): __itt_sync_cancel

21976 : 0x146a09f37 : 2 : ittapi_config_apply_per_lib :  ITTAPI function NOT instrumented (not matched by --itt-config option): __itt_sync_acquired

21976 : 0x146a09f56 : 2 : ittapi_config_apply_per_lib :  ITTAPI function NOT instrumented (not matched by --itt-config option): __itt_sync_releasing

21976 : 0x146a09fae : 2 : ittapi_config_apply_per_lib :  ITTAPI function not implemented: __itt_model_site_begin
21976 : 0x146a09fcc : 2 : ittapi_config_apply_per_lib :  ITTAPI function not implemented: __itt_model_site_end
21976 : 0x146a09fe8 : 2 : ittapi_config_apply_per_lib :  ITTAPI function not implemented: __itt_model_task_begin
21976 : 0x146a0a003 : 2 : ittapi_config_apply_per_lib :  ITTAPI function not implemented: __itt_model_task_end
21976 : 0x146a0a01f : 2 : ittapi_config_apply_per_lib :  ITTAPI function not implemented: __itt_model_lock_acquire
21976 : 0x146a0a03d : 2 : ittapi_config_apply_per_lib :  ITTAPI function not implemented: __itt_model_lock_release
21976 : 0x146a0a059 : 2 : ittapi_config_apply_per_lib :  ITTAPI function not implemented: __itt_model_record_allocation
21976 : 0x146a0a077 : 2 : ittapi_config_apply_per_lib :  ITTAPI function not implemented: __itt_model_record_deallocation
21976 : 0x146a0a093 : 2 : ittapi_config_apply_per_lib :  ITTAPI function not implemented: __itt_model_induction_uses
21976 : 0x146a0a0b1 : 2 : ittapi_config_apply_per_lib :  ITTAPI function not implemented: __itt_model_reduction_uses
21976 : 0x146a0a10a : 2 : ittapi_config_apply_per_lib :  ITTAPI function not implemented: __itt_model_observe_uses
21976 : 0x146a0a127 : 2 : ittapi_config_apply_per_lib :  ITTAPI function not implemented: __itt_model_clear_uses
21976 : 0x146a0a1ca : 2 : ittapi_config_apply_per_lib :  ITTAPI function not implemented: __itt_model_site_beginW
21976 : 0x146a0a1e4 : 2 : ittapi_config_apply_per_lib :  ITTAPI function not implemented: __itt_model_task_beginW
21976 : 0x146a0a1fd : 2 : ittapi_config_apply_per_lib :  ITTAPI function not implemented: __itt_model_iteration_taskW
21976 : 0x146a0a216 : 2 : ittapi_config_apply_per_lib :  ITTAPI function not implemented: __itt_model_site_beginA
21976 : 0x146a0a22f : 2 : ittapi_config_apply_per_lib :  ITTAPI function not implemented: __itt_model_site_beginAL
21976 : 0x146a0a247 : 2 : ittapi_config_apply_per_lib :  ITTAPI function not implemented: __itt_model_task_beginA
21976 : 0x146a0a260 : 2 : ittapi_config_apply_per_lib :  ITTAPI function not implemented: __itt_model_task_beginAL
21976 : 0x146a0a27a : 2 : ittapi_config_apply_per_lib :  ITTAPI function not implemented: __itt_model_iteration_taskA
21976 : 0x146a0a2ce : 2 : ittapi_config_apply_per_lib :  ITTAPI function not implemented: __itt_model_iteration_taskAL
21976 : 0x146a0a2ea : 2 : ittapi_config_apply_per_lib :  ITTAPI function not implemented: __itt_model_site_end_2
21976 : 0x146a0a304 : 2 : ittapi_config_apply_per_lib :  ITTAPI function not implemented: __itt_model_task_end_2
21976 : 0x146a0a31d : 2 : ittapi_config_apply_per_lib :  ITTAPI function not implemented: __itt_model_lock_acquire_2
21976 : 0x146a0a335 : 2 : ittapi_config_apply_per_lib :  ITTAPI function not implemented: __itt_model_lock_release_2
21976 : 0x146a0a34e : 2 : ittapi_config_apply_per_lib :  ITTAPI function not implemented: __itt_model_aggregate_task
21976 : 0x146a0a367 : 2 : ittapi_config_apply_per_lib :  ITTAPI function not implemented: __itt_model_disable_push
21976 : 0x146a0a380 : 2 : ittapi_config_apply_per_lib :  ITTAPI function not implemented: __itt_model_disable_pop
21976 : 0x146a0a398 : 2 : ittapi_config_apply_per_lib :  ITTAPI function instrumented: __itt_heap_function_createA
21976 : 0x146a0a3b0 : 2 : ittapi_config_apply_per_lib :  ITTAPI function instrumented: __itt_heap_function_createW
21976 : 0x146a0a3f8 : 2 : ittapi_config_apply_per_lib :  ITTAPI function instrumented: __itt_heap_allocate_begin
21976 : 0x146a0a412 : 2 : ittapi_config_apply_per_lib :  ITTAPI function instrumented: __itt_heap_allocate_end
21976 : 0x146a0a42c : 2 : ittapi_config_apply_per_lib :  ITTAPI function instrumented: __itt_heap_free_begin
21976 : 0x146a0a443 : 2 : ittapi_config_apply_per_lib :  ITTAPI function instrumented: __itt_heap_free_end
21976 : 0x146a0a45a : 2 : ittapi_config_apply_per_lib :  ITTAPI function instrumented: __itt_heap_reallocate_begin
21976 : 0x146a0a472 : 2 : ittapi_config_apply_per_lib :  ITTAPI function instrumented: __itt_heap_reallocate_end
21976 : 0x146a0a48d : 2 : ittapi_config_apply_per_lib :  ITTAPI function not implemented: __itt_heap_internal_access_begin
21976 : 0x146a0a4a7 : 2 : ittapi_config_apply_per_lib :  ITTAPI function not implemented: __itt_heap_internal_access_end
21976 : 0x146a0a4c1 : 2 : ittapi_config_apply_per_lib :  ITTAPI function not implemented: __itt_heap_record_memory_growth_begin
21976 : 0x146a0a4dd : 2 : ittapi_config_apply_per_lib :  ITTAPI function not implemented: __itt_heap_record_memory_growth_end
21976 : 0x146a0a592 : 2 : ittapi_config_apply_per_lib :  ITTAPI function not implemented: __itt_heap_reset_detection
21976 : 0x146a0a5b0 : 2 : ittapi_config_apply_per_lib :  ITTAPI function not implemented: __itt_heap_record
21976 : 0x146a0a5ca : 2 : ittapi_config_apply_per_lib :  ITTAPI function not implemented: __itt_id_create
21976 : 0x146a0a5e2 : 2 : ittapi_config_apply_per_lib :  ITTAPI function not implemented: __itt_id_destroy
21976 : 0x146a0a5fa : 2 : ittapi_config_apply_per_lib :  ITTAPI function instrumented: __itt_get_timestamp
21976 : 0x146a0a614 : 2 : ittapi_config_apply_per_lib :  ITTAPI function not implemented: __itt_region_begin
21976 : 0x146a0a62d : 2 : ittapi_config_apply_per_lib :  ITTAPI function not implemented: __itt_region_end
21976 : 0x146a0a646 : 2 : ittapi_config_apply_per_lib :  ITTAPI function instrumented: __itt_frame_begin_v3
21976 : 0x146a0a65e : 2 : ittapi_config_apply_per_lib :  ITTAPI function instrumented: __itt_frame_end_v3
21976 : 0x146a0a675 : 2 : ittapi_config_apply_per_lib :  ITTAPI function instrumented: __itt_frame_submit_v3
21976 : 0x146a0a73e : 2 : ittapi_config_apply_per_lib :  ITTAPI function not implemented: __itt_task_group
21976 : 0x146a0a759 : 2 : ittapi_config_apply_per_lib :  ITTAPI function instrumented: __itt_task_begin
21976 : 0x146a0a771 : 2 : ittapi_config_apply_per_lib :  ITTAPI function instrumented: __itt_task_begin_fn
21976 : 0x146a0a78a : 2 : ittapi_config_apply_per_lib :  ITTAPI function instrumented: __itt_task_end
21976 : 0x146a0a7a5 : 2 : ittapi_config_apply_per_lib :  ITTAPI function not implemented: __itt_counter_inc_v3
21976 : 0x146a0a7c0 : 2 : ittapi_config_apply_per_lib :  ITTAPI function not implemented: __itt_counter_inc_delta_v3
21976 : 0x146a0a7db : 2 : ittapi_config_apply_per_lib :  ITTAPI function not implemented: __itt_marker
21976 : 0x146a0a7f2 : 2 : ittapi_config_apply_per_lib :  ITTAPI function instrumented: __itt_metadata_add
21976 : 0x146a0a80b : 2 : ittapi_config_apply_per_lib :  ITTAPI function not implemented: __itt_metadata_str_addA
21976 : 0x146a0a826 : 2 : ittapi_config_apply_per_lib :  ITTAPI function not implemented: __itt_metadata_str_addW
21976 : 0x146a0a87b : 2 : ittapi_config_apply_per_lib :  ITTAPI function not implemented: __itt_relation_add_to_current
21976 : 0x146a0a896 : 2 : ittapi_config_apply_per_lib :  ITTAPI function not implemented: __itt_relation_add
21976 : 0x146a0a8ad : 2 : ittapi_config_apply_per_lib :  ITTAPI function instrumented: __itt_event_createA
21976 : 0x146a0a8c3 : 2 : ittapi_config_apply_per_lib :  ITTAPI function instrumented: __itt_event_createW
21976 : 0x146a0a8da : 2 : ittapi_config_apply_per_lib :  ITTAPI function instrumented: __itt_event_start
21976 : 0x146a0a8f1 : 2 : ittapi_config_apply_per_lib :  ITTAPI function instrumented: __itt_event_end
21976 : 0x146a0a906 : 2 : ittapi_config_apply_per_lib :  ITTAPI function NOT instrumented (not matched by --itt-config option): __itt_sync_set_nameA

21976 : 0x146a0a921 : 2 : ittapi_config_apply_per_lib :  ITTAPI function NOT instrumented (not matched by --itt-config option): __itt_sync_set_nameW

21976 : 0x146a0a93a : 2 : ittapi_config_apply_per_lib :  ITTAPI function NOT instrumented (not matched by --itt-config option): __itt_notify_sync_nameA

21976 : 0x146a0a957 : 2 : ittapi_config_apply_per_lib :  ITTAPI function NOT instrumented (not matched by --itt-config option): __itt_notify_sync_nameW

21976 : 0x146a0a9a5 : 2 : ittapi_config_apply_per_lib :  ITTAPI function NOT instrumented (not matched by --itt-config option): __itt_notify_sync_prepare

21976 : 0x146a0a9c2 : 2 : ittapi_config_apply_per_lib :  ITTAPI function NOT instrumented (not matched by --itt-config option): __itt_notify_sync_cancel

21976 : 0x146a0a9de : 2 : ittapi_config_apply_per_lib :  ITTAPI function NOT instrumented (not matched by --itt-config option): __itt_notify_sync_acquired

21976 : 0x146a0a9fa : 2 : ittapi_config_apply_per_lib :  ITTAPI function NOT instrumented (not matched by --itt-config option): __itt_notify_sync_releasing

21976 : 0x146a0aa1d : 2 : ittapi_config_apply_per_lib :  ITTAPI function not implemented: __itt_memory_read
21976 : 0x146a0aa37 : 2 : ittapi_config_apply_per_lib :  ITTAPI function not implemented: __itt_memory_write
21976 : 0x146a0aa51 : 2 : ittapi_config_apply_per_lib :  ITTAPI function not implemented: __itt_memory_update
21976 : 0x146a0aa6b : 2 : ittapi_config_apply_per_lib :  ITTAPI function not implemented: __itt_state_get
21976 : 0x146a0aa85 : 2 : ittapi_config_apply_per_lib :  ITTAPI function not implemented: __itt_state_set
21976 : 0x146a0aa9e : 2 : ittapi_config_apply_per_lib :  ITTAPI function not implemented: __itt_obj_mode_set
21976 : 0x146a0adf6 : 2 : ittapi_config_apply_per_lib :  ITTAPI function not implemented: __itt_thr_mode_set
21976 : 0x146a0ae18 : 2 : ittapi_config_apply_per_lib :  ITTAPI function instrumented: __itt_frame_createA
21976 : 0x146a0ae33 : 2 : ittapi_config_apply_per_lib :  ITTAPI function instrumented: __itt_frame_createW
21976 : 0x146a0ae4e : 2 : ittapi_config_apply_per_lib :  ITTAPI function instrumented: __itt_frame_begin
21976 : 0x146a0ae69 : 2 : ittapi_config_apply_per_lib :  ITTAPI function instrumented: __itt_frame_end
21976 : 0x146a0ae83 : 2 : ittapi_config_apply_per_lib :  ITTAPI function instrumented: __itt_counter_createA
21976 : 0x146a0ae9c : 2 : ittapi_config_apply_per_lib :  ITTAPI function instrumented: __itt_counter_createW
21976 : 0x146a0aeb8 : 2 : ittapi_config_apply_per_lib :  ITTAPI function not implemented: __itt_counter_destroy
21976 : 0x146a0aed5 : 2 : ittapi_config_apply_per_lib :  ITTAPI function instrumented: __itt_counter_inc
21976 : 0x146a0aef0 : 2 : ittapi_config_apply_per_lib :  ITTAPI function instrumented: __itt_counter_inc_delta
21976 : 0x146a0af63 : 2 : ittapi_config_apply_per_lib :  ITTAPI function not implemented: __itt_mark_createA
21976 : 0x146a0af7f : 2 : ittapi_config_apply_per_lib :  ITTAPI function not implemented: __itt_mark_createW
21976 : 0x146a0af9b : 2 : ittapi_config_apply_per_lib :  ITTAPI function not implemented: __itt_markA
21976 : 0x146a0afb7 : 2 : ittapi_config_apply_per_lib :  ITTAPI function not implemented: __itt_markW
21976 : 0x146a0afd3 : 2 : ittapi_config_apply_per_lib :  ITTAPI function not implemented: __itt_mark_off
21976 : 0x146a0afee : 2 : ittapi_config_apply_per_lib :  ITTAPI function not implemented: __itt_mark_globalA
21976 : 0x146a0b00c : 2 : ittapi_config_apply_per_lib :  ITTAPI function not implemented: __itt_mark_globalW
21976 : 0x146a0b028 : 2 : ittapi_config_apply_per_lib :  ITTAPI function not implemented: __itt_mark_global_off
21976 : 0x146a0b042 : 2 : ittapi_config_apply_per_lib :  ITTAPI function NOT instrumented (not matched by --itt-config option): __itt_stack_caller_create

21976 : 0x146a0b061 : 2 : ittapi_config_apply_per_lib :  ITTAPI function NOT instrumented (not matched by --itt-config option): __itt_stack_caller_destroy

21976 : 0x146a0b0b4 : 2 : ittapi_config_apply_per_lib :  ITTAPI function NOT instrumented (not matched by --itt-config option): __itt_stack_callee_enter

21976 : 0x146a0b0d5 : 2 : ittapi_config_apply_per_lib :  ITTAPI function NOT instrumented (not matched by --itt-config option): __itt_stack_callee_leave

21976 : 0x146a0b0fa : 2 : ittapi_config_apply_per_lib :  ITTAPI function not implemented: __itt_clock_domain_create
21976 : 0x146a0b118 : 2 : ittapi_config_apply_per_lib :  ITTAPI function not implemented: __itt_clock_domain_reset
21976 : 0x146a0b135 : 2 : ittapi_config_apply_per_lib :  ITTAPI function not implemented: __itt_id_create_ex
21976 : 0x146a0b150 : 2 : ittapi_config_apply_per_lib :  ITTAPI function not implemented: __itt_id_destroy_ex
21976 : 0x146a0b16e : 2 : ittapi_config_apply_per_lib :  ITTAPI function not implemented: __itt_task_begin_ex
21976 : 0x146a0b18b : 2 : ittapi_config_apply_per_lib :  ITTAPI function not implemented: __itt_task_begin_fn_ex
21976 : 0x146a0b231 : 2 : ittapi_config_apply_per_lib :  ITTAPI function not implemented: __itt_task_end_ex
21976 : 0x146a0b24a : 2 : ittapi_config_apply_per_lib :  ITTAPI function instrumented: __itt_task_begin_overlapped
21976 : 0x146a0b294 : 2 : ittapi_config_apply_per_lib :  ITTAPI function not implemented: __itt_task_begin_overlapped_ex
21976 : 0x146a0b2ae : 2 : ittapi_config_apply_per_lib :  ITTAPI function instrumented: __itt_task_end_overlapped
21976 : 0x146a0b2c8 : 2 : ittapi_config_apply_per_lib :  ITTAPI function not implemented: __itt_task_end_overlapped_ex
21976 : 0x146a0b2e3 : 2 : ittapi_config_apply_per_lib :  ITTAPI function not implemented: __itt_marker_ex
21976 : 0x146a0b2fc : 2 : ittapi_config_apply_per_lib :  ITTAPI function not implemented: __itt_metadata_add_with_scope
21976 : 0x146a0b316 : 2 : ittapi_config_apply_per_lib :  ITTAPI function not implemented: __itt_metadata_str_add_with_scopeA
21976 : 0x146a0b331 : 2 : ittapi_config_apply_per_lib :  ITTAPI function not implemented: __itt_metadata_str_add_with_scopeW
21976 : 0x146a0b34c : 2 : ittapi_config_apply_per_lib :  ITTAPI function not implemented: __itt_relation_add_to_current_ex
21976 : 0x146a0b366 : 2 : ittapi_config_apply_per_lib :  ITTAPI function not implemented: __itt_relation_add_ex
21976 : 0x146a0b37e : 2 : ittapi_config_apply_per_lib :  ITTAPI function not implemented: __itt_track_group_create
21976 : 0x146a0b3d6 : 2 : ittapi_config_apply_per_lib :  ITTAPI function not implemented: __itt_track_create
21976 : 0x146a0b3f0 : 2 : ittapi_config_apply_per_lib :  ITTAPI function not implemented: __itt_set_track
21976 : 0x146a0b409 : 2 : ittapi_config_apply_per_lib :  ITTAPI function instrumented: __itt_api_version
21976 : 0x146a0b422 : 2 : ittapi_config_apply_per_lib :  ITTAPI function not implemented: __itt_av_saveA
21976 : 0x146a0b43a : 2 : ittapi_config_apply_per_lib :  ITTAPI function not implemented: __itt_av_saveW