
25392 : 0x1a89cc9f35 : 1 : spill_jit_data :  Jit agent is not initialized
25392 : 0x1a89ccaad8 : 2 : ittapi_config_mask_get :  --itt-config mask to be applied: 39
25392 : 0x1a89ccabb4 : 2 : ittapi_config_apply_per_lib :  ITTAPI function instrumented: __itt_domain_createA
25392 : 0x1a89ccabf2 : 2 : ittapi_config_apply_per_lib :  ITTAPI function instrumented: __itt_domain_createW
25392 : 0x1a89ccac2b : 2 : ittapi_config_apply_per_lib :  ITTAPI function instrumented: __itt_string_handle_createA
25392 : 0x1a89ccac63 : 2 : ittapi_config_apply_per_lib :  ITTAPI function instrumented: __itt_string_handle_createW
25392 : 0x1a89ccac98 : 2 : ittapi_config_apply_per_lib :  ITTAPI function instrumented: __itt_counter_createA
25392 : 0x1a89ccaccb : 2 : ittapi_config_apply_per_lib :  ITTAPI function instrumented: __itt_counter_createW
25392 : 0x1a89ccacfd : 2 : ittapi_config_apply_per_lib :  ITTAPI function instrumented: __itt_counter_create_typedA
25392 : 0x1a89ccad31 : 2 : ittapi_config_apply_per_lib :  ITTAPI function instrumented: __itt_counter_create_typedW
25392 : 0x1a89ccb567 : 2 : ittapi_config_apply_per_lib :  ITTAPI function instrumented: __itt_pause
25392 : 0x1a89ccb5b7 : 2 : ittapi_config_apply_per_lib :  ITTAPI function instrumented: __itt_resume
25392 : 0x1a89ccb5f0 : 2 : ittapi_config_apply_per_lib :  ITTAPI function instrumented: __itt_thread_set_nameA
25392 : 0x1a89ccb62b : 2 : ittapi_config_apply_per_lib :  ITTAPI function instrumented: __itt_thread_set_nameW
25392 : 0x1a89ccb664 : 2 : ittapi_config_apply_per_lib :  ITTAPI function instrumented: __itt_thread_ignore
25392 : 0x1a89ccb695 : 2 : ittapi_config_apply_per_lib :  ITTAPI function instrumented: __itt_thr_name_setA
25392 : 0x1a89ccb6c6 : 2 : ittapi_config_apply_per_lib :  ITTAPI function instrumented: __itt_thr_name_setW
25392 : 0x1a89ccb6f9 : 2 : ittapi_config_apply_per_lib :  ITTAPI function instrumented: __itt_thr_ignore
25392 : 0x1a89ccb739 : 2 : ittapi_config_apply_per_lib :  ITTAPI function not implemented: __itt_enable_attach
25392 : 0x1a89ccb76c : 2 : ittapi_config_apply_per_lib :  ITTAPI function instrumented: __itt_detach
25392 : 0x1a89ccb897 : 2 : ittapi_config_apply_per_lib :  ITTAPI function NOT instrumented (not matched by --itt-config option): __itt_sync_createA

25392 : 0x1a89ccb8db : 2 : ittapi_config_apply_per_lib :  ITTAPI function NOT instrumented (not matched by --itt-config option): __itt_sync_createW

25392 : 0x1a89ccb91b : 2 : ittapi_config_apply_per_lib :  ITTAPI function NOT instrumented (not matched by --itt-config option): __itt_sync_renameA

25392 : 0x1a89ccb958 : 2 : ittapi_config_apply_per_lib :  ITTAPI function NOT instrumented (not matched by --itt-config option): __itt_sync_renameW

25392 : 0x1a89ccb992 : 2 : ittapi_config_apply_per_lib :  ITTAPI function NOT instrumented (not matched by --itt-config option): __itt_sync_destroy

25392 : 0x1a89ccb9c7 : 2 : ittapi_config_apply_per_lib :  ITTAPI function NOT instrumented (not matched by --itt-config option): __itt_sync_prepare

25392 : 0x1a89ccb9ff : 2 : ittapi_config_apply_per_lib :  ITTAPI function NOT instrumented (not matched by --itt-config option): __itt_sync_cancel

25392 : 0x1a89ccba3a : 2 : ittapi_config_apply_per_lib :  ITTAPI function NOT instrumented (not matched by --itt-config option): __itt_sync_acquired

25392 : 0x1a89ccba75 : 2 : ittapi_config_apply_per_lib :  ITTAPI function NOT instrumented (not matched by --itt-config option): __itt_sync_releasing

25392 : 0x1a89ccbac3 : 2 : ittapi_config_apply_per_lib :  ITTAPI function not implemented: __itt_suppress_push
25392 : 0x1a89ccbba8 : 2 : ittapi_config_apply_per_lib :  ITTAPI function not implemented: __itt_suppress_pop
25392 : 0x1a89ccbbe6 : 2 : ittapi_config_apply_per_lib :  ITTAPI function not implemented: __itt_suppress_mark_range
25392 : 0x1a89ccbd33 : 2 : ittapi_config_apply_per_lib :  ITTAPI function not implemented: __itt_suppress_clear_range
25392 : 0x1a89ccbd58 : 2 : ittapi_config_apply_per_lib :  ITTAPI function NOT instrumented (not matched by --itt-config option): __itt_sync_prepare

25392 : 0x1a89ccbd82 : 2 : ittapi_config_apply_per_lib :  ITTAPI function NOT instrumented (not matched by --itt-config option): __itt_sync_cancel

25392 : 0x1a89ccbda9 : 2 : ittapi_config_apply_per_lib :  ITTAPI function NOT instrumented (not matched by --itt-config option): __itt_sync_acquired

25392 : 0x1a89ccbdd2 : 2 : ittapi_config_apply_per_lib :  ITTAPI function NOT instrumented (not matched by --itt-config option): __itt_sync_releasing

25392 : 0x1a89ccbe05 : 2 : ittapi_config_apply_per_lib :  ITTAPI function not implemented: __itt_model_site_begin
25392 : 0x1a89ccbe2b : 2 : ittapi_config_apply_per_lib :  ITTAPI function not implemented: __itt_model_site_end
25392 : 0x1a89ccbe53 : 2 : ittapi_config_apply_per_lib :  ITTAPI function not implemented: __itt_model_task_begin
25392 : 0x1a89ccc260 : 2 : ittapi_config_apply_per_lib :  ITTAPI function not implemented: __itt_model_task_end
25392 : 0x1a89ccc288 : 2 : ittapi_config_apply_per_lib :  ITTAPI function not implemented: __itt_model_lock_acquire
25392 : 0x1a89ccc2a8 : 2 : ittapi_config_apply_per_lib :  ITTAPI function not implemented: __itt_model_lock_release
25392 : 0x1a89ccc2c9 : 2 : ittapi_config_apply_per_lib :  ITTAPI function not implemented: __itt_model_record_allocation
25392 : 0x1a89ccc2e9 : 2 : ittapi_config_apply_per_lib :  ITTAPI function not implemented: __itt_model_record_deallocation
25392 : 0x1a89ccc308 : 2 : ittapi_config_apply_per_lib :  ITTAPI function not implemented: __itt_model_induction_uses
25392 : 0x1a89ccc328 : 2 : ittapi_config_apply_per_lib :  ITTAPI function not implemented: __itt_model_reduction_uses
25392 : 0x1a89ccc347 : 2 : ittapi_config_apply_per_lib :  ITTAPI function not implemented: __itt_model_observe_uses
25392 : 0x1a89ccc366 : 2 : ittapi_config_apply_per_lib :  ITTAPI function not implemented: __itt_model_clear_uses
25392 : 0x1a89ccc385 : 2 : ittapi_config_apply_per_lib :  ITTAPI function not implemented: __itt_model_site_beginW
25392 : 0x1a89ccc410 : 2 : ittapi_config_apply_per_lib :  ITTAPI function not implemented: __itt_model_task_beginW
25392 : 0x1a89ccc432 : 2 : ittapi_config_apply_per_lib :  ITTAPI function not implemented: __itt_model_iteration_taskW
25392 : 0x1a89ccc451 : 2 : ittapi_config_apply_per_lib :  ITTAPI function not implemented: __itt_model_site_beginA
25392 : 0x1a89ccc470 : 2 : ittapi_config_apply_per_lib :  ITTAPI function not implemented: __itt_model_site_beginAL
25392 : 0x1a89ccc48f : 2 : ittapi_config_apply_per_lib :  ITTAPI function not implemented: __itt_model_task_beginA
25392 : 0x1a89ccc4ad : 2 : ittapi_config_apply_per_lib :  ITTAPI function not implemented: __itt_model_task_beginAL
25392 : 0x1a89ccc4cd : 2 : ittapi_config_apply_per_lib :  ITTAPI function not implemented: __itt_model_iteration_taskA
25392 : 0x1a89ccc4ec : 2 : ittapi_config_apply_per_lib :  ITTAPI function not implemented: __itt_model_iteration_taskAL
25392 : 0x1a89ccc50b : 2 : ittapi_config_apply_per_lib :  ITTAPI function not implemented: __itt_model_site_end_2
25392 : 0x1a89ccc52a : 2 : ittapi_config_apply_per_lib :  ITTAPI function not implemented: __itt_model_task_end_2
25392 : 0x1a89ccc58b : 2 : ittapi_config_apply_per_lib :  ITTAPI function not implemented: __itt_model_lock_acquire_2
25392 : 0x1a89ccc5ab : 2 : ittapi_config_apply_per_lib :  ITTAPI function not implemented: __itt_model_lock_release_2
25392 : 0x1a89ccc5cb : 2 : ittapi_config_apply_per_lib :  ITTAPI function not implemented: __itt_model_aggregate_task
25392 : 0x1a89ccc5ea : 2 : ittapi_config_apply_per_lib :  ITTAPI function not implemented: __itt_model_disable_push
25392 : 0x1a89ccc608 : 2 : ittapi_config_apply_per_lib :  ITTAPI function not implemented: __itt_model_disable_pop
25392 : 0x1a89ccc62a : 2 : ittapi_config_apply_per_lib :  ITTAPI function instrumented: __itt_heap_function_createA
25392 : 0x1a89ccc649 : 2 : ittapi_config_apply_per_lib :  ITTAPI function instrumented: __itt_heap_function_createW
25392 : 0x1a89ccc667 : 2 : ittapi_config_apply_per_lib :  ITTAPI function instrumented: __itt_heap_allocate_begin
25392 : 0x1a89ccc684 : 2 : ittapi_config_apply_per_lib :  ITTAPI function instrumented: __itt_heap_allocate_end
25392 : 0x1a89ccc6a1 : 2 : ittapi_config_apply_per_lib :  ITTAPI function instrumented: __itt_heap_free_begin
25392 : 0x1a89ccc712 : 2 : ittapi_config_apply_per_lib :  ITTAPI function instrumented: __itt_heap_free_end
25392 : 0x1a89ccc730 : 2 : ittapi_config_apply_per_lib :  ITTAPI function instrumented: __itt_heap_reallocate_begin
25392 : 0x1a89ccc74d : 2 : ittapi_config_apply_per_lib :  ITTAPI function instrumented: __itt_heap_reallocate_end
25392 : 0x1a89ccc76f : 2 : ittapi_config_apply_per_lib :  ITTAPI function not implemented: __itt_heap_internal_access_begin
25392 : 0x1a89ccc790 : 2 : ittapi_config_apply_per_lib :  ITTAPI function not implemented: __itt_heap_internal_access_end
25392 : 0x1a89ccc7b2 : 2 : ittapi_config_apply_per_lib :  ITTAPI function not implemented: __itt_heap_record_memory_growth_begin
25392 : 0x1a89ccc7d3 : 2 : ittapi_config_apply_per_lib :  ITTAPI function not implemented: __itt_heap_record_memory_growth_end
25392 : 0x1a89ccc7f4 : 2 : ittapi_config_apply_per_lib :  ITTAPI function not implemented: __itt_heap_reset_detection
25392 : 0x1a89ccc813 : 2 : ittapi_config_apply_per_lib :  ITTAPI function not implemented: __itt_heap_record
25392 : 0x1a89ccc832 : 2 : ittapi_config_apply_per_lib :  ITTAPI function not implemented: __itt_id_create
25392 : 0x1a89ccc897 : 2 : ittapi_config_apply_per_lib :  ITTAPI function not implemented: __itt_id_destroy
25392 : 0x1a89ccc8b7 : 2 : ittapi_config_apply_per_lib :  ITTAPI function instrumented: __itt_get_timestamp
25392 : 0x1a89ccc8d7 : 2 : ittapi_config_apply_per_lib :  ITTAPI function not implemented: __itt_region_begin
25392 : 0x1a89ccc8f6 : 2 : ittapi_config_apply_per_lib :  ITTAPI function not implemented: __itt_region_end
25392 : 0x1a89ccc914 : 2 : ittapi_config_apply_per_lib :  ITTAPI function instrumented: __itt_frame_begin_v3
25392 : 0x1a89ccc932 : 2 : ittapi_config_apply_per_lib :  ITTAPI function instrumented: __itt_frame_end_v3
25392 : 0x1a89ccc9eb : 2 : ittapi_config_apply_per_lib :  ITTAPI function instrumented: __itt_frame_submit_v3
25392 : 0x1a89ccca1b : 2 : ittapi_config_apply_per_lib :  ITTAPI function not implemented: __itt_task_group
25392 : 0x1a89ccca3a : 2 : ittapi_config_apply_per_lib :  ITTAPI function instrumented: __itt_task_begin
25392 : 0x1a89ccca57 : 2 : ittapi_config_apply_per_lib :  ITTAPI function instrumented: __itt_task_begin_fn
25392 : 0x1a89cccae5 : 2 : ittapi_config_apply_per_lib :  ITTAPI function instrumented: __itt_task_end
25392 : 0x1a89cccb0a : 2 : ittapi_config_apply_per_lib :  ITTAPI function not implemented: __itt_counter_inc_v3
25392 : 0x1a89cccb2c : 2 : ittapi_config_apply_per_lib :  ITTAPI function not implemented: __itt_counter_inc_delta_v3
25392 : 0x1a89cccb4d : 2 : ittapi_config_apply_per_lib :  ITTAPI function not implemented: __itt_counter_dec_v3
25392 : 0x1a89cccb6e : 2 : ittapi_config_apply_per_lib :  ITTAPI function not implemented: __itt_counter_dec_delta_v3
25392 : 0x1a89cccb8d : 2 : ittapi_config_apply_per_lib :  ITTAPI function not implemented: __itt_marker
25392 : 0x1a89cccbaa : 2 : ittapi_config_apply_per_lib :  ITTAPI function instrumented: __itt_metadata_add
25392 : 0x1a89cccbc9 : 2 : ittapi_config_apply_per_lib :  ITTAPI function not implemented: __itt_metadata_str_addA
25392 : 0x1a89cccbe9 : 2 : ittapi_config_apply_per_lib :  ITTAPI function not implemented: __itt_metadata_str_addW
25392 : 0x1a89cccc09 : 2 : ittapi_config_apply_per_lib :  ITTAPI function not implemented: __itt_relation_add_to_current
25392 : 0x1a89cccc6a : 2 : ittapi_config_apply_per_lib :  ITTAPI function not implemented: __itt_relation_add
25392 : 0x1a89cccc89 : 2 : ittapi_config_apply_per_lib :  ITTAPI function instrumented: __itt_event_createA
25392 : 0x1a89cccca6 : 2 : ittapi_config_apply_per_lib :  ITTAPI function instrumented: __itt_event_createW
25392 : 0x1a89ccccc2 : 2 : ittapi_config_apply_per_lib :  ITTAPI function instrumented: __itt_event_start
25392 : 0x1a89cccce5 : 2 : ittapi_config_apply_per_lib :  ITTAPI function instrumented: __itt_event_end
25392 : 0x1a89cccd07 : 2 : ittapi_config_apply_per_lib :  ITTAPI function NOT instrumented (not matched by --itt-config option): __itt_sync_set_nameA

25392 : 0x1a89cccd33 : 2 : ittapi_config_apply_per_lib :  ITTAPI function NOT instrumented (not matched by --itt-config option): __itt_sync_set_nameW

25392 : 0x1a89cccd60 : 2 : ittapi_config_apply_per_lib :  ITTAPI function NOT instrumented (not matched by --itt-config option): __itt_notify_sync_nameA

25392 : 0x1a89cccd8e : 2 : ittapi_config_apply_per_lib :  ITTAPI function NOT instrumented (not matched by --itt-config option): __itt_notify_sync_nameW

25392 : 0x1a89cccdba : 2 : ittapi_config_apply_per_lib :  ITTAPI function NOT instrumented (not matched by --itt-config option): __itt_notify_sync_prepare

25392 : 0x1a89ccce6f : 2 : ittapi_config_apply_per_lib :  ITTAPI function NOT instrumented (not matched by --itt-config option): __itt_notify_sync_cancel

25392 : 0x1a89cccea3 : 2 : ittapi_config_apply_per_lib :  ITTAPI function NOT instrumented (not matched by --itt-config option): __itt_notify_sync_acquired

25392 : 0x1a89cccecf : 2 : ittapi_config_apply_per_lib :  ITTAPI function NOT instrumented (not matched by --itt-config option): __itt_notify_sync_releasing

25392 : 0x1a89cccf06 : 2 : ittapi_config_apply_per_lib :  ITTAPI function not implemented: __itt_memory_read
25392 : 0x1a89cccf2d : 2 : ittapi_config_apply_per_lib :  ITTAPI function not implemented: __itt_memory_write
25392 : 0x1a89cccf53 : 2 : ittapi_config_apply_per_lib :  ITTAPI function not implemented: __itt_memory_update
25392 : 0x1a89cccf7b : 2 : ittapi_config_apply_per_lib :  ITTAPI function not implemented: __itt_state_get
25392 : 0x1a89cccfa2 : 2 : ittapi_config_apply_per_lib :  ITTAPI function not implemented: __itt_state_set
25392 : 0x1a89cccfca : 2 : ittapi_config_apply_per_lib :  ITTAPI function not implemented: __itt_obj_mode_set
25392 : 0x1a89cccff3 : 2 : ittapi_config_apply_per_lib :  ITTAPI function not implemented: __itt_thr_mode_set
25392 : 0x1a89ccd09a : 2 : ittapi_config_apply_per_lib :  ITTAPI function instrumented: __itt_frame_createA
25392 : 0x1a89ccd0c6 : 2 : ittapi_config_apply_per_lib :  ITTAPI function instrumented: __itt_frame_createW
25392 : 0x1a89ccd0f0 : 2 : ittapi_config_apply_per_lib :  ITTAPI function instrumented: __itt_frame_begin
25392 : 0x1a89ccd11b : 2 : ittapi_config_apply_per_lib :  ITTAPI function instrumented: __itt_frame_end
25392 : 0x1a89ccd149 : 2 : ittapi_config_apply_per_lib :  ITTAPI function not implemented: __itt_counter_destroy
25392 : 0x1a89ccd16f : 2 : ittapi_config_apply_per_lib :  ITTAPI function instrumented: __itt_counter_inc
25392 : 0x1a89ccd196 : 2 : ittapi_config_apply_per_lib :  ITTAPI function instrumented: __itt_counter_inc_delta
25392 : 0x1a89ccd1bb : 2 : ittapi_config_apply_per_lib :  ITTAPI function instrumented: __itt_counter_dec
25392 : 0x1a89ccd1e4 : 2 : ittapi_config_apply_per_lib :  ITTAPI function instrumented: __itt_counter_dec_delta
25392 : 0x1a89ccd20d : 2 : ittapi_config_apply_per_lib :  ITTAPI function instrumented: __itt_counter_set_value
25392 : 0x1a89ccd39a : 2 : ittapi_config_apply_per_lib :  ITTAPI function not implemented: __itt_counter_set_value_ex
25392 : 0x1a89ccd3d4 : 2 : ittapi_config_apply_per_lib :  ITTAPI function not implemented: __itt_mark_createA
25392 : 0x1a89ccd3ff : 2 : ittapi_config_apply_per_lib :  ITTAPI function not implemented: __itt_mark_createW
25392 : 0x1a89ccd42b : 2 : ittapi_config_apply_per_lib :  ITTAPI function not implemented: __itt_markA
25392 : 0x1a89ccd455 : 2 : ittapi_config_apply_per_lib :  ITTAPI function not implemented: __itt_markW
25392 : 0x1a89ccd481 : 2 : ittapi_config_apply_per_lib :  ITTAPI function not implemented: __itt_mark_off
25392 : 0x1a89ccd4ac : 2 : ittapi_config_apply_per_lib :  ITTAPI function not implemented: __itt_mark_globalA
25392 : 0x1a89ccd4d9 : 2 : ittapi_config_apply_per_lib :  ITTAPI function not implemented: __itt_mark_globalW
25392 : 0x1a89ccd4f9 : 2 : ittapi_config_apply_per_lib :  ITTAPI function not implemented: __itt_mark_global_off
25392 : 0x1a89ccd515 : 2 : ittapi_config_apply_per_lib :  ITTAPI function NOT instrumented (not matched by --itt-config option): __itt_stack_caller_create

25392 : 0x1a89ccd774 : 2 : ittapi_config_apply_per_lib :  ITTAPI function NOT instrumented (not matched by --itt-config option): __itt_stack_caller_destroy

25392 : 0x1a89ccd7b1 : 2 : ittapi_config_apply_per_lib :  ITTAPI function NOT instrumented (not matched by --itt-config option): __itt_stack_callee_enter

25392 : 0x1a89ccd7e4 : 2 : ittapi_config_apply_per_lib :  ITTAPI function NOT instrumented (not matched by --itt-config option): __itt_stack_callee_leave

25392 : 0x1a89ccd821 : 2 : ittapi_config_apply_per_lib :  ITTAPI function not implemented: __itt_clock_domain_create
25392 : 0x1a89ccd84c : 2 : ittapi_config_apply_per_lib :  ITTAPI function not implemented: __itt_clock_domain_reset
25392 : 0x1a89ccd871 : 2 : ittapi_config_apply_per_lib :  ITTAPI function not implemented: __itt_id_create_ex
25392 : 0x1a89ccd890 : 2 : ittapi_config_apply_per_lib :  ITTAPI function not implemented: __itt_id_destroy_ex
25392 : 0x1a89ccd8b3 : 2 : ittapi_config_apply_per_lib :  ITTAPI function not implemented: __itt_task_begin_ex
25392 : 0x1a89ccd8d2 : 2 : ittapi_config_apply_per_lib :  ITTAPI function not implemented: __itt_task_begin_fn_ex
25392 : 0x1a89ccd8f3 : 2 : ittapi_config_apply_per_lib :  ITTAPI function not implemented: __itt_task_end_ex
25392 : 0x1a89ccd98a : 2 : ittapi_config_apply_per_lib :  ITTAPI function instrumented: __itt_task_begin_overlapped
25392 : 0x1a89ccd9ae : 2 : ittapi_config_apply_per_lib :  ITTAPI function not implemented: __itt_task_begin_overlapped_ex
25392 : 0x1a89ccd9cd : 2 : ittapi_config_apply_per_lib :  ITTAPI function instrumented: __itt_task_end_overlapped
25392 : 0x1a89ccd9ed : 2 : ittapi_config_apply_per_lib :  ITTAPI function not implemented: __itt_task_end_overlapped_ex
25392 : 0x1a89ccda0c : 2 : ittapi_config_apply_per_lib :  ITTAPI function not implemented: __itt_marker_ex
25392 : 0x1a89ccda2b : 2 : ittapi_config_apply_per_lib :  ITTAPI function not implemented: __itt_metadata_add_with_scope
25392 : 0x1a89ccda4c : 2 : ittapi_config_apply_per_lib :  ITTAPI function not implemented: __itt_metadata_str_add_with_scopeA
25392 : 0x1a89ccda6c : 2 : ittapi_config_apply_per_lib :  ITTAPI function not implemented: __itt_metadata_str_add_with_scopeW
25392 : 0x1a89ccda8c : 2 : ittapi_config_apply_per_lib :  ITTAPI function not implemented: __itt_relation_add_to_current_ex
25392 : 0x1a89ccdaac : 2 : ittapi_config_apply_per_lib :  ITTAPI function not implemented: __itt_relation_add_ex
25392 : 0x1a89ccdb12 : 2 : ittapi_config_apply_per_lib :  ITTAPI function not implemented: __itt_track_group_create
25392 : 0x1a89ccdb34 : 2 : ittapi_config_apply_per_lib :  ITTAPI function not implemented: __itt_track_create
25392 : 0x1a89ccdb53 : 2 : ittapi_config_apply_per_lib :  ITTAPI function not implemented: __itt_set_track
25392 : 0x1a89ccdb71 : 2 : ittapi_config_apply_per_lib :  ITTAPI function instrumented: __itt_api_version
25392 : 0x1a89ccdb91 : 2 : ittapi_config_apply_per_lib :  ITTAPI function not implemented: __itt_av_saveA
25392 : 0x1a89ccdbb0 : 2 : ittapi_config_apply_per_lib :  ITTAPI function not implemented: __itt_av_saveW
25392 : 0x1a89ccdbcd : 2 : ittapi_config_apply_per_lib :  ITTAPI function instrumented: __itt_module_loadA
25392 : 0x1a89ccdbeb : 2 : ittapi_config_apply_per_lib :  ITTAPI function instrumented: __itt_module_loadW
25392 : 0x1a89cd27b6 : 2 : ittapi_config_mask_get :  --itt-config mask to be applied: 39
25392 : 0x1a89cd280b : 2 : ittapi_config_apply_per_lib :  ITTAPI function instrumented: __itt_domain_createA
25392 : 0x1a89cd29e6 : 2 : ittapi_config_apply_per_lib :  ITTAPI function instrumented: __itt_domain_createW
25392 : 0x1a89cd2a13 : 2 : ittapi_config_apply_per_lib :  ITTAPI function instrumented: __itt_string_handle_createA
25392 : 0x1a89cd2a32 : 2 : ittapi_config_apply_per_lib :  ITTAPI function instrumented: __itt_string_handle_createW
25392 : 0x1a89cd2a53 : 2 : ittapi_config_apply_per_lib :  ITTAPI function instrumented: __itt_pause
25392 : 0x1a89cd2a70 : 2 : ittapi_config_apply_per_lib :  ITTAPI function instrumented: __itt_resume
25392 : 0x1a89cd2a8d : 2 : ittapi_config_apply_per_lib :  ITTAPI function instrumented: __itt_thread_set_nameA
25392 : 0x1a89cd2ab1 : 2 : ittapi_config_apply_per_lib :  ITTAPI function instrumented: __itt_thread_set_nameW
25392 : 0x1a89cd2ad0 : 2 : ittapi_config_apply_per_lib :  ITTAPI function instrumented: __itt_thread_ignore
25392 : 0x1a89cd2aec : 2 : ittapi_config_apply_per_lib :  ITTAPI function instrumented: __itt_thr_name_setA
25392 : 0x1a89cd2b0c : 2 : ittapi_config_apply_per_lib :  ITTAPI function instrumented: __itt_thr_name_setW
25392 : 0x1a89cd2bb1 : 2 : ittapi_config_apply_per_lib :  ITTAPI function instrumented: __itt_thr_ignore
25392 : 0x1a89cd2bdc : 2 : ittapi_config_apply_per_lib :  ITTAPI function not implemented: __itt_enable_attach
25392 : 0x1a89cd2bfa : 2 : ittapi_config_apply_per_lib :  ITTAPI function instrumented: __itt_detach
25392 : 0x1a89cd2c13 : 2 : ittapi_config_apply_per_lib :  ITTAPI function NOT instrumented (not matched by --itt-config option): __itt_sync_createA

25392 : 0x1a89cd2c36 : 2 : ittapi_config_apply_per_lib :  ITTAPI function NOT instrumented (not matched by --itt-config option): __itt_sync_createW

25392 : 0x1a89cd2c59 : 2 : ittapi_config_apply_per_lib :  ITTAPI function NOT instrumented (not matched by --itt-config option): __itt_sync_renameA

25392 : 0x1a89cd2c7c : 2 : ittapi_config_apply_per_lib :  ITTAPI function NOT instrumented (not matched by --itt-config option): __itt_sync_renameW

25392 : 0x1a89cd2c9d : 2 : ittapi_config_apply_per_lib :  ITTAPI function NOT instrumented (not matched by --itt-config option): __itt_sync_destroy

25392 : 0x1a89cd2cbf : 2 : ittapi_config_apply_per_lib :  ITTAPI function NOT instrumented (not matched by --itt-config option): __itt_sync_prepare

25392 : 0x1a89cd2ce1 : 2 : ittapi_config_apply_per_lib :  ITTAPI function NOT instrumented (not matched by --itt-config option): __itt_sync_cancel

25392 : 0x1a89cd2d57 : 2 : ittapi_config_apply_per_lib :  ITTAPI function NOT instrumented (not matched by --itt-config option): __itt_sync_acquired

25392 : 0x1a89cd2d7c : 2 : ittapi_config_apply_per_lib :  ITTAPI function NOT instrumented (not matched by --itt-config option): __itt_sync_releasing

25392 : 0x1a89cd2da8 : 2 : ittapi_config_apply_per_lib :  ITTAPI function not implemented: __itt_suppress_push
25392 : 0x1a89cd2dc9 : 2 : ittapi_config_apply_per_lib :  ITTAPI function not implemented: __itt_suppress_pop
25392 : 0x1a89cd2de8 : 2 : ittapi_config_apply_per_lib :  ITTAPI function not implemented: __itt_suppress_mark_range
25392 : 0x1a89cd2e08 : 2 : ittapi_config_apply_per_lib :  ITTAPI function not implemented: __itt_suppress_clear_range
25392 : 0x1a89cd2e24 : 2 : ittapi_config_apply_per_lib :  ITTAPI function NOT instrumented (not matched by --itt-config option): __itt_sync_prepare

25392 : 0x1a89cd2e45 : 2 : ittapi_config_apply_per_lib :  ITTAPI function NOT instrumented (not matched by --itt-config option): __itt_sync_cancel

25392 : 0x1a89cd2e65 : 2 : ittapi_config_apply_per_lib :  ITTAPI function NOT instrumented (not matched by --itt-config option): __itt_sync_acquired

25392 : 0x1a89cd2e85 : 2 : ittapi_config_apply_per_lib :  ITTAPI function NOT instrumented (not matched by --itt-config option): __itt_sync_releasing

25392 : 0x1a89cd2eeb : 2 : ittapi_config_apply_per_lib :  ITTAPI function not implemented: __itt_model_site_begin
25392 : 0x1a89cd2f0d : 2 : ittapi_config_apply_per_lib :  ITTAPI function not implemented: __itt_model_site_end
25392 : 0x1a89cd2f2d : 2 : ittapi_config_apply_per_lib :  ITTAPI function not implemented: __itt_model_task_begin
25392 : 0x1a89cd2f4b : 2 : ittapi_config_apply_per_lib :  ITTAPI function not implemented: __itt_model_task_end
25392 : 0x1a89cd2f6a : 2 : ittapi_config_apply_per_lib :  ITTAPI function not implemented: __itt_model_lock_acquire
25392 : 0x1a89cd2f89 : 2 : ittapi_config_apply_per_lib :  ITTAPI function not implemented: __itt_model_lock_release
25392 : 0x1a89cd2fa9 : 2 : ittapi_config_apply_per_lib :  ITTAPI function not implemented: __itt_model_record_allocation
25392 : 0x1a89cd2fc9 : 2 : ittapi_config_apply_per_lib :  ITTAPI function not implemented: __itt_model_record_deallocation
25392 : 0x1a89cd2fe8 : 2 : ittapi_config_apply_per_lib :  ITTAPI function not implemented: __itt_model_induction_uses
25392 : 0x1a89cd3007 : 2 : ittapi_config_apply_per_lib :  ITTAPI function not implemented: __itt_model_reduction_uses
25392 : 0x1a89cd3075 : 2 : ittapi_config_apply_per_lib :  ITTAPI function not implemented: __itt_model_observe_uses
25392 : 0x1a89cd3095 : 2 : ittapi_config_apply_per_lib :  ITTAPI function not implemented: __itt_model_clear_uses
25392 : 0x1a89cd30b4 : 2 : ittapi_config_apply_per_lib :  ITTAPI function not implemented: __itt_model_site_beginW
25392 : 0x1a89cd30d2 : 2 : ittapi_config_apply_per_lib :  ITTAPI function not implemented: __itt_model_task_beginW
25392 : 0x1a89cd30f2 : 2 : ittapi_config_apply_per_lib :  ITTAPI function not implemented: __itt_model_iteration_taskW
25392 : 0x1a89cd3113 : 2 : ittapi_config_apply_per_lib :  ITTAPI function not implemented: __itt_model_site_beginA
25392 : 0x1a89cd3131 : 2 : ittapi_config_apply_per_lib :  ITTAPI function not implemented: __itt_model_site_beginAL
25392 : 0x1a89cd3150 : 2 : ittapi_config_apply_per_lib :  ITTAPI function not implemented: __itt_model_task_beginA
25392 : 0x1a89cd316e : 2 : ittapi_config_apply_per_lib :  ITTAPI function not implemented: __itt_model_task_beginAL
25392 : 0x1a89cd318e : 2 : ittapi_config_apply_per_lib :  ITTAPI function not implemented: __itt_model_iteration_taskA
25392 : 0x1a89cd31f2 : 2 : ittapi_config_apply_per_lib :  ITTAPI function not implemented: __itt_model_iteration_taskAL
25392 : 0x1a89cd3213 : 2 : ittapi_config_apply_per_lib :  ITTAPI function not implemented: __itt_model_site_end_2
25392 : 0x1a89cd3231 : 2 : ittapi_config_apply_per_lib :  ITTAPI function not implemented: __itt_model_task_end_2
25392 : 0x1a89cd324f : 2 : ittapi_config_apply_per_lib :  ITTAPI function not implemented: __itt_model_lock_acquire_2
25392 : 0x1a89cd326e : 2 : ittapi_config_apply_per_lib :  ITTAPI function not implemented: __itt_model_lock_release_2
25392 : 0x1a89cd328d : 2 : ittapi_config_apply_per_lib :  ITTAPI function not implemented: __itt_model_aggregate_task
25392 : 0x1a89cd32ab : 2 : ittapi_config_apply_per_lib :  ITTAPI function not implemented: __itt_model_disable_push
25392 : 0x1a89cd32ca : 2 : ittapi_config_apply_per_lib :  ITTAPI function not implemented: __itt_model_disable_pop
25392 : 0x1a89cd32ea : 2 : ittapi_config_apply_per_lib :  ITTAPI function instrumented: __itt_heap_function_createA
25392 : 0x1a89cd3308 : 2 : ittapi_config_apply_per_lib :  ITTAPI function instrumented: __itt_heap_function_createW
25392 : 0x1a89cd3362 : 2 : ittapi_config_apply_per_lib :  ITTAPI function instrumented: __itt_heap_allocate_begin
25392 : 0x1a89cd3381 : 2 : ittapi_config_apply_per_lib :  ITTAPI function instrumented: __itt_heap_allocate_end
25392 : 0x1a89cd339e : 2 : ittapi_config_apply_per_lib :  ITTAPI function instrumented: __itt_heap_free_begin
25392 : 0x1a89cd33ba : 2 : ittapi_config_apply_per_lib :  ITTAPI function instrumented: __itt_heap_free_end
25392 : 0x1a89cd33d7 : 2 : ittapi_config_apply_per_lib :  ITTAPI function instrumented: __itt_heap_reallocate_begin
25392 : 0x1a89cd3428 : 2 : ittapi_config_apply_per_lib :  ITTAPI function instrumented: __itt_heap_reallocate_end
25392 : 0x1a89cd3449 : 2 : ittapi_config_apply_per_lib :  ITTAPI function not implemented: __itt_heap_internal_access_begin
25392 : 0x1a89cd3469 : 2 : ittapi_config_apply_per_lib :  ITTAPI function not implemented: __itt_heap_internal_access_end
25392 : 0x1a89cd3489 : 2 : ittapi_config_apply_per_lib :  ITTAPI function not implemented: __itt_heap_record_memory_growth_begin
25392 : 0x1a89cd34ab : 2 : ittapi_config_apply_per_lib :  ITTAPI function not implemented: __itt_heap_record_memory_growth_end
25392 : 0x1a89cd350d : 2 : ittapi_config_apply_per_lib :  ITTAPI function not implemented: __itt_heap_reset_detection
25392 : 0x1a89cd352d : 2 : ittapi_config_apply_per_lib :  ITTAPI function not implemented: __itt_heap_record
25392 : 0x1a89cd35db : 2 : ittapi_config_apply_per_lib :  ITTAPI function not implemented: __itt_id_create
25392 : 0x1a89cd35fa : 2 : ittapi_config_apply_per_lib :  ITTAPI function not implemented: __itt_id_destroy
25392 : 0x1a89cd3618 : 2 : ittapi_config_apply_per_lib :  ITTAPI function instrumented: __itt_get_timestamp
25392 : 0x1a89cd3637 : 2 : ittapi_config_apply_per_lib :  ITTAPI function not implemented: __itt_region_begin
25392 : 0x1a89cd3656 : 2 : ittapi_config_apply_per_lib :  ITTAPI function not implemented: __itt_region_end
25392 : 0x1a89cd3674 : 2 : ittapi_config_apply_per_lib :  ITTAPI function instrumented: __itt_frame_begin_v3
25392 : 0x1a89cd3691 : 2 : ittapi_config_apply_per_lib :  ITTAPI function instrumented: __itt_frame_end_v3
25392 : 0x1a89cd36ae : 2 : ittapi_config_apply_per_lib :  ITTAPI function instrumented: __itt_frame_submit_v3
25392 : 0x1a89cd3752 : 2 : ittapi_config_apply_per_lib :  ITTAPI function not implemented: __itt_task_group
25392 : 0x1a89cd3772 : 2 : ittapi_config_apply_per_lib :  ITTAPI function instrumented: __itt_task_begin
25392 : 0x1a89cd3790 : 2 : ittapi_config_apply_per_lib :  ITTAPI function instrumented: __itt_task_begin_fn
25392 : 0x1a89cd37af : 2 : ittapi_config_apply_per_lib :  ITTAPI function instrumented: __itt_task_end
25392 : 0x1a89cd37cf : 2 : ittapi_config_apply_per_lib :  ITTAPI function not implemented: __itt_counter_inc_v3
25392 : 0x1a89cd37ef : 2 : ittapi_config_apply_per_lib :  ITTAPI function not implemented: __itt_counter_inc_delta_v3
25392 : 0x1a89cd380f : 2 : ittapi_config_apply_per_lib :  ITTAPI function not implemented: __itt_marker
25392 : 0x1a89cd382c : 2 : ittapi_config_apply_per_lib :  ITTAPI function instrumented: __itt_metadata_add
25392 : 0x1a89cd384b : 2 : ittapi_config_apply_per_lib :  ITTAPI function not implemented: __itt_metadata_str_addA
25392 : 0x1a89cd386a : 2 : ittapi_config_apply_per_lib :  ITTAPI function not implemented: __itt_metadata_str_addW
25392 : 0x1a89cd38d7 : 2 : ittapi_config_apply_per_lib :  ITTAPI function not implemented: __itt_relation_add_to_current
25392 : 0x1a89cd38f9 : 2 : ittapi_config_apply_per_lib :  ITTAPI function not implemented: __itt_relation_add
25392 : 0x1a89cd3917 : 2 : ittapi_config_apply_per_lib :  ITTAPI function instrumented: __itt_event_createA
25392 : 0x1a89cd3934 : 2 : ittapi_config_apply_per_lib :  ITTAPI function instrumented: __itt_event_createW
25392 : 0x1a89cd3950 : 2 : ittapi_config_apply_per_lib :  ITTAPI function instrumented: __itt_event_start
25392 : 0x1a89cd396c : 2 : ittapi_config_apply_per_lib :  ITTAPI function instrumented: __itt_event_end
25392 : 0x1a89cd3985 : 2 : ittapi_config_apply_per_lib :  ITTAPI function NOT instrumented (not matched by --itt-config option): __itt_sync_set_nameA

25392 : 0x1a89cd39a5 : 2 : ittapi_config_apply_per_lib :  ITTAPI function NOT instrumented (not matched by --itt-config option): __itt_sync_set_nameW

25392 : 0x1a89cd39c6 : 2 : ittapi_config_apply_per_lib :  ITTAPI function NOT instrumented (not matched by --itt-config option): __itt_notify_sync_nameA

25392 : 0x1a89cd39e8 : 2 : ittapi_config_apply_per_lib :  ITTAPI function NOT instrumented (not matched by --itt-config option): __itt_notify_sync_nameW

25392 : 0x1a89cd3a46 : 2 : ittapi_config_apply_per_lib :  ITTAPI function NOT instrumented (not matched by --itt-config option): __itt_notify_sync_prepare

25392 : 0x1a89cd3a69 : 2 : ittapi_config_apply_per_lib :  ITTAPI function NOT instrumented (not matched by --itt-config option): __itt_notify_sync_cancel

25392 : 0x1a89cd3a8c : 2 : ittapi_config_apply_per_lib :  ITTAPI function NOT instrumented (not matched by --itt-config option): __itt_notify_sync_acquired

25392 : 0x1a89cd3aae : 2 : ittapi_config_apply_per_lib :  ITTAPI function NOT instrumented (not matched by --itt-config option): __itt_notify_sync_releasing

25392 : 0x1a89cd3ad8 : 2 : ittapi_config_apply_per_lib :  ITTAPI function not implemented: __itt_memory_read
25392 : 0x1a89cd3af8 : 2 : ittapi_config_apply_per_lib :  ITTAPI function not implemented: __itt_memory_write
25392 : 0x1a89cd3b17 : 2 : ittapi_config_apply_per_lib :  ITTAPI function not implemented: __itt_memory_update
25392 : 0x1a89cd3b37 : 2 : ittapi_config_apply_per_lib :  ITTAPI function not implemented: __itt_state_get
25392 : 0x1a89cd3b57 : 2 : ittapi_config_apply_per_lib :  ITTAPI function not implemented: __itt_state_set
25392 : 0x1a89cd3b76 : 2 : ittapi_config_apply_per_lib :  ITTAPI function not implemented: __itt_obj_mode_set
25392 : 0x1a89cd3dd7 : 2 : ittapi_config_apply_per_lib :  ITTAPI function not implemented: __itt_thr_mode_set
25392 : 0x1a89cd3dfe : 2 : ittapi_config_apply_per_lib :  ITTAPI function instrumented: __itt_frame_createA
25392 : 0x1a89cd3e1b : 2 : ittapi_config_apply_per_lib :  ITTAPI function instrumented: __itt_frame_createW
25392 : 0x1a89cd3e39 : 2 : ittapi_config_apply_per_lib :  ITTAPI function instrumented: __itt_frame_begin
25392 : 0x1a89cd3e55 : 2 : ittapi_config_apply_per_lib :  ITTAPI function instrumented: __itt_frame_end
25392 : 0x1a89cd3e72 : 2 : ittapi_config_apply_per_lib :  ITTAPI function instrumented: __itt_counter_createA
25392 : 0x1a89cd3e8e : 2 : ittapi_config_apply_per_lib :  ITTAPI function instrumented: __itt_counter_createW
25392 : 0x1a89cd3eae : 2 : ittapi_config_apply_per_lib :  ITTAPI function not implemented: __itt_counter_destroy
25392 : 0x1a89cd3ecc : 2 : ittapi_config_apply_per_lib :  ITTAPI function instrumented: __itt_counter_inc
25392 : 0x1a89cd3eeb : 2 : ittapi_config_apply_per_lib :  ITTAPI function instrumented: __itt_counter_inc_delta
25392 : 0x1a89cd3f6b : 2 : ittapi_config_apply_per_lib :  ITTAPI function not implemented: __itt_mark_createA
25392 : 0x1a89cd3f8d : 2 : ittapi_config_apply_per_lib :  ITTAPI function not implemented: __itt_mark_createW
25392 : 0x1a89cd3fab : 2 : ittapi_config_apply_per_lib :  ITTAPI function not implemented: __itt_markA
25392 : 0x1a89cd3fc8 : 2 : ittapi_config_apply_per_lib :  ITTAPI function not implemented: __itt_markW
25392 : 0x1a89cd3fe7 : 2 : ittapi_config_apply_per_lib :  ITTAPI function not implemented: __itt_mark_off
25392 : 0x1a89cd4005 : 2 : ittapi_config_apply_per_lib :  ITTAPI function not implemented: __itt_mark_globalA
25392 : 0x1a89cd4024 : 2 : ittapi_config_apply_per_lib :  ITTAPI function not implemented: __itt_mark_globalW
25392 : 0x1a89cd4043 : 2 : ittapi_config_apply_per_lib :  ITTAPI function not implemented: __itt_mark_global_off
25392 : 0x1a89cd4060 : 2 : ittapi_config_apply_per_lib :  ITTAPI function NOT instrumented (not matched by --itt-config option): __itt_stack_caller_create

25392 : 0x1a89cd4083 : 2 : ittapi_config_apply_per_lib :  ITTAPI function NOT instrumented (not matched by --itt-config option): __itt_stack_caller_destroy

25392 : 0x1a89cd40e3 : 2 : ittapi_config_apply_per_lib :  ITTAPI function NOT instrumented (not matched by --itt-config option): __itt_stack_callee_enter

25392 : 0x1a89cd4107 : 2 : ittapi_config_apply_per_lib :  ITTAPI function NOT instrumented (not matched by --itt-config option): __itt_stack_callee_leave

25392 : 0x1a89cd4130 : 2 : ittapi_config_apply_per_lib :  ITTAPI function not implemented: __itt_clock_domain_create
25392 : 0x1a89cd4150 : 2 : ittapi_config_apply_per_lib :  ITTAPI function not implemented: __itt_clock_domain_reset
25392 : 0x1a89cd416e : 2 : ittapi_config_apply_per_lib :  ITTAPI function not implemented: __itt_id_create_ex
25392 : 0x1a89cd418c : 2 : ittapi_config_apply_per_lib :  ITTAPI function not implemented: __itt_id_destroy_ex
25392 : 0x1a89cd41ad : 2 : ittapi_config_apply_per_lib :  ITTAPI function not implemented: __itt_task_begin_ex
25392 : 0x1a89cd41ce : 2 : ittapi_config_apply_per_lib :  ITTAPI function not implemented: __itt_task_begin_fn_ex
25392 : 0x1a89cd41ed : 2 : ittapi_config_apply_per_lib :  ITTAPI function not implemented: __itt_task_end_ex
25392 : 0x1a89cd420d : 2 : ittapi_config_apply_per_lib :  ITTAPI function instrumented: __itt_task_begin_overlapped
25392 : 0x1a89cd426b : 2 : ittapi_config_apply_per_lib :  ITTAPI function not implemented: __itt_task_begin_overlapped_ex
25392 : 0x1a89cd4289 : 2 : ittapi_config_apply_per_lib :  ITTAPI function instrumented: __itt_task_end_overlapped
25392 : 0x1a89cd42a9 : 2 : ittapi_config_apply_per_lib :  ITTAPI function not implemented: __itt_task_end_overlapped_ex
25392 : 0x1a89cd42c7 : 2 : ittapi_config_apply_per_lib :  ITTAPI function not implemented: __itt_marker_ex
25392 : 0x1a89cd42e6 : 2 : ittapi_config_apply_per_lib :  ITTAPI function not implemented: __itt_metadata_add_with_scope
25392 : 0x1a89cd4306 : 2 : ittapi_config_apply_per_lib :  ITTAPI function not implemented: __itt_metadata_str_add_with_scopeA
25392 : 0x1a89cd4326 : 2 : ittapi_config_apply_per_lib :  ITTAPI function not implemented: __itt_metadata_str_add_with_scopeW
25392 : 0x1a89cd4348 : 2 : ittapi_config_apply_per_lib :  ITTAPI function not implemented: __itt_relation_add_to_current_ex
25392 : 0x1a89cd4368 : 2 : ittapi_config_apply_per_lib :  ITTAPI function not implemented: __itt_relation_add_ex
25392 : 0x1a89cd4388 : 2 : ittapi_config_apply_per_lib :  ITTAPI function not implemented: __itt_track_group_create
25392 : 0x1a89cd43f7 : 2 : ittapi_config_apply_per_lib :  ITTAPI function not implemented: __itt_track_create
25392 : 0x1a89cd4418 : 2 : ittapi_config_apply_per_lib :  ITTAPI function not implemented: __itt_set_track
25392 : 0x1a89cd4434 : 2 : ittapi_config_apply_per_lib :  ITTAPI function instrumented: __itt_api_version
25392 : 0x1a89cd4454 : 2 : ittapi_config_apply_per_lib :  ITTAPI function not implemented: __itt_av_saveA
25392 : 0x1a89cd4472 : 2 : ittapi_config_apply_per_lib :  ITTAPI function not implemented: __itt_av_saveW