
21756 : 0x1f4e64a8ad : 1 : spill_jit_data :  Jit agent is not initialized
21756 : 0x1f4e64aca9 : 2 : ittapi_config_mask_get :  --itt-config mask to be applied: 39
21756 : 0x1f4e64acfb : 2 : ittapi_config_apply_per_lib :  ITTAPI function instrumented: __itt_domain_createA
21756 : 0x1f4e64ad11 : 2 : ittapi_config_apply_per_lib :  ITTAPI function instrumented: __itt_domain_createW
21756 : 0x1f4e64ad2a : 2 : ittapi_config_apply_per_lib :  ITTAPI function instrumented: __itt_string_handle_createA
21756 : 0x1f4e64ad3c : 2 : ittapi_config_apply_per_lib :  ITTAPI function instrumented: __itt_string_handle_createW
21756 : 0x1f4e64ad4f : 2 : ittapi_config_apply_per_lib :  ITTAPI function instrumented: __itt_counter_createA
21756 : 0x1f4e64ad5f : 2 : ittapi_config_apply_per_lib :  ITTAPI function instrumented: __itt_counter_createW
21756 : 0x1f4e64ad70 : 2 : ittapi_config_apply_per_lib :  ITTAPI function instrumented: __itt_counter_create_typedA
21756 : 0x1f4e64ad81 : 2 : ittapi_config_apply_per_lib :  ITTAPI function instrumented: __itt_counter_create_typedW
21756 : 0x1f4e64b14b : 2 : ittapi_config_apply_per_lib :  ITTAPI function instrumented: __itt_pause
21756 : 0x1f4e64b165 : 2 : ittapi_config_apply_per_lib :  ITTAPI function instrumented: __itt_resume
21756 : 0x1f4e64b179 : 2 : ittapi_config_apply_per_lib :  ITTAPI function instrumented: __itt_thread_set_nameA
21756 : 0x1f4e64b18d : 2 : ittapi_config_apply_per_lib :  ITTAPI function instrumented: __itt_thread_set_nameW
21756 : 0x1f4e64b1a1 : 2 : ittapi_config_apply_per_lib :  ITTAPI function instrumented: __itt_thread_ignore
21756 : 0x1f4e64b1b3 : 2 : ittapi_config_apply_per_lib :  ITTAPI function instrumented: __itt_thr_name_setA
21756 : 0x1f4e64b1c5 : 2 : ittapi_config_apply_per_lib :  ITTAPI function instrumented: __itt_thr_name_setW
21756 : 0x1f4e64b2b9 : 2 : ittapi_config_apply_per_lib :  ITTAPI function instrumented: __itt_thr_ignore
21756 : 0x1f4e64b2d4 : 2 : ittapi_config_apply_per_lib :  ITTAPI function not implemented: __itt_enable_attach
21756 : 0x1f4e64b2e5 : 2 : ittapi_config_apply_per_lib :  ITTAPI function instrumented: __itt_detach
21756 : 0x1f4e64b34a : 2 : ittapi_config_apply_per_lib :  ITTAPI function NOT instrumented (not matched by --itt-config option): __itt_sync_createA

21756 : 0x1f4e64b35f : 2 : ittapi_config_apply_per_lib :  ITTAPI function NOT instrumented (not matched by --itt-config option): __itt_sync_createW

21756 : 0x1f4e64b372 : 2 : ittapi_config_apply_per_lib :  ITTAPI function NOT instrumented (not matched by --itt-config option): __itt_sync_renameA

21756 : 0x1f4e64b386 : 2 : ittapi_config_apply_per_lib :  ITTAPI function NOT instrumented (not matched by --itt-config option): __itt_sync_renameW

21756 : 0x1f4e64b398 : 2 : ittapi_config_apply_per_lib :  ITTAPI function NOT instrumented (not matched by --itt-config option): __itt_sync_destroy

21756 : 0x1f4e64b3a9 : 2 : ittapi_config_apply_per_lib :  ITTAPI function NOT instrumented (not matched by --itt-config option): __itt_sync_prepare

21756 : 0x1f4e64b3bb : 2 : ittapi_config_apply_per_lib :  ITTAPI function NOT instrumented (not matched by --itt-config option): __itt_sync_cancel

21756 : 0x1f4e64b3ce : 2 : ittapi_config_apply_per_lib :  ITTAPI function NOT instrumented (not matched by --itt-config option): __itt_sync_acquired

21756 : 0x1f4e64b3e0 : 2 : ittapi_config_apply_per_lib :  ITTAPI function NOT instrumented (not matched by --itt-config option): __itt_sync_releasing

21756 : 0x1f4e64b3f8 : 2 : ittapi_config_apply_per_lib :  ITTAPI function not implemented: __itt_suppress_push
21756 : 0x1f4e64b42d : 2 : ittapi_config_apply_per_lib :  ITTAPI function not implemented: __itt_suppress_pop
21756 : 0x1f4e64b43f : 2 : ittapi_config_apply_per_lib :  ITTAPI function not implemented: __itt_suppress_mark_range
21756 : 0x1f4e64b451 : 2 : ittapi_config_apply_per_lib :  ITTAPI function not implemented: __itt_suppress_clear_range
21756 : 0x1f4e64b45f : 2 : ittapi_config_apply_per_lib :  ITTAPI function NOT instrumented (not matched by --itt-config option): __itt_sync_prepare

21756 : 0x1f4e64b471 : 2 : ittapi_config_apply_per_lib :  ITTAPI function NOT instrumented (not matched by --itt-config option): __itt_sync_cancel

21756 : 0x1f4e64b482 : 2 : ittapi_config_apply_per_lib :  ITTAPI function NOT instrumented (not matched by --itt-config option): __itt_sync_acquired

21756 : 0x1f4e64b494 : 2 : ittapi_config_apply_per_lib :  ITTAPI function NOT instrumented (not matched by --itt-config option): __itt_sync_releasing

21756 : 0x1f4e64b4a9 : 2 : ittapi_config_apply_per_lib :  ITTAPI function not implemented: __itt_model_site_begin
21756 : 0x1f4e64b4ba : 2 : ittapi_config_apply_per_lib :  ITTAPI function not implemented: __itt_model_site_end
21756 : 0x1f4e64b4cb : 2 : ittapi_config_apply_per_lib :  ITTAPI function not implemented: __itt_model_task_begin
21756 : 0x1f4e64b652 : 2 : ittapi_config_apply_per_lib :  ITTAPI function not implemented: __itt_model_task_end
21756 : 0x1f4e64b667 : 2 : ittapi_config_apply_per_lib :  ITTAPI function not implemented: __itt_model_lock_acquire
21756 : 0x1f4e64b67b : 2 : ittapi_config_apply_per_lib :  ITTAPI function not implemented: __itt_model_lock_release
21756 : 0x1f4e64b68e : 2 : ittapi_config_apply_per_lib :  ITTAPI function not implemented: __itt_model_record_allocation
21756 : 0x1f4e64b6a1 : 2 : ittapi_config_apply_per_lib :  ITTAPI function not implemented: __itt_model_record_deallocation
21756 : 0x1f4e64b6b4 : 2 : ittapi_config_apply_per_lib :  ITTAPI function not implemented: __itt_model_induction_uses
21756 : 0x1f4e64b6c7 : 2 : ittapi_config_apply_per_lib :  ITTAPI function not implemented: __itt_model_reduction_uses
21756 : 0x1f4e64b6da : 2 : ittapi_config_apply_per_lib :  ITTAPI function not implemented: __itt_model_observe_uses
21756 : 0x1f4e64b6ee : 2 : ittapi_config_apply_per_lib :  ITTAPI function not implemented: __itt_model_clear_uses
21756 : 0x1f4e64b700 : 2 : ittapi_config_apply_per_lib :  ITTAPI function not implemented: __itt_model_site_beginW
21756 : 0x1f4e64b74a : 2 : ittapi_config_apply_per_lib :  ITTAPI function not implemented: __itt_model_task_beginW
21756 : 0x1f4e64b75e : 2 : ittapi_config_apply_per_lib :  ITTAPI function not implemented: __itt_model_iteration_taskW
21756 : 0x1f4e64b805 : 2 : ittapi_config_apply_per_lib :  ITTAPI function not implemented: __itt_model_site_beginA
21756 : 0x1f4e64b815 : 2 : ittapi_config_apply_per_lib :  ITTAPI function not implemented: __itt_model_site_beginAL
21756 : 0x1f4e64b826 : 2 : ittapi_config_apply_per_lib :  ITTAPI function not implemented: __itt_model_task_beginA
21756 : 0x1f4e64b837 : 2 : ittapi_config_apply_per_lib :  ITTAPI function not implemented: __itt_model_task_beginAL
21756 : 0x1f4e64b847 : 2 : ittapi_config_apply_per_lib :  ITTAPI function not implemented: __itt_model_iteration_taskA
21756 : 0x1f4e64b8ec : 2 : ittapi_config_apply_per_lib :  ITTAPI function not implemented: __itt_model_iteration_taskAL
21756 : 0x1f4e64b900 : 2 : ittapi_config_apply_per_lib :  ITTAPI function not implemented: __itt_model_site_end_2
21756 : 0x1f4e64b912 : 2 : ittapi_config_apply_per_lib :  ITTAPI function not implemented: __itt_model_task_end_2
21756 : 0x1f4e64b94b : 2 : ittapi_config_apply_per_lib :  ITTAPI function not implemented: __itt_model_lock_acquire_2
21756 : 0x1f4e64b962 : 2 : ittapi_config_apply_per_lib :  ITTAPI function not implemented: __itt_model_lock_release_2
21756 : 0x1f4e64b975 : 2 : ittapi_config_apply_per_lib :  ITTAPI function not implemented: __itt_model_aggregate_task
21756 : 0x1f4e64b987 : 2 : ittapi_config_apply_per_lib :  ITTAPI function not implemented: __itt_model_disable_push
21756 : 0x1f4e64b999 : 2 : ittapi_config_apply_per_lib :  ITTAPI function not implemented: __itt_model_disable_pop
21756 : 0x1f4e64b9ad : 2 : ittapi_config_apply_per_lib :  ITTAPI function instrumented: __itt_heap_function_createA
21756 : 0x1f4e64b9bf : 2 : ittapi_config_apply_per_lib :  ITTAPI function instrumented: __itt_heap_function_createW
21756 : 0x1f4e64b9d2 : 2 : ittapi_config_apply_per_lib :  ITTAPI function instrumented: __itt_heap_allocate_begin
21756 : 0x1f4e64b9e3 : 2 : ittapi_config_apply_per_lib :  ITTAPI function instrumented: __itt_heap_allocate_end
21756 : 0x1f4e64b9f4 : 2 : ittapi_config_apply_per_lib :  ITTAPI function instrumented: __itt_heap_free_begin
21756 : 0x1f4e64ba32 : 2 : ittapi_config_apply_per_lib :  ITTAPI function instrumented: __itt_heap_free_end
21756 : 0x1f4e64ba45 : 2 : ittapi_config_apply_per_lib :  ITTAPI function instrumented: __itt_heap_reallocate_begin
21756 : 0x1f4e64ba57 : 2 : ittapi_config_apply_per_lib :  ITTAPI function instrumented: __itt_heap_reallocate_end
21756 : 0x1f4e64ba6b : 2 : ittapi_config_apply_per_lib :  ITTAPI function not implemented: __itt_heap_internal_access_begin
21756 : 0x1f4e64ba80 : 2 : ittapi_config_apply_per_lib :  ITTAPI function not implemented: __itt_heap_internal_access_end
21756 : 0x1f4e64ba94 : 2 : ittapi_config_apply_per_lib :  ITTAPI function not implemented: __itt_heap_record_memory_growth_begin
21756 : 0x1f4e64baa9 : 2 : ittapi_config_apply_per_lib :  ITTAPI function not implemented: __itt_heap_record_memory_growth_end
21756 : 0x1f4e64babd : 2 : ittapi_config_apply_per_lib :  ITTAPI function not implemented: __itt_heap_reset_detection
21756 : 0x1f4e64bad1 : 2 : ittapi_config_apply_per_lib :  ITTAPI function not implemented: __itt_heap_record
21756 : 0x1f4e64bae3 : 2 : ittapi_config_apply_per_lib :  ITTAPI function not implemented: __itt_id_create
21756 : 0x1f4e64bb91 : 2 : ittapi_config_apply_per_lib :  ITTAPI function not implemented: __itt_id_destroy
21756 : 0x1f4e64bba6 : 2 : ittapi_config_apply_per_lib :  ITTAPI function instrumented: __itt_get_timestamp
21756 : 0x1f4e64bbb9 : 2 : ittapi_config_apply_per_lib :  ITTAPI function not implemented: __itt_region_begin
21756 : 0x1f4e64bbcb : 2 : ittapi_config_apply_per_lib :  ITTAPI function not implemented: __itt_region_end
21756 : 0x1f4e64bbdd : 2 : ittapi_config_apply_per_lib :  ITTAPI function instrumented: __itt_frame_begin_v3
21756 : 0x1f4e64bbf0 : 2 : ittapi_config_apply_per_lib :  ITTAPI function instrumented: __itt_frame_end_v3
21756 : 0x1f4e64bc01 : 2 : ittapi_config_apply_per_lib :  ITTAPI function instrumented: __itt_frame_submit_v3
21756 : 0x1f4e64bc14 : 2 : ittapi_config_apply_per_lib :  ITTAPI function not implemented: __itt_task_group
21756 : 0x1f4e64bc27 : 2 : ittapi_config_apply_per_lib :  ITTAPI function instrumented: __itt_task_begin
21756 : 0x1f4e64bc38 : 2 : ittapi_config_apply_per_lib :  ITTAPI function instrumented: __itt_task_begin_fn
21756 : 0x1f4e64bc6f : 2 : ittapi_config_apply_per_lib :  ITTAPI function instrumented: __itt_task_end
21756 : 0x1f4e64bc85 : 2 : ittapi_config_apply_per_lib :  ITTAPI function not implemented: __itt_counter_inc_v3
21756 : 0x1f4e64bc99 : 2 : ittapi_config_apply_per_lib :  ITTAPI function not implemented: __itt_counter_inc_delta_v3
21756 : 0x1f4e64bcad : 2 : ittapi_config_apply_per_lib :  ITTAPI function not implemented: __itt_counter_dec_v3
21756 : 0x1f4e64bcc0 : 2 : ittapi_config_apply_per_lib :  ITTAPI function not implemented: __itt_counter_dec_delta_v3
21756 : 0x1f4e64bcd3 : 2 : ittapi_config_apply_per_lib :  ITTAPI function not implemented: __itt_marker
21756 : 0x1f4e64bce5 : 2 : ittapi_config_apply_per_lib :  ITTAPI function instrumented: __itt_metadata_add
21756 : 0x1f4e64bd40 : 2 : ittapi_config_apply_per_lib :  ITTAPI function not implemented: __itt_metadata_str_addA
21756 : 0x1f4e64bd53 : 2 : ittapi_config_apply_per_lib :  ITTAPI function not implemented: __itt_metadata_str_addW
21756 : 0x1f4e64bd66 : 2 : ittapi_config_apply_per_lib :  ITTAPI function not implemented: __itt_relation_add_to_current
21756 : 0x1f4e64bdb2 : 2 : ittapi_config_apply_per_lib :  ITTAPI function not implemented: __itt_relation_add
21756 : 0x1f4e64bdc5 : 2 : ittapi_config_apply_per_lib :  ITTAPI function instrumented: __itt_event_createA
21756 : 0x1f4e64bdd6 : 2 : ittapi_config_apply_per_lib :  ITTAPI function instrumented: __itt_event_createW
21756 : 0x1f4e64bde8 : 2 : ittapi_config_apply_per_lib :  ITTAPI function instrumented: __itt_event_start
21756 : 0x1f4e64bdf9 : 2 : ittapi_config_apply_per_lib :  ITTAPI function instrumented: __itt_event_end
21756 : 0x1f4e64be08 : 2 : ittapi_config_apply_per_lib :  ITTAPI function NOT instrumented (not matched by --itt-config option): __itt_sync_set_nameA

21756 : 0x1f4e64be1c : 2 : ittapi_config_apply_per_lib :  ITTAPI function NOT instrumented (not matched by --itt-config option): __itt_sync_set_nameW

21756 : 0x1f4e64be30 : 2 : ittapi_config_apply_per_lib :  ITTAPI function NOT instrumented (not matched by --itt-config option): __itt_notify_sync_nameA

21756 : 0x1f4e64be45 : 2 : ittapi_config_apply_per_lib :  ITTAPI function NOT instrumented (not matched by --itt-config option): __itt_notify_sync_nameW

21756 : 0x1f4e64be59 : 2 : ittapi_config_apply_per_lib :  ITTAPI function NOT instrumented (not matched by --itt-config option): __itt_notify_sync_prepare

21756 : 0x1f4e64be9f : 2 : ittapi_config_apply_per_lib :  ITTAPI function NOT instrumented (not matched by --itt-config option): __itt_notify_sync_cancel

21756 : 0x1f4e64beb4 : 2 : ittapi_config_apply_per_lib :  ITTAPI function NOT instrumented (not matched by --itt-config option): __itt_notify_sync_acquired

21756 : 0x1f4e64bec9 : 2 : ittapi_config_apply_per_lib :  ITTAPI function NOT instrumented (not matched by --itt-config option): __itt_notify_sync_releasing

21756 : 0x1f4e64bf27 : 2 : ittapi_config_apply_per_lib :  ITTAPI function not implemented: __itt_memory_read
21756 : 0x1f4e64bf3b : 2 : ittapi_config_apply_per_lib :  ITTAPI function not implemented: __itt_memory_write
21756 : 0x1f4e64bf4e : 2 : ittapi_config_apply_per_lib :  ITTAPI function not implemented: __itt_memory_update
21756 : 0x1f4e64bf62 : 2 : ittapi_config_apply_per_lib :  ITTAPI function not implemented: __itt_state_get
21756 : 0x1f4e64bf74 : 2 : ittapi_config_apply_per_lib :  ITTAPI function not implemented: __itt_state_set
21756 : 0x1f4e64bf87 : 2 : ittapi_config_apply_per_lib :  ITTAPI function not implemented: __itt_obj_mode_set
21756 : 0x1f4e64bf9a : 2 : ittapi_config_apply_per_lib :  ITTAPI function not implemented: __itt_thr_mode_set
21756 : 0x1f4e64bfee : 2 : ittapi_config_apply_per_lib :  ITTAPI function instrumented: __itt_frame_createA
21756 : 0x1f4e64c001 : 2 : ittapi_config_apply_per_lib :  ITTAPI function instrumented: __itt_frame_createW
21756 : 0x1f4e64c013 : 2 : ittapi_config_apply_per_lib :  ITTAPI function instrumented: __itt_frame_begin
21756 : 0x1f4e64c024 : 2 : ittapi_config_apply_per_lib :  ITTAPI function instrumented: __itt_frame_end
21756 : 0x1f4e64c037 : 2 : ittapi_config_apply_per_lib :  ITTAPI function not implemented: __itt_counter_destroy
21756 : 0x1f4e64c049 : 2 : ittapi_config_apply_per_lib :  ITTAPI function instrumented: __itt_counter_inc
21756 : 0x1f4e64c05a : 2 : ittapi_config_apply_per_lib :  ITTAPI function instrumented: __itt_counter_inc_delta
21756 : 0x1f4e64c06c : 2 : ittapi_config_apply_per_lib :  ITTAPI function instrumented: __itt_counter_dec
21756 : 0x1f4e64c07e : 2 : ittapi_config_apply_per_lib :  ITTAPI function instrumented: __itt_counter_dec_delta
21756 : 0x1f4e64c090 : 2 : ittapi_config_apply_per_lib :  ITTAPI function instrumented: __itt_counter_set_value
21756 : 0x1f4e64c0cf : 2 : ittapi_config_apply_per_lib :  ITTAPI function not implemented: __itt_counter_set_value_ex
21756 : 0x1f4e64c0e4 : 2 : ittapi_config_apply_per_lib :  ITTAPI function not implemented: __itt_mark_createA
21756 : 0x1f4e64c0f6 : 2 : ittapi_config_apply_per_lib :  ITTAPI function not implemented: __itt_mark_createW
21756 : 0x1f4e64c108 : 2 : ittapi_config_apply_per_lib :  ITTAPI function not implemented: __itt_markA
21756 : 0x1f4e64c11a : 2 : ittapi_config_apply_per_lib :  ITTAPI function not implemented: __itt_markW
21756 : 0x1f4e64c12c : 2 : ittapi_config_apply_per_lib :  ITTAPI function not implemented: __itt_mark_off
21756 : 0x1f4e64c1b5 : 2 : ittapi_config_apply_per_lib :  ITTAPI function not implemented: __itt_mark_globalA
21756 : 0x1f4e64c1c9 : 2 : ittapi_config_apply_per_lib :  ITTAPI function not implemented: __itt_mark_globalW
21756 : 0x1f4e64c1db : 2 : ittapi_config_apply_per_lib :  ITTAPI function not implemented: __itt_mark_global_off
21756 : 0x1f4e64c1ee : 2 : ittapi_config_apply_per_lib :  ITTAPI function NOT instrumented (not matched by --itt-config option): __itt_stack_caller_create

21756 : 0x1f4e64c34b : 2 : ittapi_config_apply_per_lib :  ITTAPI function NOT instrumented (not matched by --itt-config option): __itt_stack_caller_destroy

21756 : 0x1f4e64c36f : 2 : ittapi_config_apply_per_lib :  ITTAPI function NOT instrumented (not matched by --itt-config option): __itt_stack_callee_enter

21756 : 0x1f4e64c387 : 2 : ittapi_config_apply_per_lib :  ITTAPI function NOT instrumented (not matched by --itt-config option): __itt_stack_callee_leave

21756 : 0x1f4e64c3a4 : 2 : ittapi_config_apply_per_lib :  ITTAPI function not implemented: __itt_clock_domain_create
21756 : 0x1f4e64c3b8 : 2 : ittapi_config_apply_per_lib :  ITTAPI function not implemented: __itt_clock_domain_reset
21756 : 0x1f4e64c3ca : 2 : ittapi_config_apply_per_lib :  ITTAPI function not implemented: __itt_id_create_ex
21756 : 0x1f4e64c3dd : 2 : ittapi_config_apply_per_lib :  ITTAPI function not implemented: __itt_id_destroy_ex
21756 : 0x1f4e64c3f1 : 2 : ittapi_config_apply_per_lib :  ITTAPI function not implemented: __itt_task_begin_ex
21756 : 0x1f4e64c405 : 2 : ittapi_config_apply_per_lib :  ITTAPI function not implemented: __itt_task_begin_fn_ex
21756 : 0x1f4e64c418 : 2 : ittapi_config_apply_per_lib :  ITTAPI function not implemented: __itt_task_end_ex
21756 : 0x1f4e64c46b : 2 : ittapi_config_apply_per_lib :  ITTAPI function instrumented: __itt_task_begin_overlapped
21756 : 0x1f4e64c481 : 2 : ittapi_config_apply_per_lib :  ITTAPI function not implemented: __itt_task_begin_overlapped_ex
21756 : 0x1f4e64c492 : 2 : ittapi_config_apply_per_lib :  ITTAPI function instrumented: __itt_task_end_overlapped
21756 : 0x1f4e64c4a6 : 2 : ittapi_config_apply_per_lib :  ITTAPI function not implemented: __itt_task_end_overlapped_ex
21756 : 0x1f4e64c4b9 : 2 : ittapi_config_apply_per_lib :  ITTAPI function not implemented: __itt_marker_ex
21756 : 0x1f4e64c4cb : 2 : ittapi_config_apply_per_lib :  ITTAPI function not implemented: __itt_metadata_add_with_scope
21756 : 0x1f4e64c4df : 2 : ittapi_config_apply_per_lib :  ITTAPI function not implemented: __itt_metadata_str_add_with_scopeA
21756 : 0x1f4e64c4f3 : 2 : ittapi_config_apply_per_lib :  ITTAPI function not implemented: __itt_metadata_str_add_with_scopeW
21756 : 0x1f4e64c507 : 2 : ittapi_config_apply_per_lib :  ITTAPI function not implemented: __itt_relation_add_to_current_ex
21756 : 0x1f4e64c51b : 2 : ittapi_config_apply_per_lib :  ITTAPI function not implemented: __itt_relation_add_ex
21756 : 0x1f4e64c554 : 2 : ittapi_config_apply_per_lib :  ITTAPI function not implemented: __itt_track_group_create
21756 : 0x1f4e64c5c7 : 2 : ittapi_config_apply_per_lib :  ITTAPI function not implemented: __itt_track_create
21756 : 0x1f4e64c5da : 2 : ittapi_config_apply_per_lib :  ITTAPI function not implemented: __itt_set_track
21756 : 0x1f4e64c5ec : 2 : ittapi_config_apply_per_lib :  ITTAPI function instrumented: __itt_api_version
21756 : 0x1f4e64c5ff : 2 : ittapi_config_apply_per_lib :  ITTAPI function not implemented: __itt_av_saveA
21756 : 0x1f4e64c613 : 2 : ittapi_config_apply_per_lib :  ITTAPI function not implemented: __itt_av_saveW
21756 : 0x1f4e64c62a : 2 : ittapi_config_apply_per_lib :  ITTAPI function instrumented: __itt_module_loadA
21756 : 0x1f4e64c640 : 2 : ittapi_config_apply_per_lib :  ITTAPI function instrumented: __itt_module_loadW
21756 : 0x1f4e6505fd : 2 : ittapi_config_mask_get :  --itt-config mask to be applied: 39
21756 : 0x1f4e65062e : 2 : ittapi_config_apply_per_lib :  ITTAPI function instrumented: __itt_domain_createA
21756 : 0x1f4e6506bf : 2 : ittapi_config_apply_per_lib :  ITTAPI function instrumented: __itt_domain_createW
21756 : 0x1f4e6506d7 : 2 : ittapi_config_apply_per_lib :  ITTAPI function instrumented: __itt_string_handle_createA
21756 : 0x1f4e6506e9 : 2 : ittapi_config_apply_per_lib :  ITTAPI function instrumented: __itt_string_handle_createW
21756 : 0x1f4e6506fa : 2 : ittapi_config_apply_per_lib :  ITTAPI function instrumented: __itt_pause
21756 : 0x1f4e65070d : 2 : ittapi_config_apply_per_lib :  ITTAPI function instrumented: __itt_resume
21756 : 0x1f4e65071e : 2 : ittapi_config_apply_per_lib :  ITTAPI function instrumented: __itt_thread_set_nameA
21756 : 0x1f4e650731 : 2 : ittapi_config_apply_per_lib :  ITTAPI function instrumented: __itt_thread_set_nameW
21756 : 0x1f4e650743 : 2 : ittapi_config_apply_per_lib :  ITTAPI function instrumented: __itt_thread_ignore
21756 : 0x1f4e650753 : 2 : ittapi_config_apply_per_lib :  ITTAPI function instrumented: __itt_thr_name_setA
21756 : 0x1f4e650765 : 2 : ittapi_config_apply_per_lib :  ITTAPI function instrumented: __itt_thr_name_setW
21756 : 0x1f4e650845 : 2 : ittapi_config_apply_per_lib :  ITTAPI function instrumented: __itt_thr_ignore
21756 : 0x1f4e65085b : 2 : ittapi_config_apply_per_lib :  ITTAPI function not implemented: __itt_enable_attach
21756 : 0x1f4e65086c : 2 : ittapi_config_apply_per_lib :  ITTAPI function instrumented: __itt_detach
21756 : 0x1f4e650879 : 2 : ittapi_config_apply_per_lib :  ITTAPI function NOT instrumented (not matched by --itt-config option): __itt_sync_createA

21756 : 0x1f4e65088c : 2 : ittapi_config_apply_per_lib :  ITTAPI function NOT instrumented (not matched by --itt-config option): __itt_sync_createW

21756 : 0x1f4e65089f : 2 : ittapi_config_apply_per_lib :  ITTAPI function NOT instrumented (not matched by --itt-config option): __itt_sync_renameA

21756 : 0x1f4e6508b1 : 2 : ittapi_config_apply_per_lib :  ITTAPI function NOT instrumented (not matched by --itt-config option): __itt_sync_renameW

21756 : 0x1f4e6508c2 : 2 : ittapi_config_apply_per_lib :  ITTAPI function NOT instrumented (not matched by --itt-config option): __itt_sync_destroy

21756 : 0x1f4e6508d4 : 2 : ittapi_config_apply_per_lib :  ITTAPI function NOT instrumented (not matched by --itt-config option): __itt_sync_prepare

21756 : 0x1f4e6508e6 : 2 : ittapi_config_apply_per_lib :  ITTAPI function NOT instrumented (not matched by --itt-config option): __itt_sync_cancel

21756 : 0x1f4e650929 : 2 : ittapi_config_apply_per_lib :  ITTAPI function NOT instrumented (not matched by --itt-config option): __itt_sync_acquired

21756 : 0x1f4e65093d : 2 : ittapi_config_apply_per_lib :  ITTAPI function NOT instrumented (not matched by --itt-config option): __itt_sync_releasing

21756 : 0x1f4e650955 : 2 : ittapi_config_apply_per_lib :  ITTAPI function not implemented: __itt_suppress_push
21756 : 0x1f4e650966 : 2 : ittapi_config_apply_per_lib :  ITTAPI function not implemented: __itt_suppress_pop
21756 : 0x1f4e650977 : 2 : ittapi_config_apply_per_lib :  ITTAPI function not implemented: __itt_suppress_mark_range
21756 : 0x1f4e650989 : 2 : ittapi_config_apply_per_lib :  ITTAPI function not implemented: __itt_suppress_clear_range
21756 : 0x1f4e650997 : 2 : ittapi_config_apply_per_lib :  ITTAPI function NOT instrumented (not matched by --itt-config option): __itt_sync_prepare

21756 : 0x1f4e6509a9 : 2 : ittapi_config_apply_per_lib :  ITTAPI function NOT instrumented (not matched by --itt-config option): __itt_sync_cancel

21756 : 0x1f4e6509bb : 2 : ittapi_config_apply_per_lib :  ITTAPI function NOT instrumented (not matched by --itt-config option): __itt_sync_acquired

21756 : 0x1f4e6509cd : 2 : ittapi_config_apply_per_lib :  ITTAPI function NOT instrumented (not matched by --itt-config option): __itt_sync_releasing

21756 : 0x1f4e650a04 : 2 : ittapi_config_apply_per_lib :  ITTAPI function not implemented: __itt_model_site_begin
21756 : 0x1f4e650a16 : 2 : ittapi_config_apply_per_lib :  ITTAPI function not implemented: __itt_model_site_end
21756 : 0x1f4e650a27 : 2 : ittapi_config_apply_per_lib :  ITTAPI function not implemented: __itt_model_task_begin
21756 : 0x1f4e650a37 : 2 : ittapi_config_apply_per_lib :  ITTAPI function not implemented: __itt_model_task_end
21756 : 0x1f4e650a47 : 2 : ittapi_config_apply_per_lib :  ITTAPI function not implemented: __itt_model_lock_acquire
21756 : 0x1f4e650a58 : 2 : ittapi_config_apply_per_lib :  ITTAPI function not implemented: __itt_model_lock_release
21756 : 0x1f4e650a69 : 2 : ittapi_config_apply_per_lib :  ITTAPI function not implemented: __itt_model_record_allocation
21756 : 0x1f4e650a79 : 2 : ittapi_config_apply_per_lib :  ITTAPI function not implemented: __itt_model_record_deallocation
21756 : 0x1f4e650a8a : 2 : ittapi_config_apply_per_lib :  ITTAPI function not implemented: __itt_model_induction_uses
21756 : 0x1f4e650a9b : 2 : ittapi_config_apply_per_lib :  ITTAPI function not implemented: __itt_model_reduction_uses
21756 : 0x1f4e650ad1 : 2 : ittapi_config_apply_per_lib :  ITTAPI function not implemented: __itt_model_observe_uses
21756 : 0x1f4e650ae4 : 2 : ittapi_config_apply_per_lib :  ITTAPI function not implemented: __itt_model_clear_uses
21756 : 0x1f4e650af4 : 2 : ittapi_config_apply_per_lib :  ITTAPI function not implemented: __itt_model_site_beginW
21756 : 0x1f4e650b05 : 2 : ittapi_config_apply_per_lib :  ITTAPI function not implemented: __itt_model_task_beginW
21756 : 0x1f4e650b16 : 2 : ittapi_config_apply_per_lib :  ITTAPI function not implemented: __itt_model_iteration_taskW
21756 : 0x1f4e650b26 : 2 : ittapi_config_apply_per_lib :  ITTAPI function not implemented: __itt_model_site_beginA
21756 : 0x1f4e650b37 : 2 : ittapi_config_apply_per_lib :  ITTAPI function not implemented: __itt_model_site_beginAL
21756 : 0x1f4e650b48 : 2 : ittapi_config_apply_per_lib :  ITTAPI function not implemented: __itt_model_task_beginA
21756 : 0x1f4e650b58 : 2 : ittapi_config_apply_per_lib :  ITTAPI function not implemented: __itt_model_task_beginAL
21756 : 0x1f4e650b68 : 2 : ittapi_config_apply_per_lib :  ITTAPI function not implemented: __itt_model_iteration_taskA
21756 : 0x1f4e650b9d : 2 : ittapi_config_apply_per_lib :  ITTAPI function not implemented: __itt_model_iteration_taskAL
21756 : 0x1f4e650bae : 2 : ittapi_config_apply_per_lib :  ITTAPI function not implemented: __itt_model_site_end_2
21756 : 0x1f4e650bbf : 2 : ittapi_config_apply_per_lib :  ITTAPI function not implemented: __itt_model_task_end_2
21756 : 0x1f4e650bd0 : 2 : ittapi_config_apply_per_lib :  ITTAPI function not implemented: __itt_model_lock_acquire_2
21756 : 0x1f4e650be1 : 2 : ittapi_config_apply_per_lib :  ITTAPI function not implemented: __itt_model_lock_release_2
21756 : 0x1f4e650bf2 : 2 : ittapi_config_apply_per_lib :  ITTAPI function not implemented: __itt_model_aggregate_task
21756 : 0x1f4e650c02 : 2 : ittapi_config_apply_per_lib :  ITTAPI function not implemented: __itt_model_disable_push
21756 : 0x1f4e650c13 : 2 : ittapi_config_apply_per_lib :  ITTAPI function not implemented: __itt_model_disable_pop
21756 : 0x1f4e650c23 : 2 : ittapi_config_apply_per_lib :  ITTAPI function instrumented: __itt_heap_function_createA
21756 : 0x1f4e650c33 : 2 : ittapi_config_apply_per_lib :  ITTAPI function instrumented: __itt_heap_function_createW
21756 : 0x1f4e650c62 : 2 : ittapi_config_apply_per_lib :  ITTAPI function instrumented: __itt_heap_allocate_begin
21756 : 0x1f4e650c72 : 2 : ittapi_config_apply_per_lib :  ITTAPI function instrumented: __itt_heap_allocate_end
21756 : 0x1f4e650c82 : 2 : ittapi_config_apply_per_lib :  ITTAPI function instrumented: __itt_heap_free_begin
21756 : 0x1f4e650c90 : 2 : ittapi_config_apply_per_lib :  ITTAPI function instrumented: __itt_heap_free_end
21756 : 0x1f4e650c9f : 2 : ittapi_config_apply_per_lib :  ITTAPI function instrumented: __itt_heap_reallocate_begin
21756 : 0x1f4e650caf : 2 : ittapi_config_apply_per_lib :  ITTAPI function instrumented: __itt_heap_reallocate_end
21756 : 0x1f4e650cc1 : 2 : ittapi_config_apply_per_lib :  ITTAPI function not implemented: __itt_heap_internal_access_begin
21756 : 0x1f4e650cd2 : 2 : ittapi_config_apply_per_lib :  ITTAPI function not implemented: __itt_heap_internal_access_end
21756 : 0x1f4e650ce4 : 2 : ittapi_config_apply_per_lib :  ITTAPI function not implemented: __itt_heap_record_memory_growth_begin
21756 : 0x1f4e650cf5 : 2 : ittapi_config_apply_per_lib :  ITTAPI function not implemented: __itt_heap_record_memory_growth_end
21756 : 0x1f4e650d26 : 2 : ittapi_config_apply_per_lib :  ITTAPI function not implemented: __itt_heap_reset_detection
21756 : 0x1f4e650d37 : 2 : ittapi_config_apply_per_lib :  ITTAPI function not implemented: __itt_heap_record
21756 : 0x1f4e650d48 : 2 : ittapi_config_apply_per_lib :  ITTAPI function not implemented: __itt_id_create
21756 : 0x1f4e650d58 : 2 : ittapi_config_apply_per_lib :  ITTAPI function not implemented: __itt_id_destroy
21756 : 0x1f4e650d67 : 2 : ittapi_config_apply_per_lib :  ITTAPI function instrumented: __itt_get_timestamp
21756 : 0x1f4e650d78 : 2 : ittapi_config_apply_per_lib :  ITTAPI function not implemented: __itt_region_begin
21756 : 0x1f4e650d88 : 2 : ittapi_config_apply_per_lib :  ITTAPI function not implemented: __itt_region_end
21756 : 0x1f4e650d98 : 2 : ittapi_config_apply_per_lib :  ITTAPI function instrumented: __itt_frame_begin_v3
21756 : 0x1f4e650da7 : 2 : ittapi_config_apply_per_lib :  ITTAPI function instrumented: __itt_frame_end_v3
21756 : 0x1f4e650db7 : 2 : ittapi_config_apply_per_lib :  ITTAPI function instrumented: __itt_frame_submit_v3
21756 : 0x1f4e650df1 : 2 : ittapi_config_apply_per_lib :  ITTAPI function not implemented: __itt_task_group
21756 : 0x1f4e650e51 : 2 : ittapi_config_apply_per_lib :  ITTAPI function instrumented: __itt_task_begin
21756 : 0x1f4e650ef0 : 2 : ittapi_config_apply_per_lib :  ITTAPI function instrumented: __itt_task_begin_fn
21756 : 0x1f4e650f02 : 2 : ittapi_config_apply_per_lib :  ITTAPI function instrumented: __itt_task_end
21756 : 0x1f4e650f54 : 2 : ittapi_config_apply_per_lib :  ITTAPI function not implemented: __itt_counter_inc_v3
21756 : 0x1f4e651048 : 2 : ittapi_config_apply_per_lib :  ITTAPI function not implemented: __itt_counter_inc_delta_v3
21756 : 0x1f4e65105a : 2 : ittapi_config_apply_per_lib :  ITTAPI function not implemented: __itt_marker
21756 : 0x1f4e65106c : 2 : ittapi_config_apply_per_lib :  ITTAPI function instrumented: __itt_metadata_add
21756 : 0x1f4e65107f : 2 : ittapi_config_apply_per_lib :  ITTAPI function not implemented: __itt_metadata_str_addA
21756 : 0x1f4e651091 : 2 : ittapi_config_apply_per_lib :  ITTAPI function not implemented: __itt_metadata_str_addW
21756 : 0x1f4e6510f3 : 2 : ittapi_config_apply_per_lib :  ITTAPI function not implemented: __itt_relation_add_to_current
21756 : 0x1f4e651107 : 2 : ittapi_config_apply_per_lib :  ITTAPI function not implemented: __itt_relation_add
21756 : 0x1f4e651119 : 2 : ittapi_config_apply_per_lib :  ITTAPI function instrumented: __itt_event_createA
21756 : 0x1f4e651129 : 2 : ittapi_config_apply_per_lib :  ITTAPI function instrumented: __itt_event_createW
21756 : 0x1f4e65113a : 2 : ittapi_config_apply_per_lib :  ITTAPI function instrumented: __itt_event_start
21756 : 0x1f4e65114b : 2 : ittapi_config_apply_per_lib :  ITTAPI function instrumented: __itt_event_end
21756 : 0x1f4e651159 : 2 : ittapi_config_apply_per_lib :  ITTAPI function NOT instrumented (not matched by --itt-config option): __itt_sync_set_nameA

21756 : 0x1f4e65123c : 2 : ittapi_config_apply_per_lib :  ITTAPI function NOT instrumented (not matched by --itt-config option): __itt_sync_set_nameW

21756 : 0x1f4e651250 : 2 : ittapi_config_apply_per_lib :  ITTAPI function NOT instrumented (not matched by --itt-config option): __itt_notify_sync_nameA

21756 : 0x1f4e651262 : 2 : ittapi_config_apply_per_lib :  ITTAPI function NOT instrumented (not matched by --itt-config option): __itt_notify_sync_nameW

21756 : 0x1f4e6512a8 : 2 : ittapi_config_apply_per_lib :  ITTAPI function NOT instrumented (not matched by --itt-config option): __itt_notify_sync_prepare

21756 : 0x1f4e6512bb : 2 : ittapi_config_apply_per_lib :  ITTAPI function NOT instrumented (not matched by --itt-config option): __itt_notify_sync_cancel

21756 : 0x1f4e6512ce : 2 : ittapi_config_apply_per_lib :  ITTAPI function NOT instrumented (not matched by --itt-config option): __itt_notify_sync_acquired

21756 : 0x1f4e6512e1 : 2 : ittapi_config_apply_per_lib :  ITTAPI function NOT instrumented (not matched by --itt-config option): __itt_notify_sync_releasing

21756 : 0x1f4e6512f9 : 2 : ittapi_config_apply_per_lib :  ITTAPI function not implemented: __itt_memory_read
21756 : 0x1f4e65130b : 2 : ittapi_config_apply_per_lib :  ITTAPI function not implemented: __itt_memory_write
21756 : 0x1f4e65131b : 2 : ittapi_config_apply_per_lib :  ITTAPI function not implemented: __itt_memory_update
21756 : 0x1f4e65132d : 2 : ittapi_config_apply_per_lib :  ITTAPI function not implemented: __itt_state_get
21756 : 0x1f4e65133e : 2 : ittapi_config_apply_per_lib :  ITTAPI function not implemented: __itt_state_set
21756 : 0x1f4e65134e : 2 : ittapi_config_apply_per_lib :  ITTAPI function not implemented: __itt_obj_mode_set
21756 : 0x1f4e65148e : 2 : ittapi_config_apply_per_lib :  ITTAPI function not implemented: __itt_thr_mode_set
21756 : 0x1f4e6514a1 : 2 : ittapi_config_apply_per_lib :  ITTAPI function instrumented: __itt_frame_createA
21756 : 0x1f4e6514b1 : 2 : ittapi_config_apply_per_lib :  ITTAPI function instrumented: __itt_frame_createW
21756 : 0x1f4e6514c1 : 2 : ittapi_config_apply_per_lib :  ITTAPI function instrumented: __itt_frame_begin
21756 : 0x1f4e6514d0 : 2 : ittapi_config_apply_per_lib :  ITTAPI function instrumented: __itt_frame_end
21756 : 0x1f4e6514e0 : 2 : ittapi_config_apply_per_lib :  ITTAPI function instrumented: __itt_counter_createA
21756 : 0x1f4e6514f0 : 2 : ittapi_config_apply_per_lib :  ITTAPI function instrumented: __itt_counter_createW
21756 : 0x1f4e651500 : 2 : ittapi_config_apply_per_lib :  ITTAPI function not implemented: __itt_counter_destroy
21756 : 0x1f4e651510 : 2 : ittapi_config_apply_per_lib :  ITTAPI function instrumented: __itt_counter_inc
21756 : 0x1f4e651520 : 2 : ittapi_config_apply_per_lib :  ITTAPI function instrumented: __itt_counter_inc_delta
21756 : 0x1f4e651562 : 2 : ittapi_config_apply_per_lib :  ITTAPI function not implemented: __itt_mark_createA
21756 : 0x1f4e651573 : 2 : ittapi_config_apply_per_lib :  ITTAPI function not implemented: __itt_mark_createW
21756 : 0x1f4e651583 : 2 : ittapi_config_apply_per_lib :  ITTAPI function not implemented: __itt_markA
21756 : 0x1f4e651593 : 2 : ittapi_config_apply_per_lib :  ITTAPI function not implemented: __itt_markW
21756 : 0x1f4e6515a3 : 2 : ittapi_config_apply_per_lib :  ITTAPI function not implemented: __itt_mark_off
21756 : 0x1f4e6515b3 : 2 : ittapi_config_apply_per_lib :  ITTAPI function not implemented: __itt_mark_globalA
21756 : 0x1f4e6515c4 : 2 : ittapi_config_apply_per_lib :  ITTAPI function not implemented: __itt_mark_globalW
21756 : 0x1f4e6515d5 : 2 : ittapi_config_apply_per_lib :  ITTAPI function not implemented: __itt_mark_global_off
21756 : 0x1f4e6515e4 : 2 : ittapi_config_apply_per_lib :  ITTAPI function NOT instrumented (not matched by --itt-config option): __itt_stack_caller_create

21756 : 0x1f4e6515f6 : 2 : ittapi_config_apply_per_lib :  ITTAPI function NOT instrumented (not matched by --itt-config option): __itt_stack_caller_destroy

21756 : 0x1f4e65162a : 2 : ittapi_config_apply_per_lib :  ITTAPI function NOT instrumented (not matched by --itt-config option): __itt_stack_callee_enter

21756 : 0x1f4e65163d : 2 : ittapi_config_apply_per_lib :  ITTAPI function NOT instrumented (not matched by --itt-config option): __itt_stack_callee_leave

21756 : 0x1f4e651653 : 2 : ittapi_config_apply_per_lib :  ITTAPI function not implemented: __itt_clock_domain_create
21756 : 0x1f4e651665 : 2 : ittapi_config_apply_per_lib :  ITTAPI function not implemented: __itt_clock_domain_reset
21756 : 0x1f4e651675 : 2 : ittapi_config_apply_per_lib :  ITTAPI function not implemented: __itt_id_create_ex
21756 : 0x1f4e6516cf : 2 : ittapi_config_apply_per_lib :  ITTAPI function not implemented: __itt_id_destroy_ex
21756 : 0x1f4e6516e8 : 2 : ittapi_config_apply_per_lib :  ITTAPI function not implemented: __itt_task_begin_ex
21756 : 0x1f4e6516f9 : 2 : ittapi_config_apply_per_lib :  ITTAPI function not implemented: __itt_task_begin_fn_ex
21756 : 0x1f4e651709 : 2 : ittapi_config_apply_per_lib :  ITTAPI function not implemented: __itt_task_end_ex
21756 : 0x1f4e65171a : 2 : ittapi_config_apply_per_lib :  ITTAPI function instrumented: __itt_task_begin_overlapped
21756 : 0x1f4e651765 : 2 : ittapi_config_apply_per_lib :  ITTAPI function not implemented: __itt_task_begin_overlapped_ex
21756 : 0x1f4e651776 : 2 : ittapi_config_apply_per_lib :  ITTAPI function instrumented: __itt_task_end_overlapped
21756 : 0x1f4e651787 : 2 : ittapi_config_apply_per_lib :  ITTAPI function not implemented: __itt_task_end_overlapped_ex
21756 : 0x1f4e651797 : 2 : ittapi_config_apply_per_lib :  ITTAPI function not implemented: __itt_marker_ex
21756 : 0x1f4e6517a8 : 2 : ittapi_config_apply_per_lib :  ITTAPI function not implemented: __itt_metadata_add_with_scope
21756 : 0x1f4e6517b9 : 2 : ittapi_config_apply_per_lib :  ITTAPI function not implemented: __itt_metadata_str_add_with_scopeA
21756 : 0x1f4e6517cb : 2 : ittapi_config_apply_per_lib :  ITTAPI function not implemented: __itt_metadata_str_add_with_scopeW
21756 : 0x1f4e6517de : 2 : ittapi_config_apply_per_lib :  ITTAPI function not implemented: __itt_relation_add_to_current_ex
21756 : 0x1f4e6517ef : 2 : ittapi_config_apply_per_lib :  ITTAPI function not implemented: __itt_relation_add_ex
21756 : 0x1f4e651800 : 2 : ittapi_config_apply_per_lib :  ITTAPI function not implemented: __itt_track_group_create
21756 : 0x1f4e65183f : 2 : ittapi_config_apply_per_lib :  ITTAPI function not implemented: __itt_track_create
21756 : 0x1f4e651850 : 2 : ittapi_config_apply_per_lib :  ITTAPI function not implemented: __itt_set_track
21756 : 0x1f4e651860 : 2 : ittapi_config_apply_per_lib :  ITTAPI function instrumented: __itt_api_version
21756 : 0x1f4e651871 : 2 : ittapi_config_apply_per_lib :  ITTAPI function not implemented: __itt_av_saveA
21756 : 0x1f4e651881 : 2 : ittapi_config_apply_per_lib :  ITTAPI function not implemented: __itt_av_saveW