
5828 : 0x1f9eeec792 : 1 : spill_jit_data :  Jit agent is not initialized
5828 : 0x1f9eeecbf5 : 2 : ittapi_config_mask_get :  --itt-config mask to be applied: 39
5828 : 0x1f9eeeccc5 : 2 : ittapi_config_apply_per_lib :  ITTAPI function instrumented: __itt_domain_createA
5828 : 0x1f9eeeccd8 : 2 : ittapi_config_apply_per_lib :  ITTAPI function instrumented: __itt_domain_createW
5828 : 0x1f9eeeccec : 2 : ittapi_config_apply_per_lib :  ITTAPI function instrumented: __itt_string_handle_createA
5828 : 0x1f9eeeccfc : 2 : ittapi_config_apply_per_lib :  ITTAPI function instrumented: __itt_string_handle_createW
5828 : 0x1f9eeecd0d : 2 : ittapi_config_apply_per_lib :  ITTAPI function instrumented: __itt_counter_createA
5828 : 0x1f9eeecd1c : 2 : ittapi_config_apply_per_lib :  ITTAPI function instrumented: __itt_counter_createW
5828 : 0x1f9eeecd2b : 2 : ittapi_config_apply_per_lib :  ITTAPI function instrumented: __itt_counter_create_typedA
5828 : 0x1f9eeecd3a : 2 : ittapi_config_apply_per_lib :  ITTAPI function instrumented: __itt_counter_create_typedW
5828 : 0x1f9eeed000 : 2 : ittapi_config_apply_per_lib :  ITTAPI function instrumented: __itt_pause
5828 : 0x1f9eeed01a : 2 : ittapi_config_apply_per_lib :  ITTAPI function instrumented: __itt_resume
5828 : 0x1f9eeed02b : 2 : ittapi_config_apply_per_lib :  ITTAPI function instrumented: __itt_thread_set_nameA
5828 : 0x1f9eeed03c : 2 : ittapi_config_apply_per_lib :  ITTAPI function instrumented: __itt_thread_set_nameW
5828 : 0x1f9eeed04c : 2 : ittapi_config_apply_per_lib :  ITTAPI function instrumented: __itt_thread_ignore
5828 : 0x1f9eeed05b : 2 : ittapi_config_apply_per_lib :  ITTAPI function instrumented: __itt_thr_name_setA
5828 : 0x1f9eeed06a : 2 : ittapi_config_apply_per_lib :  ITTAPI function instrumented: __itt_thr_name_setW
5828 : 0x1f9eeed07b : 2 : ittapi_config_apply_per_lib :  ITTAPI function instrumented: __itt_thr_ignore
5828 : 0x1f9eeed094 : 2 : ittapi_config_apply_per_lib :  ITTAPI function not implemented: __itt_enable_attach
5828 : 0x1f9eeed0a5 : 2 : ittapi_config_apply_per_lib :  ITTAPI function instrumented: __itt_detach
5828 : 0x1f9eeed0fd : 2 : ittapi_config_apply_per_lib :  ITTAPI function NOT instrumented (not matched by --itt-config option): __itt_sync_createA

5828 : 0x1f9eeed112 : 2 : ittapi_config_apply_per_lib :  ITTAPI function NOT instrumented (not matched by --itt-config option): __itt_sync_createW

5828 : 0x1f9eeed125 : 2 : ittapi_config_apply_per_lib :  ITTAPI function NOT instrumented (not matched by --itt-config option): __itt_sync_renameA

5828 : 0x1f9eeed137 : 2 : ittapi_config_apply_per_lib :  ITTAPI function NOT instrumented (not matched by --itt-config option): __itt_sync_renameW

5828 : 0x1f9eeed148 : 2 : ittapi_config_apply_per_lib :  ITTAPI function NOT instrumented (not matched by --itt-config option): __itt_sync_destroy

5828 : 0x1f9eeed15a : 2 : ittapi_config_apply_per_lib :  ITTAPI function NOT instrumented (not matched by --itt-config option): __itt_sync_prepare

5828 : 0x1f9eeed16b : 2 : ittapi_config_apply_per_lib :  ITTAPI function NOT instrumented (not matched by --itt-config option): __itt_sync_cancel

5828 : 0x1f9eeed17d : 2 : ittapi_config_apply_per_lib :  ITTAPI function NOT instrumented (not matched by --itt-config option): __itt_sync_acquired

5828 : 0x1f9eeed18e : 2 : ittapi_config_apply_per_lib :  ITTAPI function NOT instrumented (not matched by --itt-config option): __itt_sync_releasing

5828 : 0x1f9eeed1a6 : 2 : ittapi_config_apply_per_lib :  ITTAPI function not implemented: __itt_suppress_push
5828 : 0x1f9eeed1da : 2 : ittapi_config_apply_per_lib :  ITTAPI function not implemented: __itt_suppress_pop
5828 : 0x1f9eeed1eb : 2 : ittapi_config_apply_per_lib :  ITTAPI function not implemented: __itt_suppress_mark_range
5828 : 0x1f9eeed1fc : 2 : ittapi_config_apply_per_lib :  ITTAPI function not implemented: __itt_suppress_clear_range
5828 : 0x1f9eeed20b : 2 : ittapi_config_apply_per_lib :  ITTAPI function NOT instrumented (not matched by --itt-config option): __itt_sync_prepare

5828 : 0x1f9eeed21c : 2 : ittapi_config_apply_per_lib :  ITTAPI function NOT instrumented (not matched by --itt-config option): __itt_sync_cancel

5828 : 0x1f9eeed22d : 2 : ittapi_config_apply_per_lib :  ITTAPI function NOT instrumented (not matched by --itt-config option): __itt_sync_acquired

5828 : 0x1f9eeed23f : 2 : ittapi_config_apply_per_lib :  ITTAPI function NOT instrumented (not matched by --itt-config option): __itt_sync_releasing

5828 : 0x1f9eeed256 : 2 : ittapi_config_apply_per_lib :  ITTAPI function not implemented: __itt_model_site_begin
5828 : 0x1f9eeed266 : 2 : ittapi_config_apply_per_lib :  ITTAPI function not implemented: __itt_model_site_end
5828 : 0x1f9eeed2c9 : 2 : ittapi_config_apply_per_lib :  ITTAPI function not implemented: __itt_model_task_begin
5828 : 0x1f9eeed40b : 2 : ittapi_config_apply_per_lib :  ITTAPI function not implemented: __itt_model_task_end
5828 : 0x1f9eeed422 : 2 : ittapi_config_apply_per_lib :  ITTAPI function not implemented: __itt_model_lock_acquire
5828 : 0x1f9eeed433 : 2 : ittapi_config_apply_per_lib :  ITTAPI function not implemented: __itt_model_lock_release
5828 : 0x1f9eeed443 : 2 : ittapi_config_apply_per_lib :  ITTAPI function not implemented: __itt_model_record_allocation
5828 : 0x1f9eeed454 : 2 : ittapi_config_apply_per_lib :  ITTAPI function not implemented: __itt_model_record_deallocation
5828 : 0x1f9eeed464 : 2 : ittapi_config_apply_per_lib :  ITTAPI function not implemented: __itt_model_induction_uses
5828 : 0x1f9eeed474 : 2 : ittapi_config_apply_per_lib :  ITTAPI function not implemented: __itt_model_reduction_uses
5828 : 0x1f9eeed4c7 : 2 : ittapi_config_apply_per_lib :  ITTAPI function not implemented: __itt_model_observe_uses
5828 : 0x1f9eeed4d8 : 2 : ittapi_config_apply_per_lib :  ITTAPI function not implemented: __itt_model_clear_uses
5828 : 0x1f9eeed4e9 : 2 : ittapi_config_apply_per_lib :  ITTAPI function not implemented: __itt_model_site_beginW
5828 : 0x1f9eeed53c : 2 : ittapi_config_apply_per_lib :  ITTAPI function not implemented: __itt_model_task_beginW
5828 : 0x1f9eeed58c : 2 : ittapi_config_apply_per_lib :  ITTAPI function not implemented: __itt_model_iteration_taskW
5828 : 0x1f9eeed59d : 2 : ittapi_config_apply_per_lib :  ITTAPI function not implemented: __itt_model_site_beginA
5828 : 0x1f9eeed5ad : 2 : ittapi_config_apply_per_lib :  ITTAPI function not implemented: __itt_model_site_beginAL
5828 : 0x1f9eeed5be : 2 : ittapi_config_apply_per_lib :  ITTAPI function not implemented: __itt_model_task_beginA
5828 : 0x1f9eeed5cf : 2 : ittapi_config_apply_per_lib :  ITTAPI function not implemented: __itt_model_task_beginAL
5828 : 0x1f9eeed5df : 2 : ittapi_config_apply_per_lib :  ITTAPI function not implemented: __itt_model_iteration_taskA
5828 : 0x1f9eeed5f0 : 2 : ittapi_config_apply_per_lib :  ITTAPI function not implemented: __itt_model_iteration_taskAL
5828 : 0x1f9eeed600 : 2 : ittapi_config_apply_per_lib :  ITTAPI function not implemented: __itt_model_site_end_2
5828 : 0x1f9eeed610 : 2 : ittapi_config_apply_per_lib :  ITTAPI function not implemented: __itt_model_task_end_2
5828 : 0x1f9eeed654 : 2 : ittapi_config_apply_per_lib :  ITTAPI function not implemented: __itt_model_lock_acquire_2
5828 : 0x1f9eeed665 : 2 : ittapi_config_apply_per_lib :  ITTAPI function not implemented: __itt_model_lock_release_2
5828 : 0x1f9eeed676 : 2 : ittapi_config_apply_per_lib :  ITTAPI function not implemented: __itt_model_aggregate_task
5828 : 0x1f9eeed686 : 2 : ittapi_config_apply_per_lib :  ITTAPI function not implemented: __itt_model_disable_push
5828 : 0x1f9eeed696 : 2 : ittapi_config_apply_per_lib :  ITTAPI function not implemented: __itt_model_disable_pop
5828 : 0x1f9eeed6a7 : 2 : ittapi_config_apply_per_lib :  ITTAPI function instrumented: __itt_heap_function_createA
5828 : 0x1f9eeed6b7 : 2 : ittapi_config_apply_per_lib :  ITTAPI function instrumented: __itt_heap_function_createW
5828 : 0x1f9eeed6c7 : 2 : ittapi_config_apply_per_lib :  ITTAPI function instrumented: __itt_heap_allocate_begin
5828 : 0x1f9eeed6d6 : 2 : ittapi_config_apply_per_lib :  ITTAPI function instrumented: __itt_heap_allocate_end
5828 : 0x1f9eeed6e5 : 2 : ittapi_config_apply_per_lib :  ITTAPI function instrumented: __itt_heap_free_begin
5828 : 0x1f9eeed71e : 2 : ittapi_config_apply_per_lib :  ITTAPI function instrumented: __itt_heap_free_end
5828 : 0x1f9eeed72e : 2 : ittapi_config_apply_per_lib :  ITTAPI function instrumented: __itt_heap_reallocate_begin
5828 : 0x1f9eeed73e : 2 : ittapi_config_apply_per_lib :  ITTAPI function instrumented: __itt_heap_reallocate_end
5828 : 0x1f9eeed750 : 2 : ittapi_config_apply_per_lib :  ITTAPI function not implemented: __itt_heap_internal_access_begin
5828 : 0x1f9eeed761 : 2 : ittapi_config_apply_per_lib :  ITTAPI function not implemented: __itt_heap_internal_access_end
5828 : 0x1f9eeed772 : 2 : ittapi_config_apply_per_lib :  ITTAPI function not implemented: __itt_heap_record_memory_growth_begin
5828 : 0x1f9eeed785 : 2 : ittapi_config_apply_per_lib :  ITTAPI function not implemented: __itt_heap_record_memory_growth_end
5828 : 0x1f9eeed796 : 2 : ittapi_config_apply_per_lib :  ITTAPI function not implemented: __itt_heap_reset_detection
5828 : 0x1f9eeed7a6 : 2 : ittapi_config_apply_per_lib :  ITTAPI function not implemented: __itt_heap_record
5828 : 0x1f9eeed7b6 : 2 : ittapi_config_apply_per_lib :  ITTAPI function not implemented: __itt_id_create
5828 : 0x1f9eeed7ec : 2 : ittapi_config_apply_per_lib :  ITTAPI function not implemented: __itt_id_destroy
5828 : 0x1f9eeed7fd : 2 : ittapi_config_apply_per_lib :  ITTAPI function instrumented: __itt_get_timestamp
5828 : 0x1f9eeed80e : 2 : ittapi_config_apply_per_lib :  ITTAPI function not implemented: __itt_region_begin
5828 : 0x1f9eeed81e : 2 : ittapi_config_apply_per_lib :  ITTAPI function not implemented: __itt_region_end
5828 : 0x1f9eeed82e : 2 : ittapi_config_apply_per_lib :  ITTAPI function instrumented: __itt_frame_begin_v3
5828 : 0x1f9eeed83e : 2 : ittapi_config_apply_per_lib :  ITTAPI function instrumented: __itt_frame_end_v3
5828 : 0x1f9eeed84d : 2 : ittapi_config_apply_per_lib :  ITTAPI function instrumented: __itt_frame_submit_v3
5828 : 0x1f9eeed85f : 2 : ittapi_config_apply_per_lib :  ITTAPI function not implemented: __itt_task_group
5828 : 0x1f9eeed86e : 2 : ittapi_config_apply_per_lib :  ITTAPI function instrumented: __itt_task_begin
5828 : 0x1f9eeed87e : 2 : ittapi_config_apply_per_lib :  ITTAPI function instrumented: __itt_task_begin_fn
5828 : 0x1f9eeed8b3 : 2 : ittapi_config_apply_per_lib :  ITTAPI function instrumented: __itt_task_end
5828 : 0x1f9eeed8c5 : 2 : ittapi_config_apply_per_lib :  ITTAPI function not implemented: __itt_counter_inc_v3
5828 : 0x1f9eeed8d7 : 2 : ittapi_config_apply_per_lib :  ITTAPI function not implemented: __itt_counter_inc_delta_v3
5828 : 0x1f9eeed8e9 : 2 : ittapi_config_apply_per_lib :  ITTAPI function not implemented: __itt_counter_dec_v3
5828 : 0x1f9eeed8f9 : 2 : ittapi_config_apply_per_lib :  ITTAPI function not implemented: __itt_counter_dec_delta_v3
5828 : 0x1f9eeed90b : 2 : ittapi_config_apply_per_lib :  ITTAPI function not implemented: __itt_marker
5828 : 0x1f9eeed91a : 2 : ittapi_config_apply_per_lib :  ITTAPI function instrumented: __itt_metadata_add
5828 : 0x1f9eeed92a : 2 : ittapi_config_apply_per_lib :  ITTAPI function not implemented: __itt_metadata_str_addA
5828 : 0x1f9eeed93b : 2 : ittapi_config_apply_per_lib :  ITTAPI function not implemented: __itt_metadata_str_addW
5828 : 0x1f9eeed94b : 2 : ittapi_config_apply_per_lib :  ITTAPI function not implemented: __itt_relation_add_to_current
5828 : 0x1f9eeed9dc : 2 : ittapi_config_apply_per_lib :  ITTAPI function not implemented: __itt_relation_add
5828 : 0x1f9eeed9ec : 2 : ittapi_config_apply_per_lib :  ITTAPI function instrumented: __itt_event_createA
5828 : 0x1f9eeed9fc : 2 : ittapi_config_apply_per_lib :  ITTAPI function instrumented: __itt_event_createW
5828 : 0x1f9eeeda4e : 2 : ittapi_config_apply_per_lib :  ITTAPI function instrumented: __itt_event_start
5828 : 0x1f9eeeda5e : 2 : ittapi_config_apply_per_lib :  ITTAPI function instrumented: __itt_event_end
5828 : 0x1f9eeeda6b : 2 : ittapi_config_apply_per_lib :  ITTAPI function NOT instrumented (not matched by --itt-config option): __itt_sync_set_nameA

5828 : 0x1f9eeeda7e : 2 : ittapi_config_apply_per_lib :  ITTAPI function NOT instrumented (not matched by --itt-config option): __itt_sync_set_nameW

5828 : 0x1f9eeeda90 : 2 : ittapi_config_apply_per_lib :  ITTAPI function NOT instrumented (not matched by --itt-config option): __itt_notify_sync_nameA

5828 : 0x1f9eeedaa2 : 2 : ittapi_config_apply_per_lib :  ITTAPI function NOT instrumented (not matched by --itt-config option): __itt_notify_sync_nameW

5828 : 0x1f9eeedab4 : 2 : ittapi_config_apply_per_lib :  ITTAPI function NOT instrumented (not matched by --itt-config option): __itt_notify_sync_prepare

5828 : 0x1f9eeedb05 : 2 : ittapi_config_apply_per_lib :  ITTAPI function NOT instrumented (not matched by --itt-config option): __itt_notify_sync_cancel

5828 : 0x1f9eeedb19 : 2 : ittapi_config_apply_per_lib :  ITTAPI function NOT instrumented (not matched by --itt-config option): __itt_notify_sync_acquired

5828 : 0x1f9eeedb2b : 2 : ittapi_config_apply_per_lib :  ITTAPI function NOT instrumented (not matched by --itt-config option): __itt_notify_sync_releasing

5828 : 0x1f9eeedb42 : 2 : ittapi_config_apply_per_lib :  ITTAPI function not implemented: __itt_memory_read
5828 : 0x1f9eeedb53 : 2 : ittapi_config_apply_per_lib :  ITTAPI function not implemented: __itt_memory_write
5828 : 0x1f9eeedb63 : 2 : ittapi_config_apply_per_lib :  ITTAPI function not implemented: __itt_memory_update
5828 : 0x1f9eeedb75 : 2 : ittapi_config_apply_per_lib :  ITTAPI function not implemented: __itt_state_get
5828 : 0x1f9eeedb85 : 2 : ittapi_config_apply_per_lib :  ITTAPI function not implemented: __itt_state_set
5828 : 0x1f9eeedb95 : 2 : ittapi_config_apply_per_lib :  ITTAPI function not implemented: __itt_obj_mode_set
5828 : 0x1f9eeedba6 : 2 : ittapi_config_apply_per_lib :  ITTAPI function not implemented: __itt_thr_mode_set
5828 : 0x1f9eeedbdb : 2 : ittapi_config_apply_per_lib :  ITTAPI function instrumented: __itt_frame_createA
5828 : 0x1f9eeedbeb : 2 : ittapi_config_apply_per_lib :  ITTAPI function instrumented: __itt_frame_createW
5828 : 0x1f9eeedbfb : 2 : ittapi_config_apply_per_lib :  ITTAPI function instrumented: __itt_frame_begin
5828 : 0x1f9eeedc0a : 2 : ittapi_config_apply_per_lib :  ITTAPI function instrumented: __itt_frame_end
5828 : 0x1f9eeedc1b : 2 : ittapi_config_apply_per_lib :  ITTAPI function not implemented: __itt_counter_destroy
5828 : 0x1f9eeedc2b : 2 : ittapi_config_apply_per_lib :  ITTAPI function instrumented: __itt_counter_inc
5828 : 0x1f9eeedc3a : 2 : ittapi_config_apply_per_lib :  ITTAPI function instrumented: __itt_counter_inc_delta
5828 : 0x1f9eeedc49 : 2 : ittapi_config_apply_per_lib :  ITTAPI function instrumented: __itt_counter_dec
5828 : 0x1f9eeedc58 : 2 : ittapi_config_apply_per_lib :  ITTAPI function instrumented: __itt_counter_dec_delta
5828 : 0x1f9eeedc68 : 2 : ittapi_config_apply_per_lib :  ITTAPI function instrumented: __itt_counter_set_value
5828 : 0x1f9eeedc96 : 2 : ittapi_config_apply_per_lib :  ITTAPI function not implemented: __itt_counter_set_value_ex
5828 : 0x1f9eeedca8 : 2 : ittapi_config_apply_per_lib :  ITTAPI function not implemented: __itt_mark_createA
5828 : 0x1f9eeedcb8 : 2 : ittapi_config_apply_per_lib :  ITTAPI function not implemented: __itt_mark_createW
5828 : 0x1f9eeedcc8 : 2 : ittapi_config_apply_per_lib :  ITTAPI function not implemented: __itt_markA
5828 : 0x1f9eeedcd7 : 2 : ittapi_config_apply_per_lib :  ITTAPI function not implemented: __itt_markW
5828 : 0x1f9eeedce7 : 2 : ittapi_config_apply_per_lib :  ITTAPI function not implemented: __itt_mark_off
5828 : 0x1f9eeedcf7 : 2 : ittapi_config_apply_per_lib :  ITTAPI function not implemented: __itt_mark_globalA
5828 : 0x1f9eeedd07 : 2 : ittapi_config_apply_per_lib :  ITTAPI function not implemented: __itt_mark_globalW
5828 : 0x1f9eeedd17 : 2 : ittapi_config_apply_per_lib :  ITTAPI function not implemented: __itt_mark_global_off
5828 : 0x1f9eeedd26 : 2 : ittapi_config_apply_per_lib :  ITTAPI function NOT instrumented (not matched by --itt-config option): __itt_stack_caller_create

5828 : 0x1f9eeedd59 : 2 : ittapi_config_apply_per_lib :  ITTAPI function NOT instrumented (not matched by --itt-config option): __itt_stack_caller_destroy

5828 : 0x1f9eeedd6b : 2 : ittapi_config_apply_per_lib :  ITTAPI function NOT instrumented (not matched by --itt-config option): __itt_stack_callee_enter

5828 : 0x1f9eeedd7e : 2 : ittapi_config_apply_per_lib :  ITTAPI function NOT instrumented (not matched by --itt-config option): __itt_stack_callee_leave

5828 : 0x1f9eeedd94 : 2 : ittapi_config_apply_per_lib :  ITTAPI function not implemented: __itt_clock_domain_create
5828 : 0x1f9eeedda5 : 2 : ittapi_config_apply_per_lib :  ITTAPI function not implemented: __itt_clock_domain_reset
5828 : 0x1f9eeeddb5 : 2 : ittapi_config_apply_per_lib :  ITTAPI function not implemented: __itt_id_create_ex
5828 : 0x1f9eeeddc5 : 2 : ittapi_config_apply_per_lib :  ITTAPI function not implemented: __itt_id_destroy_ex
5828 : 0x1f9eeeddd6 : 2 : ittapi_config_apply_per_lib :  ITTAPI function not implemented: __itt_task_begin_ex
5828 : 0x1f9eeedde7 : 2 : ittapi_config_apply_per_lib :  ITTAPI function not implemented: __itt_task_begin_fn_ex
5828 : 0x1f9eeeddf8 : 2 : ittapi_config_apply_per_lib :  ITTAPI function not implemented: __itt_task_end_ex
5828 : 0x1f9eeededb : 2 : ittapi_config_apply_per_lib :  ITTAPI function instrumented: __itt_task_begin_overlapped
5828 : 0x1f9eeedef0 : 2 : ittapi_config_apply_per_lib :  ITTAPI function not implemented: __itt_task_begin_overlapped_ex
5828 : 0x1f9eeedeff : 2 : ittapi_config_apply_per_lib :  ITTAPI function instrumented: __itt_task_end_overlapped
5828 : 0x1f9eeedf11 : 2 : ittapi_config_apply_per_lib :  ITTAPI function not implemented: __itt_task_end_overlapped_ex
5828 : 0x1f9eeedf22 : 2 : ittapi_config_apply_per_lib :  ITTAPI function not implemented: __itt_marker_ex
5828 : 0x1f9eeedf33 : 2 : ittapi_config_apply_per_lib :  ITTAPI function not implemented: __itt_metadata_add_with_scope
5828 : 0x1f9eeedf44 : 2 : ittapi_config_apply_per_lib :  ITTAPI function not implemented: __itt_metadata_str_add_with_scopeA
5828 : 0x1f9eeedf56 : 2 : ittapi_config_apply_per_lib :  ITTAPI function not implemented: __itt_metadata_str_add_with_scopeW
5828 : 0x1f9eeedf68 : 2 : ittapi_config_apply_per_lib :  ITTAPI function not implemented: __itt_relation_add_to_current_ex
5828 : 0x1f9eeedf79 : 2 : ittapi_config_apply_per_lib :  ITTAPI function not implemented: __itt_relation_add_ex
5828 : 0x1f9eeedfb5 : 2 : ittapi_config_apply_per_lib :  ITTAPI function not implemented: __itt_track_group_create
5828 : 0x1f9eeee012 : 2 : ittapi_config_apply_per_lib :  ITTAPI function not implemented: __itt_track_create
5828 : 0x1f9eeee024 : 2 : ittapi_config_apply_per_lib :  ITTAPI function not implemented: __itt_set_track
5828 : 0x1f9eeee034 : 2 : ittapi_config_apply_per_lib :  ITTAPI function instrumented: __itt_api_version
5828 : 0x1f9eeee045 : 2 : ittapi_config_apply_per_lib :  ITTAPI function not implemented: __itt_av_saveA
5828 : 0x1f9eeee055 : 2 : ittapi_config_apply_per_lib :  ITTAPI function not implemented: __itt_av_saveW
5828 : 0x1f9eeee064 : 2 : ittapi_config_apply_per_lib :  ITTAPI function instrumented: __itt_module_loadA
5828 : 0x1f9eeee073 : 2 : ittapi_config_apply_per_lib :  ITTAPI function instrumented: __itt_module_loadW
5828 : 0x1f9eef17ca : 2 : ittapi_config_mask_get :  --itt-config mask to be applied: 39
5828 : 0x1f9eef17ee : 2 : ittapi_config_apply_per_lib :  ITTAPI function instrumented: __itt_domain_createA
5828 : 0x1f9eef1861 : 2 : ittapi_config_apply_per_lib :  ITTAPI function instrumented: __itt_domain_createW
5828 : 0x1f9eef1875 : 2 : ittapi_config_apply_per_lib :  ITTAPI function instrumented: __itt_string_handle_createA
5828 : 0x1f9eef1886 : 2 : ittapi_config_apply_per_lib :  ITTAPI function instrumented: __itt_string_handle_createW
5828 : 0x1f9eef1896 : 2 : ittapi_config_apply_per_lib :  ITTAPI function instrumented: __itt_pause
5828 : 0x1f9eef18a7 : 2 : ittapi_config_apply_per_lib :  ITTAPI function instrumented: __itt_resume
5828 : 0x1f9eef18b8 : 2 : ittapi_config_apply_per_lib :  ITTAPI function instrumented: __itt_thread_set_nameA
5828 : 0x1f9eef18c9 : 2 : ittapi_config_apply_per_lib :  ITTAPI function instrumented: __itt_thread_set_nameW
5828 : 0x1f9eef18d9 : 2 : ittapi_config_apply_per_lib :  ITTAPI function instrumented: __itt_thread_ignore
5828 : 0x1f9eef18e9 : 2 : ittapi_config_apply_per_lib :  ITTAPI function instrumented: __itt_thr_name_setA
5828 : 0x1f9eef18f9 : 2 : ittapi_config_apply_per_lib :  ITTAPI function instrumented: __itt_thr_name_setW
5828 : 0x1f9eef193b : 2 : ittapi_config_apply_per_lib :  ITTAPI function instrumented: __itt_thr_ignore
5828 : 0x1f9eef1951 : 2 : ittapi_config_apply_per_lib :  ITTAPI function not implemented: __itt_enable_attach
5828 : 0x1f9eef1961 : 2 : ittapi_config_apply_per_lib :  ITTAPI function instrumented: __itt_detach
5828 : 0x1f9eef19b3 : 2 : ittapi_config_apply_per_lib :  ITTAPI function NOT instrumented (not matched by --itt-config option): __itt_sync_createA

5828 : 0x1f9eef19c6 : 2 : ittapi_config_apply_per_lib :  ITTAPI function NOT instrumented (not matched by --itt-config option): __itt_sync_createW

5828 : 0x1f9eef19d9 : 2 : ittapi_config_apply_per_lib :  ITTAPI function NOT instrumented (not matched by --itt-config option): __itt_sync_renameA

5828 : 0x1f9eef19eb : 2 : ittapi_config_apply_per_lib :  ITTAPI function NOT instrumented (not matched by --itt-config option): __itt_sync_renameW

5828 : 0x1f9eef19fd : 2 : ittapi_config_apply_per_lib :  ITTAPI function NOT instrumented (not matched by --itt-config option): __itt_sync_destroy

5828 : 0x1f9eef1a0e : 2 : ittapi_config_apply_per_lib :  ITTAPI function NOT instrumented (not matched by --itt-config option): __itt_sync_prepare

5828 : 0x1f9eef1a20 : 2 : ittapi_config_apply_per_lib :  ITTAPI function NOT instrumented (not matched by --itt-config option): __itt_sync_cancel

5828 : 0x1f9eef1a72 : 2 : ittapi_config_apply_per_lib :  ITTAPI function NOT instrumented (not matched by --itt-config option): __itt_sync_acquired

5828 : 0x1f9eef1a86 : 2 : ittapi_config_apply_per_lib :  ITTAPI function NOT instrumented (not matched by --itt-config option): __itt_sync_releasing

5828 : 0x1f9eef1aa0 : 2 : ittapi_config_apply_per_lib :  ITTAPI function not implemented: __itt_suppress_push
5828 : 0x1f9eef1ab2 : 2 : ittapi_config_apply_per_lib :  ITTAPI function not implemented: __itt_suppress_pop
5828 : 0x1f9eef1ac2 : 2 : ittapi_config_apply_per_lib :  ITTAPI function not implemented: __itt_suppress_mark_range
5828 : 0x1f9eef1ad3 : 2 : ittapi_config_apply_per_lib :  ITTAPI function not implemented: __itt_suppress_clear_range
5828 : 0x1f9eef1ae1 : 2 : ittapi_config_apply_per_lib :  ITTAPI function NOT instrumented (not matched by --itt-config option): __itt_sync_prepare

5828 : 0x1f9eef1af3 : 2 : ittapi_config_apply_per_lib :  ITTAPI function NOT instrumented (not matched by --itt-config option): __itt_sync_cancel

5828 : 0x1f9eef1b04 : 2 : ittapi_config_apply_per_lib :  ITTAPI function NOT instrumented (not matched by --itt-config option): __itt_sync_acquired

5828 : 0x1f9eef1b15 : 2 : ittapi_config_apply_per_lib :  ITTAPI function NOT instrumented (not matched by --itt-config option): __itt_sync_releasing

5828 : 0x1f9eef1b4d : 2 : ittapi_config_apply_per_lib :  ITTAPI function not implemented: __itt_model_site_begin
5828 : 0x1f9eef1b5f : 2 : ittapi_config_apply_per_lib :  ITTAPI function not implemented: __itt_model_site_end
5828 : 0x1f9eef1b6f : 2 : ittapi_config_apply_per_lib :  ITTAPI function not implemented: __itt_model_task_begin
5828 : 0x1f9eef1b7f : 2 : ittapi_config_apply_per_lib :  ITTAPI function not implemented: __itt_model_task_end
5828 : 0x1f9eef1b8f : 2 : ittapi_config_apply_per_lib :  ITTAPI function not implemented: __itt_model_lock_acquire
5828 : 0x1f9eef1ba0 : 2 : ittapi_config_apply_per_lib :  ITTAPI function not implemented: __itt_model_lock_release
5828 : 0x1f9eef1bb1 : 2 : ittapi_config_apply_per_lib :  ITTAPI function not implemented: __itt_model_record_allocation
5828 : 0x1f9eef1bc1 : 2 : ittapi_config_apply_per_lib :  ITTAPI function not implemented: __itt_model_record_deallocation
5828 : 0x1f9eef1bd1 : 2 : ittapi_config_apply_per_lib :  ITTAPI function not implemented: __itt_model_induction_uses
5828 : 0x1f9eef1be2 : 2 : ittapi_config_apply_per_lib :  ITTAPI function not implemented: __itt_model_reduction_uses
5828 : 0x1f9eef1c1c : 2 : ittapi_config_apply_per_lib :  ITTAPI function not implemented: __itt_model_observe_uses
5828 : 0x1f9eef1c2d : 2 : ittapi_config_apply_per_lib :  ITTAPI function not implemented: __itt_model_clear_uses
5828 : 0x1f9eef1c3d : 2 : ittapi_config_apply_per_lib :  ITTAPI function not implemented: __itt_model_site_beginW
5828 : 0x1f9eef1c4e : 2 : ittapi_config_apply_per_lib :  ITTAPI function not implemented: __itt_model_task_beginW
5828 : 0x1f9eef1c5e : 2 : ittapi_config_apply_per_lib :  ITTAPI function not implemented: __itt_model_iteration_taskW
5828 : 0x1f9eef1c6f : 2 : ittapi_config_apply_per_lib :  ITTAPI function not implemented: __itt_model_site_beginA
5828 : 0x1f9eef1c7f : 2 : ittapi_config_apply_per_lib :  ITTAPI function not implemented: __itt_model_site_beginAL
5828 : 0x1f9eef1c8f : 2 : ittapi_config_apply_per_lib :  ITTAPI function not implemented: __itt_model_task_beginA
5828 : 0x1f9eef1c9f : 2 : ittapi_config_apply_per_lib :  ITTAPI function not implemented: __itt_model_task_beginAL
5828 : 0x1f9eef1caf : 2 : ittapi_config_apply_per_lib :  ITTAPI function not implemented: __itt_model_iteration_taskA
5828 : 0x1f9eef1ce3 : 2 : ittapi_config_apply_per_lib :  ITTAPI function not implemented: __itt_model_iteration_taskAL
5828 : 0x1f9eef1cf5 : 2 : ittapi_config_apply_per_lib :  ITTAPI function not implemented: __itt_model_site_end_2
5828 : 0x1f9eef1d06 : 2 : ittapi_config_apply_per_lib :  ITTAPI function not implemented: __itt_model_task_end_2
5828 : 0x1f9eef1d15 : 2 : ittapi_config_apply_per_lib :  ITTAPI function not implemented: __itt_model_lock_acquire_2
5828 : 0x1f9eef1d26 : 2 : ittapi_config_apply_per_lib :  ITTAPI function not implemented: __itt_model_lock_release_2
5828 : 0x1f9eef1d36 : 2 : ittapi_config_apply_per_lib :  ITTAPI function not implemented: __itt_model_aggregate_task
5828 : 0x1f9eef1d46 : 2 : ittapi_config_apply_per_lib :  ITTAPI function not implemented: __itt_model_disable_push
5828 : 0x1f9eef1d56 : 2 : ittapi_config_apply_per_lib :  ITTAPI function not implemented: __itt_model_disable_pop
5828 : 0x1f9eef1d67 : 2 : ittapi_config_apply_per_lib :  ITTAPI function instrumented: __itt_heap_function_createA
5828 : 0x1f9eef1d77 : 2 : ittapi_config_apply_per_lib :  ITTAPI function instrumented: __itt_heap_function_createW
5828 : 0x1f9eef1da6 : 2 : ittapi_config_apply_per_lib :  ITTAPI function instrumented: __itt_heap_allocate_begin
5828 : 0x1f9eef1db6 : 2 : ittapi_config_apply_per_lib :  ITTAPI function instrumented: __itt_heap_allocate_end
5828 : 0x1f9eef1dc5 : 2 : ittapi_config_apply_per_lib :  ITTAPI function instrumented: __itt_heap_free_begin
5828 : 0x1f9eef1dd4 : 2 : ittapi_config_apply_per_lib :  ITTAPI function instrumented: __itt_heap_free_end
5828 : 0x1f9eef1de3 : 2 : ittapi_config_apply_per_lib :  ITTAPI function instrumented: __itt_heap_reallocate_begin
5828 : 0x1f9eef1df3 : 2 : ittapi_config_apply_per_lib :  ITTAPI function instrumented: __itt_heap_reallocate_end
5828 : 0x1f9eef1e04 : 2 : ittapi_config_apply_per_lib :  ITTAPI function not implemented: __itt_heap_internal_access_begin
5828 : 0x1f9eef1e15 : 2 : ittapi_config_apply_per_lib :  ITTAPI function not implemented: __itt_heap_internal_access_end
5828 : 0x1f9eef1e27 : 2 : ittapi_config_apply_per_lib :  ITTAPI function not implemented: __itt_heap_record_memory_growth_begin
5828 : 0x1f9eef1e39 : 2 : ittapi_config_apply_per_lib :  ITTAPI function not implemented: __itt_heap_record_memory_growth_end
5828 : 0x1f9eef1e68 : 2 : ittapi_config_apply_per_lib :  ITTAPI function not implemented: __itt_heap_reset_detection
5828 : 0x1f9eef1e79 : 2 : ittapi_config_apply_per_lib :  ITTAPI function not implemented: __itt_heap_record
5828 : 0x1f9eef1e89 : 2 : ittapi_config_apply_per_lib :  ITTAPI function not implemented: __itt_id_create
5828 : 0x1f9eef1e99 : 2 : ittapi_config_apply_per_lib :  ITTAPI function not implemented: __itt_id_destroy
5828 : 0x1f9eef1ea9 : 2 : ittapi_config_apply_per_lib :  ITTAPI function instrumented: __itt_get_timestamp
5828 : 0x1f9eef1eb9 : 2 : ittapi_config_apply_per_lib :  ITTAPI function not implemented: __itt_region_begin
5828 : 0x1f9eef1ec9 : 2 : ittapi_config_apply_per_lib :  ITTAPI function not implemented: __itt_region_end
5828 : 0x1f9eef1ed9 : 2 : ittapi_config_apply_per_lib :  ITTAPI function instrumented: __itt_frame_begin_v3
5828 : 0x1f9eef1ee8 : 2 : ittapi_config_apply_per_lib :  ITTAPI function instrumented: __itt_frame_end_v3
5828 : 0x1f9eef1ef7 : 2 : ittapi_config_apply_per_lib :  ITTAPI function instrumented: __itt_frame_submit_v3
5828 : 0x1f9eef1f2e : 2 : ittapi_config_apply_per_lib :  ITTAPI function not implemented: __itt_task_group
5828 : 0x1f9eef1f3f : 2 : ittapi_config_apply_per_lib :  ITTAPI function instrumented: __itt_task_begin
5828 : 0x1f9eef1f4f : 2 : ittapi_config_apply_per_lib :  ITTAPI function instrumented: __itt_task_begin_fn
5828 : 0x1f9eef1f5f : 2 : ittapi_config_apply_per_lib :  ITTAPI function instrumented: __itt_task_end
5828 : 0x1f9eef1f70 : 2 : ittapi_config_apply_per_lib :  ITTAPI function not implemented: __itt_counter_inc_v3
5828 : 0x1f9eef1f81 : 2 : ittapi_config_apply_per_lib :  ITTAPI function not implemented: __itt_counter_inc_delta_v3
5828 : 0x1f9eef1f92 : 2 : ittapi_config_apply_per_lib :  ITTAPI function not implemented: __itt_marker
5828 : 0x1f9eef1fa0 : 2 : ittapi_config_apply_per_lib :  ITTAPI function instrumented: __itt_metadata_add
5828 : 0x1f9eef1fb0 : 2 : ittapi_config_apply_per_lib :  ITTAPI function not implemented: __itt_metadata_str_addA
5828 : 0x1f9eef1fc0 : 2 : ittapi_config_apply_per_lib :  ITTAPI function not implemented: __itt_metadata_str_addW
5828 : 0x1f9eef1ff4 : 2 : ittapi_config_apply_per_lib :  ITTAPI function not implemented: __itt_relation_add_to_current
5828 : 0x1f9eef2006 : 2 : ittapi_config_apply_per_lib :  ITTAPI function not implemented: __itt_relation_add
5828 : 0x1f9eef2016 : 2 : ittapi_config_apply_per_lib :  ITTAPI function instrumented: __itt_event_createA
5828 : 0x1f9eef2025 : 2 : ittapi_config_apply_per_lib :  ITTAPI function instrumented: __itt_event_createW
5828 : 0x1f9eef2034 : 2 : ittapi_config_apply_per_lib :  ITTAPI function instrumented: __itt_event_start
5828 : 0x1f9eef2043 : 2 : ittapi_config_apply_per_lib :  ITTAPI function instrumented: __itt_event_end
5828 : 0x1f9eef2051 : 2 : ittapi_config_apply_per_lib :  ITTAPI function NOT instrumented (not matched by --itt-config option): __itt_sync_set_nameA

5828 : 0x1f9eef2062 : 2 : ittapi_config_apply_per_lib :  ITTAPI function NOT instrumented (not matched by --itt-config option): __itt_sync_set_nameW

5828 : 0x1f9eef2073 : 2 : ittapi_config_apply_per_lib :  ITTAPI function NOT instrumented (not matched by --itt-config option): __itt_notify_sync_nameA

5828 : 0x1f9eef2085 : 2 : ittapi_config_apply_per_lib :  ITTAPI function NOT instrumented (not matched by --itt-config option): __itt_notify_sync_nameW

5828 : 0x1f9eef20b5 : 2 : ittapi_config_apply_per_lib :  ITTAPI function NOT instrumented (not matched by --itt-config option): __itt_notify_sync_prepare

5828 : 0x1f9eef20c7 : 2 : ittapi_config_apply_per_lib :  ITTAPI function NOT instrumented (not matched by --itt-config option): __itt_notify_sync_cancel

5828 : 0x1f9eef20d9 : 2 : ittapi_config_apply_per_lib :  ITTAPI function NOT instrumented (not matched by --itt-config option): __itt_notify_sync_acquired

5828 : 0x1f9eef20eb : 2 : ittapi_config_apply_per_lib :  ITTAPI function NOT instrumented (not matched by --itt-config option): __itt_notify_sync_releasing

5828 : 0x1f9eef2101 : 2 : ittapi_config_apply_per_lib :  ITTAPI function not implemented: __itt_memory_read
5828 : 0x1f9eef2111 : 2 : ittapi_config_apply_per_lib :  ITTAPI function not implemented: __itt_memory_write
5828 : 0x1f9eef2121 : 2 : ittapi_config_apply_per_lib :  ITTAPI function not implemented: __itt_memory_update
5828 : 0x1f9eef2132 : 2 : ittapi_config_apply_per_lib :  ITTAPI function not implemented: __itt_state_get
5828 : 0x1f9eef2143 : 2 : ittapi_config_apply_per_lib :  ITTAPI function not implemented: __itt_state_set
5828 : 0x1f9eef2153 : 2 : ittapi_config_apply_per_lib :  ITTAPI function not implemented: __itt_obj_mode_set
5828 : 0x1f9eef2283 : 2 : ittapi_config_apply_per_lib :  ITTAPI function not implemented: __itt_thr_mode_set
5828 : 0x1f9eef2296 : 2 : ittapi_config_apply_per_lib :  ITTAPI function instrumented: __itt_frame_createA
5828 : 0x1f9eef22a5 : 2 : ittapi_config_apply_per_lib :  ITTAPI function instrumented: __itt_frame_createW
5828 : 0x1f9eef22b5 : 2 : ittapi_config_apply_per_lib :  ITTAPI function instrumented: __itt_frame_begin
5828 : 0x1f9eef22c3 : 2 : ittapi_config_apply_per_lib :  ITTAPI function instrumented: __itt_frame_end
5828 : 0x1f9eef22d3 : 2 : ittapi_config_apply_per_lib :  ITTAPI function instrumented: __itt_counter_createA
5828 : 0x1f9eef22e1 : 2 : ittapi_config_apply_per_lib :  ITTAPI function instrumented: __itt_counter_createW
5828 : 0x1f9eef22f1 : 2 : ittapi_config_apply_per_lib :  ITTAPI function not implemented: __itt_counter_destroy
5828 : 0x1f9eef2301 : 2 : ittapi_config_apply_per_lib :  ITTAPI function instrumented: __itt_counter_inc
5828 : 0x1f9eef2311 : 2 : ittapi_config_apply_per_lib :  ITTAPI function instrumented: __itt_counter_inc_delta
5828 : 0x1f9eef234d : 2 : ittapi_config_apply_per_lib :  ITTAPI function not implemented: __itt_mark_createA
5828 : 0x1f9eef235e : 2 : ittapi_config_apply_per_lib :  ITTAPI function not implemented: __itt_mark_createW
5828 : 0x1f9eef236f : 2 : ittapi_config_apply_per_lib :  ITTAPI function not implemented: __itt_markA
5828 : 0x1f9eef237e : 2 : ittapi_config_apply_per_lib :  ITTAPI function not implemented: __itt_markW
5828 : 0x1f9eef238e : 2 : ittapi_config_apply_per_lib :  ITTAPI function not implemented: __itt_mark_off
5828 : 0x1f9eef239e : 2 : ittapi_config_apply_per_lib :  ITTAPI function not implemented: __itt_mark_globalA
5828 : 0x1f9eef23ae : 2 : ittapi_config_apply_per_lib :  ITTAPI function not implemented: __itt_mark_globalW
5828 : 0x1f9eef23be : 2 : ittapi_config_apply_per_lib :  ITTAPI function not implemented: __itt_mark_global_off
5828 : 0x1f9eef23cd : 2 : ittapi_config_apply_per_lib :  ITTAPI function NOT instrumented (not matched by --itt-config option): __itt_stack_caller_create

5828 : 0x1f9eef23df : 2 : ittapi_config_apply_per_lib :  ITTAPI function NOT instrumented (not matched by --itt-config option): __itt_stack_caller_destroy

5828 : 0x1f9eef2410 : 2 : ittapi_config_apply_per_lib :  ITTAPI function NOT instrumented (not matched by --itt-config option): __itt_stack_callee_enter

5828 : 0x1f9eef2423 : 2 : ittapi_config_apply_per_lib :  ITTAPI function NOT instrumented (not matched by --itt-config option): __itt_stack_callee_leave

5828 : 0x1f9eef2439 : 2 : ittapi_config_apply_per_lib :  ITTAPI function not implemented: __itt_clock_domain_create
5828 : 0x1f9eef244a : 2 : ittapi_config_apply_per_lib :  ITTAPI function not implemented: __itt_clock_domain_reset
5828 : 0x1f9eef245a : 2 : ittapi_config_apply_per_lib :  ITTAPI function not implemented: __itt_id_create_ex
5828 : 0x1f9eef246a : 2 : ittapi_config_apply_per_lib :  ITTAPI function not implemented: __itt_id_destroy_ex
5828 : 0x1f9eef247b : 2 : ittapi_config_apply_per_lib :  ITTAPI function not implemented: __itt_task_begin_ex
5828 : 0x1f9eef248c : 2 : ittapi_config_apply_per_lib :  ITTAPI function not implemented: __itt_task_begin_fn_ex
5828 : 0x1f9eef249c : 2 : ittapi_config_apply_per_lib :  ITTAPI function not implemented: __itt_task_end_ex
5828 : 0x1f9eef24ac : 2 : ittapi_config_apply_per_lib :  ITTAPI function instrumented: __itt_task_begin_overlapped
5828 : 0x1f9eef24df : 2 : ittapi_config_apply_per_lib :  ITTAPI function not implemented: __itt_task_begin_overlapped_ex
5828 : 0x1f9eef24f0 : 2 : ittapi_config_apply_per_lib :  ITTAPI function instrumented: __itt_task_end_overlapped
5828 : 0x1f9eef2501 : 2 : ittapi_config_apply_per_lib :  ITTAPI function not implemented: __itt_task_end_overlapped_ex
5828 : 0x1f9eef2511 : 2 : ittapi_config_apply_per_lib :  ITTAPI function not implemented: __itt_marker_ex
5828 : 0x1f9eef2521 : 2 : ittapi_config_apply_per_lib :  ITTAPI function not implemented: __itt_metadata_add_with_scope
5828 : 0x1f9eef2532 : 2 : ittapi_config_apply_per_lib :  ITTAPI function not implemented: __itt_metadata_str_add_with_scopeA
5828 : 0x1f9eef2543 : 2 : ittapi_config_apply_per_lib :  ITTAPI function not implemented: __itt_metadata_str_add_with_scopeW
5828 : 0x1f9eef2555 : 2 : ittapi_config_apply_per_lib :  ITTAPI function not implemented: __itt_relation_add_to_current_ex
5828 : 0x1f9eef2566 : 2 : ittapi_config_apply_per_lib :  ITTAPI function not implemented: __itt_relation_add_ex
5828 : 0x1f9eef2576 : 2 : ittapi_config_apply_per_lib :  ITTAPI function not implemented: __itt_track_group_create
5828 : 0x1f9eef25ac : 2 : ittapi_config_apply_per_lib :  ITTAPI function not implemented: __itt_track_create
5828 : 0x1f9eef25bd : 2 : ittapi_config_apply_per_lib :  ITTAPI function not implemented: __itt_set_track
5828 : 0x1f9eef261b : 2 : ittapi_config_apply_per_lib :  ITTAPI function instrumented: __itt_api_version
5828 : 0x1f9eef262e : 2 : ittapi_config_apply_per_lib :  ITTAPI function not implemented: __itt_av_saveA
5828 : 0x1f9eef263e : 2 : ittapi_config_apply_per_lib :  ITTAPI function not implemented: __itt_av_saveW