
23012 : 0x1c1ca2ec4f : 1 : spill_jit_data :  Jit agent is not initialized
23012 : 0x1c1ca2fe5e : 2 : ittapi_config_mask_get :  --itt-config mask to be applied: 39
23012 : 0x1c1ca30149 : 2 : ittapi_config_apply_per_lib :  ITTAPI function instrumented: __itt_domain_createA
23012 : 0x1c1ca301dc : 2 : ittapi_config_apply_per_lib :  ITTAPI function instrumented: __itt_domain_createW
23012 : 0x1c1ca30249 : 2 : ittapi_config_apply_per_lib :  ITTAPI function instrumented: __itt_string_handle_createA
23012 : 0x1c1ca302a8 : 2 : ittapi_config_apply_per_lib :  ITTAPI function instrumented: __itt_string_handle_createW
23012 : 0x1c1ca3030b : 2 : ittapi_config_apply_per_lib :  ITTAPI function instrumented: __itt_counter_createA
23012 : 0x1c1ca30371 : 2 : ittapi_config_apply_per_lib :  ITTAPI function instrumented: __itt_counter_createW
23012 : 0x1c1ca303cb : 2 : ittapi_config_apply_per_lib :  ITTAPI function instrumented: __itt_counter_create_typedA
23012 : 0x1c1ca30429 : 2 : ittapi_config_apply_per_lib :  ITTAPI function instrumented: __itt_counter_create_typedW
23012 : 0x1c1ca3168d : 2 : ittapi_config_apply_per_lib :  ITTAPI function instrumented: __itt_pause
23012 : 0x1c1ca31721 : 2 : ittapi_config_apply_per_lib :  ITTAPI function instrumented: __itt_resume
23012 : 0x1c1ca3177c : 2 : ittapi_config_apply_per_lib :  ITTAPI function instrumented: __itt_thread_set_nameA
23012 : 0x1c1ca317f0 : 2 : ittapi_config_apply_per_lib :  ITTAPI function instrumented: __itt_thread_set_nameW
23012 : 0x1c1ca31856 : 2 : ittapi_config_apply_per_lib :  ITTAPI function instrumented: __itt_thread_ignore
23012 : 0x1c1ca318b5 : 2 : ittapi_config_apply_per_lib :  ITTAPI function instrumented: __itt_thr_name_setA
23012 : 0x1c1ca3191c : 2 : ittapi_config_apply_per_lib :  ITTAPI function instrumented: __itt_thr_name_setW
23012 : 0x1c1ca31983 : 2 : ittapi_config_apply_per_lib :  ITTAPI function instrumented: __itt_thr_ignore
23012 : 0x1c1ca31a0b : 2 : ittapi_config_apply_per_lib :  ITTAPI function not implemented: __itt_enable_attach
23012 : 0x1c1ca31a79 : 2 : ittapi_config_apply_per_lib :  ITTAPI function instrumented: __itt_detach
23012 : 0x1c1ca31cd8 : 2 : ittapi_config_apply_per_lib :  ITTAPI function NOT instrumented (not matched by --itt-config option): __itt_sync_createA

23012 : 0x1c1ca31d5b : 2 : ittapi_config_apply_per_lib :  ITTAPI function NOT instrumented (not matched by --itt-config option): __itt_sync_createW

23012 : 0x1c1ca31dd3 : 2 : ittapi_config_apply_per_lib :  ITTAPI function NOT instrumented (not matched by --itt-config option): __itt_sync_renameA

23012 : 0x1c1ca31e45 : 2 : ittapi_config_apply_per_lib :  ITTAPI function NOT instrumented (not matched by --itt-config option): __itt_sync_renameW

23012 : 0x1c1ca31eba : 2 : ittapi_config_apply_per_lib :  ITTAPI function NOT instrumented (not matched by --itt-config option): __itt_sync_destroy

23012 : 0x1c1ca31f2d : 2 : ittapi_config_apply_per_lib :  ITTAPI function NOT instrumented (not matched by --itt-config option): __itt_sync_prepare

23012 : 0x1c1ca31fa3 : 2 : ittapi_config_apply_per_lib :  ITTAPI function NOT instrumented (not matched by --itt-config option): __itt_sync_cancel

23012 : 0x1c1ca32010 : 2 : ittapi_config_apply_per_lib :  ITTAPI function NOT instrumented (not matched by --itt-config option): __itt_sync_acquired

23012 : 0x1c1ca32077 : 2 : ittapi_config_apply_per_lib :  ITTAPI function NOT instrumented (not matched by --itt-config option): __itt_sync_releasing

23012 : 0x1c1ca32118 : 2 : ittapi_config_apply_per_lib :  ITTAPI function not implemented: __itt_suppress_push
23012 : 0x1c1ca324a7 : 2 : ittapi_config_apply_per_lib :  ITTAPI function not implemented: __itt_suppress_pop
23012 : 0x1c1ca3253c : 2 : ittapi_config_apply_per_lib :  ITTAPI function not implemented: __itt_suppress_mark_range
23012 : 0x1c1ca325b4 : 2 : ittapi_config_apply_per_lib :  ITTAPI function not implemented: __itt_suppress_clear_range
23012 : 0x1c1ca32619 : 2 : ittapi_config_apply_per_lib :  ITTAPI function NOT instrumented (not matched by --itt-config option): __itt_sync_prepare

23012 : 0x1c1ca3268b : 2 : ittapi_config_apply_per_lib :  ITTAPI function NOT instrumented (not matched by --itt-config option): __itt_sync_cancel

23012 : 0x1c1ca326f7 : 2 : ittapi_config_apply_per_lib :  ITTAPI function NOT instrumented (not matched by --itt-config option): __itt_sync_acquired

23012 : 0x1c1ca3276c : 2 : ittapi_config_apply_per_lib :  ITTAPI function NOT instrumented (not matched by --itt-config option): __itt_sync_releasing

23012 : 0x1c1ca327f9 : 2 : ittapi_config_apply_per_lib :  ITTAPI function not implemented: __itt_model_site_begin
23012 : 0x1c1ca32862 : 2 : ittapi_config_apply_per_lib :  ITTAPI function not implemented: __itt_model_site_end
23012 : 0x1c1ca328cf : 2 : ittapi_config_apply_per_lib :  ITTAPI function not implemented: __itt_model_task_begin
23012 : 0x1c1ca3379f : 2 : ittapi_config_apply_per_lib :  ITTAPI function not implemented: __itt_model_task_end
23012 : 0x1c1ca33838 : 2 : ittapi_config_apply_per_lib :  ITTAPI function not implemented: __itt_model_lock_acquire
23012 : 0x1c1ca338a8 : 2 : ittapi_config_apply_per_lib :  ITTAPI function not implemented: __itt_model_lock_release
23012 : 0x1c1ca33915 : 2 : ittapi_config_apply_per_lib :  ITTAPI function not implemented: __itt_model_record_allocation
23012 : 0x1c1ca33980 : 2 : ittapi_config_apply_per_lib :  ITTAPI function not implemented: __itt_model_record_deallocation
23012 : 0x1c1ca339e5 : 2 : ittapi_config_apply_per_lib :  ITTAPI function not implemented: __itt_model_induction_uses
23012 : 0x1c1ca33a53 : 2 : ittapi_config_apply_per_lib :  ITTAPI function not implemented: __itt_model_reduction_uses
23012 : 0x1c1ca33abb : 2 : ittapi_config_apply_per_lib :  ITTAPI function not implemented: __itt_model_observe_uses
23012 : 0x1c1ca33b1f : 2 : ittapi_config_apply_per_lib :  ITTAPI function not implemented: __itt_model_clear_uses
23012 : 0x1c1ca33b94 : 2 : ittapi_config_apply_per_lib :  ITTAPI function not implemented: __itt_model_site_beginW
23012 : 0x1c1ca33dd4 : 2 : ittapi_config_apply_per_lib :  ITTAPI function not implemented: __itt_model_task_beginW
23012 : 0x1c1ca33e54 : 2 : ittapi_config_apply_per_lib :  ITTAPI function not implemented: __itt_model_iteration_taskW
23012 : 0x1c1ca33eba : 2 : ittapi_config_apply_per_lib :  ITTAPI function not implemented: __itt_model_site_beginA
23012 : 0x1c1ca33f1c : 2 : ittapi_config_apply_per_lib :  ITTAPI function not implemented: __itt_model_site_beginAL
23012 : 0x1c1ca33f80 : 2 : ittapi_config_apply_per_lib :  ITTAPI function not implemented: __itt_model_task_beginA
23012 : 0x1c1ca33ff1 : 2 : ittapi_config_apply_per_lib :  ITTAPI function not implemented: __itt_model_task_beginAL
23012 : 0x1c1ca34053 : 2 : ittapi_config_apply_per_lib :  ITTAPI function not implemented: __itt_model_iteration_taskA
23012 : 0x1c1ca340b3 : 2 : ittapi_config_apply_per_lib :  ITTAPI function not implemented: __itt_model_iteration_taskAL
23012 : 0x1c1ca3411a : 2 : ittapi_config_apply_per_lib :  ITTAPI function not implemented: __itt_model_site_end_2
23012 : 0x1c1ca34185 : 2 : ittapi_config_apply_per_lib :  ITTAPI function not implemented: __itt_model_task_end_2
23012 : 0x1c1ca34331 : 2 : ittapi_config_apply_per_lib :  ITTAPI function not implemented: __itt_model_lock_acquire_2
23012 : 0x1c1ca343a2 : 2 : ittapi_config_apply_per_lib :  ITTAPI function not implemented: __itt_model_lock_release_2
23012 : 0x1c1ca3440b : 2 : ittapi_config_apply_per_lib :  ITTAPI function not implemented: __itt_model_aggregate_task
23012 : 0x1c1ca3446c : 2 : ittapi_config_apply_per_lib :  ITTAPI function not implemented: __itt_model_disable_push
23012 : 0x1c1ca344c9 : 2 : ittapi_config_apply_per_lib :  ITTAPI function not implemented: __itt_model_disable_pop
23012 : 0x1c1ca34532 : 2 : ittapi_config_apply_per_lib :  ITTAPI function instrumented: __itt_heap_function_createA
23012 : 0x1c1ca34593 : 2 : ittapi_config_apply_per_lib :  ITTAPI function instrumented: __itt_heap_function_createW
23012 : 0x1c1ca345fd : 2 : ittapi_config_apply_per_lib :  ITTAPI function instrumented: __itt_heap_allocate_begin
23012 : 0x1c1ca3465f : 2 : ittapi_config_apply_per_lib :  ITTAPI function instrumented: __itt_heap_allocate_end
23012 : 0x1c1ca346c6 : 2 : ittapi_config_apply_per_lib :  ITTAPI function instrumented: __itt_heap_free_begin
23012 : 0x1c1ca34892 : 2 : ittapi_config_apply_per_lib :  ITTAPI function instrumented: __itt_heap_free_end
23012 : 0x1c1ca348f4 : 2 : ittapi_config_apply_per_lib :  ITTAPI function instrumented: __itt_heap_reallocate_begin
23012 : 0x1c1ca34955 : 2 : ittapi_config_apply_per_lib :  ITTAPI function instrumented: __itt_heap_reallocate_end
23012 : 0x1c1ca349c9 : 2 : ittapi_config_apply_per_lib :  ITTAPI function not implemented: __itt_heap_internal_access_begin
23012 : 0x1c1ca34a3a : 2 : ittapi_config_apply_per_lib :  ITTAPI function not implemented: __itt_heap_internal_access_end
23012 : 0x1c1ca34aa6 : 2 : ittapi_config_apply_per_lib :  ITTAPI function not implemented: __itt_heap_record_memory_growth_begin
23012 : 0x1c1ca34b10 : 2 : ittapi_config_apply_per_lib :  ITTAPI function not implemented: __itt_heap_record_memory_growth_end
23012 : 0x1c1ca34b7c : 2 : ittapi_config_apply_per_lib :  ITTAPI function not implemented: __itt_heap_reset_detection
23012 : 0x1c1ca34bea : 2 : ittapi_config_apply_per_lib :  ITTAPI function not implemented: __itt_heap_record
23012 : 0x1c1ca34c5c : 2 : ittapi_config_apply_per_lib :  ITTAPI function not implemented: __itt_id_create
23012 : 0x1c1ca35031 : 2 : ittapi_config_apply_per_lib :  ITTAPI function not implemented: __itt_id_destroy
23012 : 0x1c1ca350c0 : 2 : ittapi_config_apply_per_lib :  ITTAPI function instrumented: __itt_get_timestamp
23012 : 0x1c1ca3512e : 2 : ittapi_config_apply_per_lib :  ITTAPI function not implemented: __itt_region_begin
23012 : 0x1c1ca3518f : 2 : ittapi_config_apply_per_lib :  ITTAPI function not implemented: __itt_region_end
23012 : 0x1c1ca351ee : 2 : ittapi_config_apply_per_lib :  ITTAPI function instrumented: __itt_frame_begin_v3
23012 : 0x1c1ca35251 : 2 : ittapi_config_apply_per_lib :  ITTAPI function instrumented: __itt_frame_end_v3
23012 : 0x1c1ca352a9 : 2 : ittapi_config_apply_per_lib :  ITTAPI function instrumented: __itt_frame_submit_v3
23012 : 0x1c1ca35310 : 2 : ittapi_config_apply_per_lib :  ITTAPI function not implemented: __itt_task_group
23012 : 0x1c1ca35376 : 2 : ittapi_config_apply_per_lib :  ITTAPI function instrumented: __itt_task_begin
23012 : 0x1c1ca353d2 : 2 : ittapi_config_apply_per_lib :  ITTAPI function instrumented: __itt_task_begin_fn
23012 : 0x1c1ca355a1 : 2 : ittapi_config_apply_per_lib :  ITTAPI function instrumented: __itt_task_end
23012 : 0x1c1ca35620 : 2 : ittapi_config_apply_per_lib :  ITTAPI function not implemented: __itt_counter_inc_v3
23012 : 0x1c1ca35692 : 2 : ittapi_config_apply_per_lib :  ITTAPI function not implemented: __itt_counter_inc_delta_v3
23012 : 0x1c1ca356fa : 2 : ittapi_config_apply_per_lib :  ITTAPI function not implemented: __itt_counter_dec_v3
23012 : 0x1c1ca3575f : 2 : ittapi_config_apply_per_lib :  ITTAPI function not implemented: __itt_counter_dec_delta_v3
23012 : 0x1c1ca357c8 : 2 : ittapi_config_apply_per_lib :  ITTAPI function not implemented: __itt_marker
23012 : 0x1c1ca3582b : 2 : ittapi_config_apply_per_lib :  ITTAPI function instrumented: __itt_metadata_add
23012 : 0x1c1ca35897 : 2 : ittapi_config_apply_per_lib :  ITTAPI function not implemented: __itt_metadata_str_addA
23012 : 0x1c1ca358fd : 2 : ittapi_config_apply_per_lib :  ITTAPI function not implemented: __itt_metadata_str_addW
23012 : 0x1c1ca35b7f : 2 : ittapi_config_apply_per_lib :  ITTAPI function not implemented: __itt_relation_add_to_current
23012 : 0x1c1ca35e16 : 2 : ittapi_config_apply_per_lib :  ITTAPI function not implemented: __itt_relation_add
23012 : 0x1c1ca35e99 : 2 : ittapi_config_apply_per_lib :  ITTAPI function instrumented: __itt_event_createA
23012 : 0x1c1ca35f03 : 2 : ittapi_config_apply_per_lib :  ITTAPI function instrumented: __itt_event_createW
23012 : 0x1c1ca35f67 : 2 : ittapi_config_apply_per_lib :  ITTAPI function instrumented: __itt_event_start
23012 : 0x1c1ca35fd2 : 2 : ittapi_config_apply_per_lib :  ITTAPI function instrumented: __itt_event_end
23012 : 0x1c1ca3602b : 2 : ittapi_config_apply_per_lib :  ITTAPI function NOT instrumented (not matched by --itt-config option): __itt_sync_set_nameA

23012 : 0x1c1ca360a1 : 2 : ittapi_config_apply_per_lib :  ITTAPI function NOT instrumented (not matched by --itt-config option): __itt_sync_set_nameW

23012 : 0x1c1ca3611a : 2 : ittapi_config_apply_per_lib :  ITTAPI function NOT instrumented (not matched by --itt-config option): __itt_notify_sync_nameA

23012 : 0x1c1ca36191 : 2 : ittapi_config_apply_per_lib :  ITTAPI function NOT instrumented (not matched by --itt-config option): __itt_notify_sync_nameW

23012 : 0x1c1ca3620b : 2 : ittapi_config_apply_per_lib :  ITTAPI function NOT instrumented (not matched by --itt-config option): __itt_notify_sync_prepare

23012 : 0x1c1ca3641c : 2 : ittapi_config_apply_per_lib :  ITTAPI function NOT instrumented (not matched by --itt-config option): __itt_notify_sync_cancel

23012 : 0x1c1ca364a0 : 2 : ittapi_config_apply_per_lib :  ITTAPI function NOT instrumented (not matched by --itt-config option): __itt_notify_sync_acquired

23012 : 0x1c1ca3651a : 2 : ittapi_config_apply_per_lib :  ITTAPI function NOT instrumented (not matched by --itt-config option): __itt_notify_sync_releasing

23012 : 0x1c1ca365bc : 2 : ittapi_config_apply_per_lib :  ITTAPI function not implemented: __itt_memory_read
23012 : 0x1c1ca3662b : 2 : ittapi_config_apply_per_lib :  ITTAPI function not implemented: __itt_memory_write
23012 : 0x1c1ca36694 : 2 : ittapi_config_apply_per_lib :  ITTAPI function not implemented: __itt_memory_update
23012 : 0x1c1ca366ff : 2 : ittapi_config_apply_per_lib :  ITTAPI function not implemented: __itt_state_get
23012 : 0x1c1ca3676b : 2 : ittapi_config_apply_per_lib :  ITTAPI function not implemented: __itt_state_set
23012 : 0x1c1ca367d4 : 2 : ittapi_config_apply_per_lib :  ITTAPI function not implemented: __itt_obj_mode_set
23012 : 0x1c1ca36a29 : 2 : ittapi_config_apply_per_lib :  ITTAPI function not implemented: __itt_thr_mode_set
23012 : 0x1c1ca36c81 : 2 : ittapi_config_apply_per_lib :  ITTAPI function instrumented: __itt_frame_createA
23012 : 0x1c1ca36cfb : 2 : ittapi_config_apply_per_lib :  ITTAPI function instrumented: __itt_frame_createW
23012 : 0x1c1ca36d63 : 2 : ittapi_config_apply_per_lib :  ITTAPI function instrumented: __itt_frame_begin
23012 : 0x1c1ca36dc7 : 2 : ittapi_config_apply_per_lib :  ITTAPI function instrumented: __itt_frame_end
23012 : 0x1c1ca36e33 : 2 : ittapi_config_apply_per_lib :  ITTAPI function not implemented: __itt_counter_destroy
23012 : 0x1c1ca36ea1 : 2 : ittapi_config_apply_per_lib :  ITTAPI function instrumented: __itt_counter_inc
23012 : 0x1c1ca36f08 : 2 : ittapi_config_apply_per_lib :  ITTAPI function instrumented: __itt_counter_inc_delta
23012 : 0x1c1ca36f6f : 2 : ittapi_config_apply_per_lib :  ITTAPI function instrumented: __itt_counter_dec
23012 : 0x1c1ca36fd7 : 2 : ittapi_config_apply_per_lib :  ITTAPI function instrumented: __itt_counter_dec_delta
23012 : 0x1c1ca37045 : 2 : ittapi_config_apply_per_lib :  ITTAPI function instrumented: __itt_counter_set_value
23012 : 0x1c1ca3720e : 2 : ittapi_config_apply_per_lib :  ITTAPI function not implemented: __itt_counter_set_value_ex
23012 : 0x1c1ca37286 : 2 : ittapi_config_apply_per_lib :  ITTAPI function not implemented: __itt_mark_createA
23012 : 0x1c1ca372f3 : 2 : ittapi_config_apply_per_lib :  ITTAPI function not implemented: __itt_mark_createW
23012 : 0x1c1ca37365 : 2 : ittapi_config_apply_per_lib :  ITTAPI function not implemented: __itt_markA
23012 : 0x1c1ca373d2 : 2 : ittapi_config_apply_per_lib :  ITTAPI function not implemented: __itt_markW
23012 : 0x1c1ca37446 : 2 : ittapi_config_apply_per_lib :  ITTAPI function not implemented: __itt_mark_off
23012 : 0x1c1ca374b1 : 2 : ittapi_config_apply_per_lib :  ITTAPI function not implemented: __itt_mark_globalA
23012 : 0x1c1ca37708 : 2 : ittapi_config_apply_per_lib :  ITTAPI function not implemented: __itt_mark_globalW
23012 : 0x1c1ca37773 : 2 : ittapi_config_apply_per_lib :  ITTAPI function not implemented: __itt_mark_global_off
23012 : 0x1c1ca377cf : 2 : ittapi_config_apply_per_lib :  ITTAPI function NOT instrumented (not matched by --itt-config option): __itt_stack_caller_create

23012 : 0x1c1ca382fb : 2 : ittapi_config_apply_per_lib :  ITTAPI function NOT instrumented (not matched by --itt-config option): __itt_stack_caller_destroy

23012 : 0x1c1ca383ad : 2 : ittapi_config_apply_per_lib :  ITTAPI function NOT instrumented (not matched by --itt-config option): __itt_stack_callee_enter

23012 : 0x1c1ca3842c : 2 : ittapi_config_apply_per_lib :  ITTAPI function NOT instrumented (not matched by --itt-config option): __itt_stack_callee_leave

23012 : 0x1c1ca384e1 : 2 : ittapi_config_apply_per_lib :  ITTAPI function not implemented: __itt_clock_domain_create
23012 : 0x1c1ca3855a : 2 : ittapi_config_apply_per_lib :  ITTAPI function not implemented: __itt_clock_domain_reset
23012 : 0x1c1ca385cc : 2 : ittapi_config_apply_per_lib :  ITTAPI function not implemented: __itt_id_create_ex
23012 : 0x1c1ca38631 : 2 : ittapi_config_apply_per_lib :  ITTAPI function not implemented: __itt_id_destroy_ex
23012 : 0x1c1ca386a5 : 2 : ittapi_config_apply_per_lib :  ITTAPI function not implemented: __itt_task_begin_ex
23012 : 0x1c1ca38714 : 2 : ittapi_config_apply_per_lib :  ITTAPI function not implemented: __itt_task_begin_fn_ex
23012 : 0x1c1ca3877d : 2 : ittapi_config_apply_per_lib :  ITTAPI function not implemented: __itt_task_end_ex
23012 : 0x1c1ca389ac : 2 : ittapi_config_apply_per_lib :  ITTAPI function instrumented: __itt_task_begin_overlapped
23012 : 0x1c1ca38a31 : 2 : ittapi_config_apply_per_lib :  ITTAPI function not implemented: __itt_task_begin_overlapped_ex
23012 : 0x1c1ca38a9f : 2 : ittapi_config_apply_per_lib :  ITTAPI function instrumented: __itt_task_end_overlapped
23012 : 0x1c1ca38b14 : 2 : ittapi_config_apply_per_lib :  ITTAPI function not implemented: __itt_task_end_overlapped_ex
23012 : 0x1c1ca38b8b : 2 : ittapi_config_apply_per_lib :  ITTAPI function not implemented: __itt_marker_ex
23012 : 0x1c1ca38bf9 : 2 : ittapi_config_apply_per_lib :  ITTAPI function not implemented: __itt_metadata_add_with_scope
23012 : 0x1c1ca38c6f : 2 : ittapi_config_apply_per_lib :  ITTAPI function not implemented: __itt_metadata_str_add_with_scopeA
23012 : 0x1c1ca38ce6 : 2 : ittapi_config_apply_per_lib :  ITTAPI function not implemented: __itt_metadata_str_add_with_scopeW
23012 : 0x1c1ca38d5f : 2 : ittapi_config_apply_per_lib :  ITTAPI function not implemented: __itt_relation_add_to_current_ex
23012 : 0x1c1ca38dd8 : 2 : ittapi_config_apply_per_lib :  ITTAPI function not implemented: __itt_relation_add_ex
23012 : 0x1c1ca38fba : 2 : ittapi_config_apply_per_lib :  ITTAPI function not implemented: __itt_track_group_create
23012 : 0x1c1ca3903c : 2 : ittapi_config_apply_per_lib :  ITTAPI function not implemented: __itt_track_create
23012 : 0x1c1ca390b7 : 2 : ittapi_config_apply_per_lib :  ITTAPI function not implemented: __itt_set_track
23012 : 0x1c1ca391a8 : 2 : ittapi_config_apply_per_lib :  ITTAPI function instrumented: __itt_api_version
23012 : 0x1c1ca39220 : 2 : ittapi_config_apply_per_lib :  ITTAPI function not implemented: __itt_av_saveA
23012 : 0x1c1ca39297 : 2 : ittapi_config_apply_per_lib :  ITTAPI function not implemented: __itt_av_saveW
23012 : 0x1c1ca392fc : 2 : ittapi_config_apply_per_lib :  ITTAPI function instrumented: __itt_module_loadA
23012 : 0x1c1ca39368 : 2 : ittapi_config_apply_per_lib :  ITTAPI function instrumented: __itt_module_loadW
23012 : 0x1c1ca3c1ba : 2 : ittapi_config_mask_get :  --itt-config mask to be applied: 39
23012 : 0x1c1ca3c27d : 2 : ittapi_config_apply_per_lib :  ITTAPI function instrumented: __itt_domain_createA
23012 : 0x1c1ca3c504 : 2 : ittapi_config_apply_per_lib :  ITTAPI function instrumented: __itt_domain_createW
23012 : 0x1c1ca3c584 : 2 : ittapi_config_apply_per_lib :  ITTAPI function instrumented: __itt_string_handle_createA
23012 : 0x1c1ca3c5ef : 2 : ittapi_config_apply_per_lib :  ITTAPI function instrumented: __itt_string_handle_createW
23012 : 0x1c1ca3c663 : 2 : ittapi_config_apply_per_lib :  ITTAPI function instrumented: __itt_pause
23012 : 0x1c1ca3c796 : 2 : ittapi_config_apply_per_lib :  ITTAPI function instrumented: __itt_resume
23012 : 0x1c1ca3c806 : 2 : ittapi_config_apply_per_lib :  ITTAPI function instrumented: __itt_thread_set_nameA
23012 : 0x1c1ca3c87a : 2 : ittapi_config_apply_per_lib :  ITTAPI function instrumented: __itt_thread_set_nameW
23012 : 0x1c1ca3c8eb : 2 : ittapi_config_apply_per_lib :  ITTAPI function instrumented: __itt_thread_ignore
23012 : 0x1c1ca3c955 : 2 : ittapi_config_apply_per_lib :  ITTAPI function instrumented: __itt_thr_name_setA
23012 : 0x1c1ca3c9ca : 2 : ittapi_config_apply_per_lib :  ITTAPI function instrumented: __itt_thr_name_setW
23012 : 0x1c1ca3cb8c : 2 : ittapi_config_apply_per_lib :  ITTAPI function instrumented: __itt_thr_ignore
23012 : 0x1c1ca3cc1c : 2 : ittapi_config_apply_per_lib :  ITTAPI function not implemented: __itt_enable_attach
23012 : 0x1c1ca3cc92 : 2 : ittapi_config_apply_per_lib :  ITTAPI function instrumented: __itt_detach
23012 : 0x1c1ca3ccec : 2 : ittapi_config_apply_per_lib :  ITTAPI function NOT instrumented (not matched by --itt-config option): __itt_sync_createA

23012 : 0x1c1ca3d142 : 2 : ittapi_config_apply_per_lib :  ITTAPI function NOT instrumented (not matched by --itt-config option): __itt_sync_createW

23012 : 0x1c1ca3d1c9 : 2 : ittapi_config_apply_per_lib :  ITTAPI function NOT instrumented (not matched by --itt-config option): __itt_sync_renameA

23012 : 0x1c1ca3d238 : 2 : ittapi_config_apply_per_lib :  ITTAPI function NOT instrumented (not matched by --itt-config option): __itt_sync_renameW

23012 : 0x1c1ca3d2a3 : 2 : ittapi_config_apply_per_lib :  ITTAPI function NOT instrumented (not matched by --itt-config option): __itt_sync_destroy

23012 : 0x1c1ca3d2fd : 2 : ittapi_config_apply_per_lib :  ITTAPI function NOT instrumented (not matched by --itt-config option): __itt_sync_prepare

23012 : 0x1c1ca3d4d9 : 2 : ittapi_config_apply_per_lib :  ITTAPI function NOT instrumented (not matched by --itt-config option): __itt_sync_cancel

23012 : 0x1c1ca3d7b7 : 2 : ittapi_config_apply_per_lib :  ITTAPI function NOT instrumented (not matched by --itt-config option): __itt_sync_acquired

23012 : 0x1c1ca3d810 : 2 : ittapi_config_apply_per_lib :  ITTAPI function NOT instrumented (not matched by --itt-config option): __itt_sync_releasing

23012 : 0x1c1ca3d8a3 : 2 : ittapi_config_apply_per_lib :  ITTAPI function not implemented: __itt_suppress_push
23012 : 0x1c1ca3d90d : 2 : ittapi_config_apply_per_lib :  ITTAPI function not implemented: __itt_suppress_pop
23012 : 0x1c1ca3d971 : 2 : ittapi_config_apply_per_lib :  ITTAPI function not implemented: __itt_suppress_mark_range
23012 : 0x1c1ca3d9d8 : 2 : ittapi_config_apply_per_lib :  ITTAPI function not implemented: __itt_suppress_clear_range
23012 : 0x1c1ca3da30 : 2 : ittapi_config_apply_per_lib :  ITTAPI function NOT instrumented (not matched by --itt-config option): __itt_sync_prepare

23012 : 0x1c1ca3da9e : 2 : ittapi_config_apply_per_lib :  ITTAPI function NOT instrumented (not matched by --itt-config option): __itt_sync_cancel

23012 : 0x1c1ca3dccb : 2 : ittapi_config_apply_per_lib :  ITTAPI function NOT instrumented (not matched by --itt-config option): __itt_sync_acquired

23012 : 0x1c1ca3dd88 : 2 : ittapi_config_apply_per_lib :  ITTAPI function NOT instrumented (not matched by --itt-config option): __itt_sync_releasing

23012 : 0x1c1ca3e006 : 2 : ittapi_config_apply_per_lib :  ITTAPI function not implemented: __itt_model_site_begin
23012 : 0x1c1ca3e0df : 2 : ittapi_config_apply_per_lib :  ITTAPI function not implemented: __itt_model_site_end
23012 : 0x1c1ca3e1a0 : 2 : ittapi_config_apply_per_lib :  ITTAPI function not implemented: __itt_model_task_begin
23012 : 0x1c1ca3e22c : 2 : ittapi_config_apply_per_lib :  ITTAPI function not implemented: __itt_model_task_end
23012 : 0x1c1ca3e2e2 : 2 : ittapi_config_apply_per_lib :  ITTAPI function not implemented: __itt_model_lock_acquire
23012 : 0x1c1ca3e3c7 : 2 : ittapi_config_apply_per_lib :  ITTAPI function not implemented: __itt_model_lock_release
23012 : 0x1c1ca3e4b1 : 2 : ittapi_config_apply_per_lib :  ITTAPI function not implemented: __itt_model_record_allocation
23012 : 0x1c1ca3e5a8 : 2 : ittapi_config_apply_per_lib :  ITTAPI function not implemented: __itt_model_record_deallocation
23012 : 0x1c1ca3e6e1 : 2 : ittapi_config_apply_per_lib :  ITTAPI function not implemented: __itt_model_induction_uses
23012 : 0x1c1ca3e808 : 2 : ittapi_config_apply_per_lib :  ITTAPI function not implemented: __itt_model_reduction_uses
23012 : 0x1c1ca3ed25 : 2 : ittapi_config_apply_per_lib :  ITTAPI function not implemented: __itt_model_observe_uses
23012 : 0x1c1ca3edfc : 2 : ittapi_config_apply_per_lib :  ITTAPI function not implemented: __itt_model_clear_uses
23012 : 0x1c1ca3eead : 2 : ittapi_config_apply_per_lib :  ITTAPI function not implemented: __itt_model_site_beginW
23012 : 0x1c1ca3ef27 : 2 : ittapi_config_apply_per_lib :  ITTAPI function not implemented: __itt_model_task_beginW
23012 : 0x1c1ca3efd3 : 2 : ittapi_config_apply_per_lib :  ITTAPI function not implemented: __itt_model_iteration_taskW
23012 : 0x1c1ca3f07c : 2 : ittapi_config_apply_per_lib :  ITTAPI function not implemented: __itt_model_site_beginA
23012 : 0x1c1ca3f105 : 2 : ittapi_config_apply_per_lib :  ITTAPI function not implemented: __itt_model_site_beginAL
23012 : 0x1c1ca3ff42 : 2 : ittapi_config_apply_per_lib :  ITTAPI function not implemented: __itt_model_task_beginA
23012 : 0x1c1ca3ffea : 2 : ittapi_config_apply_per_lib :  ITTAPI function not implemented: __itt_model_task_beginAL
23012 : 0x1c1ca40090 : 2 : ittapi_config_apply_per_lib :  ITTAPI function not implemented: __itt_model_iteration_taskA
23012 : 0x1c1ca4050a : 2 : ittapi_config_apply_per_lib :  ITTAPI function not implemented: __itt_model_iteration_taskAL
23012 : 0x1c1ca405d4 : 2 : ittapi_config_apply_per_lib :  ITTAPI function not implemented: __itt_model_site_end_2
23012 : 0x1c1ca4068d : 2 : ittapi_config_apply_per_lib :  ITTAPI function not implemented: __itt_model_task_end_2
23012 : 0x1c1ca40954 : 2 : ittapi_config_apply_per_lib :  ITTAPI function not implemented: __itt_model_lock_acquire_2
23012 : 0x1c1ca40a13 : 2 : ittapi_config_apply_per_lib :  ITTAPI function not implemented: __itt_model_lock_release_2
23012 : 0x1c1ca40ac8 : 2 : ittapi_config_apply_per_lib :  ITTAPI function not implemented: __itt_model_aggregate_task
23012 : 0x1c1ca40b5e : 2 : ittapi_config_apply_per_lib :  ITTAPI function not implemented: __itt_model_disable_push
23012 : 0x1c1ca40bf9 : 2 : ittapi_config_apply_per_lib :  ITTAPI function not implemented: __itt_model_disable_pop
23012 : 0x1c1ca40ca4 : 2 : ittapi_config_apply_per_lib :  ITTAPI function instrumented: __itt_heap_function_createA
23012 : 0x1c1ca40d17 : 2 : ittapi_config_apply_per_lib :  ITTAPI function instrumented: __itt_heap_function_createW
23012 : 0x1c1ca40f3e : 2 : ittapi_config_apply_per_lib :  ITTAPI function instrumented: __itt_heap_allocate_begin
23012 : 0x1c1ca40fb2 : 2 : ittapi_config_apply_per_lib :  ITTAPI function instrumented: __itt_heap_allocate_end
23012 : 0x1c1ca41013 : 2 : ittapi_config_apply_per_lib :  ITTAPI function instrumented: __itt_heap_free_begin
23012 : 0x1c1ca41076 : 2 : ittapi_config_apply_per_lib :  ITTAPI function instrumented: __itt_heap_free_end
23012 : 0x1c1ca410d6 : 2 : ittapi_config_apply_per_lib :  ITTAPI function instrumented: __itt_heap_reallocate_begin
23012 : 0x1c1ca41140 : 2 : ittapi_config_apply_per_lib :  ITTAPI function instrumented: __itt_heap_reallocate_end
23012 : 0x1c1ca41b26 : 2 : ittapi_config_apply_per_lib :  ITTAPI function not implemented: __itt_heap_internal_access_begin
23012 : 0x1c1ca41bdb : 2 : ittapi_config_apply_per_lib :  ITTAPI function not implemented: __itt_heap_internal_access_end
23012 : 0x1c1ca41c90 : 2 : ittapi_config_apply_per_lib :  ITTAPI function not implemented: __itt_heap_record_memory_growth_begin
23012 : 0x1c1ca420b0 : 2 : ittapi_config_apply_per_lib :  ITTAPI function not implemented: __itt_heap_record_memory_growth_end
23012 : 0x1c1ca42363 : 2 : ittapi_config_apply_per_lib :  ITTAPI function not implemented: __itt_heap_reset_detection
23012 : 0x1c1ca4240f : 2 : ittapi_config_apply_per_lib :  ITTAPI function not implemented: __itt_heap_record
23012 : 0x1c1ca42473 : 2 : ittapi_config_apply_per_lib :  ITTAPI function not implemented: __itt_id_create
23012 : 0x1c1ca424d6 : 2 : ittapi_config_apply_per_lib :  ITTAPI function not implemented: __itt_id_destroy
23012 : 0x1c1ca4253b : 2 : ittapi_config_apply_per_lib :  ITTAPI function instrumented: __itt_get_timestamp
23012 : 0x1c1ca425a8 : 2 : ittapi_config_apply_per_lib :  ITTAPI function not implemented: __itt_region_begin
23012 : 0x1c1ca42615 : 2 : ittapi_config_apply_per_lib :  ITTAPI function not implemented: __itt_region_end
23012 : 0x1c1ca4269e : 2 : ittapi_config_apply_per_lib :  ITTAPI function instrumented: __itt_frame_begin_v3
23012 : 0x1c1ca42705 : 2 : ittapi_config_apply_per_lib :  ITTAPI function instrumented: __itt_frame_end_v3
23012 : 0x1c1ca42771 : 2 : ittapi_config_apply_per_lib :  ITTAPI function instrumented: __itt_frame_submit_v3
23012 : 0x1c1ca42b96 : 2 : ittapi_config_apply_per_lib :  ITTAPI function not implemented: __itt_task_group
23012 : 0x1c1ca42c1f : 2 : ittapi_config_apply_per_lib :  ITTAPI function instrumented: __itt_task_begin
23012 : 0x1c1ca42c86 : 2 : ittapi_config_apply_per_lib :  ITTAPI function instrumented: __itt_task_begin_fn
23012 : 0x1c1ca42cf8 : 2 : ittapi_config_apply_per_lib :  ITTAPI function instrumented: __itt_task_end
23012 : 0x1c1ca42d6b : 2 : ittapi_config_apply_per_lib :  ITTAPI function not implemented: __itt_counter_inc_v3
23012 : 0x1c1ca42de4 : 2 : ittapi_config_apply_per_lib :  ITTAPI function not implemented: __itt_counter_inc_delta_v3
23012 : 0x1c1ca42e5a : 2 : ittapi_config_apply_per_lib :  ITTAPI function not implemented: __itt_marker
23012 : 0x1c1ca42ebd : 2 : ittapi_config_apply_per_lib :  ITTAPI function instrumented: __itt_metadata_add
23012 : 0x1c1ca42f2b : 2 : ittapi_config_apply_per_lib :  ITTAPI function not implemented: __itt_metadata_str_addA
23012 : 0x1c1ca42fa1 : 2 : ittapi_config_apply_per_lib :  ITTAPI function not implemented: __itt_metadata_str_addW
23012 : 0x1c1ca43225 : 2 : ittapi_config_apply_per_lib :  ITTAPI function not implemented: __itt_relation_add_to_current
23012 : 0x1c1ca432dc : 2 : ittapi_config_apply_per_lib :  ITTAPI function not implemented: __itt_relation_add
23012 : 0x1c1ca433ba : 2 : ittapi_config_apply_per_lib :  ITTAPI function instrumented: __itt_event_createA
23012 : 0x1c1ca4342b : 2 : ittapi_config_apply_per_lib :  ITTAPI function instrumented: __itt_event_createW
23012 : 0x1c1ca434bf : 2 : ittapi_config_apply_per_lib :  ITTAPI function instrumented: __itt_event_start
23012 : 0x1c1ca4352b : 2 : ittapi_config_apply_per_lib :  ITTAPI function instrumented: __itt_event_end
23012 : 0x1c1ca4358e : 2 : ittapi_config_apply_per_lib :  ITTAPI function NOT instrumented (not matched by --itt-config option): __itt_sync_set_nameA

23012 : 0x1c1ca4360d : 2 : ittapi_config_apply_per_lib :  ITTAPI function NOT instrumented (not matched by --itt-config option): __itt_sync_set_nameW

23012 : 0x1c1ca436d2 : 2 : ittapi_config_apply_per_lib :  ITTAPI function NOT instrumented (not matched by --itt-config option): __itt_notify_sync_nameA

23012 : 0x1c1ca43764 : 2 : ittapi_config_apply_per_lib :  ITTAPI function NOT instrumented (not matched by --itt-config option): __itt_notify_sync_nameW

23012 : 0x1c1ca439b7 : 2 : ittapi_config_apply_per_lib :  ITTAPI function NOT instrumented (not matched by --itt-config option): __itt_notify_sync_prepare

23012 : 0x1c1ca43a69 : 2 : ittapi_config_apply_per_lib :  ITTAPI function NOT instrumented (not matched by --itt-config option): __itt_notify_sync_cancel

23012 : 0x1c1ca43afb : 2 : ittapi_config_apply_per_lib :  ITTAPI function NOT instrumented (not matched by --itt-config option): __itt_notify_sync_acquired

23012 : 0x1c1ca43b81 : 2 : ittapi_config_apply_per_lib :  ITTAPI function NOT instrumented (not matched by --itt-config option): __itt_notify_sync_releasing

23012 : 0x1c1ca43c2d : 2 : ittapi_config_apply_per_lib :  ITTAPI function not implemented: __itt_memory_read
23012 : 0x1c1ca43cae : 2 : ittapi_config_apply_per_lib :  ITTAPI function not implemented: __itt_memory_write
23012 : 0x1c1ca43d2a : 2 : ittapi_config_apply_per_lib :  ITTAPI function not implemented: __itt_memory_update
23012 : 0x1c1ca43da7 : 2 : ittapi_config_apply_per_lib :  ITTAPI function not implemented: __itt_state_get
23012 : 0x1c1ca43e20 : 2 : ittapi_config_apply_per_lib :  ITTAPI function not implemented: __itt_state_set
23012 : 0x1c1ca43e95 : 2 : ittapi_config_apply_per_lib :  ITTAPI function not implemented: __itt_obj_mode_set
23012 : 0x1c1ca44b2a : 2 : ittapi_config_apply_per_lib :  ITTAPI function not implemented: __itt_thr_mode_set
23012 : 0x1c1ca44be1 : 2 : ittapi_config_apply_per_lib :  ITTAPI function instrumented: __itt_frame_createA
23012 : 0x1c1ca44c52 : 2 : ittapi_config_apply_per_lib :  ITTAPI function instrumented: __itt_frame_createW
23012 : 0x1c1ca44cbd : 2 : ittapi_config_apply_per_lib :  ITTAPI function instrumented: __itt_frame_begin
23012 : 0x1c1ca44d71 : 2 : ittapi_config_apply_per_lib :  ITTAPI function instrumented: __itt_frame_end
23012 : 0x1c1ca44e1e : 2 : ittapi_config_apply_per_lib :  ITTAPI function instrumented: __itt_counter_createA
23012 : 0x1c1ca44eb9 : 2 : ittapi_config_apply_per_lib :  ITTAPI function instrumented: __itt_counter_createW
23012 : 0x1c1ca44f60 : 2 : ittapi_config_apply_per_lib :  ITTAPI function not implemented: __itt_counter_destroy
23012 : 0x1c1ca44fd2 : 2 : ittapi_config_apply_per_lib :  ITTAPI function instrumented: __itt_counter_inc
23012 : 0x1c1ca45049 : 2 : ittapi_config_apply_per_lib :  ITTAPI function instrumented: __itt_counter_inc_delta
23012 : 0x1c1ca45319 : 2 : ittapi_config_apply_per_lib :  ITTAPI function not implemented: __itt_mark_createA
23012 : 0x1c1ca4559d : 2 : ittapi_config_apply_per_lib :  ITTAPI function not implemented: __itt_mark_createW
23012 : 0x1c1ca4562f : 2 : ittapi_config_apply_per_lib :  ITTAPI function not implemented: __itt_markA
23012 : 0x1c1ca4569c : 2 : ittapi_config_apply_per_lib :  ITTAPI function not implemented: __itt_markW
23012 : 0x1c1ca45705 : 2 : ittapi_config_apply_per_lib :  ITTAPI function not implemented: __itt_mark_off
23012 : 0x1c1ca4576e : 2 : ittapi_config_apply_per_lib :  ITTAPI function not implemented: __itt_mark_globalA
23012 : 0x1c1ca457de : 2 : ittapi_config_apply_per_lib :  ITTAPI function not implemented: __itt_mark_globalW
23012 : 0x1c1ca45851 : 2 : ittapi_config_apply_per_lib :  ITTAPI function not implemented: __itt_mark_global_off
23012 : 0x1c1ca458ba : 2 : ittapi_config_apply_per_lib :  ITTAPI function NOT instrumented (not matched by --itt-config option): __itt_stack_caller_create

23012 : 0x1c1ca45929 : 2 : ittapi_config_apply_per_lib :  ITTAPI function NOT instrumented (not matched by --itt-config option): __itt_stack_caller_destroy

23012 : 0x1c1ca45b85 : 2 : ittapi_config_apply_per_lib :  ITTAPI function NOT instrumented (not matched by --itt-config option): __itt_stack_callee_enter

23012 : 0x1c1ca45c01 : 2 : ittapi_config_apply_per_lib :  ITTAPI function NOT instrumented (not matched by --itt-config option): __itt_stack_callee_leave

23012 : 0x1c1ca45c71 : 2 : ittapi_config_apply_per_lib :  ITTAPI function not implemented: __itt_clock_domain_create
23012 : 0x1c1ca45cbf : 2 : ittapi_config_apply_per_lib :  ITTAPI function not implemented: __itt_clock_domain_reset
23012 : 0x1c1ca45d09 : 2 : ittapi_config_apply_per_lib :  ITTAPI function not implemented: __itt_id_create_ex
23012 : 0x1c1ca45d50 : 2 : ittapi_config_apply_per_lib :  ITTAPI function not implemented: __itt_id_destroy_ex
23012 : 0x1c1ca45d9c : 2 : ittapi_config_apply_per_lib :  ITTAPI function not implemented: __itt_task_begin_ex
23012 : 0x1c1ca45de8 : 2 : ittapi_config_apply_per_lib :  ITTAPI function not implemented: __itt_task_begin_fn_ex
23012 : 0x1c1ca45e33 : 2 : ittapi_config_apply_per_lib :  ITTAPI function not implemented: __itt_task_end_ex
23012 : 0x1c1ca45e7c : 2 : ittapi_config_apply_per_lib :  ITTAPI function instrumented: __itt_task_begin_overlapped
23012 : 0x1c1ca45f81 : 2 : ittapi_config_apply_per_lib :  ITTAPI function not implemented: __itt_task_begin_overlapped_ex
23012 : 0x1c1ca45fc8 : 2 : ittapi_config_apply_per_lib :  ITTAPI function instrumented: __itt_task_end_overlapped
23012 : 0x1c1ca46013 : 2 : ittapi_config_apply_per_lib :  ITTAPI function not implemented: __itt_task_end_overlapped_ex
23012 : 0x1c1ca4605c : 2 : ittapi_config_apply_per_lib :  ITTAPI function not implemented: __itt_marker_ex
23012 : 0x1c1ca460a5 : 2 : ittapi_config_apply_per_lib :  ITTAPI function not implemented: __itt_metadata_add_with_scope
23012 : 0x1c1ca460f1 : 2 : ittapi_config_apply_per_lib :  ITTAPI function not implemented: __itt_metadata_str_add_with_scopeA
23012 : 0x1c1ca4613e : 2 : ittapi_config_apply_per_lib :  ITTAPI function not implemented: __itt_metadata_str_add_with_scopeW
23012 : 0x1c1ca4618b : 2 : ittapi_config_apply_per_lib :  ITTAPI function not implemented: __itt_relation_add_to_current_ex
23012 : 0x1c1ca461d9 : 2 : ittapi_config_apply_per_lib :  ITTAPI function not implemented: __itt_relation_add_ex
23012 : 0x1c1ca46222 : 2 : ittapi_config_apply_per_lib :  ITTAPI function not implemented: __itt_track_group_create
23012 : 0x1c1ca46337 : 2 : ittapi_config_apply_per_lib :  ITTAPI function not implemented: __itt_track_create
23012 : 0x1c1ca46386 : 2 : ittapi_config_apply_per_lib :  ITTAPI function not implemented: __itt_set_track
23012 : 0x1c1ca463c8 : 2 : ittapi_config_apply_per_lib :  ITTAPI function instrumented: __itt_api_version
23012 : 0x1c1ca46411 : 2 : ittapi_config_apply_per_lib :  ITTAPI function not implemented: __itt_av_saveA
23012 : 0x1c1ca46458 : 2 : ittapi_config_apply_per_lib :  ITTAPI function not implemented: __itt_av_saveW