
23648 : 0x1ccf204dad : 1 : spill_jit_data :  Jit agent is not initialized
23648 : 0x1ccf205fc2 : 2 : ittapi_config_mask_get :  --itt-config mask to be applied: 39
23648 : 0x1ccf2060ce : 2 : ittapi_config_apply_per_lib :  ITTAPI function instrumented: __itt_domain_createA
23648 : 0x1ccf206126 : 2 : ittapi_config_apply_per_lib :  ITTAPI function instrumented: __itt_domain_createW
23648 : 0x1ccf206175 : 2 : ittapi_config_apply_per_lib :  ITTAPI function instrumented: __itt_string_handle_createA
23648 : 0x1ccf2061b8 : 2 : ittapi_config_apply_per_lib :  ITTAPI function instrumented: __itt_string_handle_createW
23648 : 0x1ccf2061ff : 2 : ittapi_config_apply_per_lib :  ITTAPI function instrumented: __itt_counter_createA
23648 : 0x1ccf206242 : 2 : ittapi_config_apply_per_lib :  ITTAPI function instrumented: __itt_counter_createW
23648 : 0x1ccf206283 : 2 : ittapi_config_apply_per_lib :  ITTAPI function instrumented: __itt_counter_create_typedA
23648 : 0x1ccf2062c4 : 2 : ittapi_config_apply_per_lib :  ITTAPI function instrumented: __itt_counter_create_typedW
23648 : 0x1ccf20710d : 2 : ittapi_config_apply_per_lib :  ITTAPI function instrumented: __itt_pause
23648 : 0x1ccf2071dd : 2 : ittapi_config_apply_per_lib :  ITTAPI function instrumented: __itt_resume
23648 : 0x1ccf20725c : 2 : ittapi_config_apply_per_lib :  ITTAPI function instrumented: __itt_thread_set_nameA
23648 : 0x1ccf207355 : 2 : ittapi_config_apply_per_lib :  ITTAPI function instrumented: __itt_thread_set_nameW
23648 : 0x1ccf2073da : 2 : ittapi_config_apply_per_lib :  ITTAPI function instrumented: __itt_thread_ignore
23648 : 0x1ccf20743d : 2 : ittapi_config_apply_per_lib :  ITTAPI function instrumented: __itt_thr_name_setA
23648 : 0x1ccf207649 : 2 : ittapi_config_apply_per_lib :  ITTAPI function instrumented: __itt_thr_name_setW
23648 : 0x1ccf2076be : 2 : ittapi_config_apply_per_lib :  ITTAPI function instrumented: __itt_thr_ignore
23648 : 0x1ccf20774f : 2 : ittapi_config_apply_per_lib :  ITTAPI function not implemented: __itt_enable_attach
23648 : 0x1ccf2077b7 : 2 : ittapi_config_apply_per_lib :  ITTAPI function instrumented: __itt_detach
23648 : 0x1ccf207cde : 2 : ittapi_config_apply_per_lib :  ITTAPI function NOT instrumented (not matched by --itt-config option): __itt_sync_createA

23648 : 0x1ccf207efa : 2 : ittapi_config_apply_per_lib :  ITTAPI function NOT instrumented (not matched by --itt-config option): __itt_sync_createW

23648 : 0x1ccf207f6e : 2 : ittapi_config_apply_per_lib :  ITTAPI function NOT instrumented (not matched by --itt-config option): __itt_sync_renameA

23648 : 0x1ccf207fd9 : 2 : ittapi_config_apply_per_lib :  ITTAPI function NOT instrumented (not matched by --itt-config option): __itt_sync_renameW

23648 : 0x1ccf208040 : 2 : ittapi_config_apply_per_lib :  ITTAPI function NOT instrumented (not matched by --itt-config option): __itt_sync_destroy

23648 : 0x1ccf2080ac : 2 : ittapi_config_apply_per_lib :  ITTAPI function NOT instrumented (not matched by --itt-config option): __itt_sync_prepare

23648 : 0x1ccf208110 : 2 : ittapi_config_apply_per_lib :  ITTAPI function NOT instrumented (not matched by --itt-config option): __itt_sync_cancel

23648 : 0x1ccf20817f : 2 : ittapi_config_apply_per_lib :  ITTAPI function NOT instrumented (not matched by --itt-config option): __itt_sync_acquired

23648 : 0x1ccf2081ee : 2 : ittapi_config_apply_per_lib :  ITTAPI function NOT instrumented (not matched by --itt-config option): __itt_sync_releasing

23648 : 0x1ccf2082af : 2 : ittapi_config_apply_per_lib :  ITTAPI function not implemented: __itt_suppress_push
23648 : 0x1ccf20847f : 2 : ittapi_config_apply_per_lib :  ITTAPI function not implemented: __itt_suppress_pop
23648 : 0x1ccf2084ee : 2 : ittapi_config_apply_per_lib :  ITTAPI function not implemented: __itt_suppress_mark_range
23648 : 0x1ccf20863e : 2 : ittapi_config_apply_per_lib :  ITTAPI function not implemented: __itt_suppress_clear_range
23648 : 0x1ccf208699 : 2 : ittapi_config_apply_per_lib :  ITTAPI function NOT instrumented (not matched by --itt-config option): __itt_sync_prepare

23648 : 0x1ccf20870e : 2 : ittapi_config_apply_per_lib :  ITTAPI function NOT instrumented (not matched by --itt-config option): __itt_sync_cancel

23648 : 0x1ccf208775 : 2 : ittapi_config_apply_per_lib :  ITTAPI function NOT instrumented (not matched by --itt-config option): __itt_sync_acquired

23648 : 0x1ccf2087db : 2 : ittapi_config_apply_per_lib :  ITTAPI function NOT instrumented (not matched by --itt-config option): __itt_sync_releasing

23648 : 0x1ccf208864 : 2 : ittapi_config_apply_per_lib :  ITTAPI function not implemented: __itt_model_site_begin
23648 : 0x1ccf2088d3 : 2 : ittapi_config_apply_per_lib :  ITTAPI function not implemented: __itt_model_site_end
23648 : 0x1ccf208940 : 2 : ittapi_config_apply_per_lib :  ITTAPI function not implemented: __itt_model_task_begin
23648 : 0x1ccf20920a : 2 : ittapi_config_apply_per_lib :  ITTAPI function not implemented: __itt_model_task_end
23648 : 0x1ccf2092ab : 2 : ittapi_config_apply_per_lib :  ITTAPI function not implemented: __itt_model_lock_acquire
23648 : 0x1ccf2092ff : 2 : ittapi_config_apply_per_lib :  ITTAPI function not implemented: __itt_model_lock_release
23648 : 0x1ccf20934b : 2 : ittapi_config_apply_per_lib :  ITTAPI function not implemented: __itt_model_record_allocation
23648 : 0x1ccf209395 : 2 : ittapi_config_apply_per_lib :  ITTAPI function not implemented: __itt_model_record_deallocation
23648 : 0x1ccf2093e0 : 2 : ittapi_config_apply_per_lib :  ITTAPI function not implemented: __itt_model_induction_uses
23648 : 0x1ccf20942c : 2 : ittapi_config_apply_per_lib :  ITTAPI function not implemented: __itt_model_reduction_uses
23648 : 0x1ccf209476 : 2 : ittapi_config_apply_per_lib :  ITTAPI function not implemented: __itt_model_observe_uses
23648 : 0x1ccf2094bf : 2 : ittapi_config_apply_per_lib :  ITTAPI function not implemented: __itt_model_clear_uses
23648 : 0x1ccf209507 : 2 : ittapi_config_apply_per_lib :  ITTAPI function not implemented: __itt_model_site_beginW
23648 : 0x1ccf209693 : 2 : ittapi_config_apply_per_lib :  ITTAPI function not implemented: __itt_model_task_beginW
23648 : 0x1ccf2096e4 : 2 : ittapi_config_apply_per_lib :  ITTAPI function not implemented: __itt_model_iteration_taskW
23648 : 0x1ccf20972d : 2 : ittapi_config_apply_per_lib :  ITTAPI function not implemented: __itt_model_site_beginA
23648 : 0x1ccf209776 : 2 : ittapi_config_apply_per_lib :  ITTAPI function not implemented: __itt_model_site_beginAL
23648 : 0x1ccf2097be : 2 : ittapi_config_apply_per_lib :  ITTAPI function not implemented: __itt_model_task_beginA
23648 : 0x1ccf209806 : 2 : ittapi_config_apply_per_lib :  ITTAPI function not implemented: __itt_model_task_beginAL
23648 : 0x1ccf20984c : 2 : ittapi_config_apply_per_lib :  ITTAPI function not implemented: __itt_model_iteration_taskA
23648 : 0x1ccf209896 : 2 : ittapi_config_apply_per_lib :  ITTAPI function not implemented: __itt_model_iteration_taskAL
23648 : 0x1ccf2098e0 : 2 : ittapi_config_apply_per_lib :  ITTAPI function not implemented: __itt_model_site_end_2
23648 : 0x1ccf209927 : 2 : ittapi_config_apply_per_lib :  ITTAPI function not implemented: __itt_model_task_end_2
23648 : 0x1ccf209a3b : 2 : ittapi_config_apply_per_lib :  ITTAPI function not implemented: __itt_model_lock_acquire_2
23648 : 0x1ccf209aa2 : 2 : ittapi_config_apply_per_lib :  ITTAPI function not implemented: __itt_model_lock_release_2
23648 : 0x1ccf209b09 : 2 : ittapi_config_apply_per_lib :  ITTAPI function not implemented: __itt_model_aggregate_task
23648 : 0x1ccf209b71 : 2 : ittapi_config_apply_per_lib :  ITTAPI function not implemented: __itt_model_disable_push
23648 : 0x1ccf209bd7 : 2 : ittapi_config_apply_per_lib :  ITTAPI function not implemented: __itt_model_disable_pop
23648 : 0x1ccf209c3c : 2 : ittapi_config_apply_per_lib :  ITTAPI function instrumented: __itt_heap_function_createA
23648 : 0x1ccf209c99 : 2 : ittapi_config_apply_per_lib :  ITTAPI function instrumented: __itt_heap_function_createW
23648 : 0x1ccf209cf6 : 2 : ittapi_config_apply_per_lib :  ITTAPI function instrumented: __itt_heap_allocate_begin
23648 : 0x1ccf209d4c : 2 : ittapi_config_apply_per_lib :  ITTAPI function instrumented: __itt_heap_allocate_end
23648 : 0x1ccf209dab : 2 : ittapi_config_apply_per_lib :  ITTAPI function instrumented: __itt_heap_free_begin
23648 : 0x1ccf20a3cb : 2 : ittapi_config_apply_per_lib :  ITTAPI function instrumented: __itt_heap_free_end
23648 : 0x1ccf20a45d : 2 : ittapi_config_apply_per_lib :  ITTAPI function instrumented: __itt_heap_reallocate_begin
23648 : 0x1ccf20a867 : 2 : ittapi_config_apply_per_lib :  ITTAPI function instrumented: __itt_heap_reallocate_end
23648 : 0x1ccf20a93d : 2 : ittapi_config_apply_per_lib :  ITTAPI function not implemented: __itt_heap_internal_access_begin
23648 : 0x1ccf20a9e0 : 2 : ittapi_config_apply_per_lib :  ITTAPI function not implemented: __itt_heap_internal_access_end
23648 : 0x1ccf20aabd : 2 : ittapi_config_apply_per_lib :  ITTAPI function not implemented: __itt_heap_record_memory_growth_begin
23648 : 0x1ccf20ad7e : 2 : ittapi_config_apply_per_lib :  ITTAPI function not implemented: __itt_heap_record_memory_growth_end
23648 : 0x1ccf20ae16 : 2 : ittapi_config_apply_per_lib :  ITTAPI function not implemented: __itt_heap_reset_detection
23648 : 0x1ccf20ae8c : 2 : ittapi_config_apply_per_lib :  ITTAPI function not implemented: __itt_heap_record
23648 : 0x1ccf20af59 : 2 : ittapi_config_apply_per_lib :  ITTAPI function not implemented: __itt_id_create
23648 : 0x1ccf20b2e3 : 2 : ittapi_config_apply_per_lib :  ITTAPI function not implemented: __itt_id_destroy
23648 : 0x1ccf20b351 : 2 : ittapi_config_apply_per_lib :  ITTAPI function instrumented: __itt_get_timestamp
23648 : 0x1ccf20b3c3 : 2 : ittapi_config_apply_per_lib :  ITTAPI function not implemented: __itt_region_begin
23648 : 0x1ccf20b4d9 : 2 : ittapi_config_apply_per_lib :  ITTAPI function not implemented: __itt_region_end
23648 : 0x1ccf20b575 : 2 : ittapi_config_apply_per_lib :  ITTAPI function instrumented: __itt_frame_begin_v3
23648 : 0x1ccf20b5e2 : 2 : ittapi_config_apply_per_lib :  ITTAPI function instrumented: __itt_frame_end_v3
23648 : 0x1ccf20b648 : 2 : ittapi_config_apply_per_lib :  ITTAPI function instrumented: __itt_frame_submit_v3
23648 : 0x1ccf20b6ba : 2 : ittapi_config_apply_per_lib :  ITTAPI function not implemented: __itt_task_group
23648 : 0x1ccf20b72c : 2 : ittapi_config_apply_per_lib :  ITTAPI function instrumented: __itt_task_begin
23648 : 0x1ccf20b791 : 2 : ittapi_config_apply_per_lib :  ITTAPI function instrumented: __itt_task_begin_fn
23648 : 0x1ccf20b985 : 2 : ittapi_config_apply_per_lib :  ITTAPI function instrumented: __itt_task_end
23648 : 0x1ccf20ba09 : 2 : ittapi_config_apply_per_lib :  ITTAPI function not implemented: __itt_counter_inc_v3
23648 : 0x1ccf20ba84 : 2 : ittapi_config_apply_per_lib :  ITTAPI function not implemented: __itt_counter_inc_delta_v3
23648 : 0x1ccf20baef : 2 : ittapi_config_apply_per_lib :  ITTAPI function not implemented: __itt_counter_dec_v3
23648 : 0x1ccf20bb50 : 2 : ittapi_config_apply_per_lib :  ITTAPI function not implemented: __itt_counter_dec_delta_v3
23648 : 0x1ccf20c1a3 : 2 : ittapi_config_apply_per_lib :  ITTAPI function not implemented: __itt_marker
23648 : 0x1ccf20c300 : 2 : ittapi_config_apply_per_lib :  ITTAPI function instrumented: __itt_metadata_add
23648 : 0x1ccf20c36e : 2 : ittapi_config_apply_per_lib :  ITTAPI function not implemented: __itt_metadata_str_addA
23648 : 0x1ccf20c3d9 : 2 : ittapi_config_apply_per_lib :  ITTAPI function not implemented: __itt_metadata_str_addW
23648 : 0x1ccf20c445 : 2 : ittapi_config_apply_per_lib :  ITTAPI function not implemented: __itt_relation_add_to_current
23648 : 0x1ccf20c671 : 2 : ittapi_config_apply_per_lib :  ITTAPI function not implemented: __itt_relation_add
23648 : 0x1ccf20c6de : 2 : ittapi_config_apply_per_lib :  ITTAPI function instrumented: __itt_event_createA
23648 : 0x1ccf20c741 : 2 : ittapi_config_apply_per_lib :  ITTAPI function instrumented: __itt_event_createW
23648 : 0x1ccf20c79f : 2 : ittapi_config_apply_per_lib :  ITTAPI function instrumented: __itt_event_start
23648 : 0x1ccf20c800 : 2 : ittapi_config_apply_per_lib :  ITTAPI function instrumented: __itt_event_end
23648 : 0x1ccf20c852 : 2 : ittapi_config_apply_per_lib :  ITTAPI function NOT instrumented (not matched by --itt-config option): __itt_sync_set_nameA

23648 : 0x1ccf20c8c6 : 2 : ittapi_config_apply_per_lib :  ITTAPI function NOT instrumented (not matched by --itt-config option): __itt_sync_set_nameW

23648 : 0x1ccf20c92e : 2 : ittapi_config_apply_per_lib :  ITTAPI function NOT instrumented (not matched by --itt-config option): __itt_notify_sync_nameA

23648 : 0x1ccf20ca58 : 2 : ittapi_config_apply_per_lib :  ITTAPI function NOT instrumented (not matched by --itt-config option): __itt_notify_sync_nameW

23648 : 0x1ccf20cac6 : 2 : ittapi_config_apply_per_lib :  ITTAPI function NOT instrumented (not matched by --itt-config option): __itt_notify_sync_prepare

23648 : 0x1ccf20cf05 : 2 : ittapi_config_apply_per_lib :  ITTAPI function NOT instrumented (not matched by --itt-config option): __itt_notify_sync_cancel

23648 : 0x1ccf20d001 : 2 : ittapi_config_apply_per_lib :  ITTAPI function NOT instrumented (not matched by --itt-config option): __itt_notify_sync_acquired

23648 : 0x1ccf20d088 : 2 : ittapi_config_apply_per_lib :  ITTAPI function NOT instrumented (not matched by --itt-config option): __itt_notify_sync_releasing

23648 : 0x1ccf20d137 : 2 : ittapi_config_apply_per_lib :  ITTAPI function not implemented: __itt_memory_read
23648 : 0x1ccf20d1b2 : 2 : ittapi_config_apply_per_lib :  ITTAPI function not implemented: __itt_memory_write
23648 : 0x1ccf20d22a : 2 : ittapi_config_apply_per_lib :  ITTAPI function not implemented: __itt_memory_update
23648 : 0x1ccf20d2a2 : 2 : ittapi_config_apply_per_lib :  ITTAPI function not implemented: __itt_state_get
23648 : 0x1ccf20d31c : 2 : ittapi_config_apply_per_lib :  ITTAPI function not implemented: __itt_state_set
23648 : 0x1ccf20d38c : 2 : ittapi_config_apply_per_lib :  ITTAPI function not implemented: __itt_obj_mode_set
23648 : 0x1ccf20d401 : 2 : ittapi_config_apply_per_lib :  ITTAPI function not implemented: __itt_thr_mode_set
23648 : 0x1ccf20d64f : 2 : ittapi_config_apply_per_lib :  ITTAPI function instrumented: __itt_frame_createA
23648 : 0x1ccf20d881 : 2 : ittapi_config_apply_per_lib :  ITTAPI function instrumented: __itt_frame_createW
23648 : 0x1ccf20da65 : 2 : ittapi_config_apply_per_lib :  ITTAPI function instrumented: __itt_frame_begin
23648 : 0x1ccf20dad4 : 2 : ittapi_config_apply_per_lib :  ITTAPI function instrumented: __itt_frame_end
23648 : 0x1ccf20db50 : 2 : ittapi_config_apply_per_lib :  ITTAPI function not implemented: __itt_counter_destroy
23648 : 0x1ccf20dbba : 2 : ittapi_config_apply_per_lib :  ITTAPI function instrumented: __itt_counter_inc
23648 : 0x1ccf20dc26 : 2 : ittapi_config_apply_per_lib :  ITTAPI function instrumented: __itt_counter_inc_delta
23648 : 0x1ccf20dc90 : 2 : ittapi_config_apply_per_lib :  ITTAPI function instrumented: __itt_counter_dec
23648 : 0x1ccf20dde4 : 2 : ittapi_config_apply_per_lib :  ITTAPI function instrumented: __itt_counter_dec_delta
23648 : 0x1ccf20de4d : 2 : ittapi_config_apply_per_lib :  ITTAPI function instrumented: __itt_counter_set_value
23648 : 0x1ccf20e084 : 2 : ittapi_config_apply_per_lib :  ITTAPI function not implemented: __itt_counter_set_value_ex
23648 : 0x1ccf20e0eb : 2 : ittapi_config_apply_per_lib :  ITTAPI function not implemented: __itt_mark_createA
23648 : 0x1ccf20e145 : 2 : ittapi_config_apply_per_lib :  ITTAPI function not implemented: __itt_mark_createW
23648 : 0x1ccf20e1af : 2 : ittapi_config_apply_per_lib :  ITTAPI function not implemented: __itt_markA
23648 : 0x1ccf20e219 : 2 : ittapi_config_apply_per_lib :  ITTAPI function not implemented: __itt_markW
23648 : 0x1ccf20e284 : 2 : ittapi_config_apply_per_lib :  ITTAPI function not implemented: __itt_mark_off
23648 : 0x1ccf20e2e0 : 2 : ittapi_config_apply_per_lib :  ITTAPI function not implemented: __itt_mark_globalA
23648 : 0x1ccf20e346 : 2 : ittapi_config_apply_per_lib :  ITTAPI function not implemented: __itt_mark_globalW
23648 : 0x1ccf20e3ab : 2 : ittapi_config_apply_per_lib :  ITTAPI function not implemented: __itt_mark_global_off
23648 : 0x1ccf20e40b : 2 : ittapi_config_apply_per_lib :  ITTAPI function NOT instrumented (not matched by --itt-config option): __itt_stack_caller_create

23648 : 0x1ccf20ec2d : 2 : ittapi_config_apply_per_lib :  ITTAPI function NOT instrumented (not matched by --itt-config option): __itt_stack_caller_destroy

23648 : 0x1ccf20ecc5 : 2 : ittapi_config_apply_per_lib :  ITTAPI function NOT instrumented (not matched by --itt-config option): __itt_stack_callee_enter

23648 : 0x1ccf20ed38 : 2 : ittapi_config_apply_per_lib :  ITTAPI function NOT instrumented (not matched by --itt-config option): __itt_stack_callee_leave

23648 : 0x1ccf20edbe : 2 : ittapi_config_apply_per_lib :  ITTAPI function not implemented: __itt_clock_domain_create
23648 : 0x1ccf20ee2f : 2 : ittapi_config_apply_per_lib :  ITTAPI function not implemented: __itt_clock_domain_reset
23648 : 0x1ccf20ee85 : 2 : ittapi_config_apply_per_lib :  ITTAPI function not implemented: __itt_id_create_ex
23648 : 0x1ccf20eed8 : 2 : ittapi_config_apply_per_lib :  ITTAPI function not implemented: __itt_id_destroy_ex
23648 : 0x1ccf20ef3a : 2 : ittapi_config_apply_per_lib :  ITTAPI function not implemented: __itt_task_begin_ex
23648 : 0x1ccf20ef9a : 2 : ittapi_config_apply_per_lib :  ITTAPI function not implemented: __itt_task_begin_fn_ex
23648 : 0x1ccf20effc : 2 : ittapi_config_apply_per_lib :  ITTAPI function not implemented: __itt_task_end_ex
23648 : 0x1ccf20f1e1 : 2 : ittapi_config_apply_per_lib :  ITTAPI function instrumented: __itt_task_begin_overlapped
23648 : 0x1ccf20f261 : 2 : ittapi_config_apply_per_lib :  ITTAPI function not implemented: __itt_task_begin_overlapped_ex
23648 : 0x1ccf20f512 : 2 : ittapi_config_apply_per_lib :  ITTAPI function instrumented: __itt_task_end_overlapped
23648 : 0x1ccf20f589 : 2 : ittapi_config_apply_per_lib :  ITTAPI function not implemented: __itt_task_end_overlapped_ex
23648 : 0x1ccf20f5f4 : 2 : ittapi_config_apply_per_lib :  ITTAPI function not implemented: __itt_marker_ex
23648 : 0x1ccf20f64f : 2 : ittapi_config_apply_per_lib :  ITTAPI function not implemented: __itt_metadata_add_with_scope
23648 : 0x1ccf20f6b3 : 2 : ittapi_config_apply_per_lib :  ITTAPI function not implemented: __itt_metadata_str_add_with_scopeA
23648 : 0x1ccf20f718 : 2 : ittapi_config_apply_per_lib :  ITTAPI function not implemented: __itt_metadata_str_add_with_scopeW
23648 : 0x1ccf20f77e : 2 : ittapi_config_apply_per_lib :  ITTAPI function not implemented: __itt_relation_add_to_current_ex
23648 : 0x1ccf20f7e8 : 2 : ittapi_config_apply_per_lib :  ITTAPI function not implemented: __itt_relation_add_ex
23648 : 0x1ccf20f995 : 2 : ittapi_config_apply_per_lib :  ITTAPI function not implemented: __itt_track_group_create
23648 : 0x1ccf20fa02 : 2 : ittapi_config_apply_per_lib :  ITTAPI function not implemented: __itt_track_create
23648 : 0x1ccf20fa6d : 2 : ittapi_config_apply_per_lib :  ITTAPI function not implemented: __itt_set_track
23648 : 0x1ccf20fad0 : 2 : ittapi_config_apply_per_lib :  ITTAPI function instrumented: __itt_api_version
23648 : 0x1ccf20fb3c : 2 : ittapi_config_apply_per_lib :  ITTAPI function not implemented: __itt_av_saveA
23648 : 0x1ccf20fb9f : 2 : ittapi_config_apply_per_lib :  ITTAPI function not implemented: __itt_av_saveW
23648 : 0x1ccf20fc03 : 2 : ittapi_config_apply_per_lib :  ITTAPI function instrumented: __itt_module_loadA
23648 : 0x1ccf20fc65 : 2 : ittapi_config_apply_per_lib :  ITTAPI function instrumented: __itt_module_loadW
23648 : 0x1ccf2128b8 : 2 : ittapi_config_mask_get :  --itt-config mask to be applied: 39
23648 : 0x1ccf2129ad : 2 : ittapi_config_apply_per_lib :  ITTAPI function instrumented: __itt_domain_createA
23648 : 0x1ccf212c8b : 2 : ittapi_config_apply_per_lib :  ITTAPI function instrumented: __itt_domain_createW
23648 : 0x1ccf212d07 : 2 : ittapi_config_apply_per_lib :  ITTAPI function instrumented: __itt_string_handle_createA
23648 : 0x1ccf212d6e : 2 : ittapi_config_apply_per_lib :  ITTAPI function instrumented: __itt_string_handle_createW
23648 : 0x1ccf212ddc : 2 : ittapi_config_apply_per_lib :  ITTAPI function instrumented: __itt_pause
23648 : 0x1ccf2131a9 : 2 : ittapi_config_apply_per_lib :  ITTAPI function instrumented: __itt_resume
23648 : 0x1ccf213213 : 2 : ittapi_config_apply_per_lib :  ITTAPI function instrumented: __itt_thread_set_nameA
23648 : 0x1ccf21327f : 2 : ittapi_config_apply_per_lib :  ITTAPI function instrumented: __itt_thread_set_nameW
23648 : 0x1ccf2132e7 : 2 : ittapi_config_apply_per_lib :  ITTAPI function instrumented: __itt_thread_ignore
23648 : 0x1ccf2134ed : 2 : ittapi_config_apply_per_lib :  ITTAPI function instrumented: __itt_thr_name_setA
23648 : 0x1ccf21355b : 2 : ittapi_config_apply_per_lib :  ITTAPI function instrumented: __itt_thr_name_setW
23648 : 0x1ccf2138fa : 2 : ittapi_config_apply_per_lib :  ITTAPI function instrumented: __itt_thr_ignore
23648 : 0x1ccf2139ae : 2 : ittapi_config_apply_per_lib :  ITTAPI function not implemented: __itt_enable_attach
23648 : 0x1ccf213a21 : 2 : ittapi_config_apply_per_lib :  ITTAPI function instrumented: __itt_detach
23648 : 0x1ccf213a90 : 2 : ittapi_config_apply_per_lib :  ITTAPI function NOT instrumented (not matched by --itt-config option): __itt_sync_createA

23648 : 0x1ccf213b0b : 2 : ittapi_config_apply_per_lib :  ITTAPI function NOT instrumented (not matched by --itt-config option): __itt_sync_createW

23648 : 0x1ccf213b85 : 2 : ittapi_config_apply_per_lib :  ITTAPI function NOT instrumented (not matched by --itt-config option): __itt_sync_renameA

23648 : 0x1ccf213c08 : 2 : ittapi_config_apply_per_lib :  ITTAPI function NOT instrumented (not matched by --itt-config option): __itt_sync_renameW

23648 : 0x1ccf213c88 : 2 : ittapi_config_apply_per_lib :  ITTAPI function NOT instrumented (not matched by --itt-config option): __itt_sync_destroy

23648 : 0x1ccf213d1e : 2 : ittapi_config_apply_per_lib :  ITTAPI function NOT instrumented (not matched by --itt-config option): __itt_sync_prepare

23648 : 0x1ccf213d90 : 2 : ittapi_config_apply_per_lib :  ITTAPI function NOT instrumented (not matched by --itt-config option): __itt_sync_cancel

23648 : 0x1ccf214019 : 2 : ittapi_config_apply_per_lib :  ITTAPI function NOT instrumented (not matched by --itt-config option): __itt_sync_acquired

23648 : 0x1ccf2140b0 : 2 : ittapi_config_apply_per_lib :  ITTAPI function NOT instrumented (not matched by --itt-config option): __itt_sync_releasing

23648 : 0x1ccf214587 : 2 : ittapi_config_apply_per_lib :  ITTAPI function not implemented: __itt_suppress_push
23648 : 0x1ccf214603 : 2 : ittapi_config_apply_per_lib :  ITTAPI function not implemented: __itt_suppress_pop
23648 : 0x1ccf214688 : 2 : ittapi_config_apply_per_lib :  ITTAPI function not implemented: __itt_suppress_mark_range
23648 : 0x1ccf2146f9 : 2 : ittapi_config_apply_per_lib :  ITTAPI function not implemented: __itt_suppress_clear_range
23648 : 0x1ccf2149c2 : 2 : ittapi_config_apply_per_lib :  ITTAPI function NOT instrumented (not matched by --itt-config option): __itt_sync_prepare

23648 : 0x1ccf214a42 : 2 : ittapi_config_apply_per_lib :  ITTAPI function NOT instrumented (not matched by --itt-config option): __itt_sync_cancel

23648 : 0x1ccf214abb : 2 : ittapi_config_apply_per_lib :  ITTAPI function NOT instrumented (not matched by --itt-config option): __itt_sync_acquired

23648 : 0x1ccf214b48 : 2 : ittapi_config_apply_per_lib :  ITTAPI function NOT instrumented (not matched by --itt-config option): __itt_sync_releasing

23648 : 0x1ccf214fbd : 2 : ittapi_config_apply_per_lib :  ITTAPI function not implemented: __itt_model_site_begin
23648 : 0x1ccf21506d : 2 : ittapi_config_apply_per_lib :  ITTAPI function not implemented: __itt_model_site_end
23648 : 0x1ccf2150d1 : 2 : ittapi_config_apply_per_lib :  ITTAPI function not implemented: __itt_model_task_begin
23648 : 0x1ccf215146 : 2 : ittapi_config_apply_per_lib :  ITTAPI function not implemented: __itt_model_task_end
23648 : 0x1ccf2151c5 : 2 : ittapi_config_apply_per_lib :  ITTAPI function not implemented: __itt_model_lock_acquire
23648 : 0x1ccf21526a : 2 : ittapi_config_apply_per_lib :  ITTAPI function not implemented: __itt_model_lock_release
23648 : 0x1ccf215329 : 2 : ittapi_config_apply_per_lib :  ITTAPI function not implemented: __itt_model_record_allocation
23648 : 0x1ccf215395 : 2 : ittapi_config_apply_per_lib :  ITTAPI function not implemented: __itt_model_record_deallocation
23648 : 0x1ccf2153fb : 2 : ittapi_config_apply_per_lib :  ITTAPI function not implemented: __itt_model_induction_uses
23648 : 0x1ccf215468 : 2 : ittapi_config_apply_per_lib :  ITTAPI function not implemented: __itt_model_reduction_uses
23648 : 0x1ccf2156cb : 2 : ittapi_config_apply_per_lib :  ITTAPI function not implemented: __itt_model_observe_uses
23648 : 0x1ccf21577e : 2 : ittapi_config_apply_per_lib :  ITTAPI function not implemented: __itt_model_clear_uses
23648 : 0x1ccf215823 : 2 : ittapi_config_apply_per_lib :  ITTAPI function not implemented: __itt_model_site_beginW
23648 : 0x1ccf2158cb : 2 : ittapi_config_apply_per_lib :  ITTAPI function not implemented: __itt_model_task_beginW
23648 : 0x1ccf215970 : 2 : ittapi_config_apply_per_lib :  ITTAPI function not implemented: __itt_model_iteration_taskW
23648 : 0x1ccf215a23 : 2 : ittapi_config_apply_per_lib :  ITTAPI function not implemented: __itt_model_site_beginA
23648 : 0x1ccf215aa5 : 2 : ittapi_config_apply_per_lib :  ITTAPI function not implemented: __itt_model_site_beginAL
23648 : 0x1ccf215b0a : 2 : ittapi_config_apply_per_lib :  ITTAPI function not implemented: __itt_model_task_beginA
23648 : 0x1ccf215b79 : 2 : ittapi_config_apply_per_lib :  ITTAPI function not implemented: __itt_model_task_beginAL
23648 : 0x1ccf215bed : 2 : ittapi_config_apply_per_lib :  ITTAPI function not implemented: __itt_model_iteration_taskA
23648 : 0x1ccf215ebf : 2 : ittapi_config_apply_per_lib :  ITTAPI function not implemented: __itt_model_iteration_taskAL
23648 : 0x1ccf2161c0 : 2 : ittapi_config_apply_per_lib :  ITTAPI function not implemented: __itt_model_site_end_2
23648 : 0x1ccf216232 : 2 : ittapi_config_apply_per_lib :  ITTAPI function not implemented: __itt_model_task_end_2
23648 : 0x1ccf21629a : 2 : ittapi_config_apply_per_lib :  ITTAPI function not implemented: __itt_model_lock_acquire_2
23648 : 0x1ccf2164bb : 2 : ittapi_config_apply_per_lib :  ITTAPI function not implemented: __itt_model_lock_release_2
23648 : 0x1ccf216571 : 2 : ittapi_config_apply_per_lib :  ITTAPI function not implemented: __itt_model_aggregate_task
23648 : 0x1ccf21660f : 2 : ittapi_config_apply_per_lib :  ITTAPI function not implemented: __itt_model_disable_push
23648 : 0x1ccf216687 : 2 : ittapi_config_apply_per_lib :  ITTAPI function not implemented: __itt_model_disable_pop
23648 : 0x1ccf2166f9 : 2 : ittapi_config_apply_per_lib :  ITTAPI function instrumented: __itt_heap_function_createA
23648 : 0x1ccf21675e : 2 : ittapi_config_apply_per_lib :  ITTAPI function instrumented: __itt_heap_function_createW
23648 : 0x1ccf216c97 : 2 : ittapi_config_apply_per_lib :  ITTAPI function instrumented: __itt_heap_allocate_begin
23648 : 0x1ccf216d17 : 2 : ittapi_config_apply_per_lib :  ITTAPI function instrumented: __itt_heap_allocate_end
23648 : 0x1ccf216dac : 2 : ittapi_config_apply_per_lib :  ITTAPI function instrumented: __itt_heap_free_begin
23648 : 0x1ccf216e2b : 2 : ittapi_config_apply_per_lib :  ITTAPI function instrumented: __itt_heap_free_end
23648 : 0x1ccf216e94 : 2 : ittapi_config_apply_per_lib :  ITTAPI function instrumented: __itt_heap_reallocate_begin
23648 : 0x1ccf216ef8 : 2 : ittapi_config_apply_per_lib :  ITTAPI function instrumented: __itt_heap_reallocate_end
23648 : 0x1ccf216f76 : 2 : ittapi_config_apply_per_lib :  ITTAPI function not implemented: __itt_heap_internal_access_begin
23648 : 0x1ccf217027 : 2 : ittapi_config_apply_per_lib :  ITTAPI function not implemented: __itt_heap_internal_access_end
23648 : 0x1ccf2170ca : 2 : ittapi_config_apply_per_lib :  ITTAPI function not implemented: __itt_heap_record_memory_growth_begin
23648 : 0x1ccf21719c : 2 : ittapi_config_apply_per_lib :  ITTAPI function not implemented: __itt_heap_record_memory_growth_end
23648 : 0x1ccf2173d5 : 2 : ittapi_config_apply_per_lib :  ITTAPI function not implemented: __itt_heap_reset_detection
23648 : 0x1ccf21744b : 2 : ittapi_config_apply_per_lib :  ITTAPI function not implemented: __itt_heap_record
23648 : 0x1ccf2174b4 : 2 : ittapi_config_apply_per_lib :  ITTAPI function not implemented: __itt_id_create
23648 : 0x1ccf217524 : 2 : ittapi_config_apply_per_lib :  ITTAPI function not implemented: __itt_id_destroy
23648 : 0x1ccf21758f : 2 : ittapi_config_apply_per_lib :  ITTAPI function instrumented: __itt_get_timestamp
23648 : 0x1ccf217656 : 2 : ittapi_config_apply_per_lib :  ITTAPI function not implemented: __itt_region_begin
23648 : 0x1ccf2176d2 : 2 : ittapi_config_apply_per_lib :  ITTAPI function not implemented: __itt_region_end
23648 : 0x1ccf217745 : 2 : ittapi_config_apply_per_lib :  ITTAPI function instrumented: __itt_frame_begin_v3
23648 : 0x1ccf2177b3 : 2 : ittapi_config_apply_per_lib :  ITTAPI function instrumented: __itt_frame_end_v3
23648 : 0x1ccf217863 : 2 : ittapi_config_apply_per_lib :  ITTAPI function instrumented: __itt_frame_submit_v3
23648 : 0x1ccf217b1a : 2 : ittapi_config_apply_per_lib :  ITTAPI function not implemented: __itt_task_group
23648 : 0x1ccf217b9f : 2 : ittapi_config_apply_per_lib :  ITTAPI function instrumented: __itt_task_begin
23648 : 0x1ccf217bea : 2 : ittapi_config_apply_per_lib :  ITTAPI function instrumented: __itt_task_begin_fn
23648 : 0x1ccf217c37 : 2 : ittapi_config_apply_per_lib :  ITTAPI function instrumented: __itt_task_end
23648 : 0x1ccf217c86 : 2 : ittapi_config_apply_per_lib :  ITTAPI function not implemented: __itt_counter_inc_v3
23648 : 0x1ccf217cd4 : 2 : ittapi_config_apply_per_lib :  ITTAPI function not implemented: __itt_counter_inc_delta_v3
23648 : 0x1ccf217d20 : 2 : ittapi_config_apply_per_lib :  ITTAPI function not implemented: __itt_marker
23648 : 0x1ccf217d64 : 2 : ittapi_config_apply_per_lib :  ITTAPI function instrumented: __itt_metadata_add
23648 : 0x1ccf217dac : 2 : ittapi_config_apply_per_lib :  ITTAPI function not implemented: __itt_metadata_str_addA
23648 : 0x1ccf217df8 : 2 : ittapi_config_apply_per_lib :  ITTAPI function not implemented: __itt_metadata_str_addW
23648 : 0x1ccf217f50 : 2 : ittapi_config_apply_per_lib :  ITTAPI function not implemented: __itt_relation_add_to_current
23648 : 0x1ccf217f9d : 2 : ittapi_config_apply_per_lib :  ITTAPI function not implemented: __itt_relation_add
23648 : 0x1ccf217fe4 : 2 : ittapi_config_apply_per_lib :  ITTAPI function instrumented: __itt_event_createA
23648 : 0x1ccf218027 : 2 : ittapi_config_apply_per_lib :  ITTAPI function instrumented: __itt_event_createW
23648 : 0x1ccf218069 : 2 : ittapi_config_apply_per_lib :  ITTAPI function instrumented: __itt_event_start
23648 : 0x1ccf2180b1 : 2 : ittapi_config_apply_per_lib :  ITTAPI function instrumented: __itt_event_end
23648 : 0x1ccf2180ec : 2 : ittapi_config_apply_per_lib :  ITTAPI function NOT instrumented (not matched by --itt-config option): __itt_sync_set_nameA

23648 : 0x1ccf21813d : 2 : ittapi_config_apply_per_lib :  ITTAPI function NOT instrumented (not matched by --itt-config option): __itt_sync_set_nameW

23648 : 0x1ccf21818d : 2 : ittapi_config_apply_per_lib :  ITTAPI function NOT instrumented (not matched by --itt-config option): __itt_notify_sync_nameA

23648 : 0x1ccf2181db : 2 : ittapi_config_apply_per_lib :  ITTAPI function NOT instrumented (not matched by --itt-config option): __itt_notify_sync_nameW

23648 : 0x1ccf2182b7 : 2 : ittapi_config_apply_per_lib :  ITTAPI function NOT instrumented (not matched by --itt-config option): __itt_notify_sync_prepare

23648 : 0x1ccf21830e : 2 : ittapi_config_apply_per_lib :  ITTAPI function NOT instrumented (not matched by --itt-config option): __itt_notify_sync_cancel

23648 : 0x1ccf21835e : 2 : ittapi_config_apply_per_lib :  ITTAPI function NOT instrumented (not matched by --itt-config option): __itt_notify_sync_acquired

23648 : 0x1ccf2183ad : 2 : ittapi_config_apply_per_lib :  ITTAPI function NOT instrumented (not matched by --itt-config option): __itt_notify_sync_releasing

23648 : 0x1ccf21840c : 2 : ittapi_config_apply_per_lib :  ITTAPI function not implemented: __itt_memory_read
23648 : 0x1ccf218453 : 2 : ittapi_config_apply_per_lib :  ITTAPI function not implemented: __itt_memory_write
23648 : 0x1ccf21849c : 2 : ittapi_config_apply_per_lib :  ITTAPI function not implemented: __itt_memory_update
23648 : 0x1ccf2184e9 : 2 : ittapi_config_apply_per_lib :  ITTAPI function not implemented: __itt_state_get
23648 : 0x1ccf218530 : 2 : ittapi_config_apply_per_lib :  ITTAPI function not implemented: __itt_state_set
23648 : 0x1ccf218577 : 2 : ittapi_config_apply_per_lib :  ITTAPI function not implemented: __itt_obj_mode_set
23648 : 0x1ccf218cf0 : 2 : ittapi_config_apply_per_lib :  ITTAPI function not implemented: __itt_thr_mode_set
23648 : 0x1ccf218d55 : 2 : ittapi_config_apply_per_lib :  ITTAPI function instrumented: __itt_frame_createA
23648 : 0x1ccf218d97 : 2 : ittapi_config_apply_per_lib :  ITTAPI function instrumented: __itt_frame_createW
23648 : 0x1ccf218ddd : 2 : ittapi_config_apply_per_lib :  ITTAPI function instrumented: __itt_frame_begin
23648 : 0x1ccf218e21 : 2 : ittapi_config_apply_per_lib :  ITTAPI function instrumented: __itt_frame_end
23648 : 0x1ccf218e66 : 2 : ittapi_config_apply_per_lib :  ITTAPI function instrumented: __itt_counter_createA
23648 : 0x1ccf218ea7 : 2 : ittapi_config_apply_per_lib :  ITTAPI function instrumented: __itt_counter_createW
23648 : 0x1ccf219096 : 2 : ittapi_config_apply_per_lib :  ITTAPI function not implemented: __itt_counter_destroy
23648 : 0x1ccf2190e5 : 2 : ittapi_config_apply_per_lib :  ITTAPI function instrumented: __itt_counter_inc
23648 : 0x1ccf21912b : 2 : ittapi_config_apply_per_lib :  ITTAPI function instrumented: __itt_counter_inc_delta
23648 : 0x1ccf2192a9 : 2 : ittapi_config_apply_per_lib :  ITTAPI function not implemented: __itt_mark_createA
23648 : 0x1ccf2192f8 : 2 : ittapi_config_apply_per_lib :  ITTAPI function not implemented: __itt_mark_createW
23648 : 0x1ccf219341 : 2 : ittapi_config_apply_per_lib :  ITTAPI function not implemented: __itt_markA
23648 : 0x1ccf219389 : 2 : ittapi_config_apply_per_lib :  ITTAPI function not implemented: __itt_markW
23648 : 0x1ccf2193d1 : 2 : ittapi_config_apply_per_lib :  ITTAPI function not implemented: __itt_mark_off
23648 : 0x1ccf219416 : 2 : ittapi_config_apply_per_lib :  ITTAPI function not implemented: __itt_mark_globalA
23648 : 0x1ccf21945c : 2 : ittapi_config_apply_per_lib :  ITTAPI function not implemented: __itt_mark_globalW
23648 : 0x1ccf2194a2 : 2 : ittapi_config_apply_per_lib :  ITTAPI function not implemented: __itt_mark_global_off
23648 : 0x1ccf2194e4 : 2 : ittapi_config_apply_per_lib :  ITTAPI function NOT instrumented (not matched by --itt-config option): __itt_stack_caller_create

23648 : 0x1ccf219534 : 2 : ittapi_config_apply_per_lib :  ITTAPI function NOT instrumented (not matched by --itt-config option): __itt_stack_caller_destroy

23648 : 0x1ccf219614 : 2 : ittapi_config_apply_per_lib :  ITTAPI function NOT instrumented (not matched by --itt-config option): __itt_stack_callee_enter

23648 : 0x1ccf21966b : 2 : ittapi_config_apply_per_lib :  ITTAPI function NOT instrumented (not matched by --itt-config option): __itt_stack_callee_leave

23648 : 0x1ccf2196ca : 2 : ittapi_config_apply_per_lib :  ITTAPI function not implemented: __itt_clock_domain_create
23648 : 0x1ccf219851 : 2 : ittapi_config_apply_per_lib :  ITTAPI function not implemented: __itt_clock_domain_reset
23648 : 0x1ccf21989a : 2 : ittapi_config_apply_per_lib :  ITTAPI function not implemented: __itt_id_create_ex
23648 : 0x1ccf2198e3 : 2 : ittapi_config_apply_per_lib :  ITTAPI function not implemented: __itt_id_destroy_ex
23648 : 0x1ccf219931 : 2 : ittapi_config_apply_per_lib :  ITTAPI function not implemented: __itt_task_begin_ex
23648 : 0x1ccf21997c : 2 : ittapi_config_apply_per_lib :  ITTAPI function not implemented: __itt_task_begin_fn_ex
23648 : 0x1ccf2199c6 : 2 : ittapi_config_apply_per_lib :  ITTAPI function not implemented: __itt_task_end_ex
23648 : 0x1ccf219a0e : 2 : ittapi_config_apply_per_lib :  ITTAPI function instrumented: __itt_task_begin_overlapped
23648 : 0x1ccf219b4c : 2 : ittapi_config_apply_per_lib :  ITTAPI function not implemented: __itt_task_begin_overlapped_ex
23648 : 0x1ccf219cae : 2 : ittapi_config_apply_per_lib :  ITTAPI function instrumented: __itt_task_end_overlapped
23648 : 0x1ccf219df1 : 2 : ittapi_config_apply_per_lib :  ITTAPI function not implemented: __itt_task_end_overlapped_ex
23648 : 0x1ccf219e56 : 2 : ittapi_config_apply_per_lib :  ITTAPI function not implemented: __itt_marker_ex
23648 : 0x1ccf219eb4 : 2 : ittapi_config_apply_per_lib :  ITTAPI function not implemented: __itt_metadata_add_with_scope
23648 : 0x1ccf219f1a : 2 : ittapi_config_apply_per_lib :  ITTAPI function not implemented: __itt_metadata_str_add_with_scopeA
23648 : 0x1ccf219f87 : 2 : ittapi_config_apply_per_lib :  ITTAPI function not implemented: __itt_metadata_str_add_with_scopeW
23648 : 0x1ccf219ff9 : 2 : ittapi_config_apply_per_lib :  ITTAPI function not implemented: __itt_relation_add_to_current_ex
23648 : 0x1ccf21a063 : 2 : ittapi_config_apply_per_lib :  ITTAPI function not implemented: __itt_relation_add_ex
23648 : 0x1ccf21a0c5 : 2 : ittapi_config_apply_per_lib :  ITTAPI function not implemented: __itt_track_group_create
23648 : 0x1ccf21a306 : 2 : ittapi_config_apply_per_lib :  ITTAPI function not implemented: __itt_track_create
23648 : 0x1ccf21a377 : 2 : ittapi_config_apply_per_lib :  ITTAPI function not implemented: __itt_set_track
23648 : 0x1ccf21a3d6 : 2 : ittapi_config_apply_per_lib :  ITTAPI function instrumented: __itt_api_version
23648 : 0x1ccf21a443 : 2 : ittapi_config_apply_per_lib :  ITTAPI function not implemented: __itt_av_saveA
23648 : 0x1ccf21a48e : 2 : ittapi_config_apply_per_lib :  ITTAPI function not implemented: __itt_av_saveW