
8268 : 0x210ebf7d45 : 1 : spill_jit_data :  Jit agent is not initialized
8268 : 0x210ebf817d : 2 : ittapi_config_mask_get :  --itt-config mask to be applied: 39
8268 : 0x210ebf81c5 : 2 : ittapi_config_apply_per_lib :  ITTAPI function instrumented: __itt_domain_createA
8268 : 0x210ebf81d9 : 2 : ittapi_config_apply_per_lib :  ITTAPI function instrumented: __itt_domain_createW
8268 : 0x210ebf81f0 : 2 : ittapi_config_apply_per_lib :  ITTAPI function instrumented: __itt_string_handle_createA
8268 : 0x210ebf8200 : 2 : ittapi_config_apply_per_lib :  ITTAPI function instrumented: __itt_string_handle_createW
8268 : 0x210ebf8212 : 2 : ittapi_config_apply_per_lib :  ITTAPI function instrumented: __itt_counter_createA
8268 : 0x210ebf8221 : 2 : ittapi_config_apply_per_lib :  ITTAPI function instrumented: __itt_counter_createW
8268 : 0x210ebf8230 : 2 : ittapi_config_apply_per_lib :  ITTAPI function instrumented: __itt_counter_create_typedA
8268 : 0x210ebf8240 : 2 : ittapi_config_apply_per_lib :  ITTAPI function instrumented: __itt_counter_create_typedW
8268 : 0x210ebf8740 : 2 : ittapi_config_apply_per_lib :  ITTAPI function instrumented: __itt_pause
8268 : 0x210ebf8758 : 2 : ittapi_config_apply_per_lib :  ITTAPI function instrumented: __itt_resume
8268 : 0x210ebf8768 : 2 : ittapi_config_apply_per_lib :  ITTAPI function instrumented: __itt_thread_set_nameA
8268 : 0x210ebf877b : 2 : ittapi_config_apply_per_lib :  ITTAPI function instrumented: __itt_thread_set_nameW
8268 : 0x210ebf878b : 2 : ittapi_config_apply_per_lib :  ITTAPI function instrumented: __itt_thread_ignore
8268 : 0x210ebf879a : 2 : ittapi_config_apply_per_lib :  ITTAPI function instrumented: __itt_thr_name_setA
8268 : 0x210ebf87aa : 2 : ittapi_config_apply_per_lib :  ITTAPI function instrumented: __itt_thr_name_setW
8268 : 0x210ebf87bb : 2 : ittapi_config_apply_per_lib :  ITTAPI function instrumented: __itt_thr_ignore
8268 : 0x210ebf87d5 : 2 : ittapi_config_apply_per_lib :  ITTAPI function not implemented: __itt_enable_attach
8268 : 0x210ebf87e6 : 2 : ittapi_config_apply_per_lib :  ITTAPI function instrumented: __itt_detach
8268 : 0x210ebf8832 : 2 : ittapi_config_apply_per_lib :  ITTAPI function NOT instrumented (not matched by --itt-config option): __itt_sync_createA

8268 : 0x210ebf8846 : 2 : ittapi_config_apply_per_lib :  ITTAPI function NOT instrumented (not matched by --itt-config option): __itt_sync_createW

8268 : 0x210ebf8859 : 2 : ittapi_config_apply_per_lib :  ITTAPI function NOT instrumented (not matched by --itt-config option): __itt_sync_renameA

8268 : 0x210ebf88bf : 2 : ittapi_config_apply_per_lib :  ITTAPI function NOT instrumented (not matched by --itt-config option): __itt_sync_renameW

8268 : 0x210ebf88d0 : 2 : ittapi_config_apply_per_lib :  ITTAPI function NOT instrumented (not matched by --itt-config option): __itt_sync_destroy

8268 : 0x210ebf88e2 : 2 : ittapi_config_apply_per_lib :  ITTAPI function NOT instrumented (not matched by --itt-config option): __itt_sync_prepare

8268 : 0x210ebf88f3 : 2 : ittapi_config_apply_per_lib :  ITTAPI function NOT instrumented (not matched by --itt-config option): __itt_sync_cancel

8268 : 0x210ebf8905 : 2 : ittapi_config_apply_per_lib :  ITTAPI function NOT instrumented (not matched by --itt-config option): __itt_sync_acquired

8268 : 0x210ebf8917 : 2 : ittapi_config_apply_per_lib :  ITTAPI function NOT instrumented (not matched by --itt-config option): __itt_sync_releasing

8268 : 0x210ebf8931 : 2 : ittapi_config_apply_per_lib :  ITTAPI function not implemented: __itt_suppress_push
8268 : 0x210ebf897d : 2 : ittapi_config_apply_per_lib :  ITTAPI function not implemented: __itt_suppress_pop
8268 : 0x210ebf898f : 2 : ittapi_config_apply_per_lib :  ITTAPI function not implemented: __itt_suppress_mark_range
8268 : 0x210ebf89a1 : 2 : ittapi_config_apply_per_lib :  ITTAPI function not implemented: __itt_suppress_clear_range
8268 : 0x210ebf89af : 2 : ittapi_config_apply_per_lib :  ITTAPI function NOT instrumented (not matched by --itt-config option): __itt_sync_prepare

8268 : 0x210ebf89c1 : 2 : ittapi_config_apply_per_lib :  ITTAPI function NOT instrumented (not matched by --itt-config option): __itt_sync_cancel

8268 : 0x210ebf89d2 : 2 : ittapi_config_apply_per_lib :  ITTAPI function NOT instrumented (not matched by --itt-config option): __itt_sync_acquired

8268 : 0x210ebf89e4 : 2 : ittapi_config_apply_per_lib :  ITTAPI function NOT instrumented (not matched by --itt-config option): __itt_sync_releasing

8268 : 0x210ebf89f9 : 2 : ittapi_config_apply_per_lib :  ITTAPI function not implemented: __itt_model_site_begin
8268 : 0x210ebf8a0a : 2 : ittapi_config_apply_per_lib :  ITTAPI function not implemented: __itt_model_site_end
8268 : 0x210ebf8a1e : 2 : ittapi_config_apply_per_lib :  ITTAPI function not implemented: __itt_model_task_begin
8268 : 0x210ebf8b04 : 2 : ittapi_config_apply_per_lib :  ITTAPI function not implemented: __itt_model_task_end
8268 : 0x210ebf8b19 : 2 : ittapi_config_apply_per_lib :  ITTAPI function not implemented: __itt_model_lock_acquire
8268 : 0x210ebf8b2a : 2 : ittapi_config_apply_per_lib :  ITTAPI function not implemented: __itt_model_lock_release
8268 : 0x210ebf8b3b : 2 : ittapi_config_apply_per_lib :  ITTAPI function not implemented: __itt_model_record_allocation
8268 : 0x210ebf8b4c : 2 : ittapi_config_apply_per_lib :  ITTAPI function not implemented: __itt_model_record_deallocation
8268 : 0x210ebf8b5c : 2 : ittapi_config_apply_per_lib :  ITTAPI function not implemented: __itt_model_induction_uses
8268 : 0x210ebf8b6d : 2 : ittapi_config_apply_per_lib :  ITTAPI function not implemented: __itt_model_reduction_uses
8268 : 0x210ebf8b7d : 2 : ittapi_config_apply_per_lib :  ITTAPI function not implemented: __itt_model_observe_uses
8268 : 0x210ebf8b8e : 2 : ittapi_config_apply_per_lib :  ITTAPI function not implemented: __itt_model_clear_uses
8268 : 0x210ebf8b9e : 2 : ittapi_config_apply_per_lib :  ITTAPI function not implemented: __itt_model_site_beginW
8268 : 0x210ebf8bdd : 2 : ittapi_config_apply_per_lib :  ITTAPI function not implemented: __itt_model_task_beginW
8268 : 0x210ebf8bf0 : 2 : ittapi_config_apply_per_lib :  ITTAPI function not implemented: __itt_model_iteration_taskW
8268 : 0x210ebf8c02 : 2 : ittapi_config_apply_per_lib :  ITTAPI function not implemented: __itt_model_site_beginA
8268 : 0x210ebf8c13 : 2 : ittapi_config_apply_per_lib :  ITTAPI function not implemented: __itt_model_site_beginAL
8268 : 0x210ebf8c23 : 2 : ittapi_config_apply_per_lib :  ITTAPI function not implemented: __itt_model_task_beginA
8268 : 0x210ebf8c35 : 2 : ittapi_config_apply_per_lib :  ITTAPI function not implemented: __itt_model_task_beginAL
8268 : 0x210ebf8c45 : 2 : ittapi_config_apply_per_lib :  ITTAPI function not implemented: __itt_model_iteration_taskA
8268 : 0x210ebf8c55 : 2 : ittapi_config_apply_per_lib :  ITTAPI function not implemented: __itt_model_iteration_taskAL
8268 : 0x210ebf8c65 : 2 : ittapi_config_apply_per_lib :  ITTAPI function not implemented: __itt_model_site_end_2
8268 : 0x210ebf8c75 : 2 : ittapi_config_apply_per_lib :  ITTAPI function not implemented: __itt_model_task_end_2
8268 : 0x210ebf8ca7 : 2 : ittapi_config_apply_per_lib :  ITTAPI function not implemented: __itt_model_lock_acquire_2
8268 : 0x210ebf8cb9 : 2 : ittapi_config_apply_per_lib :  ITTAPI function not implemented: __itt_model_lock_release_2
8268 : 0x210ebf8cc9 : 2 : ittapi_config_apply_per_lib :  ITTAPI function not implemented: __itt_model_aggregate_task
8268 : 0x210ebf8cda : 2 : ittapi_config_apply_per_lib :  ITTAPI function not implemented: __itt_model_disable_push
8268 : 0x210ebf8ceb : 2 : ittapi_config_apply_per_lib :  ITTAPI function not implemented: __itt_model_disable_pop
8268 : 0x210ebf8cfc : 2 : ittapi_config_apply_per_lib :  ITTAPI function instrumented: __itt_heap_function_createA
8268 : 0x210ebf8d0d : 2 : ittapi_config_apply_per_lib :  ITTAPI function instrumented: __itt_heap_function_createW
8268 : 0x210ebf8d1d : 2 : ittapi_config_apply_per_lib :  ITTAPI function instrumented: __itt_heap_allocate_begin
8268 : 0x210ebf8d2c : 2 : ittapi_config_apply_per_lib :  ITTAPI function instrumented: __itt_heap_allocate_end
8268 : 0x210ebf8d3c : 2 : ittapi_config_apply_per_lib :  ITTAPI function instrumented: __itt_heap_free_begin
8268 : 0x210ebf8e6c : 2 : ittapi_config_apply_per_lib :  ITTAPI function instrumented: __itt_heap_free_end
8268 : 0x210ebf8e83 : 2 : ittapi_config_apply_per_lib :  ITTAPI function instrumented: __itt_heap_reallocate_begin
8268 : 0x210ebf8e93 : 2 : ittapi_config_apply_per_lib :  ITTAPI function instrumented: __itt_heap_reallocate_end
8268 : 0x210ebf8ea7 : 2 : ittapi_config_apply_per_lib :  ITTAPI function not implemented: __itt_heap_internal_access_begin
8268 : 0x210ebf8eb9 : 2 : ittapi_config_apply_per_lib :  ITTAPI function not implemented: __itt_heap_internal_access_end
8268 : 0x210ebf8ecb : 2 : ittapi_config_apply_per_lib :  ITTAPI function not implemented: __itt_heap_record_memory_growth_begin
8268 : 0x210ebf8edd : 2 : ittapi_config_apply_per_lib :  ITTAPI function not implemented: __itt_heap_record_memory_growth_end
8268 : 0x210ebf8eef : 2 : ittapi_config_apply_per_lib :  ITTAPI function not implemented: __itt_heap_reset_detection
8268 : 0x210ebf8eff : 2 : ittapi_config_apply_per_lib :  ITTAPI function not implemented: __itt_heap_record
8268 : 0x210ebf8f10 : 2 : ittapi_config_apply_per_lib :  ITTAPI function not implemented: __itt_id_create
8268 : 0x210ebf8f51 : 2 : ittapi_config_apply_per_lib :  ITTAPI function not implemented: __itt_id_destroy
8268 : 0x210ebf8f61 : 2 : ittapi_config_apply_per_lib :  ITTAPI function instrumented: __itt_get_timestamp
8268 : 0x210ebf8f72 : 2 : ittapi_config_apply_per_lib :  ITTAPI function not implemented: __itt_region_begin
8268 : 0x210ebf8f82 : 2 : ittapi_config_apply_per_lib :  ITTAPI function not implemented: __itt_region_end
8268 : 0x210ebf8f92 : 2 : ittapi_config_apply_per_lib :  ITTAPI function instrumented: __itt_frame_begin_v3
8268 : 0x210ebf8fa3 : 2 : ittapi_config_apply_per_lib :  ITTAPI function instrumented: __itt_frame_end_v3
8268 : 0x210ebf8fb2 : 2 : ittapi_config_apply_per_lib :  ITTAPI function instrumented: __itt_frame_submit_v3
8268 : 0x210ebf8fc3 : 2 : ittapi_config_apply_per_lib :  ITTAPI function not implemented: __itt_task_group
8268 : 0x210ebf8fd3 : 2 : ittapi_config_apply_per_lib :  ITTAPI function instrumented: __itt_task_begin
8268 : 0x210ebf8fe2 : 2 : ittapi_config_apply_per_lib :  ITTAPI function instrumented: __itt_task_begin_fn
8268 : 0x210ebf9017 : 2 : ittapi_config_apply_per_lib :  ITTAPI function instrumented: __itt_task_end
8268 : 0x210ebf902a : 2 : ittapi_config_apply_per_lib :  ITTAPI function not implemented: __itt_counter_inc_v3
8268 : 0x210ebf9085 : 2 : ittapi_config_apply_per_lib :  ITTAPI function not implemented: __itt_counter_inc_delta_v3
8268 : 0x210ebf90cf : 2 : ittapi_config_apply_per_lib :  ITTAPI function not implemented: __itt_counter_dec_v3
8268 : 0x210ebf90e1 : 2 : ittapi_config_apply_per_lib :  ITTAPI function not implemented: __itt_counter_dec_delta_v3
8268 : 0x210ebf90f3 : 2 : ittapi_config_apply_per_lib :  ITTAPI function not implemented: __itt_marker
8268 : 0x210ebf9102 : 2 : ittapi_config_apply_per_lib :  ITTAPI function instrumented: __itt_metadata_add
8268 : 0x210ebf9113 : 2 : ittapi_config_apply_per_lib :  ITTAPI function not implemented: __itt_metadata_str_addA
8268 : 0x210ebf9125 : 2 : ittapi_config_apply_per_lib :  ITTAPI function not implemented: __itt_metadata_str_addW
8268 : 0x210ebf9135 : 2 : ittapi_config_apply_per_lib :  ITTAPI function not implemented: __itt_relation_add_to_current
8268 : 0x210ebf917c : 2 : ittapi_config_apply_per_lib :  ITTAPI function not implemented: __itt_relation_add
8268 : 0x210ebf918d : 2 : ittapi_config_apply_per_lib :  ITTAPI function instrumented: __itt_event_createA
8268 : 0x210ebf919d : 2 : ittapi_config_apply_per_lib :  ITTAPI function instrumented: __itt_event_createW
8268 : 0x210ebf91ad : 2 : ittapi_config_apply_per_lib :  ITTAPI function instrumented: __itt_event_start
8268 : 0x210ebf91bd : 2 : ittapi_config_apply_per_lib :  ITTAPI function instrumented: __itt_event_end
8268 : 0x210ebf91ca : 2 : ittapi_config_apply_per_lib :  ITTAPI function NOT instrumented (not matched by --itt-config option): __itt_sync_set_nameA

8268 : 0x210ebf91dc : 2 : ittapi_config_apply_per_lib :  ITTAPI function NOT instrumented (not matched by --itt-config option): __itt_sync_set_nameW

8268 : 0x210ebf91ed : 2 : ittapi_config_apply_per_lib :  ITTAPI function NOT instrumented (not matched by --itt-config option): __itt_notify_sync_nameA

8268 : 0x210ebf91ff : 2 : ittapi_config_apply_per_lib :  ITTAPI function NOT instrumented (not matched by --itt-config option): __itt_notify_sync_nameW

8268 : 0x210ebf9211 : 2 : ittapi_config_apply_per_lib :  ITTAPI function NOT instrumented (not matched by --itt-config option): __itt_notify_sync_prepare

8268 : 0x210ebf924e : 2 : ittapi_config_apply_per_lib :  ITTAPI function NOT instrumented (not matched by --itt-config option): __itt_notify_sync_cancel

8268 : 0x210ebf9261 : 2 : ittapi_config_apply_per_lib :  ITTAPI function NOT instrumented (not matched by --itt-config option): __itt_notify_sync_acquired

8268 : 0x210ebf9273 : 2 : ittapi_config_apply_per_lib :  ITTAPI function NOT instrumented (not matched by --itt-config option): __itt_notify_sync_releasing

8268 : 0x210ebf9289 : 2 : ittapi_config_apply_per_lib :  ITTAPI function not implemented: __itt_memory_read
8268 : 0x210ebf9299 : 2 : ittapi_config_apply_per_lib :  ITTAPI function not implemented: __itt_memory_write
8268 : 0x210ebf92aa : 2 : ittapi_config_apply_per_lib :  ITTAPI function not implemented: __itt_memory_update
8268 : 0x210ebf92bb : 2 : ittapi_config_apply_per_lib :  ITTAPI function not implemented: __itt_state_get
8268 : 0x210ebf92cb : 2 : ittapi_config_apply_per_lib :  ITTAPI function not implemented: __itt_state_set
8268 : 0x210ebf92db : 2 : ittapi_config_apply_per_lib :  ITTAPI function not implemented: __itt_obj_mode_set
8268 : 0x210ebf92ed : 2 : ittapi_config_apply_per_lib :  ITTAPI function not implemented: __itt_thr_mode_set
8268 : 0x210ebf931e : 2 : ittapi_config_apply_per_lib :  ITTAPI function instrumented: __itt_frame_createA
8268 : 0x210ebf932e : 2 : ittapi_config_apply_per_lib :  ITTAPI function instrumented: __itt_frame_createW
8268 : 0x210ebf933d : 2 : ittapi_config_apply_per_lib :  ITTAPI function instrumented: __itt_frame_begin
8268 : 0x210ebf934c : 2 : ittapi_config_apply_per_lib :  ITTAPI function instrumented: __itt_frame_end
8268 : 0x210ebf935d : 2 : ittapi_config_apply_per_lib :  ITTAPI function not implemented: __itt_counter_destroy
8268 : 0x210ebf936d : 2 : ittapi_config_apply_per_lib :  ITTAPI function instrumented: __itt_counter_inc
8268 : 0x210ebf937d : 2 : ittapi_config_apply_per_lib :  ITTAPI function instrumented: __itt_counter_inc_delta
8268 : 0x210ebf938d : 2 : ittapi_config_apply_per_lib :  ITTAPI function instrumented: __itt_counter_dec
8268 : 0x210ebf939d : 2 : ittapi_config_apply_per_lib :  ITTAPI function instrumented: __itt_counter_dec_delta
8268 : 0x210ebf93ec : 2 : ittapi_config_apply_per_lib :  ITTAPI function instrumented: __itt_counter_set_value
8268 : 0x210ebf9432 : 2 : ittapi_config_apply_per_lib :  ITTAPI function not implemented: __itt_counter_set_value_ex
8268 : 0x210ebf9444 : 2 : ittapi_config_apply_per_lib :  ITTAPI function not implemented: __itt_mark_createA
8268 : 0x210ebf9455 : 2 : ittapi_config_apply_per_lib :  ITTAPI function not implemented: __itt_mark_createW
8268 : 0x210ebf9466 : 2 : ittapi_config_apply_per_lib :  ITTAPI function not implemented: __itt_markA
8268 : 0x210ebf9475 : 2 : ittapi_config_apply_per_lib :  ITTAPI function not implemented: __itt_markW
8268 : 0x210ebf9485 : 2 : ittapi_config_apply_per_lib :  ITTAPI function not implemented: __itt_mark_off
8268 : 0x210ebf9495 : 2 : ittapi_config_apply_per_lib :  ITTAPI function not implemented: __itt_mark_globalA
8268 : 0x210ebf94a4 : 2 : ittapi_config_apply_per_lib :  ITTAPI function not implemented: __itt_mark_globalW
8268 : 0x210ebf94b5 : 2 : ittapi_config_apply_per_lib :  ITTAPI function not implemented: __itt_mark_global_off
8268 : 0x210ebf94c4 : 2 : ittapi_config_apply_per_lib :  ITTAPI function NOT instrumented (not matched by --itt-config option): __itt_stack_caller_create

8268 : 0x210ebf94f6 : 2 : ittapi_config_apply_per_lib :  ITTAPI function NOT instrumented (not matched by --itt-config option): __itt_stack_caller_destroy

8268 : 0x210ebf9509 : 2 : ittapi_config_apply_per_lib :  ITTAPI function NOT instrumented (not matched by --itt-config option): __itt_stack_callee_enter

8268 : 0x210ebf951c : 2 : ittapi_config_apply_per_lib :  ITTAPI function NOT instrumented (not matched by --itt-config option): __itt_stack_callee_leave

8268 : 0x210ebf9531 : 2 : ittapi_config_apply_per_lib :  ITTAPI function not implemented: __itt_clock_domain_create
8268 : 0x210ebf9542 : 2 : ittapi_config_apply_per_lib :  ITTAPI function not implemented: __itt_clock_domain_reset
8268 : 0x210ebf9552 : 2 : ittapi_config_apply_per_lib :  ITTAPI function not implemented: __itt_id_create_ex
8268 : 0x210ebf9562 : 2 : ittapi_config_apply_per_lib :  ITTAPI function not implemented: __itt_id_destroy_ex
8268 : 0x210ebf9573 : 2 : ittapi_config_apply_per_lib :  ITTAPI function not implemented: __itt_task_begin_ex
8268 : 0x210ebf9584 : 2 : ittapi_config_apply_per_lib :  ITTAPI function not implemented: __itt_task_begin_fn_ex
8268 : 0x210ebf9595 : 2 : ittapi_config_apply_per_lib :  ITTAPI function not implemented: __itt_task_end_ex
8268 : 0x210ebf95cd : 2 : ittapi_config_apply_per_lib :  ITTAPI function instrumented: __itt_task_begin_overlapped
8268 : 0x210ebf95e1 : 2 : ittapi_config_apply_per_lib :  ITTAPI function not implemented: __itt_task_begin_overlapped_ex
8268 : 0x210ebf95f0 : 2 : ittapi_config_apply_per_lib :  ITTAPI function instrumented: __itt_task_end_overlapped
8268 : 0x210ebf9601 : 2 : ittapi_config_apply_per_lib :  ITTAPI function not implemented: __itt_task_end_overlapped_ex
8268 : 0x210ebf9612 : 2 : ittapi_config_apply_per_lib :  ITTAPI function not implemented: __itt_marker_ex
8268 : 0x210ebf9622 : 2 : ittapi_config_apply_per_lib :  ITTAPI function not implemented: __itt_metadata_add_with_scope
8268 : 0x210ebf9633 : 2 : ittapi_config_apply_per_lib :  ITTAPI function not implemented: __itt_metadata_str_add_with_scopeA
8268 : 0x210ebf9644 : 2 : ittapi_config_apply_per_lib :  ITTAPI function not implemented: __itt_metadata_str_add_with_scopeW
8268 : 0x210ebf9656 : 2 : ittapi_config_apply_per_lib :  ITTAPI function not implemented: __itt_relation_add_to_current_ex
8268 : 0x210ebf9667 : 2 : ittapi_config_apply_per_lib :  ITTAPI function not implemented: __itt_relation_add_ex
8268 : 0x210ebf969a : 2 : ittapi_config_apply_per_lib :  ITTAPI function not implemented: __itt_track_group_create
8268 : 0x210ebf96ab : 2 : ittapi_config_apply_per_lib :  ITTAPI function not implemented: __itt_track_create
8268 : 0x210ebf96bc : 2 : ittapi_config_apply_per_lib :  ITTAPI function not implemented: __itt_set_track
8268 : 0x210ebf96cb : 2 : ittapi_config_apply_per_lib :  ITTAPI function instrumented: __itt_api_version
8268 : 0x210ebf96db : 2 : ittapi_config_apply_per_lib :  ITTAPI function not implemented: __itt_av_saveA
8268 : 0x210ebf96eb : 2 : ittapi_config_apply_per_lib :  ITTAPI function not implemented: __itt_av_saveW
8268 : 0x210ebf96fa : 2 : ittapi_config_apply_per_lib :  ITTAPI function instrumented: __itt_module_loadA
8268 : 0x210ebf9709 : 2 : ittapi_config_apply_per_lib :  ITTAPI function instrumented: __itt_module_loadW
8268 : 0x210ebf9f41 : 2 : ittapi_config_mask_get :  --itt-config mask to be applied: 39
8268 : 0x210ebf9f5d : 2 : ittapi_config_apply_per_lib :  ITTAPI function instrumented: __itt_domain_createA
8268 : 0x210ebf9fbc : 2 : ittapi_config_apply_per_lib :  ITTAPI function instrumented: __itt_domain_createW
8268 : 0x210ebf9fcf : 2 : ittapi_config_apply_per_lib :  ITTAPI function instrumented: __itt_string_handle_createA
8268 : 0x210ebf9fdf : 2 : ittapi_config_apply_per_lib :  ITTAPI function instrumented: __itt_string_handle_createW
8268 : 0x210ebf9fef : 2 : ittapi_config_apply_per_lib :  ITTAPI function instrumented: __itt_pause
8268 : 0x210ebf9ffe : 2 : ittapi_config_apply_per_lib :  ITTAPI function instrumented: __itt_resume
8268 : 0x210ebfa00d : 2 : ittapi_config_apply_per_lib :  ITTAPI function instrumented: __itt_thread_set_nameA
8268 : 0x210ebfa01e : 2 : ittapi_config_apply_per_lib :  ITTAPI function instrumented: __itt_thread_set_nameW
8268 : 0x210ebfa02e : 2 : ittapi_config_apply_per_lib :  ITTAPI function instrumented: __itt_thread_ignore
8268 : 0x210ebfa084 : 2 : ittapi_config_apply_per_lib :  ITTAPI function instrumented: __itt_thr_name_setA
8268 : 0x210ebfa095 : 2 : ittapi_config_apply_per_lib :  ITTAPI function instrumented: __itt_thr_name_setW
8268 : 0x210ebfa0e6 : 2 : ittapi_config_apply_per_lib :  ITTAPI function instrumented: __itt_thr_ignore
8268 : 0x210ebfa0fb : 2 : ittapi_config_apply_per_lib :  ITTAPI function not implemented: __itt_enable_attach
8268 : 0x210ebfa10c : 2 : ittapi_config_apply_per_lib :  ITTAPI function instrumented: __itt_detach
8268 : 0x210ebfa119 : 2 : ittapi_config_apply_per_lib :  ITTAPI function NOT instrumented (not matched by --itt-config option): __itt_sync_createA

8268 : 0x210ebfa12b : 2 : ittapi_config_apply_per_lib :  ITTAPI function NOT instrumented (not matched by --itt-config option): __itt_sync_createW

8268 : 0x210ebfa13d : 2 : ittapi_config_apply_per_lib :  ITTAPI function NOT instrumented (not matched by --itt-config option): __itt_sync_renameA

8268 : 0x210ebfa14f : 2 : ittapi_config_apply_per_lib :  ITTAPI function NOT instrumented (not matched by --itt-config option): __itt_sync_renameW

8268 : 0x210ebfa161 : 2 : ittapi_config_apply_per_lib :  ITTAPI function NOT instrumented (not matched by --itt-config option): __itt_sync_destroy

8268 : 0x210ebfa172 : 2 : ittapi_config_apply_per_lib :  ITTAPI function NOT instrumented (not matched by --itt-config option): __itt_sync_prepare

8268 : 0x210ebfa183 : 2 : ittapi_config_apply_per_lib :  ITTAPI function NOT instrumented (not matched by --itt-config option): __itt_sync_cancel

8268 : 0x210ebfa1bc : 2 : ittapi_config_apply_per_lib :  ITTAPI function NOT instrumented (not matched by --itt-config option): __itt_sync_acquired

8268 : 0x210ebfa1cf : 2 : ittapi_config_apply_per_lib :  ITTAPI function NOT instrumented (not matched by --itt-config option): __itt_sync_releasing

8268 : 0x210ebfa1e6 : 2 : ittapi_config_apply_per_lib :  ITTAPI function not implemented: __itt_suppress_push
8268 : 0x210ebfa1f7 : 2 : ittapi_config_apply_per_lib :  ITTAPI function not implemented: __itt_suppress_pop
8268 : 0x210ebfa208 : 2 : ittapi_config_apply_per_lib :  ITTAPI function not implemented: __itt_suppress_mark_range
8268 : 0x210ebfa219 : 2 : ittapi_config_apply_per_lib :  ITTAPI function not implemented: __itt_suppress_clear_range
8268 : 0x210ebfa227 : 2 : ittapi_config_apply_per_lib :  ITTAPI function NOT instrumented (not matched by --itt-config option): __itt_sync_prepare

8268 : 0x210ebfa239 : 2 : ittapi_config_apply_per_lib :  ITTAPI function NOT instrumented (not matched by --itt-config option): __itt_sync_cancel

8268 : 0x210ebfa24a : 2 : ittapi_config_apply_per_lib :  ITTAPI function NOT instrumented (not matched by --itt-config option): __itt_sync_acquired

8268 : 0x210ebfa25b : 2 : ittapi_config_apply_per_lib :  ITTAPI function NOT instrumented (not matched by --itt-config option): __itt_sync_releasing

8268 : 0x210ebfa28f : 2 : ittapi_config_apply_per_lib :  ITTAPI function not implemented: __itt_model_site_begin
8268 : 0x210ebfa2a0 : 2 : ittapi_config_apply_per_lib :  ITTAPI function not implemented: __itt_model_site_end
8268 : 0x210ebfa2b0 : 2 : ittapi_config_apply_per_lib :  ITTAPI function not implemented: __itt_model_task_begin
8268 : 0x210ebfa2c0 : 2 : ittapi_config_apply_per_lib :  ITTAPI function not implemented: __itt_model_task_end
8268 : 0x210ebfa2d0 : 2 : ittapi_config_apply_per_lib :  ITTAPI function not implemented: __itt_model_lock_acquire
8268 : 0x210ebfa2e0 : 2 : ittapi_config_apply_per_lib :  ITTAPI function not implemented: __itt_model_lock_release
8268 : 0x210ebfa2f1 : 2 : ittapi_config_apply_per_lib :  ITTAPI function not implemented: __itt_model_record_allocation
8268 : 0x210ebfa301 : 2 : ittapi_config_apply_per_lib :  ITTAPI function not implemented: __itt_model_record_deallocation
8268 : 0x210ebfa311 : 2 : ittapi_config_apply_per_lib :  ITTAPI function not implemented: __itt_model_induction_uses
8268 : 0x210ebfa322 : 2 : ittapi_config_apply_per_lib :  ITTAPI function not implemented: __itt_model_reduction_uses
8268 : 0x210ebfa3ad : 2 : ittapi_config_apply_per_lib :  ITTAPI function not implemented: __itt_model_observe_uses
8268 : 0x210ebfa3c1 : 2 : ittapi_config_apply_per_lib :  ITTAPI function not implemented: __itt_model_clear_uses
8268 : 0x210ebfa3d1 : 2 : ittapi_config_apply_per_lib :  ITTAPI function not implemented: __itt_model_site_beginW
8268 : 0x210ebfa3e2 : 2 : ittapi_config_apply_per_lib :  ITTAPI function not implemented: __itt_model_task_beginW
8268 : 0x210ebfa3f2 : 2 : ittapi_config_apply_per_lib :  ITTAPI function not implemented: __itt_model_iteration_taskW
8268 : 0x210ebfa402 : 2 : ittapi_config_apply_per_lib :  ITTAPI function not implemented: __itt_model_site_beginA
8268 : 0x210ebfa412 : 2 : ittapi_config_apply_per_lib :  ITTAPI function not implemented: __itt_model_site_beginAL
8268 : 0x210ebfa422 : 2 : ittapi_config_apply_per_lib :  ITTAPI function not implemented: __itt_model_task_beginA
8268 : 0x210ebfa432 : 2 : ittapi_config_apply_per_lib :  ITTAPI function not implemented: __itt_model_task_beginAL
8268 : 0x210ebfa443 : 2 : ittapi_config_apply_per_lib :  ITTAPI function not implemented: __itt_model_iteration_taskA
8268 : 0x210ebfa47b : 2 : ittapi_config_apply_per_lib :  ITTAPI function not implemented: __itt_model_iteration_taskAL
8268 : 0x210ebfa48c : 2 : ittapi_config_apply_per_lib :  ITTAPI function not implemented: __itt_model_site_end_2
8268 : 0x210ebfa49d : 2 : ittapi_config_apply_per_lib :  ITTAPI function not implemented: __itt_model_task_end_2
8268 : 0x210ebfa4ad : 2 : ittapi_config_apply_per_lib :  ITTAPI function not implemented: __itt_model_lock_acquire_2
8268 : 0x210ebfa4be : 2 : ittapi_config_apply_per_lib :  ITTAPI function not implemented: __itt_model_lock_release_2
8268 : 0x210ebfa4ce : 2 : ittapi_config_apply_per_lib :  ITTAPI function not implemented: __itt_model_aggregate_task
8268 : 0x210ebfa4de : 2 : ittapi_config_apply_per_lib :  ITTAPI function not implemented: __itt_model_disable_push
8268 : 0x210ebfa4ee : 2 : ittapi_config_apply_per_lib :  ITTAPI function not implemented: __itt_model_disable_pop
8268 : 0x210ebfa4ff : 2 : ittapi_config_apply_per_lib :  ITTAPI function instrumented: __itt_heap_function_createA
8268 : 0x210ebfa50f : 2 : ittapi_config_apply_per_lib :  ITTAPI function instrumented: __itt_heap_function_createW
8268 : 0x210ebfa53e : 2 : ittapi_config_apply_per_lib :  ITTAPI function instrumented: __itt_heap_allocate_begin
8268 : 0x210ebfa54e : 2 : ittapi_config_apply_per_lib :  ITTAPI function instrumented: __itt_heap_allocate_end
8268 : 0x210ebfa55d : 2 : ittapi_config_apply_per_lib :  ITTAPI function instrumented: __itt_heap_free_begin
8268 : 0x210ebfa56c : 2 : ittapi_config_apply_per_lib :  ITTAPI function instrumented: __itt_heap_free_end
8268 : 0x210ebfa57b : 2 : ittapi_config_apply_per_lib :  ITTAPI function instrumented: __itt_heap_reallocate_begin
8268 : 0x210ebfa58a : 2 : ittapi_config_apply_per_lib :  ITTAPI function instrumented: __itt_heap_reallocate_end
8268 : 0x210ebfa59b : 2 : ittapi_config_apply_per_lib :  ITTAPI function not implemented: __itt_heap_internal_access_begin
8268 : 0x210ebfa5ac : 2 : ittapi_config_apply_per_lib :  ITTAPI function not implemented: __itt_heap_internal_access_end
8268 : 0x210ebfa5be : 2 : ittapi_config_apply_per_lib :  ITTAPI function not implemented: __itt_heap_record_memory_growth_begin
8268 : 0x210ebfa5cf : 2 : ittapi_config_apply_per_lib :  ITTAPI function not implemented: __itt_heap_record_memory_growth_end
8268 : 0x210ebfa5fe : 2 : ittapi_config_apply_per_lib :  ITTAPI function not implemented: __itt_heap_reset_detection
8268 : 0x210ebfa60f : 2 : ittapi_config_apply_per_lib :  ITTAPI function not implemented: __itt_heap_record
8268 : 0x210ebfa61f : 2 : ittapi_config_apply_per_lib :  ITTAPI function not implemented: __itt_id_create
8268 : 0x210ebfa62f : 2 : ittapi_config_apply_per_lib :  ITTAPI function not implemented: __itt_id_destroy
8268 : 0x210ebfa63f : 2 : ittapi_config_apply_per_lib :  ITTAPI function instrumented: __itt_get_timestamp
8268 : 0x210ebfa64f : 2 : ittapi_config_apply_per_lib :  ITTAPI function not implemented: __itt_region_begin
8268 : 0x210ebfa660 : 2 : ittapi_config_apply_per_lib :  ITTAPI function not implemented: __itt_region_end
8268 : 0x210ebfa670 : 2 : ittapi_config_apply_per_lib :  ITTAPI function instrumented: __itt_frame_begin_v3
8268 : 0x210ebfa680 : 2 : ittapi_config_apply_per_lib :  ITTAPI function instrumented: __itt_frame_end_v3
8268 : 0x210ebfa68f : 2 : ittapi_config_apply_per_lib :  ITTAPI function instrumented: __itt_frame_submit_v3
8268 : 0x210ebfa6c6 : 2 : ittapi_config_apply_per_lib :  ITTAPI function not implemented: __itt_task_group
8268 : 0x210ebfa6d7 : 2 : ittapi_config_apply_per_lib :  ITTAPI function instrumented: __itt_task_begin
8268 : 0x210ebfa6e6 : 2 : ittapi_config_apply_per_lib :  ITTAPI function instrumented: __itt_task_begin_fn
8268 : 0x210ebfa6f7 : 2 : ittapi_config_apply_per_lib :  ITTAPI function instrumented: __itt_task_end
8268 : 0x210ebfa708 : 2 : ittapi_config_apply_per_lib :  ITTAPI function not implemented: __itt_counter_inc_v3
8268 : 0x210ebfa71a : 2 : ittapi_config_apply_per_lib :  ITTAPI function not implemented: __itt_counter_inc_delta_v3
8268 : 0x210ebfa72a : 2 : ittapi_config_apply_per_lib :  ITTAPI function not implemented: __itt_marker
8268 : 0x210ebfa739 : 2 : ittapi_config_apply_per_lib :  ITTAPI function instrumented: __itt_metadata_add
8268 : 0x210ebfa749 : 2 : ittapi_config_apply_per_lib :  ITTAPI function not implemented: __itt_metadata_str_addA
8268 : 0x210ebfa75a : 2 : ittapi_config_apply_per_lib :  ITTAPI function not implemented: __itt_metadata_str_addW
8268 : 0x210ebfa78f : 2 : ittapi_config_apply_per_lib :  ITTAPI function not implemented: __itt_relation_add_to_current
8268 : 0x210ebfa7a0 : 2 : ittapi_config_apply_per_lib :  ITTAPI function not implemented: __itt_relation_add
8268 : 0x210ebfa7b0 : 2 : ittapi_config_apply_per_lib :  ITTAPI function instrumented: __itt_event_createA
8268 : 0x210ebfa7bf : 2 : ittapi_config_apply_per_lib :  ITTAPI function instrumented: __itt_event_createW
8268 : 0x210ebfa83d : 2 : ittapi_config_apply_per_lib :  ITTAPI function instrumented: __itt_event_start
8268 : 0x210ebfa84f : 2 : ittapi_config_apply_per_lib :  ITTAPI function instrumented: __itt_event_end
8268 : 0x210ebfa85c : 2 : ittapi_config_apply_per_lib :  ITTAPI function NOT instrumented (not matched by --itt-config option): __itt_sync_set_nameA

8268 : 0x210ebfa86e : 2 : ittapi_config_apply_per_lib :  ITTAPI function NOT instrumented (not matched by --itt-config option): __itt_sync_set_nameW

8268 : 0x210ebfa87f : 2 : ittapi_config_apply_per_lib :  ITTAPI function NOT instrumented (not matched by --itt-config option): __itt_notify_sync_nameA

8268 : 0x210ebfa891 : 2 : ittapi_config_apply_per_lib :  ITTAPI function NOT instrumented (not matched by --itt-config option): __itt_notify_sync_nameW

8268 : 0x210ebfa8d8 : 2 : ittapi_config_apply_per_lib :  ITTAPI function NOT instrumented (not matched by --itt-config option): __itt_notify_sync_prepare

8268 : 0x210ebfa8eb : 2 : ittapi_config_apply_per_lib :  ITTAPI function NOT instrumented (not matched by --itt-config option): __itt_notify_sync_cancel

8268 : 0x210ebfa8fc : 2 : ittapi_config_apply_per_lib :  ITTAPI function NOT instrumented (not matched by --itt-config option): __itt_notify_sync_acquired

8268 : 0x210ebfa90f : 2 : ittapi_config_apply_per_lib :  ITTAPI function NOT instrumented (not matched by --itt-config option): __itt_notify_sync_releasing

8268 : 0x210ebfa926 : 2 : ittapi_config_apply_per_lib :  ITTAPI function not implemented: __itt_memory_read
8268 : 0x210ebfa937 : 2 : ittapi_config_apply_per_lib :  ITTAPI function not implemented: __itt_memory_write
8268 : 0x210ebfa947 : 2 : ittapi_config_apply_per_lib :  ITTAPI function not implemented: __itt_memory_update
8268 : 0x210ebfa959 : 2 : ittapi_config_apply_per_lib :  ITTAPI function not implemented: __itt_state_get
8268 : 0x210ebfa96a : 2 : ittapi_config_apply_per_lib :  ITTAPI function not implemented: __itt_state_set
8268 : 0x210ebfa979 : 2 : ittapi_config_apply_per_lib :  ITTAPI function not implemented: __itt_obj_mode_set
8268 : 0x210ebfaa8c : 2 : ittapi_config_apply_per_lib :  ITTAPI function not implemented: __itt_thr_mode_set
8268 : 0x210ebfaa9f : 2 : ittapi_config_apply_per_lib :  ITTAPI function instrumented: __itt_frame_createA
8268 : 0x210ebfaaae : 2 : ittapi_config_apply_per_lib :  ITTAPI function instrumented: __itt_frame_createW
8268 : 0x210ebfaabe : 2 : ittapi_config_apply_per_lib :  ITTAPI function instrumented: __itt_frame_begin
8268 : 0x210ebfaace : 2 : ittapi_config_apply_per_lib :  ITTAPI function instrumented: __itt_frame_end
8268 : 0x210ebfaade : 2 : ittapi_config_apply_per_lib :  ITTAPI function instrumented: __itt_counter_createA
8268 : 0x210ebfaaec : 2 : ittapi_config_apply_per_lib :  ITTAPI function instrumented: __itt_counter_createW
8268 : 0x210ebfaafd : 2 : ittapi_config_apply_per_lib :  ITTAPI function not implemented: __itt_counter_destroy
8268 : 0x210ebfab0c : 2 : ittapi_config_apply_per_lib :  ITTAPI function instrumented: __itt_counter_inc
8268 : 0x210ebfab1c : 2 : ittapi_config_apply_per_lib :  ITTAPI function instrumented: __itt_counter_inc_delta
8268 : 0x210ebfab58 : 2 : ittapi_config_apply_per_lib :  ITTAPI function not implemented: __itt_mark_createA
8268 : 0x210ebfab69 : 2 : ittapi_config_apply_per_lib :  ITTAPI function not implemented: __itt_mark_createW
8268 : 0x210ebfab79 : 2 : ittapi_config_apply_per_lib :  ITTAPI function not implemented: __itt_markA
8268 : 0x210ebfab89 : 2 : ittapi_config_apply_per_lib :  ITTAPI function not implemented: __itt_markW
8268 : 0x210ebfab9a : 2 : ittapi_config_apply_per_lib :  ITTAPI function not implemented: __itt_mark_off
8268 : 0x210ebfabaa : 2 : ittapi_config_apply_per_lib :  ITTAPI function not implemented: __itt_mark_globalA
8268 : 0x210ebfabb9 : 2 : ittapi_config_apply_per_lib :  ITTAPI function not implemented: __itt_mark_globalW
8268 : 0x210ebfabcb : 2 : ittapi_config_apply_per_lib :  ITTAPI function not implemented: __itt_mark_global_off
8268 : 0x210ebfabda : 2 : ittapi_config_apply_per_lib :  ITTAPI function NOT instrumented (not matched by --itt-config option): __itt_stack_caller_create

8268 : 0x210ebfabec : 2 : ittapi_config_apply_per_lib :  ITTAPI function NOT instrumented (not matched by --itt-config option): __itt_stack_caller_destroy

8268 : 0x210ebfac1c : 2 : ittapi_config_apply_per_lib :  ITTAPI function NOT instrumented (not matched by --itt-config option): __itt_stack_callee_enter

8268 : 0x210ebfac2f : 2 : ittapi_config_apply_per_lib :  ITTAPI function NOT instrumented (not matched by --itt-config option): __itt_stack_callee_leave

8268 : 0x210ebfac45 : 2 : ittapi_config_apply_per_lib :  ITTAPI function not implemented: __itt_clock_domain_create
8268 : 0x210ebfac55 : 2 : ittapi_config_apply_per_lib :  ITTAPI function not implemented: __itt_clock_domain_reset
8268 : 0x210ebfac66 : 2 : ittapi_config_apply_per_lib :  ITTAPI function not implemented: __itt_id_create_ex
8268 : 0x210ebfac76 : 2 : ittapi_config_apply_per_lib :  ITTAPI function not implemented: __itt_id_destroy_ex
8268 : 0x210ebfac88 : 2 : ittapi_config_apply_per_lib :  ITTAPI function not implemented: __itt_task_begin_ex
8268 : 0x210ebfac98 : 2 : ittapi_config_apply_per_lib :  ITTAPI function not implemented: __itt_task_begin_fn_ex
8268 : 0x210ebfaca9 : 2 : ittapi_config_apply_per_lib :  ITTAPI function not implemented: __itt_task_end_ex
8268 : 0x210ebfacba : 2 : ittapi_config_apply_per_lib :  ITTAPI function instrumented: __itt_task_begin_overlapped
8268 : 0x210ebface9 : 2 : ittapi_config_apply_per_lib :  ITTAPI function not implemented: __itt_task_begin_overlapped_ex
8268 : 0x210ebfacf9 : 2 : ittapi_config_apply_per_lib :  ITTAPI function instrumented: __itt_task_end_overlapped
8268 : 0x210ebfad0a : 2 : ittapi_config_apply_per_lib :  ITTAPI function not implemented: __itt_task_end_overlapped_ex
8268 : 0x210ebfad1b : 2 : ittapi_config_apply_per_lib :  ITTAPI function not implemented: __itt_marker_ex
8268 : 0x210ebfad43 : 2 : ittapi_config_apply_per_lib :  ITTAPI function not implemented: __itt_metadata_add_with_scope
8268 : 0x210ebfad54 : 2 : ittapi_config_apply_per_lib :  ITTAPI function not implemented: __itt_metadata_str_add_with_scopeA
8268 : 0x210ebfad65 : 2 : ittapi_config_apply_per_lib :  ITTAPI function not implemented: __itt_metadata_str_add_with_scopeW
8268 : 0x210ebfad76 : 2 : ittapi_config_apply_per_lib :  ITTAPI function not implemented: __itt_relation_add_to_current_ex
8268 : 0x210ebfadcd : 2 : ittapi_config_apply_per_lib :  ITTAPI function not implemented: __itt_relation_add_ex
8268 : 0x210ebfadde : 2 : ittapi_config_apply_per_lib :  ITTAPI function not implemented: __itt_track_group_create
8268 : 0x210ebfae71 : 2 : ittapi_config_apply_per_lib :  ITTAPI function not implemented: __itt_track_create
8268 : 0x210ebfae84 : 2 : ittapi_config_apply_per_lib :  ITTAPI function not implemented: __itt_set_track
8268 : 0x210ebfae93 : 2 : ittapi_config_apply_per_lib :  ITTAPI function instrumented: __itt_api_version
8268 : 0x210ebfaea4 : 2 : ittapi_config_apply_per_lib :  ITTAPI function not implemented: __itt_av_saveA
8268 : 0x210ebfaeb3 : 2 : ittapi_config_apply_per_lib :  ITTAPI function not implemented: __itt_av_saveW