
19548 : 0x1d9f3b5592 : 1 : spill_jit_data :  Jit agent is not initialized
19548 : 0x1d9f3b59d4 : 2 : ittapi_config_mask_get :  --itt-config mask to be applied: 39
19548 : 0x1d9f3b5a32 : 2 : ittapi_config_apply_per_lib :  ITTAPI function instrumented: __itt_domain_createA
19548 : 0x1d9f3b5a4e : 2 : ittapi_config_apply_per_lib :  ITTAPI function instrumented: __itt_domain_createW
19548 : 0x1d9f3b5a6c : 2 : ittapi_config_apply_per_lib :  ITTAPI function instrumented: __itt_string_handle_createA
19548 : 0x1d9f3b5a82 : 2 : ittapi_config_apply_per_lib :  ITTAPI function instrumented: __itt_string_handle_createW
19548 : 0x1d9f3b5a9a : 2 : ittapi_config_apply_per_lib :  ITTAPI function instrumented: __itt_counter_createA
19548 : 0x1d9f3b5ab0 : 2 : ittapi_config_apply_per_lib :  ITTAPI function instrumented: __itt_counter_createW
19548 : 0x1d9f3b5ac7 : 2 : ittapi_config_apply_per_lib :  ITTAPI function instrumented: __itt_counter_create_typedA
19548 : 0x1d9f3b5add : 2 : ittapi_config_apply_per_lib :  ITTAPI function instrumented: __itt_counter_create_typedW
19548 : 0x1d9f3b5ea3 : 2 : ittapi_config_apply_per_lib :  ITTAPI function instrumented: __itt_pause
19548 : 0x1d9f3b5ec7 : 2 : ittapi_config_apply_per_lib :  ITTAPI function instrumented: __itt_resume
19548 : 0x1d9f3b5edf : 2 : ittapi_config_apply_per_lib :  ITTAPI function instrumented: __itt_thread_set_nameA
19548 : 0x1d9f3b5efa : 2 : ittapi_config_apply_per_lib :  ITTAPI function instrumented: __itt_thread_set_nameW
19548 : 0x1d9f3b5f11 : 2 : ittapi_config_apply_per_lib :  ITTAPI function instrumented: __itt_thread_ignore
19548 : 0x1d9f3b5f28 : 2 : ittapi_config_apply_per_lib :  ITTAPI function instrumented: __itt_thr_name_setA
19548 : 0x1d9f3b5f3f : 2 : ittapi_config_apply_per_lib :  ITTAPI function instrumented: __itt_thr_name_setW
19548 : 0x1d9f3b5f58 : 2 : ittapi_config_apply_per_lib :  ITTAPI function instrumented: __itt_thr_ignore
19548 : 0x1d9f3b5f7b : 2 : ittapi_config_apply_per_lib :  ITTAPI function not implemented: __itt_enable_attach
19548 : 0x1d9f3b5f94 : 2 : ittapi_config_apply_per_lib :  ITTAPI function instrumented: __itt_detach
19548 : 0x1d9f3b6003 : 2 : ittapi_config_apply_per_lib :  ITTAPI function NOT instrumented (not matched by --itt-config option): __itt_sync_createA

19548 : 0x1d9f3b6022 : 2 : ittapi_config_apply_per_lib :  ITTAPI function NOT instrumented (not matched by --itt-config option): __itt_sync_createW

19548 : 0x1d9f3b603e : 2 : ittapi_config_apply_per_lib :  ITTAPI function NOT instrumented (not matched by --itt-config option): __itt_sync_renameA

19548 : 0x1d9f3b605a : 2 : ittapi_config_apply_per_lib :  ITTAPI function NOT instrumented (not matched by --itt-config option): __itt_sync_renameW

19548 : 0x1d9f3b6074 : 2 : ittapi_config_apply_per_lib :  ITTAPI function NOT instrumented (not matched by --itt-config option): __itt_sync_destroy

19548 : 0x1d9f3b608e : 2 : ittapi_config_apply_per_lib :  ITTAPI function NOT instrumented (not matched by --itt-config option): __itt_sync_prepare

19548 : 0x1d9f3b60a8 : 2 : ittapi_config_apply_per_lib :  ITTAPI function NOT instrumented (not matched by --itt-config option): __itt_sync_cancel

19548 : 0x1d9f3b60c2 : 2 : ittapi_config_apply_per_lib :  ITTAPI function NOT instrumented (not matched by --itt-config option): __itt_sync_acquired

19548 : 0x1d9f3b60dc : 2 : ittapi_config_apply_per_lib :  ITTAPI function NOT instrumented (not matched by --itt-config option): __itt_sync_releasing

19548 : 0x1d9f3b60ff : 2 : ittapi_config_apply_per_lib :  ITTAPI function not implemented: __itt_suppress_push
19548 : 0x1d9f3b614e : 2 : ittapi_config_apply_per_lib :  ITTAPI function not implemented: __itt_suppress_pop
19548 : 0x1d9f3b6168 : 2 : ittapi_config_apply_per_lib :  ITTAPI function not implemented: __itt_suppress_mark_range
19548 : 0x1d9f3b6181 : 2 : ittapi_config_apply_per_lib :  ITTAPI function not implemented: __itt_suppress_clear_range
19548 : 0x1d9f3b6195 : 2 : ittapi_config_apply_per_lib :  ITTAPI function NOT instrumented (not matched by --itt-config option): __itt_sync_prepare

19548 : 0x1d9f3b61af : 2 : ittapi_config_apply_per_lib :  ITTAPI function NOT instrumented (not matched by --itt-config option): __itt_sync_cancel

19548 : 0x1d9f3b61c9 : 2 : ittapi_config_apply_per_lib :  ITTAPI function NOT instrumented (not matched by --itt-config option): __itt_sync_acquired

19548 : 0x1d9f3b61e2 : 2 : ittapi_config_apply_per_lib :  ITTAPI function NOT instrumented (not matched by --itt-config option): __itt_sync_releasing

19548 : 0x1d9f3b6200 : 2 : ittapi_config_apply_per_lib :  ITTAPI function not implemented: __itt_model_site_begin
19548 : 0x1d9f3b6219 : 2 : ittapi_config_apply_per_lib :  ITTAPI function not implemented: __itt_model_site_end
19548 : 0x1d9f3b6231 : 2 : ittapi_config_apply_per_lib :  ITTAPI function not implemented: __itt_model_task_begin
19548 : 0x1d9f3b638e : 2 : ittapi_config_apply_per_lib :  ITTAPI function not implemented: __itt_model_task_end
19548 : 0x1d9f3b63aa : 2 : ittapi_config_apply_per_lib :  ITTAPI function not implemented: __itt_model_lock_acquire
19548 : 0x1d9f3b63c3 : 2 : ittapi_config_apply_per_lib :  ITTAPI function not implemented: __itt_model_lock_release
19548 : 0x1d9f3b63db : 2 : ittapi_config_apply_per_lib :  ITTAPI function not implemented: __itt_model_record_allocation
19548 : 0x1d9f3b63f5 : 2 : ittapi_config_apply_per_lib :  ITTAPI function not implemented: __itt_model_record_deallocation
19548 : 0x1d9f3b640d : 2 : ittapi_config_apply_per_lib :  ITTAPI function not implemented: __itt_model_induction_uses
19548 : 0x1d9f3b6425 : 2 : ittapi_config_apply_per_lib :  ITTAPI function not implemented: __itt_model_reduction_uses
19548 : 0x1d9f3b643e : 2 : ittapi_config_apply_per_lib :  ITTAPI function not implemented: __itt_model_observe_uses
19548 : 0x1d9f3b6456 : 2 : ittapi_config_apply_per_lib :  ITTAPI function not implemented: __itt_model_clear_uses
19548 : 0x1d9f3b646e : 2 : ittapi_config_apply_per_lib :  ITTAPI function not implemented: __itt_model_site_beginW
19548 : 0x1d9f3b6569 : 2 : ittapi_config_apply_per_lib :  ITTAPI function not implemented: __itt_model_task_beginW
19548 : 0x1d9f3b65e1 : 2 : ittapi_config_apply_per_lib :  ITTAPI function not implemented: __itt_model_iteration_taskW
19548 : 0x1d9f3b65fc : 2 : ittapi_config_apply_per_lib :  ITTAPI function not implemented: __itt_model_site_beginA
19548 : 0x1d9f3b6614 : 2 : ittapi_config_apply_per_lib :  ITTAPI function not implemented: __itt_model_site_beginAL
19548 : 0x1d9f3b662c : 2 : ittapi_config_apply_per_lib :  ITTAPI function not implemented: __itt_model_task_beginA
19548 : 0x1d9f3b6645 : 2 : ittapi_config_apply_per_lib :  ITTAPI function not implemented: __itt_model_task_beginAL
19548 : 0x1d9f3b665c : 2 : ittapi_config_apply_per_lib :  ITTAPI function not implemented: __itt_model_iteration_taskA
19548 : 0x1d9f3b6675 : 2 : ittapi_config_apply_per_lib :  ITTAPI function not implemented: __itt_model_iteration_taskAL
19548 : 0x1d9f3b668d : 2 : ittapi_config_apply_per_lib :  ITTAPI function not implemented: __itt_model_site_end_2
19548 : 0x1d9f3b66a5 : 2 : ittapi_config_apply_per_lib :  ITTAPI function not implemented: __itt_model_task_end_2
19548 : 0x1d9f3b670f : 2 : ittapi_config_apply_per_lib :  ITTAPI function not implemented: __itt_model_lock_acquire_2
19548 : 0x1d9f3b6729 : 2 : ittapi_config_apply_per_lib :  ITTAPI function not implemented: __itt_model_lock_release_2
19548 : 0x1d9f3b6742 : 2 : ittapi_config_apply_per_lib :  ITTAPI function not implemented: __itt_model_aggregate_task
19548 : 0x1d9f3b6759 : 2 : ittapi_config_apply_per_lib :  ITTAPI function not implemented: __itt_model_disable_push
19548 : 0x1d9f3b6771 : 2 : ittapi_config_apply_per_lib :  ITTAPI function not implemented: __itt_model_disable_pop
19548 : 0x1d9f3b678b : 2 : ittapi_config_apply_per_lib :  ITTAPI function instrumented: __itt_heap_function_createA
19548 : 0x1d9f3b67a2 : 2 : ittapi_config_apply_per_lib :  ITTAPI function instrumented: __itt_heap_function_createW
19548 : 0x1d9f3b67ba : 2 : ittapi_config_apply_per_lib :  ITTAPI function instrumented: __itt_heap_allocate_begin
19548 : 0x1d9f3b67d0 : 2 : ittapi_config_apply_per_lib :  ITTAPI function instrumented: __itt_heap_allocate_end
19548 : 0x1d9f3b67e7 : 2 : ittapi_config_apply_per_lib :  ITTAPI function instrumented: __itt_heap_free_begin
19548 : 0x1d9f3b6846 : 2 : ittapi_config_apply_per_lib :  ITTAPI function instrumented: __itt_heap_free_end
19548 : 0x1d9f3b6862 : 2 : ittapi_config_apply_per_lib :  ITTAPI function instrumented: __itt_heap_reallocate_begin
19548 : 0x1d9f3b6879 : 2 : ittapi_config_apply_per_lib :  ITTAPI function instrumented: __itt_heap_reallocate_end
19548 : 0x1d9f3b6892 : 2 : ittapi_config_apply_per_lib :  ITTAPI function not implemented: __itt_heap_internal_access_begin
19548 : 0x1d9f3b68ad : 2 : ittapi_config_apply_per_lib :  ITTAPI function not implemented: __itt_heap_internal_access_end
19548 : 0x1d9f3b68c7 : 2 : ittapi_config_apply_per_lib :  ITTAPI function not implemented: __itt_heap_record_memory_growth_begin
19548 : 0x1d9f3b68e2 : 2 : ittapi_config_apply_per_lib :  ITTAPI function not implemented: __itt_heap_record_memory_growth_end
19548 : 0x1d9f3b68fb : 2 : ittapi_config_apply_per_lib :  ITTAPI function not implemented: __itt_heap_reset_detection
19548 : 0x1d9f3b6914 : 2 : ittapi_config_apply_per_lib :  ITTAPI function not implemented: __itt_heap_record
19548 : 0x1d9f3b692c : 2 : ittapi_config_apply_per_lib :  ITTAPI function not implemented: __itt_id_create
19548 : 0x1d9f3b697f : 2 : ittapi_config_apply_per_lib :  ITTAPI function not implemented: __itt_id_destroy
19548 : 0x1d9f3b6997 : 2 : ittapi_config_apply_per_lib :  ITTAPI function instrumented: __itt_get_timestamp
19548 : 0x1d9f3b69b0 : 2 : ittapi_config_apply_per_lib :  ITTAPI function not implemented: __itt_region_begin
19548 : 0x1d9f3b69c8 : 2 : ittapi_config_apply_per_lib :  ITTAPI function not implemented: __itt_region_end
19548 : 0x1d9f3b69e0 : 2 : ittapi_config_apply_per_lib :  ITTAPI function instrumented: __itt_frame_begin_v3
19548 : 0x1d9f3b69f7 : 2 : ittapi_config_apply_per_lib :  ITTAPI function instrumented: __itt_frame_end_v3
19548 : 0x1d9f3b6a0d : 2 : ittapi_config_apply_per_lib :  ITTAPI function instrumented: __itt_frame_submit_v3
19548 : 0x1d9f3b6a27 : 2 : ittapi_config_apply_per_lib :  ITTAPI function not implemented: __itt_task_group
19548 : 0x1d9f3b6a3e : 2 : ittapi_config_apply_per_lib :  ITTAPI function instrumented: __itt_task_begin
19548 : 0x1d9f3b6a54 : 2 : ittapi_config_apply_per_lib :  ITTAPI function instrumented: __itt_task_begin_fn
19548 : 0x1d9f3b6aa8 : 2 : ittapi_config_apply_per_lib :  ITTAPI function instrumented: __itt_task_end
19548 : 0x1d9f3b6ac3 : 2 : ittapi_config_apply_per_lib :  ITTAPI function not implemented: __itt_counter_inc_v3
19548 : 0x1d9f3b6add : 2 : ittapi_config_apply_per_lib :  ITTAPI function not implemented: __itt_counter_inc_delta_v3
19548 : 0x1d9f3b6af7 : 2 : ittapi_config_apply_per_lib :  ITTAPI function not implemented: __itt_counter_dec_v3
19548 : 0x1d9f3b6b10 : 2 : ittapi_config_apply_per_lib :  ITTAPI function not implemented: __itt_counter_dec_delta_v3
19548 : 0x1d9f3b6b29 : 2 : ittapi_config_apply_per_lib :  ITTAPI function not implemented: __itt_marker
19548 : 0x1d9f3b6b3e : 2 : ittapi_config_apply_per_lib :  ITTAPI function instrumented: __itt_metadata_add
19548 : 0x1d9f3b6b56 : 2 : ittapi_config_apply_per_lib :  ITTAPI function not implemented: __itt_metadata_str_addA
19548 : 0x1d9f3b6b71 : 2 : ittapi_config_apply_per_lib :  ITTAPI function not implemented: __itt_metadata_str_addW
19548 : 0x1d9f3b6b89 : 2 : ittapi_config_apply_per_lib :  ITTAPI function not implemented: __itt_relation_add_to_current
19548 : 0x1d9f3b6bd2 : 2 : ittapi_config_apply_per_lib :  ITTAPI function not implemented: __itt_relation_add
19548 : 0x1d9f3b6be9 : 2 : ittapi_config_apply_per_lib :  ITTAPI function instrumented: __itt_event_createA
19548 : 0x1d9f3b6c00 : 2 : ittapi_config_apply_per_lib :  ITTAPI function instrumented: __itt_event_createW
19548 : 0x1d9f3b6c16 : 2 : ittapi_config_apply_per_lib :  ITTAPI function instrumented: __itt_event_start
19548 : 0x1d9f3b6c2c : 2 : ittapi_config_apply_per_lib :  ITTAPI function instrumented: __itt_event_end
19548 : 0x1d9f3b6c3f : 2 : ittapi_config_apply_per_lib :  ITTAPI function NOT instrumented (not matched by --itt-config option): __itt_sync_set_nameA

19548 : 0x1d9f3b6c59 : 2 : ittapi_config_apply_per_lib :  ITTAPI function NOT instrumented (not matched by --itt-config option): __itt_sync_set_nameW

19548 : 0x1d9f3b6c73 : 2 : ittapi_config_apply_per_lib :  ITTAPI function NOT instrumented (not matched by --itt-config option): __itt_notify_sync_nameA

19548 : 0x1d9f3b6c8d : 2 : ittapi_config_apply_per_lib :  ITTAPI function NOT instrumented (not matched by --itt-config option): __itt_notify_sync_nameW

19548 : 0x1d9f3b6ca7 : 2 : ittapi_config_apply_per_lib :  ITTAPI function NOT instrumented (not matched by --itt-config option): __itt_notify_sync_prepare

19548 : 0x1d9f3b6cfe : 2 : ittapi_config_apply_per_lib :  ITTAPI function NOT instrumented (not matched by --itt-config option): __itt_notify_sync_cancel

19548 : 0x1d9f3b6d1a : 2 : ittapi_config_apply_per_lib :  ITTAPI function NOT instrumented (not matched by --itt-config option): __itt_notify_sync_acquired

19548 : 0x1d9f3b6d35 : 2 : ittapi_config_apply_per_lib :  ITTAPI function NOT instrumented (not matched by --itt-config option): __itt_notify_sync_releasing

19548 : 0x1d9f3b6d54 : 2 : ittapi_config_apply_per_lib :  ITTAPI function not implemented: __itt_memory_read
19548 : 0x1d9f3b6d6c : 2 : ittapi_config_apply_per_lib :  ITTAPI function not implemented: __itt_memory_write
19548 : 0x1d9f3b6d84 : 2 : ittapi_config_apply_per_lib :  ITTAPI function not implemented: __itt_memory_update
19548 : 0x1d9f3b6d9d : 2 : ittapi_config_apply_per_lib :  ITTAPI function not implemented: __itt_state_get
19548 : 0x1d9f3b6db5 : 2 : ittapi_config_apply_per_lib :  ITTAPI function not implemented: __itt_state_set
19548 : 0x1d9f3b6dcd : 2 : ittapi_config_apply_per_lib :  ITTAPI function not implemented: __itt_obj_mode_set
19548 : 0x1d9f3b6de7 : 2 : ittapi_config_apply_per_lib :  ITTAPI function not implemented: __itt_thr_mode_set
19548 : 0x1d9f3b6eb6 : 2 : ittapi_config_apply_per_lib :  ITTAPI function instrumented: __itt_frame_createA
19548 : 0x1d9f3b6ed2 : 2 : ittapi_config_apply_per_lib :  ITTAPI function instrumented: __itt_frame_createW
19548 : 0x1d9f3b6ee9 : 2 : ittapi_config_apply_per_lib :  ITTAPI function instrumented: __itt_frame_begin
19548 : 0x1d9f3b6eff : 2 : ittapi_config_apply_per_lib :  ITTAPI function instrumented: __itt_frame_end
19548 : 0x1d9f3b6f1a : 2 : ittapi_config_apply_per_lib :  ITTAPI function not implemented: __itt_counter_destroy
19548 : 0x1d9f3b6f32 : 2 : ittapi_config_apply_per_lib :  ITTAPI function instrumented: __itt_counter_inc
19548 : 0x1d9f3b6f48 : 2 : ittapi_config_apply_per_lib :  ITTAPI function instrumented: __itt_counter_inc_delta
19548 : 0x1d9f3b6f5f : 2 : ittapi_config_apply_per_lib :  ITTAPI function instrumented: __itt_counter_dec
19548 : 0x1d9f3b6f76 : 2 : ittapi_config_apply_per_lib :  ITTAPI function instrumented: __itt_counter_dec_delta
19548 : 0x1d9f3b6f8d : 2 : ittapi_config_apply_per_lib :  ITTAPI function instrumented: __itt_counter_set_value
19548 : 0x1d9f3b6fe2 : 2 : ittapi_config_apply_per_lib :  ITTAPI function not implemented: __itt_counter_set_value_ex
19548 : 0x1d9f3b6ffb : 2 : ittapi_config_apply_per_lib :  ITTAPI function not implemented: __itt_mark_createA
19548 : 0x1d9f3b7013 : 2 : ittapi_config_apply_per_lib :  ITTAPI function not implemented: __itt_mark_createW
19548 : 0x1d9f3b702b : 2 : ittapi_config_apply_per_lib :  ITTAPI function not implemented: __itt_markA
19548 : 0x1d9f3b7042 : 2 : ittapi_config_apply_per_lib :  ITTAPI function not implemented: __itt_markW
19548 : 0x1d9f3b705a : 2 : ittapi_config_apply_per_lib :  ITTAPI function not implemented: __itt_mark_off
19548 : 0x1d9f3b7072 : 2 : ittapi_config_apply_per_lib :  ITTAPI function not implemented: __itt_mark_globalA
19548 : 0x1d9f3b7089 : 2 : ittapi_config_apply_per_lib :  ITTAPI function not implemented: __itt_mark_globalW
19548 : 0x1d9f3b70a2 : 2 : ittapi_config_apply_per_lib :  ITTAPI function not implemented: __itt_mark_global_off
19548 : 0x1d9f3b70b8 : 2 : ittapi_config_apply_per_lib :  ITTAPI function NOT instrumented (not matched by --itt-config option): __itt_stack_caller_create

19548 : 0x1d9f3b7213 : 2 : ittapi_config_apply_per_lib :  ITTAPI function NOT instrumented (not matched by --itt-config option): __itt_stack_caller_destroy

19548 : 0x1d9f3b7231 : 2 : ittapi_config_apply_per_lib :  ITTAPI function NOT instrumented (not matched by --itt-config option): __itt_stack_callee_enter

19548 : 0x1d9f3b724c : 2 : ittapi_config_apply_per_lib :  ITTAPI function NOT instrumented (not matched by --itt-config option): __itt_stack_callee_leave

19548 : 0x1d9f3b726d : 2 : ittapi_config_apply_per_lib :  ITTAPI function not implemented: __itt_clock_domain_create
19548 : 0x1d9f3b7287 : 2 : ittapi_config_apply_per_lib :  ITTAPI function not implemented: __itt_clock_domain_reset
19548 : 0x1d9f3b729f : 2 : ittapi_config_apply_per_lib :  ITTAPI function not implemented: __itt_id_create_ex
19548 : 0x1d9f3b72b7 : 2 : ittapi_config_apply_per_lib :  ITTAPI function not implemented: __itt_id_destroy_ex
19548 : 0x1d9f3b72d2 : 2 : ittapi_config_apply_per_lib :  ITTAPI function not implemented: __itt_task_begin_ex
19548 : 0x1d9f3b72eb : 2 : ittapi_config_apply_per_lib :  ITTAPI function not implemented: __itt_task_begin_fn_ex
19548 : 0x1d9f3b7304 : 2 : ittapi_config_apply_per_lib :  ITTAPI function not implemented: __itt_task_end_ex
19548 : 0x1d9f3b735f : 2 : ittapi_config_apply_per_lib :  ITTAPI function instrumented: __itt_task_begin_overlapped
19548 : 0x1d9f3b737b : 2 : ittapi_config_apply_per_lib :  ITTAPI function not implemented: __itt_task_begin_overlapped_ex
19548 : 0x1d9f3b7391 : 2 : ittapi_config_apply_per_lib :  ITTAPI function instrumented: __itt_task_end_overlapped
19548 : 0x1d9f3b73aa : 2 : ittapi_config_apply_per_lib :  ITTAPI function not implemented: __itt_task_end_overlapped_ex
19548 : 0x1d9f3b73c4 : 2 : ittapi_config_apply_per_lib :  ITTAPI function not implemented: __itt_marker_ex
19548 : 0x1d9f3b73db : 2 : ittapi_config_apply_per_lib :  ITTAPI function not implemented: __itt_metadata_add_with_scope
19548 : 0x1d9f3b73f5 : 2 : ittapi_config_apply_per_lib :  ITTAPI function not implemented: __itt_metadata_str_add_with_scopeA
19548 : 0x1d9f3b740e : 2 : ittapi_config_apply_per_lib :  ITTAPI function not implemented: __itt_metadata_str_add_with_scopeW
19548 : 0x1d9f3b7429 : 2 : ittapi_config_apply_per_lib :  ITTAPI function not implemented: __itt_relation_add_to_current_ex
19548 : 0x1d9f3b7442 : 2 : ittapi_config_apply_per_lib :  ITTAPI function not implemented: __itt_relation_add_ex
19548 : 0x1d9f3b750f : 2 : ittapi_config_apply_per_lib :  ITTAPI function not implemented: __itt_track_group_create
19548 : 0x1d9f3b752c : 2 : ittapi_config_apply_per_lib :  ITTAPI function not implemented: __itt_track_create
19548 : 0x1d9f3b7545 : 2 : ittapi_config_apply_per_lib :  ITTAPI function not implemented: __itt_set_track
19548 : 0x1d9f3b755b : 2 : ittapi_config_apply_per_lib :  ITTAPI function instrumented: __itt_api_version
19548 : 0x1d9f3b757c : 2 : ittapi_config_apply_per_lib :  ITTAPI function not implemented: __itt_av_saveA
19548 : 0x1d9f3b759d : 2 : ittapi_config_apply_per_lib :  ITTAPI function not implemented: __itt_av_saveW
19548 : 0x1d9f3b75bb : 2 : ittapi_config_apply_per_lib :  ITTAPI function instrumented: __itt_module_loadA
19548 : 0x1d9f3b75d8 : 2 : ittapi_config_apply_per_lib :  ITTAPI function instrumented: __itt_module_loadW
19548 : 0x1d9f3b81b3 : 2 : ittapi_config_mask_get :  --itt-config mask to be applied: 39
19548 : 0x1d9f3b81dc : 2 : ittapi_config_apply_per_lib :  ITTAPI function instrumented: __itt_domain_createA
19548 : 0x1d9f3b8274 : 2 : ittapi_config_apply_per_lib :  ITTAPI function instrumented: __itt_domain_createW
19548 : 0x1d9f3b828f : 2 : ittapi_config_apply_per_lib :  ITTAPI function instrumented: __itt_string_handle_createA
19548 : 0x1d9f3b82a7 : 2 : ittapi_config_apply_per_lib :  ITTAPI function instrumented: __itt_string_handle_createW
19548 : 0x1d9f3b82bf : 2 : ittapi_config_apply_per_lib :  ITTAPI function instrumented: __itt_pause
19548 : 0x1d9f3b82d7 : 2 : ittapi_config_apply_per_lib :  ITTAPI function instrumented: __itt_resume
19548 : 0x1d9f3b82ed : 2 : ittapi_config_apply_per_lib :  ITTAPI function instrumented: __itt_thread_set_nameA
19548 : 0x1d9f3b8306 : 2 : ittapi_config_apply_per_lib :  ITTAPI function instrumented: __itt_thread_set_nameW
19548 : 0x1d9f3b831d : 2 : ittapi_config_apply_per_lib :  ITTAPI function instrumented: __itt_thread_ignore
19548 : 0x1d9f3b8333 : 2 : ittapi_config_apply_per_lib :  ITTAPI function instrumented: __itt_thr_name_setA
19548 : 0x1d9f3b834a : 2 : ittapi_config_apply_per_lib :  ITTAPI function instrumented: __itt_thr_name_setW
19548 : 0x1d9f3b83ad : 2 : ittapi_config_apply_per_lib :  ITTAPI function instrumented: __itt_thr_ignore
19548 : 0x1d9f3b83ca : 2 : ittapi_config_apply_per_lib :  ITTAPI function not implemented: __itt_enable_attach
19548 : 0x1d9f3b83e0 : 2 : ittapi_config_apply_per_lib :  ITTAPI function instrumented: __itt_detach
19548 : 0x1d9f3b83f4 : 2 : ittapi_config_apply_per_lib :  ITTAPI function NOT instrumented (not matched by --itt-config option): __itt_sync_createA

19548 : 0x1d9f3b8440 : 2 : ittapi_config_apply_per_lib :  ITTAPI function NOT instrumented (not matched by --itt-config option): __itt_sync_createW

19548 : 0x1d9f3b8465 : 2 : ittapi_config_apply_per_lib :  ITTAPI function NOT instrumented (not matched by --itt-config option): __itt_sync_renameA

19548 : 0x1d9f3b8488 : 2 : ittapi_config_apply_per_lib :  ITTAPI function NOT instrumented (not matched by --itt-config option): __itt_sync_renameW

19548 : 0x1d9f3b84ad : 2 : ittapi_config_apply_per_lib :  ITTAPI function NOT instrumented (not matched by --itt-config option): __itt_sync_destroy

19548 : 0x1d9f3b84d2 : 2 : ittapi_config_apply_per_lib :  ITTAPI function NOT instrumented (not matched by --itt-config option): __itt_sync_prepare

19548 : 0x1d9f3b84f9 : 2 : ittapi_config_apply_per_lib :  ITTAPI function NOT instrumented (not matched by --itt-config option): __itt_sync_cancel

19548 : 0x1d9f3b857a : 2 : ittapi_config_apply_per_lib :  ITTAPI function NOT instrumented (not matched by --itt-config option): __itt_sync_acquired

19548 : 0x1d9f3b85a2 : 2 : ittapi_config_apply_per_lib :  ITTAPI function NOT instrumented (not matched by --itt-config option): __itt_sync_releasing

19548 : 0x1d9f3b85d2 : 2 : ittapi_config_apply_per_lib :  ITTAPI function not implemented: __itt_suppress_push
19548 : 0x1d9f3b85f6 : 2 : ittapi_config_apply_per_lib :  ITTAPI function not implemented: __itt_suppress_pop
19548 : 0x1d9f3b8617 : 2 : ittapi_config_apply_per_lib :  ITTAPI function not implemented: __itt_suppress_mark_range
19548 : 0x1d9f3b863c : 2 : ittapi_config_apply_per_lib :  ITTAPI function not implemented: __itt_suppress_clear_range
19548 : 0x1d9f3b865b : 2 : ittapi_config_apply_per_lib :  ITTAPI function NOT instrumented (not matched by --itt-config option): __itt_sync_prepare

19548 : 0x1d9f3b867f : 2 : ittapi_config_apply_per_lib :  ITTAPI function NOT instrumented (not matched by --itt-config option): __itt_sync_cancel

19548 : 0x1d9f3b86a1 : 2 : ittapi_config_apply_per_lib :  ITTAPI function NOT instrumented (not matched by --itt-config option): __itt_sync_acquired

19548 : 0x1d9f3b86c3 : 2 : ittapi_config_apply_per_lib :  ITTAPI function NOT instrumented (not matched by --itt-config option): __itt_sync_releasing

19548 : 0x1d9f3b872b : 2 : ittapi_config_apply_per_lib :  ITTAPI function not implemented: __itt_model_site_begin
19548 : 0x1d9f3b8746 : 2 : ittapi_config_apply_per_lib :  ITTAPI function not implemented: __itt_model_site_end
19548 : 0x1d9f3b875e : 2 : ittapi_config_apply_per_lib :  ITTAPI function not implemented: __itt_model_task_begin
19548 : 0x1d9f3b8776 : 2 : ittapi_config_apply_per_lib :  ITTAPI function not implemented: __itt_model_task_end
19548 : 0x1d9f3b878d : 2 : ittapi_config_apply_per_lib :  ITTAPI function not implemented: __itt_model_lock_acquire
19548 : 0x1d9f3b87a5 : 2 : ittapi_config_apply_per_lib :  ITTAPI function not implemented: __itt_model_lock_release
19548 : 0x1d9f3b87bd : 2 : ittapi_config_apply_per_lib :  ITTAPI function not implemented: __itt_model_record_allocation
19548 : 0x1d9f3b87d6 : 2 : ittapi_config_apply_per_lib :  ITTAPI function not implemented: __itt_model_record_deallocation
19548 : 0x1d9f3b87f3 : 2 : ittapi_config_apply_per_lib :  ITTAPI function not implemented: __itt_model_induction_uses
19548 : 0x1d9f3b8814 : 2 : ittapi_config_apply_per_lib :  ITTAPI function not implemented: __itt_model_reduction_uses
19548 : 0x1d9f3b888c : 2 : ittapi_config_apply_per_lib :  ITTAPI function not implemented: __itt_model_observe_uses
19548 : 0x1d9f3b88b1 : 2 : ittapi_config_apply_per_lib :  ITTAPI function not implemented: __itt_model_clear_uses
19548 : 0x1d9f3b88cf : 2 : ittapi_config_apply_per_lib :  ITTAPI function not implemented: __itt_model_site_beginW
19548 : 0x1d9f3b88ef : 2 : ittapi_config_apply_per_lib :  ITTAPI function not implemented: __itt_model_task_beginW
19548 : 0x1d9f3b8912 : 2 : ittapi_config_apply_per_lib :  ITTAPI function not implemented: __itt_model_iteration_taskW
19548 : 0x1d9f3b8935 : 2 : ittapi_config_apply_per_lib :  ITTAPI function not implemented: __itt_model_site_beginA
19548 : 0x1d9f3b8957 : 2 : ittapi_config_apply_per_lib :  ITTAPI function not implemented: __itt_model_site_beginAL
19548 : 0x1d9f3b8976 : 2 : ittapi_config_apply_per_lib :  ITTAPI function not implemented: __itt_model_task_beginA
19548 : 0x1d9f3b8998 : 2 : ittapi_config_apply_per_lib :  ITTAPI function not implemented: __itt_model_task_beginAL
19548 : 0x1d9f3b89b7 : 2 : ittapi_config_apply_per_lib :  ITTAPI function not implemented: __itt_model_iteration_taskA
19548 : 0x1d9f3b8a3b : 2 : ittapi_config_apply_per_lib :  ITTAPI function not implemented: __itt_model_iteration_taskAL
19548 : 0x1d9f3b8a5e : 2 : ittapi_config_apply_per_lib :  ITTAPI function not implemented: __itt_model_site_end_2
19548 : 0x1d9f3b8a82 : 2 : ittapi_config_apply_per_lib :  ITTAPI function not implemented: __itt_model_task_end_2
19548 : 0x1d9f3b8aa6 : 2 : ittapi_config_apply_per_lib :  ITTAPI function not implemented: __itt_model_lock_acquire_2
19548 : 0x1d9f3b8ac7 : 2 : ittapi_config_apply_per_lib :  ITTAPI function not implemented: __itt_model_lock_release_2
19548 : 0x1d9f3b8ae8 : 2 : ittapi_config_apply_per_lib :  ITTAPI function not implemented: __itt_model_aggregate_task
19548 : 0x1d9f3b8b09 : 2 : ittapi_config_apply_per_lib :  ITTAPI function not implemented: __itt_model_disable_push
19548 : 0x1d9f3b8b22 : 2 : ittapi_config_apply_per_lib :  ITTAPI function not implemented: __itt_model_disable_pop
19548 : 0x1d9f3b8b3a : 2 : ittapi_config_apply_per_lib :  ITTAPI function instrumented: __itt_heap_function_createA
19548 : 0x1d9f3b8b51 : 2 : ittapi_config_apply_per_lib :  ITTAPI function instrumented: __itt_heap_function_createW
19548 : 0x1d9f3b8ba5 : 2 : ittapi_config_apply_per_lib :  ITTAPI function instrumented: __itt_heap_allocate_begin
19548 : 0x1d9f3b8bbd : 2 : ittapi_config_apply_per_lib :  ITTAPI function instrumented: __itt_heap_allocate_end
19548 : 0x1d9f3b8bd4 : 2 : ittapi_config_apply_per_lib :  ITTAPI function instrumented: __itt_heap_free_begin
19548 : 0x1d9f3b8bea : 2 : ittapi_config_apply_per_lib :  ITTAPI function instrumented: __itt_heap_free_end
19548 : 0x1d9f3b8c00 : 2 : ittapi_config_apply_per_lib :  ITTAPI function instrumented: __itt_heap_reallocate_begin
19548 : 0x1d9f3b8c17 : 2 : ittapi_config_apply_per_lib :  ITTAPI function instrumented: __itt_heap_reallocate_end
19548 : 0x1d9f3b8c31 : 2 : ittapi_config_apply_per_lib :  ITTAPI function not implemented: __itt_heap_internal_access_begin
19548 : 0x1d9f3b8c4a : 2 : ittapi_config_apply_per_lib :  ITTAPI function not implemented: __itt_heap_internal_access_end
19548 : 0x1d9f3b8c63 : 2 : ittapi_config_apply_per_lib :  ITTAPI function not implemented: __itt_heap_record_memory_growth_begin
19548 : 0x1d9f3b8c7c : 2 : ittapi_config_apply_per_lib :  ITTAPI function not implemented: __itt_heap_record_memory_growth_end
19548 : 0x1d9f3b8cc5 : 2 : ittapi_config_apply_per_lib :  ITTAPI function not implemented: __itt_heap_reset_detection
19548 : 0x1d9f3b8cde : 2 : ittapi_config_apply_per_lib :  ITTAPI function not implemented: __itt_heap_record
19548 : 0x1d9f3b8cf7 : 2 : ittapi_config_apply_per_lib :  ITTAPI function not implemented: __itt_id_create
19548 : 0x1d9f3b8e02 : 2 : ittapi_config_apply_per_lib :  ITTAPI function not implemented: __itt_id_destroy
19548 : 0x1d9f3b8e19 : 2 : ittapi_config_apply_per_lib :  ITTAPI function instrumented: __itt_get_timestamp
19548 : 0x1d9f3b8e32 : 2 : ittapi_config_apply_per_lib :  ITTAPI function not implemented: __itt_region_begin
19548 : 0x1d9f3b8e4a : 2 : ittapi_config_apply_per_lib :  ITTAPI function not implemented: __itt_region_end
19548 : 0x1d9f3b8e62 : 2 : ittapi_config_apply_per_lib :  ITTAPI function instrumented: __itt_frame_begin_v3
19548 : 0x1d9f3b8e7a : 2 : ittapi_config_apply_per_lib :  ITTAPI function instrumented: __itt_frame_end_v3
19548 : 0x1d9f3b8e92 : 2 : ittapi_config_apply_per_lib :  ITTAPI function instrumented: __itt_frame_submit_v3
19548 : 0x1d9f3b8f8b : 2 : ittapi_config_apply_per_lib :  ITTAPI function not implemented: __itt_task_group
19548 : 0x1d9f3b8faa : 2 : ittapi_config_apply_per_lib :  ITTAPI function instrumented: __itt_task_begin
19548 : 0x1d9f3b8fc4 : 2 : ittapi_config_apply_per_lib :  ITTAPI function instrumented: __itt_task_begin_fn
19548 : 0x1d9f3b8fdd : 2 : ittapi_config_apply_per_lib :  ITTAPI function instrumented: __itt_task_end
19548 : 0x1d9f3b8ff9 : 2 : ittapi_config_apply_per_lib :  ITTAPI function not implemented: __itt_counter_inc_v3
19548 : 0x1d9f3b9013 : 2 : ittapi_config_apply_per_lib :  ITTAPI function not implemented: __itt_counter_inc_delta_v3
19548 : 0x1d9f3b902c : 2 : ittapi_config_apply_per_lib :  ITTAPI function not implemented: __itt_marker
19548 : 0x1d9f3b9042 : 2 : ittapi_config_apply_per_lib :  ITTAPI function instrumented: __itt_metadata_add
19548 : 0x1d9f3b905a : 2 : ittapi_config_apply_per_lib :  ITTAPI function not implemented: __itt_metadata_str_addA
19548 : 0x1d9f3b90d1 : 2 : ittapi_config_apply_per_lib :  ITTAPI function not implemented: __itt_metadata_str_addW
19548 : 0x1d9f3b91e5 : 2 : ittapi_config_apply_per_lib :  ITTAPI function not implemented: __itt_relation_add_to_current
19548 : 0x1d9f3b9200 : 2 : ittapi_config_apply_per_lib :  ITTAPI function not implemented: __itt_relation_add
19548 : 0x1d9f3b9217 : 2 : ittapi_config_apply_per_lib :  ITTAPI function instrumented: __itt_event_createA
19548 : 0x1d9f3b922d : 2 : ittapi_config_apply_per_lib :  ITTAPI function instrumented: __itt_event_createW
19548 : 0x1d9f3b9243 : 2 : ittapi_config_apply_per_lib :  ITTAPI function instrumented: __itt_event_start
19548 : 0x1d9f3b925a : 2 : ittapi_config_apply_per_lib :  ITTAPI function instrumented: __itt_event_end
19548 : 0x1d9f3b926d : 2 : ittapi_config_apply_per_lib :  ITTAPI function NOT instrumented (not matched by --itt-config option): __itt_sync_set_nameA

19548 : 0x1d9f3b9286 : 2 : ittapi_config_apply_per_lib :  ITTAPI function NOT instrumented (not matched by --itt-config option): __itt_sync_set_nameW

19548 : 0x1d9f3b929f : 2 : ittapi_config_apply_per_lib :  ITTAPI function NOT instrumented (not matched by --itt-config option): __itt_notify_sync_nameA

19548 : 0x1d9f3b92b9 : 2 : ittapi_config_apply_per_lib :  ITTAPI function NOT instrumented (not matched by --itt-config option): __itt_notify_sync_nameW

19548 : 0x1d9f3b9305 : 2 : ittapi_config_apply_per_lib :  ITTAPI function NOT instrumented (not matched by --itt-config option): __itt_notify_sync_prepare

19548 : 0x1d9f3b9320 : 2 : ittapi_config_apply_per_lib :  ITTAPI function NOT instrumented (not matched by --itt-config option): __itt_notify_sync_cancel

19548 : 0x1d9f3b933a : 2 : ittapi_config_apply_per_lib :  ITTAPI function NOT instrumented (not matched by --itt-config option): __itt_notify_sync_acquired

19548 : 0x1d9f3b9354 : 2 : ittapi_config_apply_per_lib :  ITTAPI function NOT instrumented (not matched by --itt-config option): __itt_notify_sync_releasing

19548 : 0x1d9f3b9373 : 2 : ittapi_config_apply_per_lib :  ITTAPI function not implemented: __itt_memory_read
19548 : 0x1d9f3b938b : 2 : ittapi_config_apply_per_lib :  ITTAPI function not implemented: __itt_memory_write
19548 : 0x1d9f3b93a3 : 2 : ittapi_config_apply_per_lib :  ITTAPI function not implemented: __itt_memory_update
19548 : 0x1d9f3b93bd : 2 : ittapi_config_apply_per_lib :  ITTAPI function not implemented: __itt_state_get
19548 : 0x1d9f3b93d6 : 2 : ittapi_config_apply_per_lib :  ITTAPI function not implemented: __itt_state_set
19548 : 0x1d9f3b93ee : 2 : ittapi_config_apply_per_lib :  ITTAPI function not implemented: __itt_obj_mode_set
19548 : 0x1d9f3b9577 : 2 : ittapi_config_apply_per_lib :  ITTAPI function not implemented: __itt_thr_mode_set
19548 : 0x1d9f3b9592 : 2 : ittapi_config_apply_per_lib :  ITTAPI function instrumented: __itt_frame_createA
19548 : 0x1d9f3b95a8 : 2 : ittapi_config_apply_per_lib :  ITTAPI function instrumented: __itt_frame_createW
19548 : 0x1d9f3b95be : 2 : ittapi_config_apply_per_lib :  ITTAPI function instrumented: __itt_frame_begin
19548 : 0x1d9f3b95d4 : 2 : ittapi_config_apply_per_lib :  ITTAPI function instrumented: __itt_frame_end
19548 : 0x1d9f3b95ea : 2 : ittapi_config_apply_per_lib :  ITTAPI function instrumented: __itt_counter_createA
19548 : 0x1d9f3b9601 : 2 : ittapi_config_apply_per_lib :  ITTAPI function instrumented: __itt_counter_createW
19548 : 0x1d9f3b961a : 2 : ittapi_config_apply_per_lib :  ITTAPI function not implemented: __itt_counter_destroy
19548 : 0x1d9f3b9632 : 2 : ittapi_config_apply_per_lib :  ITTAPI function instrumented: __itt_counter_inc
19548 : 0x1d9f3b9648 : 2 : ittapi_config_apply_per_lib :  ITTAPI function instrumented: __itt_counter_inc_delta
19548 : 0x1d9f3b96a3 : 2 : ittapi_config_apply_per_lib :  ITTAPI function not implemented: __itt_mark_createA
19548 : 0x1d9f3b96bc : 2 : ittapi_config_apply_per_lib :  ITTAPI function not implemented: __itt_mark_createW
19548 : 0x1d9f3b96d4 : 2 : ittapi_config_apply_per_lib :  ITTAPI function not implemented: __itt_markA
19548 : 0x1d9f3b96eb : 2 : ittapi_config_apply_per_lib :  ITTAPI function not implemented: __itt_markW
19548 : 0x1d9f3b9703 : 2 : ittapi_config_apply_per_lib :  ITTAPI function not implemented: __itt_mark_off
19548 : 0x1d9f3b971b : 2 : ittapi_config_apply_per_lib :  ITTAPI function not implemented: __itt_mark_globalA
19548 : 0x1d9f3b9733 : 2 : ittapi_config_apply_per_lib :  ITTAPI function not implemented: __itt_mark_globalW
19548 : 0x1d9f3b97be : 2 : ittapi_config_apply_per_lib :  ITTAPI function not implemented: __itt_mark_global_off
19548 : 0x1d9f3b97d4 : 2 : ittapi_config_apply_per_lib :  ITTAPI function NOT instrumented (not matched by --itt-config option): __itt_stack_caller_create

19548 : 0x1d9f3b97ef : 2 : ittapi_config_apply_per_lib :  ITTAPI function NOT instrumented (not matched by --itt-config option): __itt_stack_caller_destroy

19548 : 0x1d9f3b9858 : 2 : ittapi_config_apply_per_lib :  ITTAPI function NOT instrumented (not matched by --itt-config option): __itt_stack_callee_enter

19548 : 0x1d9f3b9873 : 2 : ittapi_config_apply_per_lib :  ITTAPI function NOT instrumented (not matched by --itt-config option): __itt_stack_callee_leave

19548 : 0x1d9f3b9893 : 2 : ittapi_config_apply_per_lib :  ITTAPI function not implemented: __itt_clock_domain_create
19548 : 0x1d9f3b98ab : 2 : ittapi_config_apply_per_lib :  ITTAPI function not implemented: __itt_clock_domain_reset
19548 : 0x1d9f3b98c3 : 2 : ittapi_config_apply_per_lib :  ITTAPI function not implemented: __itt_id_create_ex
19548 : 0x1d9f3b98db : 2 : ittapi_config_apply_per_lib :  ITTAPI function not implemented: __itt_id_destroy_ex
19548 : 0x1d9f3b98f5 : 2 : ittapi_config_apply_per_lib :  ITTAPI function not implemented: __itt_task_begin_ex
19548 : 0x1d9f3b990e : 2 : ittapi_config_apply_per_lib :  ITTAPI function not implemented: __itt_task_begin_fn_ex
19548 : 0x1d9f3b9926 : 2 : ittapi_config_apply_per_lib :  ITTAPI function not implemented: __itt_task_end_ex
19548 : 0x1d9f3b993e : 2 : ittapi_config_apply_per_lib :  ITTAPI function instrumented: __itt_task_begin_overlapped
19548 : 0x1d9f3b9986 : 2 : ittapi_config_apply_per_lib :  ITTAPI function not implemented: __itt_task_begin_overlapped_ex
19548 : 0x1d9f3b999d : 2 : ittapi_config_apply_per_lib :  ITTAPI function instrumented: __itt_task_end_overlapped
19548 : 0x1d9f3b99b5 : 2 : ittapi_config_apply_per_lib :  ITTAPI function not implemented: __itt_task_end_overlapped_ex
19548 : 0x1d9f3b99ce : 2 : ittapi_config_apply_per_lib :  ITTAPI function not implemented: __itt_marker_ex
19548 : 0x1d9f3b99e6 : 2 : ittapi_config_apply_per_lib :  ITTAPI function not implemented: __itt_metadata_add_with_scope
19548 : 0x1d9f3b99ff : 2 : ittapi_config_apply_per_lib :  ITTAPI function not implemented: __itt_metadata_str_add_with_scopeA
19548 : 0x1d9f3b9a18 : 2 : ittapi_config_apply_per_lib :  ITTAPI function not implemented: __itt_metadata_str_add_with_scopeW
19548 : 0x1d9f3b9a32 : 2 : ittapi_config_apply_per_lib :  ITTAPI function not implemented: __itt_relation_add_to_current_ex
19548 : 0x1d9f3b9a4b : 2 : ittapi_config_apply_per_lib :  ITTAPI function not implemented: __itt_relation_add_ex
19548 : 0x1d9f3b9a64 : 2 : ittapi_config_apply_per_lib :  ITTAPI function not implemented: __itt_track_group_create
19548 : 0x1d9f3b9ac0 : 2 : ittapi_config_apply_per_lib :  ITTAPI function not implemented: __itt_track_create
19548 : 0x1d9f3b9adb : 2 : ittapi_config_apply_per_lib :  ITTAPI function not implemented: __itt_set_track
19548 : 0x1d9f3b9af1 : 2 : ittapi_config_apply_per_lib :  ITTAPI function instrumented: __itt_api_version
19548 : 0x1d9f3b9b0a : 2 : ittapi_config_apply_per_lib :  ITTAPI function not implemented: __itt_av_saveA
19548 : 0x1d9f3b9b22 : 2 : ittapi_config_apply_per_lib :  ITTAPI function not implemented: __itt_av_saveW