
2564 : 0x2042bcf49c : 1 : spill_jit_data :  Jit agent is not initialized
2564 : 0x2042bd004f : 2 : ittapi_config_mask_get :  --itt-config mask to be applied: 39
2564 : 0x2042bd00fe : 2 : ittapi_config_apply_per_lib :  ITTAPI function instrumented: __itt_domain_createA
2564 : 0x2042bd0125 : 2 : ittapi_config_apply_per_lib :  ITTAPI function instrumented: __itt_domain_createW
2564 : 0x2042bd0149 : 2 : ittapi_config_apply_per_lib :  ITTAPI function instrumented: __itt_string_handle_createA
2564 : 0x2042bd0162 : 2 : ittapi_config_apply_per_lib :  ITTAPI function instrumented: __itt_string_handle_createW
2564 : 0x2042bd017c : 2 : ittapi_config_apply_per_lib :  ITTAPI function instrumented: __itt_counter_createA
2564 : 0x2042bd0196 : 2 : ittapi_config_apply_per_lib :  ITTAPI function instrumented: __itt_counter_createW
2564 : 0x2042bd01af : 2 : ittapi_config_apply_per_lib :  ITTAPI function instrumented: __itt_counter_create_typedA
2564 : 0x2042bd01c8 : 2 : ittapi_config_apply_per_lib :  ITTAPI function instrumented: __itt_counter_create_typedW
2564 : 0x2042bd0a3c : 2 : ittapi_config_apply_per_lib :  ITTAPI function instrumented: __itt_pause
2564 : 0x2042bd0b91 : 2 : ittapi_config_apply_per_lib :  ITTAPI function instrumented: __itt_resume
2564 : 0x2042bd0bad : 2 : ittapi_config_apply_per_lib :  ITTAPI function instrumented: __itt_thread_set_nameA
2564 : 0x2042bd0bcb : 2 : ittapi_config_apply_per_lib :  ITTAPI function instrumented: __itt_thread_set_nameW
2564 : 0x2042bd0be7 : 2 : ittapi_config_apply_per_lib :  ITTAPI function instrumented: __itt_thread_ignore
2564 : 0x2042bd0c03 : 2 : ittapi_config_apply_per_lib :  ITTAPI function instrumented: __itt_thr_name_setA
2564 : 0x2042bd0c1f : 2 : ittapi_config_apply_per_lib :  ITTAPI function instrumented: __itt_thr_name_setW
2564 : 0x2042bd0c3b : 2 : ittapi_config_apply_per_lib :  ITTAPI function instrumented: __itt_thr_ignore
2564 : 0x2042bd0c6c : 2 : ittapi_config_apply_per_lib :  ITTAPI function not implemented: __itt_enable_attach
2564 : 0x2042bd0c84 : 2 : ittapi_config_apply_per_lib :  ITTAPI function instrumented: __itt_detach
2564 : 0x2042bd0d99 : 2 : ittapi_config_apply_per_lib :  ITTAPI function NOT instrumented (not matched by --itt-config option): __itt_sync_createA

2564 : 0x2042bd0dba : 2 : ittapi_config_apply_per_lib :  ITTAPI function NOT instrumented (not matched by --itt-config option): __itt_sync_createW

2564 : 0x2042bd0dd5 : 2 : ittapi_config_apply_per_lib :  ITTAPI function NOT instrumented (not matched by --itt-config option): __itt_sync_renameA

2564 : 0x2042bd0df0 : 2 : ittapi_config_apply_per_lib :  ITTAPI function NOT instrumented (not matched by --itt-config option): __itt_sync_renameW

2564 : 0x2042bd0e0d : 2 : ittapi_config_apply_per_lib :  ITTAPI function NOT instrumented (not matched by --itt-config option): __itt_sync_destroy

2564 : 0x2042bd0e28 : 2 : ittapi_config_apply_per_lib :  ITTAPI function NOT instrumented (not matched by --itt-config option): __itt_sync_prepare

2564 : 0x2042bd0e44 : 2 : ittapi_config_apply_per_lib :  ITTAPI function NOT instrumented (not matched by --itt-config option): __itt_sync_cancel

2564 : 0x2042bd0e60 : 2 : ittapi_config_apply_per_lib :  ITTAPI function NOT instrumented (not matched by --itt-config option): __itt_sync_acquired

2564 : 0x2042bd0e7f : 2 : ittapi_config_apply_per_lib :  ITTAPI function NOT instrumented (not matched by --itt-config option): __itt_sync_releasing

2564 : 0x2042bd0eaf : 2 : ittapi_config_apply_per_lib :  ITTAPI function not implemented: __itt_suppress_push
2564 : 0x2042bd0f3d : 2 : ittapi_config_apply_per_lib :  ITTAPI function not implemented: __itt_suppress_pop
2564 : 0x2042bd0f59 : 2 : ittapi_config_apply_per_lib :  ITTAPI function not implemented: __itt_suppress_mark_range
2564 : 0x2042bd0f73 : 2 : ittapi_config_apply_per_lib :  ITTAPI function not implemented: __itt_suppress_clear_range
2564 : 0x2042bd1037 : 2 : ittapi_config_apply_per_lib :  ITTAPI function NOT instrumented (not matched by --itt-config option): __itt_sync_prepare

2564 : 0x2042bd104f : 2 : ittapi_config_apply_per_lib :  ITTAPI function NOT instrumented (not matched by --itt-config option): __itt_sync_cancel

2564 : 0x2042bd1068 : 2 : ittapi_config_apply_per_lib :  ITTAPI function NOT instrumented (not matched by --itt-config option): __itt_sync_acquired

2564 : 0x2042bd1081 : 2 : ittapi_config_apply_per_lib :  ITTAPI function NOT instrumented (not matched by --itt-config option): __itt_sync_releasing

2564 : 0x2042bd109f : 2 : ittapi_config_apply_per_lib :  ITTAPI function not implemented: __itt_model_site_begin
2564 : 0x2042bd10b7 : 2 : ittapi_config_apply_per_lib :  ITTAPI function not implemented: __itt_model_site_end
2564 : 0x2042bd10cf : 2 : ittapi_config_apply_per_lib :  ITTAPI function not implemented: __itt_model_task_begin
2564 : 0x2042bd1305 : 2 : ittapi_config_apply_per_lib :  ITTAPI function not implemented: __itt_model_task_end
2564 : 0x2042bd131e : 2 : ittapi_config_apply_per_lib :  ITTAPI function not implemented: __itt_model_lock_acquire
2564 : 0x2042bd1333 : 2 : ittapi_config_apply_per_lib :  ITTAPI function not implemented: __itt_model_lock_release
2564 : 0x2042bd1345 : 2 : ittapi_config_apply_per_lib :  ITTAPI function not implemented: __itt_model_record_allocation
2564 : 0x2042bd1359 : 2 : ittapi_config_apply_per_lib :  ITTAPI function not implemented: __itt_model_record_deallocation
2564 : 0x2042bd136b : 2 : ittapi_config_apply_per_lib :  ITTAPI function not implemented: __itt_model_induction_uses
2564 : 0x2042bd137f : 2 : ittapi_config_apply_per_lib :  ITTAPI function not implemented: __itt_model_reduction_uses
2564 : 0x2042bd1392 : 2 : ittapi_config_apply_per_lib :  ITTAPI function not implemented: __itt_model_observe_uses
2564 : 0x2042bd13a5 : 2 : ittapi_config_apply_per_lib :  ITTAPI function not implemented: __itt_model_clear_uses
2564 : 0x2042bd13b8 : 2 : ittapi_config_apply_per_lib :  ITTAPI function not implemented: __itt_model_site_beginW
2564 : 0x2042bd1408 : 2 : ittapi_config_apply_per_lib :  ITTAPI function not implemented: __itt_model_task_beginW
2564 : 0x2042bd141c : 2 : ittapi_config_apply_per_lib :  ITTAPI function not implemented: __itt_model_iteration_taskW
2564 : 0x2042bd1430 : 2 : ittapi_config_apply_per_lib :  ITTAPI function not implemented: __itt_model_site_beginA
2564 : 0x2042bd14a8 : 2 : ittapi_config_apply_per_lib :  ITTAPI function not implemented: __itt_model_site_beginAL
2564 : 0x2042bd14bc : 2 : ittapi_config_apply_per_lib :  ITTAPI function not implemented: __itt_model_task_beginA
2564 : 0x2042bd14cf : 2 : ittapi_config_apply_per_lib :  ITTAPI function not implemented: __itt_model_task_beginAL
2564 : 0x2042bd14e2 : 2 : ittapi_config_apply_per_lib :  ITTAPI function not implemented: __itt_model_iteration_taskA
2564 : 0x2042bd14f5 : 2 : ittapi_config_apply_per_lib :  ITTAPI function not implemented: __itt_model_iteration_taskAL
2564 : 0x2042bd1508 : 2 : ittapi_config_apply_per_lib :  ITTAPI function not implemented: __itt_model_site_end_2
2564 : 0x2042bd151a : 2 : ittapi_config_apply_per_lib :  ITTAPI function not implemented: __itt_model_task_end_2
2564 : 0x2042bd156e : 2 : ittapi_config_apply_per_lib :  ITTAPI function not implemented: __itt_model_lock_acquire_2
2564 : 0x2042bd1583 : 2 : ittapi_config_apply_per_lib :  ITTAPI function not implemented: __itt_model_lock_release_2
2564 : 0x2042bd1596 : 2 : ittapi_config_apply_per_lib :  ITTAPI function not implemented: __itt_model_aggregate_task
2564 : 0x2042bd15a8 : 2 : ittapi_config_apply_per_lib :  ITTAPI function not implemented: __itt_model_disable_push
2564 : 0x2042bd15bb : 2 : ittapi_config_apply_per_lib :  ITTAPI function not implemented: __itt_model_disable_pop
2564 : 0x2042bd15d0 : 2 : ittapi_config_apply_per_lib :  ITTAPI function instrumented: __itt_heap_function_createA
2564 : 0x2042bd15e2 : 2 : ittapi_config_apply_per_lib :  ITTAPI function instrumented: __itt_heap_function_createW
2564 : 0x2042bd15f5 : 2 : ittapi_config_apply_per_lib :  ITTAPI function instrumented: __itt_heap_allocate_begin
2564 : 0x2042bd1606 : 2 : ittapi_config_apply_per_lib :  ITTAPI function instrumented: __itt_heap_allocate_end
2564 : 0x2042bd1618 : 2 : ittapi_config_apply_per_lib :  ITTAPI function instrumented: __itt_heap_free_begin
2564 : 0x2042bd170e : 2 : ittapi_config_apply_per_lib :  ITTAPI function instrumented: __itt_heap_free_end
2564 : 0x2042bd171e : 2 : ittapi_config_apply_per_lib :  ITTAPI function instrumented: __itt_heap_reallocate_begin
2564 : 0x2042bd172f : 2 : ittapi_config_apply_per_lib :  ITTAPI function instrumented: __itt_heap_reallocate_end
2564 : 0x2042bd17ee : 2 : ittapi_config_apply_per_lib :  ITTAPI function not implemented: __itt_heap_internal_access_begin
2564 : 0x2042bd1800 : 2 : ittapi_config_apply_per_lib :  ITTAPI function not implemented: __itt_heap_internal_access_end
2564 : 0x2042bd1812 : 2 : ittapi_config_apply_per_lib :  ITTAPI function not implemented: __itt_heap_record_memory_growth_begin
2564 : 0x2042bd1823 : 2 : ittapi_config_apply_per_lib :  ITTAPI function not implemented: __itt_heap_record_memory_growth_end
2564 : 0x2042bd1835 : 2 : ittapi_config_apply_per_lib :  ITTAPI function not implemented: __itt_heap_reset_detection
2564 : 0x2042bd1845 : 2 : ittapi_config_apply_per_lib :  ITTAPI function not implemented: __itt_heap_record
2564 : 0x2042bd1855 : 2 : ittapi_config_apply_per_lib :  ITTAPI function not implemented: __itt_id_create
2564 : 0x2042bd188b : 2 : ittapi_config_apply_per_lib :  ITTAPI function not implemented: __itt_id_destroy
2564 : 0x2042bd189b : 2 : ittapi_config_apply_per_lib :  ITTAPI function instrumented: __itt_get_timestamp
2564 : 0x2042bd18ac : 2 : ittapi_config_apply_per_lib :  ITTAPI function not implemented: __itt_region_begin
2564 : 0x2042bd18bd : 2 : ittapi_config_apply_per_lib :  ITTAPI function not implemented: __itt_region_end
2564 : 0x2042bd18cd : 2 : ittapi_config_apply_per_lib :  ITTAPI function instrumented: __itt_frame_begin_v3
2564 : 0x2042bd18dd : 2 : ittapi_config_apply_per_lib :  ITTAPI function instrumented: __itt_frame_end_v3
2564 : 0x2042bd18ec : 2 : ittapi_config_apply_per_lib :  ITTAPI function instrumented: __itt_frame_submit_v3
2564 : 0x2042bd18fc : 2 : ittapi_config_apply_per_lib :  ITTAPI function not implemented: __itt_task_group
2564 : 0x2042bd190c : 2 : ittapi_config_apply_per_lib :  ITTAPI function instrumented: __itt_task_begin
2564 : 0x2042bd191b : 2 : ittapi_config_apply_per_lib :  ITTAPI function instrumented: __itt_task_begin_fn
2564 : 0x2042bd194f : 2 : ittapi_config_apply_per_lib :  ITTAPI function instrumented: __itt_task_end
2564 : 0x2042bd1961 : 2 : ittapi_config_apply_per_lib :  ITTAPI function not implemented: __itt_counter_inc_v3
2564 : 0x2042bd1972 : 2 : ittapi_config_apply_per_lib :  ITTAPI function not implemented: __itt_counter_inc_delta_v3
2564 : 0x2042bd1985 : 2 : ittapi_config_apply_per_lib :  ITTAPI function not implemented: __itt_counter_dec_v3
2564 : 0x2042bd1996 : 2 : ittapi_config_apply_per_lib :  ITTAPI function not implemented: __itt_counter_dec_delta_v3
2564 : 0x2042bd19a7 : 2 : ittapi_config_apply_per_lib :  ITTAPI function not implemented: __itt_marker
2564 : 0x2042bd19b6 : 2 : ittapi_config_apply_per_lib :  ITTAPI function instrumented: __itt_metadata_add
2564 : 0x2042bd19c6 : 2 : ittapi_config_apply_per_lib :  ITTAPI function not implemented: __itt_metadata_str_addA
2564 : 0x2042bd19d7 : 2 : ittapi_config_apply_per_lib :  ITTAPI function not implemented: __itt_metadata_str_addW
2564 : 0x2042bd19e7 : 2 : ittapi_config_apply_per_lib :  ITTAPI function not implemented: __itt_relation_add_to_current
2564 : 0x2042bd1a18 : 2 : ittapi_config_apply_per_lib :  ITTAPI function not implemented: __itt_relation_add
2564 : 0x2042bd1a28 : 2 : ittapi_config_apply_per_lib :  ITTAPI function instrumented: __itt_event_createA
2564 : 0x2042bd1a38 : 2 : ittapi_config_apply_per_lib :  ITTAPI function instrumented: __itt_event_createW
2564 : 0x2042bd1a47 : 2 : ittapi_config_apply_per_lib :  ITTAPI function instrumented: __itt_event_start
2564 : 0x2042bd1a56 : 2 : ittapi_config_apply_per_lib :  ITTAPI function instrumented: __itt_event_end
2564 : 0x2042bd1a63 : 2 : ittapi_config_apply_per_lib :  ITTAPI function NOT instrumented (not matched by --itt-config option): __itt_sync_set_nameA

2564 : 0x2042bd1a74 : 2 : ittapi_config_apply_per_lib :  ITTAPI function NOT instrumented (not matched by --itt-config option): __itt_sync_set_nameW

2564 : 0x2042bd1a86 : 2 : ittapi_config_apply_per_lib :  ITTAPI function NOT instrumented (not matched by --itt-config option): __itt_notify_sync_nameA

2564 : 0x2042bd1a98 : 2 : ittapi_config_apply_per_lib :  ITTAPI function NOT instrumented (not matched by --itt-config option): __itt_notify_sync_nameW

2564 : 0x2042bd1aa9 : 2 : ittapi_config_apply_per_lib :  ITTAPI function NOT instrumented (not matched by --itt-config option): __itt_notify_sync_prepare

2564 : 0x2042bd1b2d : 2 : ittapi_config_apply_per_lib :  ITTAPI function NOT instrumented (not matched by --itt-config option): __itt_notify_sync_cancel

2564 : 0x2042bd1b43 : 2 : ittapi_config_apply_per_lib :  ITTAPI function NOT instrumented (not matched by --itt-config option): __itt_notify_sync_acquired

2564 : 0x2042bd1b55 : 2 : ittapi_config_apply_per_lib :  ITTAPI function NOT instrumented (not matched by --itt-config option): __itt_notify_sync_releasing

2564 : 0x2042bd1b6c : 2 : ittapi_config_apply_per_lib :  ITTAPI function not implemented: __itt_memory_read
2564 : 0x2042bd1b7d : 2 : ittapi_config_apply_per_lib :  ITTAPI function not implemented: __itt_memory_write
2564 : 0x2042bd1b8d : 2 : ittapi_config_apply_per_lib :  ITTAPI function not implemented: __itt_memory_update
2564 : 0x2042bd1b9e : 2 : ittapi_config_apply_per_lib :  ITTAPI function not implemented: __itt_state_get
2564 : 0x2042bd1be9 : 2 : ittapi_config_apply_per_lib :  ITTAPI function not implemented: __itt_state_set
2564 : 0x2042bd1bfd : 2 : ittapi_config_apply_per_lib :  ITTAPI function not implemented: __itt_obj_mode_set
2564 : 0x2042bd1c0f : 2 : ittapi_config_apply_per_lib :  ITTAPI function not implemented: __itt_thr_mode_set
2564 : 0x2042bd1c5a : 2 : ittapi_config_apply_per_lib :  ITTAPI function instrumented: __itt_frame_createA
2564 : 0x2042bd1c6a : 2 : ittapi_config_apply_per_lib :  ITTAPI function instrumented: __itt_frame_createW
2564 : 0x2042bd1c79 : 2 : ittapi_config_apply_per_lib :  ITTAPI function instrumented: __itt_frame_begin
2564 : 0x2042bd1db6 : 2 : ittapi_config_apply_per_lib :  ITTAPI function instrumented: __itt_frame_end
2564 : 0x2042bd1dc9 : 2 : ittapi_config_apply_per_lib :  ITTAPI function not implemented: __itt_counter_destroy
2564 : 0x2042bd1ddb : 2 : ittapi_config_apply_per_lib :  ITTAPI function instrumented: __itt_counter_inc
2564 : 0x2042bd1ded : 2 : ittapi_config_apply_per_lib :  ITTAPI function instrumented: __itt_counter_inc_delta
2564 : 0x2042bd1dff : 2 : ittapi_config_apply_per_lib :  ITTAPI function instrumented: __itt_counter_dec
2564 : 0x2042bd1e11 : 2 : ittapi_config_apply_per_lib :  ITTAPI function instrumented: __itt_counter_dec_delta
2564 : 0x2042bd1e23 : 2 : ittapi_config_apply_per_lib :  ITTAPI function instrumented: __itt_counter_set_value
2564 : 0x2042bd1e5c : 2 : ittapi_config_apply_per_lib :  ITTAPI function not implemented: __itt_counter_set_value_ex
2564 : 0x2042bd1e6f : 2 : ittapi_config_apply_per_lib :  ITTAPI function not implemented: __itt_mark_createA
2564 : 0x2042bd1e82 : 2 : ittapi_config_apply_per_lib :  ITTAPI function not implemented: __itt_mark_createW
2564 : 0x2042bd1e94 : 2 : ittapi_config_apply_per_lib :  ITTAPI function not implemented: __itt_markA
2564 : 0x2042bd1ea6 : 2 : ittapi_config_apply_per_lib :  ITTAPI function not implemented: __itt_markW
2564 : 0x2042bd1eb8 : 2 : ittapi_config_apply_per_lib :  ITTAPI function not implemented: __itt_mark_off
2564 : 0x2042bd1ecb : 2 : ittapi_config_apply_per_lib :  ITTAPI function not implemented: __itt_mark_globalA
2564 : 0x2042bd1edd : 2 : ittapi_config_apply_per_lib :  ITTAPI function not implemented: __itt_mark_globalW
2564 : 0x2042bd1ef0 : 2 : ittapi_config_apply_per_lib :  ITTAPI function not implemented: __itt_mark_global_off
2564 : 0x2042bd1f01 : 2 : ittapi_config_apply_per_lib :  ITTAPI function NOT instrumented (not matched by --itt-config option): __itt_stack_caller_create

2564 : 0x2042bd1f3d : 2 : ittapi_config_apply_per_lib :  ITTAPI function NOT instrumented (not matched by --itt-config option): __itt_stack_caller_destroy

2564 : 0x2042bd1f53 : 2 : ittapi_config_apply_per_lib :  ITTAPI function NOT instrumented (not matched by --itt-config option): __itt_stack_callee_enter

2564 : 0x2042bd1f69 : 2 : ittapi_config_apply_per_lib :  ITTAPI function NOT instrumented (not matched by --itt-config option): __itt_stack_callee_leave

2564 : 0x2042bd1f9f : 2 : ittapi_config_apply_per_lib :  ITTAPI function not implemented: __itt_clock_domain_create
2564 : 0x2042bd1fb3 : 2 : ittapi_config_apply_per_lib :  ITTAPI function not implemented: __itt_clock_domain_reset
2564 : 0x2042bd1fc6 : 2 : ittapi_config_apply_per_lib :  ITTAPI function not implemented: __itt_id_create_ex
2564 : 0x2042bd1fd8 : 2 : ittapi_config_apply_per_lib :  ITTAPI function not implemented: __itt_id_destroy_ex
2564 : 0x2042bd1fec : 2 : ittapi_config_apply_per_lib :  ITTAPI function not implemented: __itt_task_begin_ex
2564 : 0x2042bd2000 : 2 : ittapi_config_apply_per_lib :  ITTAPI function not implemented: __itt_task_begin_fn_ex
2564 : 0x2042bd2014 : 2 : ittapi_config_apply_per_lib :  ITTAPI function not implemented: __itt_task_end_ex
2564 : 0x2042bd22ca : 2 : ittapi_config_apply_per_lib :  ITTAPI function instrumented: __itt_task_begin_overlapped
2564 : 0x2042bd22e2 : 2 : ittapi_config_apply_per_lib :  ITTAPI function not implemented: __itt_task_begin_overlapped_ex
2564 : 0x2042bd22f3 : 2 : ittapi_config_apply_per_lib :  ITTAPI function instrumented: __itt_task_end_overlapped
2564 : 0x2042bd2307 : 2 : ittapi_config_apply_per_lib :  ITTAPI function not implemented: __itt_task_end_overlapped_ex
2564 : 0x2042bd2319 : 2 : ittapi_config_apply_per_lib :  ITTAPI function not implemented: __itt_marker_ex
2564 : 0x2042bd232b : 2 : ittapi_config_apply_per_lib :  ITTAPI function not implemented: __itt_metadata_add_with_scope
2564 : 0x2042bd233f : 2 : ittapi_config_apply_per_lib :  ITTAPI function not implemented: __itt_metadata_str_add_with_scopeA
2564 : 0x2042bd2352 : 2 : ittapi_config_apply_per_lib :  ITTAPI function not implemented: __itt_metadata_str_add_with_scopeW
2564 : 0x2042bd2365 : 2 : ittapi_config_apply_per_lib :  ITTAPI function not implemented: __itt_relation_add_to_current_ex
2564 : 0x2042bd2378 : 2 : ittapi_config_apply_per_lib :  ITTAPI function not implemented: __itt_relation_add_ex
2564 : 0x2042bd23c4 : 2 : ittapi_config_apply_per_lib :  ITTAPI function not implemented: __itt_track_group_create
2564 : 0x2042bd23d8 : 2 : ittapi_config_apply_per_lib :  ITTAPI function not implemented: __itt_track_create
2564 : 0x2042bd23eb : 2 : ittapi_config_apply_per_lib :  ITTAPI function not implemented: __itt_set_track
2564 : 0x2042bd23fc : 2 : ittapi_config_apply_per_lib :  ITTAPI function instrumented: __itt_api_version
2564 : 0x2042bd2466 : 2 : ittapi_config_apply_per_lib :  ITTAPI function not implemented: __itt_av_saveA
2564 : 0x2042bd2477 : 2 : ittapi_config_apply_per_lib :  ITTAPI function not implemented: __itt_av_saveW
2564 : 0x2042bd2488 : 2 : ittapi_config_apply_per_lib :  ITTAPI function instrumented: __itt_module_loadA
2564 : 0x2042bd249a : 2 : ittapi_config_apply_per_lib :  ITTAPI function instrumented: __itt_module_loadW
2564 : 0x2042bd34da : 2 : ittapi_config_mask_get :  --itt-config mask to be applied: 39
2564 : 0x2042bd34f9 : 2 : ittapi_config_apply_per_lib :  ITTAPI function instrumented: __itt_domain_createA
2564 : 0x2042bd3566 : 2 : ittapi_config_apply_per_lib :  ITTAPI function instrumented: __itt_domain_createW
2564 : 0x2042bd357a : 2 : ittapi_config_apply_per_lib :  ITTAPI function instrumented: __itt_string_handle_createA
2564 : 0x2042bd35d6 : 2 : ittapi_config_apply_per_lib :  ITTAPI function instrumented: __itt_string_handle_createW
2564 : 0x2042bd35e8 : 2 : ittapi_config_apply_per_lib :  ITTAPI function instrumented: __itt_pause
2564 : 0x2042bd35f9 : 2 : ittapi_config_apply_per_lib :  ITTAPI function instrumented: __itt_resume
2564 : 0x2042bd360a : 2 : ittapi_config_apply_per_lib :  ITTAPI function instrumented: __itt_thread_set_nameA
2564 : 0x2042bd361c : 2 : ittapi_config_apply_per_lib :  ITTAPI function instrumented: __itt_thread_set_nameW
2564 : 0x2042bd362e : 2 : ittapi_config_apply_per_lib :  ITTAPI function instrumented: __itt_thread_ignore
2564 : 0x2042bd363f : 2 : ittapi_config_apply_per_lib :  ITTAPI function instrumented: __itt_thr_name_setA
2564 : 0x2042bd3650 : 2 : ittapi_config_apply_per_lib :  ITTAPI function instrumented: __itt_thr_name_setW
2564 : 0x2042bd36ac : 2 : ittapi_config_apply_per_lib :  ITTAPI function instrumented: __itt_thr_ignore
2564 : 0x2042bd36c4 : 2 : ittapi_config_apply_per_lib :  ITTAPI function not implemented: __itt_enable_attach
2564 : 0x2042bd36d5 : 2 : ittapi_config_apply_per_lib :  ITTAPI function instrumented: __itt_detach
2564 : 0x2042bd36e4 : 2 : ittapi_config_apply_per_lib :  ITTAPI function NOT instrumented (not matched by --itt-config option): __itt_sync_createA

2564 : 0x2042bd36f9 : 2 : ittapi_config_apply_per_lib :  ITTAPI function NOT instrumented (not matched by --itt-config option): __itt_sync_createW

2564 : 0x2042bd370d : 2 : ittapi_config_apply_per_lib :  ITTAPI function NOT instrumented (not matched by --itt-config option): __itt_sync_renameA

2564 : 0x2042bd3720 : 2 : ittapi_config_apply_per_lib :  ITTAPI function NOT instrumented (not matched by --itt-config option): __itt_sync_renameW

2564 : 0x2042bd3734 : 2 : ittapi_config_apply_per_lib :  ITTAPI function NOT instrumented (not matched by --itt-config option): __itt_sync_destroy

2564 : 0x2042bd3747 : 2 : ittapi_config_apply_per_lib :  ITTAPI function NOT instrumented (not matched by --itt-config option): __itt_sync_prepare

2564 : 0x2042bd375b : 2 : ittapi_config_apply_per_lib :  ITTAPI function NOT instrumented (not matched by --itt-config option): __itt_sync_cancel

2564 : 0x2042bd379a : 2 : ittapi_config_apply_per_lib :  ITTAPI function NOT instrumented (not matched by --itt-config option): __itt_sync_acquired

2564 : 0x2042bd37ae : 2 : ittapi_config_apply_per_lib :  ITTAPI function NOT instrumented (not matched by --itt-config option): __itt_sync_releasing

2564 : 0x2042bd37c8 : 2 : ittapi_config_apply_per_lib :  ITTAPI function not implemented: __itt_suppress_push
2564 : 0x2042bd3865 : 2 : ittapi_config_apply_per_lib :  ITTAPI function not implemented: __itt_suppress_pop
2564 : 0x2042bd3875 : 2 : ittapi_config_apply_per_lib :  ITTAPI function not implemented: __itt_suppress_mark_range
2564 : 0x2042bd3885 : 2 : ittapi_config_apply_per_lib :  ITTAPI function not implemented: __itt_suppress_clear_range
2564 : 0x2042bd3893 : 2 : ittapi_config_apply_per_lib :  ITTAPI function NOT instrumented (not matched by --itt-config option): __itt_sync_prepare

2564 : 0x2042bd38a5 : 2 : ittapi_config_apply_per_lib :  ITTAPI function NOT instrumented (not matched by --itt-config option): __itt_sync_cancel

2564 : 0x2042bd38b7 : 2 : ittapi_config_apply_per_lib :  ITTAPI function NOT instrumented (not matched by --itt-config option): __itt_sync_acquired

2564 : 0x2042bd38c8 : 2 : ittapi_config_apply_per_lib :  ITTAPI function NOT instrumented (not matched by --itt-config option): __itt_sync_releasing

2564 : 0x2042bd38fe : 2 : ittapi_config_apply_per_lib :  ITTAPI function not implemented: __itt_model_site_begin
2564 : 0x2042bd3910 : 2 : ittapi_config_apply_per_lib :  ITTAPI function not implemented: __itt_model_site_end
2564 : 0x2042bd3921 : 2 : ittapi_config_apply_per_lib :  ITTAPI function not implemented: __itt_model_task_begin
2564 : 0x2042bd3930 : 2 : ittapi_config_apply_per_lib :  ITTAPI function not implemented: __itt_model_task_end
2564 : 0x2042bd3940 : 2 : ittapi_config_apply_per_lib :  ITTAPI function not implemented: __itt_model_lock_acquire
2564 : 0x2042bd3950 : 2 : ittapi_config_apply_per_lib :  ITTAPI function not implemented: __itt_model_lock_release
2564 : 0x2042bd3960 : 2 : ittapi_config_apply_per_lib :  ITTAPI function not implemented: __itt_model_record_allocation
2564 : 0x2042bd3971 : 2 : ittapi_config_apply_per_lib :  ITTAPI function not implemented: __itt_model_record_deallocation
2564 : 0x2042bd3981 : 2 : ittapi_config_apply_per_lib :  ITTAPI function not implemented: __itt_model_induction_uses
2564 : 0x2042bd3991 : 2 : ittapi_config_apply_per_lib :  ITTAPI function not implemented: __itt_model_reduction_uses
2564 : 0x2042bd39c7 : 2 : ittapi_config_apply_per_lib :  ITTAPI function not implemented: __itt_model_observe_uses
2564 : 0x2042bd39d8 : 2 : ittapi_config_apply_per_lib :  ITTAPI function not implemented: __itt_model_clear_uses
2564 : 0x2042bd39e8 : 2 : ittapi_config_apply_per_lib :  ITTAPI function not implemented: __itt_model_site_beginW
2564 : 0x2042bd39f9 : 2 : ittapi_config_apply_per_lib :  ITTAPI function not implemented: __itt_model_task_beginW
2564 : 0x2042bd3a09 : 2 : ittapi_config_apply_per_lib :  ITTAPI function not implemented: __itt_model_iteration_taskW
2564 : 0x2042bd3a1a : 2 : ittapi_config_apply_per_lib :  ITTAPI function not implemented: __itt_model_site_beginA
2564 : 0x2042bd3a2a : 2 : ittapi_config_apply_per_lib :  ITTAPI function not implemented: __itt_model_site_beginAL
2564 : 0x2042bd3a3b : 2 : ittapi_config_apply_per_lib :  ITTAPI function not implemented: __itt_model_task_beginA
2564 : 0x2042bd3a4b : 2 : ittapi_config_apply_per_lib :  ITTAPI function not implemented: __itt_model_task_beginAL
2564 : 0x2042bd3a5c : 2 : ittapi_config_apply_per_lib :  ITTAPI function not implemented: __itt_model_iteration_taskA
2564 : 0x2042bd3a8e : 2 : ittapi_config_apply_per_lib :  ITTAPI function not implemented: __itt_model_iteration_taskAL
2564 : 0x2042bd3aa0 : 2 : ittapi_config_apply_per_lib :  ITTAPI function not implemented: __itt_model_site_end_2
2564 : 0x2042bd3ab1 : 2 : ittapi_config_apply_per_lib :  ITTAPI function not implemented: __itt_model_task_end_2
2564 : 0x2042bd3b02 : 2 : ittapi_config_apply_per_lib :  ITTAPI function not implemented: __itt_model_lock_acquire_2
2564 : 0x2042bd3b14 : 2 : ittapi_config_apply_per_lib :  ITTAPI function not implemented: __itt_model_lock_release_2
2564 : 0x2042bd3b25 : 2 : ittapi_config_apply_per_lib :  ITTAPI function not implemented: __itt_model_aggregate_task
2564 : 0x2042bd3b34 : 2 : ittapi_config_apply_per_lib :  ITTAPI function not implemented: __itt_model_disable_push
2564 : 0x2042bd3b44 : 2 : ittapi_config_apply_per_lib :  ITTAPI function not implemented: __itt_model_disable_pop
2564 : 0x2042bd3b54 : 2 : ittapi_config_apply_per_lib :  ITTAPI function instrumented: __itt_heap_function_createA
2564 : 0x2042bd3b64 : 2 : ittapi_config_apply_per_lib :  ITTAPI function instrumented: __itt_heap_function_createW
2564 : 0x2042bd3ba8 : 2 : ittapi_config_apply_per_lib :  ITTAPI function instrumented: __itt_heap_allocate_begin
2564 : 0x2042bd3bb9 : 2 : ittapi_config_apply_per_lib :  ITTAPI function instrumented: __itt_heap_allocate_end
2564 : 0x2042bd3bc8 : 2 : ittapi_config_apply_per_lib :  ITTAPI function instrumented: __itt_heap_free_begin
2564 : 0x2042bd3bd7 : 2 : ittapi_config_apply_per_lib :  ITTAPI function instrumented: __itt_heap_free_end
2564 : 0x2042bd3be6 : 2 : ittapi_config_apply_per_lib :  ITTAPI function instrumented: __itt_heap_reallocate_begin
2564 : 0x2042bd3bf5 : 2 : ittapi_config_apply_per_lib :  ITTAPI function instrumented: __itt_heap_reallocate_end
2564 : 0x2042bd3c06 : 2 : ittapi_config_apply_per_lib :  ITTAPI function not implemented: __itt_heap_internal_access_begin
2564 : 0x2042bd3c17 : 2 : ittapi_config_apply_per_lib :  ITTAPI function not implemented: __itt_heap_internal_access_end
2564 : 0x2042bd3c29 : 2 : ittapi_config_apply_per_lib :  ITTAPI function not implemented: __itt_heap_record_memory_growth_begin
2564 : 0x2042bd3c3a : 2 : ittapi_config_apply_per_lib :  ITTAPI function not implemented: __itt_heap_record_memory_growth_end
2564 : 0x2042bd3c6a : 2 : ittapi_config_apply_per_lib :  ITTAPI function not implemented: __itt_heap_reset_detection
2564 : 0x2042bd3c7b : 2 : ittapi_config_apply_per_lib :  ITTAPI function not implemented: __itt_heap_record
2564 : 0x2042bd3c8b : 2 : ittapi_config_apply_per_lib :  ITTAPI function not implemented: __itt_id_create
2564 : 0x2042bd3c9b : 2 : ittapi_config_apply_per_lib :  ITTAPI function not implemented: __itt_id_destroy
2564 : 0x2042bd3cab : 2 : ittapi_config_apply_per_lib :  ITTAPI function instrumented: __itt_get_timestamp
2564 : 0x2042bd3cbc : 2 : ittapi_config_apply_per_lib :  ITTAPI function not implemented: __itt_region_begin
2564 : 0x2042bd3d0a : 2 : ittapi_config_apply_per_lib :  ITTAPI function not implemented: __itt_region_end
2564 : 0x2042bd3d1a : 2 : ittapi_config_apply_per_lib :  ITTAPI function instrumented: __itt_frame_begin_v3
2564 : 0x2042bd3d29 : 2 : ittapi_config_apply_per_lib :  ITTAPI function instrumented: __itt_frame_end_v3
2564 : 0x2042bd3d39 : 2 : ittapi_config_apply_per_lib :  ITTAPI function instrumented: __itt_frame_submit_v3
2564 : 0x2042bd3d88 : 2 : ittapi_config_apply_per_lib :  ITTAPI function not implemented: __itt_task_group
2564 : 0x2042bd3d99 : 2 : ittapi_config_apply_per_lib :  ITTAPI function instrumented: __itt_task_begin
2564 : 0x2042bd3da8 : 2 : ittapi_config_apply_per_lib :  ITTAPI function instrumented: __itt_task_begin_fn
2564 : 0x2042bd3db8 : 2 : ittapi_config_apply_per_lib :  ITTAPI function instrumented: __itt_task_end
2564 : 0x2042bd3dca : 2 : ittapi_config_apply_per_lib :  ITTAPI function not implemented: __itt_counter_inc_v3
2564 : 0x2042bd3ddb : 2 : ittapi_config_apply_per_lib :  ITTAPI function not implemented: __itt_counter_inc_delta_v3
2564 : 0x2042bd3dec : 2 : ittapi_config_apply_per_lib :  ITTAPI function not implemented: __itt_marker
2564 : 0x2042bd3dfb : 2 : ittapi_config_apply_per_lib :  ITTAPI function instrumented: __itt_metadata_add
2564 : 0x2042bd3e0b : 2 : ittapi_config_apply_per_lib :  ITTAPI function not implemented: __itt_metadata_str_addA
2564 : 0x2042bd3e1b : 2 : ittapi_config_apply_per_lib :  ITTAPI function not implemented: __itt_metadata_str_addW
2564 : 0x2042bd3e4f : 2 : ittapi_config_apply_per_lib :  ITTAPI function not implemented: __itt_relation_add_to_current
2564 : 0x2042bd3e61 : 2 : ittapi_config_apply_per_lib :  ITTAPI function not implemented: __itt_relation_add
2564 : 0x2042bd3e70 : 2 : ittapi_config_apply_per_lib :  ITTAPI function instrumented: __itt_event_createA
2564 : 0x2042bd3e7f : 2 : ittapi_config_apply_per_lib :  ITTAPI function instrumented: __itt_event_createW
2564 : 0x2042bd3e8d : 2 : ittapi_config_apply_per_lib :  ITTAPI function instrumented: __itt_event_start
2564 : 0x2042bd3e9d : 2 : ittapi_config_apply_per_lib :  ITTAPI function instrumented: __itt_event_end
2564 : 0x2042bd3ea9 : 2 : ittapi_config_apply_per_lib :  ITTAPI function NOT instrumented (not matched by --itt-config option): __itt_sync_set_nameA

2564 : 0x2042bd3ebb : 2 : ittapi_config_apply_per_lib :  ITTAPI function NOT instrumented (not matched by --itt-config option): __itt_sync_set_nameW

2564 : 0x2042bd3ecc : 2 : ittapi_config_apply_per_lib :  ITTAPI function NOT instrumented (not matched by --itt-config option): __itt_notify_sync_nameA

2564 : 0x2042bd3edf : 2 : ittapi_config_apply_per_lib :  ITTAPI function NOT instrumented (not matched by --itt-config option): __itt_notify_sync_nameW

2564 : 0x2042bd3f0e : 2 : ittapi_config_apply_per_lib :  ITTAPI function NOT instrumented (not matched by --itt-config option): __itt_notify_sync_prepare

2564 : 0x2042bd3f21 : 2 : ittapi_config_apply_per_lib :  ITTAPI function NOT instrumented (not matched by --itt-config option): __itt_notify_sync_cancel

2564 : 0x2042bd3f32 : 2 : ittapi_config_apply_per_lib :  ITTAPI function NOT instrumented (not matched by --itt-config option): __itt_notify_sync_acquired

2564 : 0x2042bd3f44 : 2 : ittapi_config_apply_per_lib :  ITTAPI function NOT instrumented (not matched by --itt-config option): __itt_notify_sync_releasing

2564 : 0x2042bd3f5a : 2 : ittapi_config_apply_per_lib :  ITTAPI function not implemented: __itt_memory_read
2564 : 0x2042bd3f6a : 2 : ittapi_config_apply_per_lib :  ITTAPI function not implemented: __itt_memory_write
2564 : 0x2042bd3fb8 : 2 : ittapi_config_apply_per_lib :  ITTAPI function not implemented: __itt_memory_update
2564 : 0x2042bd3fcb : 2 : ittapi_config_apply_per_lib :  ITTAPI function not implemented: __itt_state_get
2564 : 0x2042bd3fdc : 2 : ittapi_config_apply_per_lib :  ITTAPI function not implemented: __itt_state_set
2564 : 0x2042bd3fec : 2 : ittapi_config_apply_per_lib :  ITTAPI function not implemented: __itt_obj_mode_set
2564 : 0x2042bd410b : 2 : ittapi_config_apply_per_lib :  ITTAPI function not implemented: __itt_thr_mode_set
2564 : 0x2042bd411f : 2 : ittapi_config_apply_per_lib :  ITTAPI function instrumented: __itt_frame_createA
2564 : 0x2042bd412e : 2 : ittapi_config_apply_per_lib :  ITTAPI function instrumented: __itt_frame_createW
2564 : 0x2042bd413e : 2 : ittapi_config_apply_per_lib :  ITTAPI function instrumented: __itt_frame_begin
2564 : 0x2042bd414d : 2 : ittapi_config_apply_per_lib :  ITTAPI function instrumented: __itt_frame_end
2564 : 0x2042bd415c : 2 : ittapi_config_apply_per_lib :  ITTAPI function instrumented: __itt_counter_createA
2564 : 0x2042bd416b : 2 : ittapi_config_apply_per_lib :  ITTAPI function instrumented: __itt_counter_createW
2564 : 0x2042bd417b : 2 : ittapi_config_apply_per_lib :  ITTAPI function not implemented: __itt_counter_destroy
2564 : 0x2042bd418a : 2 : ittapi_config_apply_per_lib :  ITTAPI function instrumented: __itt_counter_inc
2564 : 0x2042bd4199 : 2 : ittapi_config_apply_per_lib :  ITTAPI function instrumented: __itt_counter_inc_delta
2564 : 0x2042bd41d7 : 2 : ittapi_config_apply_per_lib :  ITTAPI function not implemented: __itt_mark_createA
2564 : 0x2042bd41e9 : 2 : ittapi_config_apply_per_lib :  ITTAPI function not implemented: __itt_mark_createW
2564 : 0x2042bd41f9 : 2 : ittapi_config_apply_per_lib :  ITTAPI function not implemented: __itt_markA
2564 : 0x2042bd420a : 2 : ittapi_config_apply_per_lib :  ITTAPI function not implemented: __itt_markW
2564 : 0x2042bd4219 : 2 : ittapi_config_apply_per_lib :  ITTAPI function not implemented: __itt_mark_off
2564 : 0x2042bd4229 : 2 : ittapi_config_apply_per_lib :  ITTAPI function not implemented: __itt_mark_globalA
2564 : 0x2042bd4239 : 2 : ittapi_config_apply_per_lib :  ITTAPI function not implemented: __itt_mark_globalW
2564 : 0x2042bd4249 : 2 : ittapi_config_apply_per_lib :  ITTAPI function not implemented: __itt_mark_global_off
2564 : 0x2042bd4258 : 2 : ittapi_config_apply_per_lib :  ITTAPI function NOT instrumented (not matched by --itt-config option): __itt_stack_caller_create

2564 : 0x2042bd426a : 2 : ittapi_config_apply_per_lib :  ITTAPI function NOT instrumented (not matched by --itt-config option): __itt_stack_caller_destroy

2564 : 0x2042bd4299 : 2 : ittapi_config_apply_per_lib :  ITTAPI function NOT instrumented (not matched by --itt-config option): __itt_stack_callee_enter

2564 : 0x2042bd42ac : 2 : ittapi_config_apply_per_lib :  ITTAPI function NOT instrumented (not matched by --itt-config option): __itt_stack_callee_leave

2564 : 0x2042bd42c2 : 2 : ittapi_config_apply_per_lib :  ITTAPI function not implemented: __itt_clock_domain_create
2564 : 0x2042bd42d3 : 2 : ittapi_config_apply_per_lib :  ITTAPI function not implemented: __itt_clock_domain_reset
2564 : 0x2042bd42e3 : 2 : ittapi_config_apply_per_lib :  ITTAPI function not implemented: __itt_id_create_ex
2564 : 0x2042bd42f4 : 2 : ittapi_config_apply_per_lib :  ITTAPI function not implemented: __itt_id_destroy_ex
2564 : 0x2042bd4305 : 2 : ittapi_config_apply_per_lib :  ITTAPI function not implemented: __itt_task_begin_ex
2564 : 0x2042bd4315 : 2 : ittapi_config_apply_per_lib :  ITTAPI function not implemented: __itt_task_begin_fn_ex
2564 : 0x2042bd4326 : 2 : ittapi_config_apply_per_lib :  ITTAPI function not implemented: __itt_task_end_ex
2564 : 0x2042bd4336 : 2 : ittapi_config_apply_per_lib :  ITTAPI function instrumented: __itt_task_begin_overlapped
2564 : 0x2042bd4368 : 2 : ittapi_config_apply_per_lib :  ITTAPI function not implemented: __itt_task_begin_overlapped_ex
2564 : 0x2042bd4378 : 2 : ittapi_config_apply_per_lib :  ITTAPI function instrumented: __itt_task_end_overlapped
2564 : 0x2042bd4388 : 2 : ittapi_config_apply_per_lib :  ITTAPI function not implemented: __itt_task_end_overlapped_ex
2564 : 0x2042bd4399 : 2 : ittapi_config_apply_per_lib :  ITTAPI function not implemented: __itt_marker_ex
2564 : 0x2042bd43a9 : 2 : ittapi_config_apply_per_lib :  ITTAPI function not implemented: __itt_metadata_add_with_scope
2564 : 0x2042bd43ba : 2 : ittapi_config_apply_per_lib :  ITTAPI function not implemented: __itt_metadata_str_add_with_scopeA
2564 : 0x2042bd43cc : 2 : ittapi_config_apply_per_lib :  ITTAPI function not implemented: __itt_metadata_str_add_with_scopeW
2564 : 0x2042bd43de : 2 : ittapi_config_apply_per_lib :  ITTAPI function not implemented: __itt_relation_add_to_current_ex
2564 : 0x2042bd43ef : 2 : ittapi_config_apply_per_lib :  ITTAPI function not implemented: __itt_relation_add_ex
2564 : 0x2042bd4400 : 2 : ittapi_config_apply_per_lib :  ITTAPI function not implemented: __itt_track_group_create
2564 : 0x2042bd4435 : 2 : ittapi_config_apply_per_lib :  ITTAPI function not implemented: __itt_track_create
2564 : 0x2042bd4446 : 2 : ittapi_config_apply_per_lib :  ITTAPI function not implemented: __itt_set_track
2564 : 0x2042bd4455 : 2 : ittapi_config_apply_per_lib :  ITTAPI function instrumented: __itt_api_version
2564 : 0x2042bd4465 : 2 : ittapi_config_apply_per_lib :  ITTAPI function not implemented: __itt_av_saveA
2564 : 0x2042bd4474 : 2 : ittapi_config_apply_per_lib :  ITTAPI function not implemented: __itt_av_saveW