
12572 : 0x1c58ae2a63 : 1 : spill_jit_data :  Jit agent is not initialized
12572 : 0x1c58ae2f60 : 2 : ittapi_config_mask_get :  --itt-config mask to be applied: 39
12572 : 0x1c58ae2fcd : 2 : ittapi_config_apply_per_lib :  ITTAPI function instrumented: __itt_domain_createA
12572 : 0x1c58ae2fed : 2 : ittapi_config_apply_per_lib :  ITTAPI function instrumented: __itt_domain_createW
12572 : 0x1c58ae300d : 2 : ittapi_config_apply_per_lib :  ITTAPI function instrumented: __itt_string_handle_createA
12572 : 0x1c58ae3027 : 2 : ittapi_config_apply_per_lib :  ITTAPI function instrumented: __itt_string_handle_createW
12572 : 0x1c58ae3042 : 2 : ittapi_config_apply_per_lib :  ITTAPI function instrumented: __itt_counter_createA
12572 : 0x1c58ae305d : 2 : ittapi_config_apply_per_lib :  ITTAPI function instrumented: __itt_counter_createW
12572 : 0x1c58ae3074 : 2 : ittapi_config_apply_per_lib :  ITTAPI function instrumented: __itt_counter_create_typedA
12572 : 0x1c58ae308c : 2 : ittapi_config_apply_per_lib :  ITTAPI function instrumented: __itt_counter_create_typedW
12572 : 0x1c58ae3488 : 2 : ittapi_config_apply_per_lib :  ITTAPI function instrumented: __itt_pause
12572 : 0x1c58ae34ac : 2 : ittapi_config_apply_per_lib :  ITTAPI function instrumented: __itt_resume
12572 : 0x1c58ae34c9 : 2 : ittapi_config_apply_per_lib :  ITTAPI function instrumented: __itt_thread_set_nameA
12572 : 0x1c58ae34e7 : 2 : ittapi_config_apply_per_lib :  ITTAPI function instrumented: __itt_thread_set_nameW
12572 : 0x1c58ae3500 : 2 : ittapi_config_apply_per_lib :  ITTAPI function instrumented: __itt_thread_ignore
12572 : 0x1c58ae3519 : 2 : ittapi_config_apply_per_lib :  ITTAPI function instrumented: __itt_thr_name_setA
12572 : 0x1c58ae3531 : 2 : ittapi_config_apply_per_lib :  ITTAPI function instrumented: __itt_thr_name_setW
12572 : 0x1c58ae354b : 2 : ittapi_config_apply_per_lib :  ITTAPI function instrumented: __itt_thr_ignore
12572 : 0x1c58ae3572 : 2 : ittapi_config_apply_per_lib :  ITTAPI function not implemented: __itt_enable_attach
12572 : 0x1c58ae358c : 2 : ittapi_config_apply_per_lib :  ITTAPI function instrumented: __itt_detach
12572 : 0x1c58ae3608 : 2 : ittapi_config_apply_per_lib :  ITTAPI function NOT instrumented (not matched by --itt-config option): __itt_sync_createA

12572 : 0x1c58ae3629 : 2 : ittapi_config_apply_per_lib :  ITTAPI function NOT instrumented (not matched by --itt-config option): __itt_sync_createW

12572 : 0x1c58ae3645 : 2 : ittapi_config_apply_per_lib :  ITTAPI function NOT instrumented (not matched by --itt-config option): __itt_sync_renameA

12572 : 0x1c58ae3663 : 2 : ittapi_config_apply_per_lib :  ITTAPI function NOT instrumented (not matched by --itt-config option): __itt_sync_renameW

12572 : 0x1c58ae367e : 2 : ittapi_config_apply_per_lib :  ITTAPI function NOT instrumented (not matched by --itt-config option): __itt_sync_destroy

12572 : 0x1c58ae369a : 2 : ittapi_config_apply_per_lib :  ITTAPI function NOT instrumented (not matched by --itt-config option): __itt_sync_prepare

12572 : 0x1c58ae36b6 : 2 : ittapi_config_apply_per_lib :  ITTAPI function NOT instrumented (not matched by --itt-config option): __itt_sync_cancel

12572 : 0x1c58ae36d2 : 2 : ittapi_config_apply_per_lib :  ITTAPI function NOT instrumented (not matched by --itt-config option): __itt_sync_acquired

12572 : 0x1c58ae36ef : 2 : ittapi_config_apply_per_lib :  ITTAPI function NOT instrumented (not matched by --itt-config option): __itt_sync_releasing

12572 : 0x1c58ae3716 : 2 : ittapi_config_apply_per_lib :  ITTAPI function not implemented: __itt_suppress_push
12572 : 0x1c58ae3769 : 2 : ittapi_config_apply_per_lib :  ITTAPI function not implemented: __itt_suppress_pop
12572 : 0x1c58ae3785 : 2 : ittapi_config_apply_per_lib :  ITTAPI function not implemented: __itt_suppress_mark_range
12572 : 0x1c58ae37a0 : 2 : ittapi_config_apply_per_lib :  ITTAPI function not implemented: __itt_suppress_clear_range
12572 : 0x1c58ae37b6 : 2 : ittapi_config_apply_per_lib :  ITTAPI function NOT instrumented (not matched by --itt-config option): __itt_sync_prepare

12572 : 0x1c58ae37d2 : 2 : ittapi_config_apply_per_lib :  ITTAPI function NOT instrumented (not matched by --itt-config option): __itt_sync_cancel

12572 : 0x1c58ae37ed : 2 : ittapi_config_apply_per_lib :  ITTAPI function NOT instrumented (not matched by --itt-config option): __itt_sync_acquired

12572 : 0x1c58ae3808 : 2 : ittapi_config_apply_per_lib :  ITTAPI function NOT instrumented (not matched by --itt-config option): __itt_sync_releasing

12572 : 0x1c58ae382d : 2 : ittapi_config_apply_per_lib :  ITTAPI function not implemented: __itt_model_site_begin
12572 : 0x1c58ae3848 : 2 : ittapi_config_apply_per_lib :  ITTAPI function not implemented: __itt_model_site_end
12572 : 0x1c58ae3862 : 2 : ittapi_config_apply_per_lib :  ITTAPI function not implemented: __itt_model_task_begin
12572 : 0x1c58ae3a60 : 2 : ittapi_config_apply_per_lib :  ITTAPI function not implemented: __itt_model_task_end
12572 : 0x1c58ae3a85 : 2 : ittapi_config_apply_per_lib :  ITTAPI function not implemented: __itt_model_lock_acquire
12572 : 0x1c58ae3aa1 : 2 : ittapi_config_apply_per_lib :  ITTAPI function not implemented: __itt_model_lock_release
12572 : 0x1c58ae3abd : 2 : ittapi_config_apply_per_lib :  ITTAPI function not implemented: __itt_model_record_allocation
12572 : 0x1c58ae3ad8 : 2 : ittapi_config_apply_per_lib :  ITTAPI function not implemented: __itt_model_record_deallocation
12572 : 0x1c58ae3af3 : 2 : ittapi_config_apply_per_lib :  ITTAPI function not implemented: __itt_model_induction_uses
12572 : 0x1c58ae3b0e : 2 : ittapi_config_apply_per_lib :  ITTAPI function not implemented: __itt_model_reduction_uses
12572 : 0x1c58ae3b29 : 2 : ittapi_config_apply_per_lib :  ITTAPI function not implemented: __itt_model_observe_uses
12572 : 0x1c58ae3b43 : 2 : ittapi_config_apply_per_lib :  ITTAPI function not implemented: __itt_model_clear_uses
12572 : 0x1c58ae3b5d : 2 : ittapi_config_apply_per_lib :  ITTAPI function not implemented: __itt_model_site_beginW
12572 : 0x1c58ae3bda : 2 : ittapi_config_apply_per_lib :  ITTAPI function not implemented: __itt_model_task_beginW
12572 : 0x1c58ae3bf7 : 2 : ittapi_config_apply_per_lib :  ITTAPI function not implemented: __itt_model_iteration_taskW
12572 : 0x1c58ae3c11 : 2 : ittapi_config_apply_per_lib :  ITTAPI function not implemented: __itt_model_site_beginA
12572 : 0x1c58ae3c2b : 2 : ittapi_config_apply_per_lib :  ITTAPI function not implemented: __itt_model_site_beginAL
12572 : 0x1c58ae3c45 : 2 : ittapi_config_apply_per_lib :  ITTAPI function not implemented: __itt_model_task_beginA
12572 : 0x1c58ae3c5f : 2 : ittapi_config_apply_per_lib :  ITTAPI function not implemented: __itt_model_task_beginAL
12572 : 0x1c58ae3c78 : 2 : ittapi_config_apply_per_lib :  ITTAPI function not implemented: __itt_model_iteration_taskA
12572 : 0x1c58ae3c92 : 2 : ittapi_config_apply_per_lib :  ITTAPI function not implemented: __itt_model_iteration_taskAL
12572 : 0x1c58ae3cac : 2 : ittapi_config_apply_per_lib :  ITTAPI function not implemented: __itt_model_site_end_2
12572 : 0x1c58ae3cc6 : 2 : ittapi_config_apply_per_lib :  ITTAPI function not implemented: __itt_model_task_end_2
12572 : 0x1c58ae3d18 : 2 : ittapi_config_apply_per_lib :  ITTAPI function not implemented: __itt_model_lock_acquire_2
12572 : 0x1c58ae3d33 : 2 : ittapi_config_apply_per_lib :  ITTAPI function not implemented: __itt_model_lock_release_2
12572 : 0x1c58ae3d4d : 2 : ittapi_config_apply_per_lib :  ITTAPI function not implemented: __itt_model_aggregate_task
12572 : 0x1c58ae3d67 : 2 : ittapi_config_apply_per_lib :  ITTAPI function not implemented: __itt_model_disable_push
12572 : 0x1c58ae3d81 : 2 : ittapi_config_apply_per_lib :  ITTAPI function not implemented: __itt_model_disable_pop
12572 : 0x1c58ae3d9d : 2 : ittapi_config_apply_per_lib :  ITTAPI function instrumented: __itt_heap_function_createA
12572 : 0x1c58ae3db6 : 2 : ittapi_config_apply_per_lib :  ITTAPI function instrumented: __itt_heap_function_createW
12572 : 0x1c58ae3dd0 : 2 : ittapi_config_apply_per_lib :  ITTAPI function instrumented: __itt_heap_allocate_begin
12572 : 0x1c58ae3de8 : 2 : ittapi_config_apply_per_lib :  ITTAPI function instrumented: __itt_heap_allocate_end
12572 : 0x1c58ae3e01 : 2 : ittapi_config_apply_per_lib :  ITTAPI function instrumented: __itt_heap_free_begin
12572 : 0x1c58ae3eeb : 2 : ittapi_config_apply_per_lib :  ITTAPI function instrumented: __itt_heap_free_end
12572 : 0x1c58ae3f09 : 2 : ittapi_config_apply_per_lib :  ITTAPI function instrumented: __itt_heap_reallocate_begin
12572 : 0x1c58ae3f22 : 2 : ittapi_config_apply_per_lib :  ITTAPI function instrumented: __itt_heap_reallocate_end
12572 : 0x1c58ae3f3f : 2 : ittapi_config_apply_per_lib :  ITTAPI function not implemented: __itt_heap_internal_access_begin
12572 : 0x1c58ae3f5b : 2 : ittapi_config_apply_per_lib :  ITTAPI function not implemented: __itt_heap_internal_access_end
12572 : 0x1c58ae3f78 : 2 : ittapi_config_apply_per_lib :  ITTAPI function not implemented: __itt_heap_record_memory_growth_begin
12572 : 0x1c58ae3f95 : 2 : ittapi_config_apply_per_lib :  ITTAPI function not implemented: __itt_heap_record_memory_growth_end
12572 : 0x1c58ae3faf : 2 : ittapi_config_apply_per_lib :  ITTAPI function not implemented: __itt_heap_reset_detection
12572 : 0x1c58ae3fcb : 2 : ittapi_config_apply_per_lib :  ITTAPI function not implemented: __itt_heap_record
12572 : 0x1c58ae3fe5 : 2 : ittapi_config_apply_per_lib :  ITTAPI function not implemented: __itt_id_create
12572 : 0x1c58ae403f : 2 : ittapi_config_apply_per_lib :  ITTAPI function not implemented: __itt_id_destroy
12572 : 0x1c58ae405b : 2 : ittapi_config_apply_per_lib :  ITTAPI function instrumented: __itt_get_timestamp
12572 : 0x1c58ae4076 : 2 : ittapi_config_apply_per_lib :  ITTAPI function not implemented: __itt_region_begin
12572 : 0x1c58ae4090 : 2 : ittapi_config_apply_per_lib :  ITTAPI function not implemented: __itt_region_end
12572 : 0x1c58ae40aa : 2 : ittapi_config_apply_per_lib :  ITTAPI function instrumented: __itt_frame_begin_v3
12572 : 0x1c58ae40c4 : 2 : ittapi_config_apply_per_lib :  ITTAPI function instrumented: __itt_frame_end_v3
12572 : 0x1c58ae40dc : 2 : ittapi_config_apply_per_lib :  ITTAPI function instrumented: __itt_frame_submit_v3
12572 : 0x1c58ae40f7 : 2 : ittapi_config_apply_per_lib :  ITTAPI function not implemented: __itt_task_group
12572 : 0x1c58ae4111 : 2 : ittapi_config_apply_per_lib :  ITTAPI function instrumented: __itt_task_begin
12572 : 0x1c58ae4129 : 2 : ittapi_config_apply_per_lib :  ITTAPI function instrumented: __itt_task_begin_fn
12572 : 0x1c58ae4178 : 2 : ittapi_config_apply_per_lib :  ITTAPI function instrumented: __itt_task_end
12572 : 0x1c58ae4195 : 2 : ittapi_config_apply_per_lib :  ITTAPI function not implemented: __itt_counter_inc_v3
12572 : 0x1c58ae41b1 : 2 : ittapi_config_apply_per_lib :  ITTAPI function not implemented: __itt_counter_inc_delta_v3
12572 : 0x1c58ae41cd : 2 : ittapi_config_apply_per_lib :  ITTAPI function not implemented: __itt_counter_dec_v3
12572 : 0x1c58ae41e8 : 2 : ittapi_config_apply_per_lib :  ITTAPI function not implemented: __itt_counter_dec_delta_v3
12572 : 0x1c58ae4203 : 2 : ittapi_config_apply_per_lib :  ITTAPI function not implemented: __itt_marker
12572 : 0x1c58ae421c : 2 : ittapi_config_apply_per_lib :  ITTAPI function instrumented: __itt_metadata_add
12572 : 0x1c58ae4236 : 2 : ittapi_config_apply_per_lib :  ITTAPI function not implemented: __itt_metadata_str_addA
12572 : 0x1c58ae4250 : 2 : ittapi_config_apply_per_lib :  ITTAPI function not implemented: __itt_metadata_str_addW
12572 : 0x1c58ae426a : 2 : ittapi_config_apply_per_lib :  ITTAPI function not implemented: __itt_relation_add_to_current
12572 : 0x1c58ae42be : 2 : ittapi_config_apply_per_lib :  ITTAPI function not implemented: __itt_relation_add
12572 : 0x1c58ae42d8 : 2 : ittapi_config_apply_per_lib :  ITTAPI function instrumented: __itt_event_createA
12572 : 0x1c58ae4355 : 2 : ittapi_config_apply_per_lib :  ITTAPI function instrumented: __itt_event_createW
12572 : 0x1c58ae436e : 2 : ittapi_config_apply_per_lib :  ITTAPI function instrumented: __itt_event_start
12572 : 0x1c58ae4387 : 2 : ittapi_config_apply_per_lib :  ITTAPI function instrumented: __itt_event_end
12572 : 0x1c58ae439c : 2 : ittapi_config_apply_per_lib :  ITTAPI function NOT instrumented (not matched by --itt-config option): __itt_sync_set_nameA

12572 : 0x1c58ae43b8 : 2 : ittapi_config_apply_per_lib :  ITTAPI function NOT instrumented (not matched by --itt-config option): __itt_sync_set_nameW

12572 : 0x1c58ae43d4 : 2 : ittapi_config_apply_per_lib :  ITTAPI function NOT instrumented (not matched by --itt-config option): __itt_notify_sync_nameA

12572 : 0x1c58ae43f0 : 2 : ittapi_config_apply_per_lib :  ITTAPI function NOT instrumented (not matched by --itt-config option): __itt_notify_sync_nameW

12572 : 0x1c58ae440c : 2 : ittapi_config_apply_per_lib :  ITTAPI function NOT instrumented (not matched by --itt-config option): __itt_notify_sync_prepare

12572 : 0x1c58ae4472 : 2 : ittapi_config_apply_per_lib :  ITTAPI function NOT instrumented (not matched by --itt-config option): __itt_notify_sync_cancel

12572 : 0x1c58ae448f : 2 : ittapi_config_apply_per_lib :  ITTAPI function NOT instrumented (not matched by --itt-config option): __itt_notify_sync_acquired

12572 : 0x1c58ae44ad : 2 : ittapi_config_apply_per_lib :  ITTAPI function NOT instrumented (not matched by --itt-config option): __itt_notify_sync_releasing

12572 : 0x1c58ae44d0 : 2 : ittapi_config_apply_per_lib :  ITTAPI function not implemented: __itt_memory_read
12572 : 0x1c58ae44ea : 2 : ittapi_config_apply_per_lib :  ITTAPI function not implemented: __itt_memory_write
12572 : 0x1c58ae4505 : 2 : ittapi_config_apply_per_lib :  ITTAPI function not implemented: __itt_memory_update
12572 : 0x1c58ae4520 : 2 : ittapi_config_apply_per_lib :  ITTAPI function not implemented: __itt_state_get
12572 : 0x1c58ae453b : 2 : ittapi_config_apply_per_lib :  ITTAPI function not implemented: __itt_state_set
12572 : 0x1c58ae4555 : 2 : ittapi_config_apply_per_lib :  ITTAPI function not implemented: __itt_obj_mode_set
12572 : 0x1c58ae4570 : 2 : ittapi_config_apply_per_lib :  ITTAPI function not implemented: __itt_thr_mode_set
12572 : 0x1c58ae45c3 : 2 : ittapi_config_apply_per_lib :  ITTAPI function instrumented: __itt_frame_createA
12572 : 0x1c58ae45dd : 2 : ittapi_config_apply_per_lib :  ITTAPI function instrumented: __itt_frame_createW
12572 : 0x1c58ae45f5 : 2 : ittapi_config_apply_per_lib :  ITTAPI function instrumented: __itt_frame_begin
12572 : 0x1c58ae460d : 2 : ittapi_config_apply_per_lib :  ITTAPI function instrumented: __itt_frame_end
12572 : 0x1c58ae4627 : 2 : ittapi_config_apply_per_lib :  ITTAPI function not implemented: __itt_counter_destroy
12572 : 0x1c58ae4641 : 2 : ittapi_config_apply_per_lib :  ITTAPI function instrumented: __itt_counter_inc
12572 : 0x1c58ae4659 : 2 : ittapi_config_apply_per_lib :  ITTAPI function instrumented: __itt_counter_inc_delta
12572 : 0x1c58ae4672 : 2 : ittapi_config_apply_per_lib :  ITTAPI function instrumented: __itt_counter_dec
12572 : 0x1c58ae468a : 2 : ittapi_config_apply_per_lib :  ITTAPI function instrumented: __itt_counter_dec_delta
12572 : 0x1c58ae46a3 : 2 : ittapi_config_apply_per_lib :  ITTAPI function instrumented: __itt_counter_set_value
12572 : 0x1c58ae475f : 2 : ittapi_config_apply_per_lib :  ITTAPI function not implemented: __itt_counter_set_value_ex
12572 : 0x1c58ae477f : 2 : ittapi_config_apply_per_lib :  ITTAPI function not implemented: __itt_mark_createA
12572 : 0x1c58ae4799 : 2 : ittapi_config_apply_per_lib :  ITTAPI function not implemented: __itt_mark_createW
12572 : 0x1c58ae47b1 : 2 : ittapi_config_apply_per_lib :  ITTAPI function not implemented: __itt_markA
12572 : 0x1c58ae47cb : 2 : ittapi_config_apply_per_lib :  ITTAPI function not implemented: __itt_markW
12572 : 0x1c58ae47e4 : 2 : ittapi_config_apply_per_lib :  ITTAPI function not implemented: __itt_mark_off
12572 : 0x1c58ae47fd : 2 : ittapi_config_apply_per_lib :  ITTAPI function not implemented: __itt_mark_globalA
12572 : 0x1c58ae4817 : 2 : ittapi_config_apply_per_lib :  ITTAPI function not implemented: __itt_mark_globalW
12572 : 0x1c58ae4830 : 2 : ittapi_config_apply_per_lib :  ITTAPI function not implemented: __itt_mark_global_off
12572 : 0x1c58ae4847 : 2 : ittapi_config_apply_per_lib :  ITTAPI function NOT instrumented (not matched by --itt-config option): __itt_stack_caller_create

12572 : 0x1c58ae49bf : 2 : ittapi_config_apply_per_lib :  ITTAPI function NOT instrumented (not matched by --itt-config option): __itt_stack_caller_destroy

12572 : 0x1c58ae49e1 : 2 : ittapi_config_apply_per_lib :  ITTAPI function NOT instrumented (not matched by --itt-config option): __itt_stack_callee_enter

12572 : 0x1c58ae49ff : 2 : ittapi_config_apply_per_lib :  ITTAPI function NOT instrumented (not matched by --itt-config option): __itt_stack_callee_leave

12572 : 0x1c58ae4a24 : 2 : ittapi_config_apply_per_lib :  ITTAPI function not implemented: __itt_clock_domain_create
12572 : 0x1c58ae4a3f : 2 : ittapi_config_apply_per_lib :  ITTAPI function not implemented: __itt_clock_domain_reset
12572 : 0x1c58ae4a5a : 2 : ittapi_config_apply_per_lib :  ITTAPI function not implemented: __itt_id_create_ex
12572 : 0x1c58ae4a73 : 2 : ittapi_config_apply_per_lib :  ITTAPI function not implemented: __itt_id_destroy_ex
12572 : 0x1c58ae4a8f : 2 : ittapi_config_apply_per_lib :  ITTAPI function not implemented: __itt_task_begin_ex
12572 : 0x1c58ae4aab : 2 : ittapi_config_apply_per_lib :  ITTAPI function not implemented: __itt_task_begin_fn_ex
12572 : 0x1c58ae4ac6 : 2 : ittapi_config_apply_per_lib :  ITTAPI function not implemented: __itt_task_end_ex
12572 : 0x1c58ae4b25 : 2 : ittapi_config_apply_per_lib :  ITTAPI function instrumented: __itt_task_begin_overlapped
12572 : 0x1c58ae4b43 : 2 : ittapi_config_apply_per_lib :  ITTAPI function not implemented: __itt_task_begin_overlapped_ex
12572 : 0x1c58ae4b5c : 2 : ittapi_config_apply_per_lib :  ITTAPI function instrumented: __itt_task_end_overlapped
12572 : 0x1c58ae4b77 : 2 : ittapi_config_apply_per_lib :  ITTAPI function not implemented: __itt_task_end_overlapped_ex
12572 : 0x1c58ae4b92 : 2 : ittapi_config_apply_per_lib :  ITTAPI function not implemented: __itt_marker_ex
12572 : 0x1c58ae4bac : 2 : ittapi_config_apply_per_lib :  ITTAPI function not implemented: __itt_metadata_add_with_scope
12572 : 0x1c58ae4bc8 : 2 : ittapi_config_apply_per_lib :  ITTAPI function not implemented: __itt_metadata_str_add_with_scopeA
12572 : 0x1c58ae4be4 : 2 : ittapi_config_apply_per_lib :  ITTAPI function not implemented: __itt_metadata_str_add_with_scopeW
12572 : 0x1c58ae4c00 : 2 : ittapi_config_apply_per_lib :  ITTAPI function not implemented: __itt_relation_add_to_current_ex
12572 : 0x1c58ae4c1c : 2 : ittapi_config_apply_per_lib :  ITTAPI function not implemented: __itt_relation_add_ex
12572 : 0x1c58ae4c68 : 2 : ittapi_config_apply_per_lib :  ITTAPI function not implemented: __itt_track_group_create
12572 : 0x1c58ae4c83 : 2 : ittapi_config_apply_per_lib :  ITTAPI function not implemented: __itt_track_create
12572 : 0x1c58ae4c9d : 2 : ittapi_config_apply_per_lib :  ITTAPI function not implemented: __itt_set_track
12572 : 0x1c58ae4cb5 : 2 : ittapi_config_apply_per_lib :  ITTAPI function instrumented: __itt_api_version
12572 : 0x1c58ae4ccf : 2 : ittapi_config_apply_per_lib :  ITTAPI function not implemented: __itt_av_saveA
12572 : 0x1c58ae4ce9 : 2 : ittapi_config_apply_per_lib :  ITTAPI function not implemented: __itt_av_saveW
12572 : 0x1c58ae4d01 : 2 : ittapi_config_apply_per_lib :  ITTAPI function instrumented: __itt_module_loadA
12572 : 0x1c58ae4d1a : 2 : ittapi_config_apply_per_lib :  ITTAPI function instrumented: __itt_module_loadW
12572 : 0x1c58ae58d8 : 2 : ittapi_config_mask_get :  --itt-config mask to be applied: 39
12572 : 0x1c58ae5904 : 2 : ittapi_config_apply_per_lib :  ITTAPI function instrumented: __itt_domain_createA
12572 : 0x1c58ae59a2 : 2 : ittapi_config_apply_per_lib :  ITTAPI function instrumented: __itt_domain_createW
12572 : 0x1c58ae59bf : 2 : ittapi_config_apply_per_lib :  ITTAPI function instrumented: __itt_string_handle_createA
12572 : 0x1c58ae59d7 : 2 : ittapi_config_apply_per_lib :  ITTAPI function instrumented: __itt_string_handle_createW
12572 : 0x1c58ae59f1 : 2 : ittapi_config_apply_per_lib :  ITTAPI function instrumented: __itt_pause
12572 : 0x1c58ae5a09 : 2 : ittapi_config_apply_per_lib :  ITTAPI function instrumented: __itt_resume
12572 : 0x1c58ae5a21 : 2 : ittapi_config_apply_per_lib :  ITTAPI function instrumented: __itt_thread_set_nameA
12572 : 0x1c58ae5abd : 2 : ittapi_config_apply_per_lib :  ITTAPI function instrumented: __itt_thread_set_nameW
12572 : 0x1c58ae5ad8 : 2 : ittapi_config_apply_per_lib :  ITTAPI function instrumented: __itt_thread_ignore
12572 : 0x1c58ae5af1 : 2 : ittapi_config_apply_per_lib :  ITTAPI function instrumented: __itt_thr_name_setA
12572 : 0x1c58ae5b0b : 2 : ittapi_config_apply_per_lib :  ITTAPI function instrumented: __itt_thr_name_setW
12572 : 0x1c58ae5b95 : 2 : ittapi_config_apply_per_lib :  ITTAPI function instrumented: __itt_thr_ignore
12572 : 0x1c58ae5bb7 : 2 : ittapi_config_apply_per_lib :  ITTAPI function not implemented: __itt_enable_attach
12572 : 0x1c58ae5bcf : 2 : ittapi_config_apply_per_lib :  ITTAPI function instrumented: __itt_detach
12572 : 0x1c58ae5be4 : 2 : ittapi_config_apply_per_lib :  ITTAPI function NOT instrumented (not matched by --itt-config option): __itt_sync_createA

12572 : 0x1c58ae5c01 : 2 : ittapi_config_apply_per_lib :  ITTAPI function NOT instrumented (not matched by --itt-config option): __itt_sync_createW

12572 : 0x1c58ae5c1e : 2 : ittapi_config_apply_per_lib :  ITTAPI function NOT instrumented (not matched by --itt-config option): __itt_sync_renameA

12572 : 0x1c58ae5c3b : 2 : ittapi_config_apply_per_lib :  ITTAPI function NOT instrumented (not matched by --itt-config option): __itt_sync_renameW

12572 : 0x1c58ae5c56 : 2 : ittapi_config_apply_per_lib :  ITTAPI function NOT instrumented (not matched by --itt-config option): __itt_sync_destroy

12572 : 0x1c58ae5c72 : 2 : ittapi_config_apply_per_lib :  ITTAPI function NOT instrumented (not matched by --itt-config option): __itt_sync_prepare

12572 : 0x1c58ae5c8e : 2 : ittapi_config_apply_per_lib :  ITTAPI function NOT instrumented (not matched by --itt-config option): __itt_sync_cancel

12572 : 0x1c58ae5cf4 : 2 : ittapi_config_apply_per_lib :  ITTAPI function NOT instrumented (not matched by --itt-config option): __itt_sync_acquired

12572 : 0x1c58ae5d12 : 2 : ittapi_config_apply_per_lib :  ITTAPI function NOT instrumented (not matched by --itt-config option): __itt_sync_releasing

12572 : 0x1c58ae5d36 : 2 : ittapi_config_apply_per_lib :  ITTAPI function not implemented: __itt_suppress_push
12572 : 0x1c58ae5d51 : 2 : ittapi_config_apply_per_lib :  ITTAPI function not implemented: __itt_suppress_pop
12572 : 0x1c58ae5d6a : 2 : ittapi_config_apply_per_lib :  ITTAPI function not implemented: __itt_suppress_mark_range
12572 : 0x1c58ae5d85 : 2 : ittapi_config_apply_per_lib :  ITTAPI function not implemented: __itt_suppress_clear_range
12572 : 0x1c58ae5d9b : 2 : ittapi_config_apply_per_lib :  ITTAPI function NOT instrumented (not matched by --itt-config option): __itt_sync_prepare

12572 : 0x1c58ae5db7 : 2 : ittapi_config_apply_per_lib :  ITTAPI function NOT instrumented (not matched by --itt-config option): __itt_sync_cancel

12572 : 0x1c58ae5dd3 : 2 : ittapi_config_apply_per_lib :  ITTAPI function NOT instrumented (not matched by --itt-config option): __itt_sync_acquired

12572 : 0x1c58ae5dee : 2 : ittapi_config_apply_per_lib :  ITTAPI function NOT instrumented (not matched by --itt-config option): __itt_sync_releasing

12572 : 0x1c58ae5e49 : 2 : ittapi_config_apply_per_lib :  ITTAPI function not implemented: __itt_model_site_begin
12572 : 0x1c58ae5e65 : 2 : ittapi_config_apply_per_lib :  ITTAPI function not implemented: __itt_model_site_end
12572 : 0x1c58ae5e7f : 2 : ittapi_config_apply_per_lib :  ITTAPI function not implemented: __itt_model_task_begin
12572 : 0x1c58ae5e99 : 2 : ittapi_config_apply_per_lib :  ITTAPI function not implemented: __itt_model_task_end
12572 : 0x1c58ae5eb2 : 2 : ittapi_config_apply_per_lib :  ITTAPI function not implemented: __itt_model_lock_acquire
12572 : 0x1c58ae5ecc : 2 : ittapi_config_apply_per_lib :  ITTAPI function not implemented: __itt_model_lock_release
12572 : 0x1c58ae5ee5 : 2 : ittapi_config_apply_per_lib :  ITTAPI function not implemented: __itt_model_record_allocation
12572 : 0x1c58ae5eff : 2 : ittapi_config_apply_per_lib :  ITTAPI function not implemented: __itt_model_record_deallocation
12572 : 0x1c58ae5f19 : 2 : ittapi_config_apply_per_lib :  ITTAPI function not implemented: __itt_model_induction_uses
12572 : 0x1c58ae5f33 : 2 : ittapi_config_apply_per_lib :  ITTAPI function not implemented: __itt_model_reduction_uses
12572 : 0x1c58ae5f8f : 2 : ittapi_config_apply_per_lib :  ITTAPI function not implemented: __itt_model_observe_uses
12572 : 0x1c58ae5fab : 2 : ittapi_config_apply_per_lib :  ITTAPI function not implemented: __itt_model_clear_uses
12572 : 0x1c58ae5fc5 : 2 : ittapi_config_apply_per_lib :  ITTAPI function not implemented: __itt_model_site_beginW
12572 : 0x1c58ae5fdf : 2 : ittapi_config_apply_per_lib :  ITTAPI function not implemented: __itt_model_task_beginW
12572 : 0x1c58ae5ffa : 2 : ittapi_config_apply_per_lib :  ITTAPI function not implemented: __itt_model_iteration_taskW
12572 : 0x1c58ae6014 : 2 : ittapi_config_apply_per_lib :  ITTAPI function not implemented: __itt_model_site_beginA
12572 : 0x1c58ae602f : 2 : ittapi_config_apply_per_lib :  ITTAPI function not implemented: __itt_model_site_beginAL
12572 : 0x1c58ae6049 : 2 : ittapi_config_apply_per_lib :  ITTAPI function not implemented: __itt_model_task_beginA
12572 : 0x1c58ae6063 : 2 : ittapi_config_apply_per_lib :  ITTAPI function not implemented: __itt_model_task_beginAL
12572 : 0x1c58ae607c : 2 : ittapi_config_apply_per_lib :  ITTAPI function not implemented: __itt_model_iteration_taskA
12572 : 0x1c58ae60d1 : 2 : ittapi_config_apply_per_lib :  ITTAPI function not implemented: __itt_model_iteration_taskAL
12572 : 0x1c58ae6113 : 2 : ittapi_config_apply_per_lib :  ITTAPI function not implemented: __itt_model_site_end_2
12572 : 0x1c58ae612d : 2 : ittapi_config_apply_per_lib :  ITTAPI function not implemented: __itt_model_task_end_2
12572 : 0x1c58ae61dd : 2 : ittapi_config_apply_per_lib :  ITTAPI function not implemented: __itt_model_lock_acquire_2
12572 : 0x1c58ae61f7 : 2 : ittapi_config_apply_per_lib :  ITTAPI function not implemented: __itt_model_lock_release_2
12572 : 0x1c58ae6212 : 2 : ittapi_config_apply_per_lib :  ITTAPI function not implemented: __itt_model_aggregate_task
12572 : 0x1c58ae622b : 2 : ittapi_config_apply_per_lib :  ITTAPI function not implemented: __itt_model_disable_push
12572 : 0x1c58ae6244 : 2 : ittapi_config_apply_per_lib :  ITTAPI function not implemented: __itt_model_disable_pop
12572 : 0x1c58ae625e : 2 : ittapi_config_apply_per_lib :  ITTAPI function instrumented: __itt_heap_function_createA
12572 : 0x1c58ae6278 : 2 : ittapi_config_apply_per_lib :  ITTAPI function instrumented: __itt_heap_function_createW
12572 : 0x1c58ae62d1 : 2 : ittapi_config_apply_per_lib :  ITTAPI function instrumented: __itt_heap_allocate_begin
12572 : 0x1c58ae62eb : 2 : ittapi_config_apply_per_lib :  ITTAPI function instrumented: __itt_heap_allocate_end
12572 : 0x1c58ae6303 : 2 : ittapi_config_apply_per_lib :  ITTAPI function instrumented: __itt_heap_free_begin
12572 : 0x1c58ae631a : 2 : ittapi_config_apply_per_lib :  ITTAPI function instrumented: __itt_heap_free_end
12572 : 0x1c58ae6332 : 2 : ittapi_config_apply_per_lib :  ITTAPI function instrumented: __itt_heap_reallocate_begin
12572 : 0x1c58ae6349 : 2 : ittapi_config_apply_per_lib :  ITTAPI function instrumented: __itt_heap_reallocate_end
12572 : 0x1c58ae6365 : 2 : ittapi_config_apply_per_lib :  ITTAPI function not implemented: __itt_heap_internal_access_begin
12572 : 0x1c58ae6380 : 2 : ittapi_config_apply_per_lib :  ITTAPI function not implemented: __itt_heap_internal_access_end
12572 : 0x1c58ae639b : 2 : ittapi_config_apply_per_lib :  ITTAPI function not implemented: __itt_heap_record_memory_growth_begin
12572 : 0x1c58ae63b7 : 2 : ittapi_config_apply_per_lib :  ITTAPI function not implemented: __itt_heap_record_memory_growth_end
12572 : 0x1c58ae6407 : 2 : ittapi_config_apply_per_lib :  ITTAPI function not implemented: __itt_heap_reset_detection
12572 : 0x1c58ae6421 : 2 : ittapi_config_apply_per_lib :  ITTAPI function not implemented: __itt_heap_record
12572 : 0x1c58ae643c : 2 : ittapi_config_apply_per_lib :  ITTAPI function not implemented: __itt_id_create
12572 : 0x1c58ae6456 : 2 : ittapi_config_apply_per_lib :  ITTAPI function not implemented: __itt_id_destroy
12572 : 0x1c58ae646e : 2 : ittapi_config_apply_per_lib :  ITTAPI function instrumented: __itt_get_timestamp
12572 : 0x1c58ae6488 : 2 : ittapi_config_apply_per_lib :  ITTAPI function not implemented: __itt_region_begin
12572 : 0x1c58ae64a2 : 2 : ittapi_config_apply_per_lib :  ITTAPI function not implemented: __itt_region_end
12572 : 0x1c58ae64bb : 2 : ittapi_config_apply_per_lib :  ITTAPI function instrumented: __itt_frame_begin_v3
12572 : 0x1c58ae64d4 : 2 : ittapi_config_apply_per_lib :  ITTAPI function instrumented: __itt_frame_end_v3
12572 : 0x1c58ae64ec : 2 : ittapi_config_apply_per_lib :  ITTAPI function instrumented: __itt_frame_submit_v3
12572 : 0x1c58ae6549 : 2 : ittapi_config_apply_per_lib :  ITTAPI function not implemented: __itt_task_group
12572 : 0x1c58ae6564 : 2 : ittapi_config_apply_per_lib :  ITTAPI function instrumented: __itt_task_begin
12572 : 0x1c58ae657b : 2 : ittapi_config_apply_per_lib :  ITTAPI function instrumented: __itt_task_begin_fn
12572 : 0x1c58ae6594 : 2 : ittapi_config_apply_per_lib :  ITTAPI function instrumented: __itt_task_end
12572 : 0x1c58ae65af : 2 : ittapi_config_apply_per_lib :  ITTAPI function not implemented: __itt_counter_inc_v3
12572 : 0x1c58ae65cb : 2 : ittapi_config_apply_per_lib :  ITTAPI function not implemented: __itt_counter_inc_delta_v3
12572 : 0x1c58ae65e5 : 2 : ittapi_config_apply_per_lib :  ITTAPI function not implemented: __itt_marker
12572 : 0x1c58ae65fd : 2 : ittapi_config_apply_per_lib :  ITTAPI function instrumented: __itt_metadata_add
12572 : 0x1c58ae6616 : 2 : ittapi_config_apply_per_lib :  ITTAPI function not implemented: __itt_metadata_str_addA
12572 : 0x1c58ae6630 : 2 : ittapi_config_apply_per_lib :  ITTAPI function not implemented: __itt_metadata_str_addW
12572 : 0x1c58ae6686 : 2 : ittapi_config_apply_per_lib :  ITTAPI function not implemented: __itt_relation_add_to_current
12572 : 0x1c58ae66a2 : 2 : ittapi_config_apply_per_lib :  ITTAPI function not implemented: __itt_relation_add
12572 : 0x1c58ae66bc : 2 : ittapi_config_apply_per_lib :  ITTAPI function instrumented: __itt_event_createA
12572 : 0x1c58ae66d4 : 2 : ittapi_config_apply_per_lib :  ITTAPI function instrumented: __itt_event_createW
12572 : 0x1c58ae66eb : 2 : ittapi_config_apply_per_lib :  ITTAPI function instrumented: __itt_event_start
12572 : 0x1c58ae6704 : 2 : ittapi_config_apply_per_lib :  ITTAPI function instrumented: __itt_event_end
12572 : 0x1c58ae6719 : 2 : ittapi_config_apply_per_lib :  ITTAPI function NOT instrumented (not matched by --itt-config option): __itt_sync_set_nameA

12572 : 0x1c58ae6734 : 2 : ittapi_config_apply_per_lib :  ITTAPI function NOT instrumented (not matched by --itt-config option): __itt_sync_set_nameW

12572 : 0x1c58ae6750 : 2 : ittapi_config_apply_per_lib :  ITTAPI function NOT instrumented (not matched by --itt-config option): __itt_notify_sync_nameA

12572 : 0x1c58ae676c : 2 : ittapi_config_apply_per_lib :  ITTAPI function NOT instrumented (not matched by --itt-config option): __itt_notify_sync_nameW

12572 : 0x1c58ae67b7 : 2 : ittapi_config_apply_per_lib :  ITTAPI function NOT instrumented (not matched by --itt-config option): __itt_notify_sync_prepare

12572 : 0x1c58ae67d5 : 2 : ittapi_config_apply_per_lib :  ITTAPI function NOT instrumented (not matched by --itt-config option): __itt_notify_sync_cancel

12572 : 0x1c58ae67f1 : 2 : ittapi_config_apply_per_lib :  ITTAPI function NOT instrumented (not matched by --itt-config option): __itt_notify_sync_acquired

12572 : 0x1c58ae680e : 2 : ittapi_config_apply_per_lib :  ITTAPI function NOT instrumented (not matched by --itt-config option): __itt_notify_sync_releasing

12572 : 0x1c58ae6830 : 2 : ittapi_config_apply_per_lib :  ITTAPI function not implemented: __itt_memory_read
12572 : 0x1c58ae684a : 2 : ittapi_config_apply_per_lib :  ITTAPI function not implemented: __itt_memory_write
12572 : 0x1c58ae6864 : 2 : ittapi_config_apply_per_lib :  ITTAPI function not implemented: __itt_memory_update
12572 : 0x1c58ae687f : 2 : ittapi_config_apply_per_lib :  ITTAPI function not implemented: __itt_state_get
12572 : 0x1c58ae6899 : 2 : ittapi_config_apply_per_lib :  ITTAPI function not implemented: __itt_state_set
12572 : 0x1c58ae68b2 : 2 : ittapi_config_apply_per_lib :  ITTAPI function not implemented: __itt_obj_mode_set
12572 : 0x1c58ae6a82 : 2 : ittapi_config_apply_per_lib :  ITTAPI function not implemented: __itt_thr_mode_set
12572 : 0x1c58ae6aa3 : 2 : ittapi_config_apply_per_lib :  ITTAPI function instrumented: __itt_frame_createA
12572 : 0x1c58ae6abc : 2 : ittapi_config_apply_per_lib :  ITTAPI function instrumented: __itt_frame_createW
12572 : 0x1c58ae6ad5 : 2 : ittapi_config_apply_per_lib :  ITTAPI function instrumented: __itt_frame_begin
12572 : 0x1c58ae6aed : 2 : ittapi_config_apply_per_lib :  ITTAPI function instrumented: __itt_frame_end
12572 : 0x1c58ae6b06 : 2 : ittapi_config_apply_per_lib :  ITTAPI function instrumented: __itt_counter_createA
12572 : 0x1c58ae6b1e : 2 : ittapi_config_apply_per_lib :  ITTAPI function instrumented: __itt_counter_createW
12572 : 0x1c58ae6bb4 : 2 : ittapi_config_apply_per_lib :  ITTAPI function not implemented: __itt_counter_destroy
12572 : 0x1c58ae6bcd : 2 : ittapi_config_apply_per_lib :  ITTAPI function instrumented: __itt_counter_inc
12572 : 0x1c58ae6be7 : 2 : ittapi_config_apply_per_lib :  ITTAPI function instrumented: __itt_counter_inc_delta
12572 : 0x1c58ae6c6c : 2 : ittapi_config_apply_per_lib :  ITTAPI function not implemented: __itt_mark_createA
12572 : 0x1c58ae6c88 : 2 : ittapi_config_apply_per_lib :  ITTAPI function not implemented: __itt_mark_createW
12572 : 0x1c58ae6ca1 : 2 : ittapi_config_apply_per_lib :  ITTAPI function not implemented: __itt_markA
12572 : 0x1c58ae6cba : 2 : ittapi_config_apply_per_lib :  ITTAPI function not implemented: __itt_markW
12572 : 0x1c58ae6cd5 : 2 : ittapi_config_apply_per_lib :  ITTAPI function not implemented: __itt_mark_off
12572 : 0x1c58ae6cee : 2 : ittapi_config_apply_per_lib :  ITTAPI function not implemented: __itt_mark_globalA
12572 : 0x1c58ae6d08 : 2 : ittapi_config_apply_per_lib :  ITTAPI function not implemented: __itt_mark_globalW
12572 : 0x1c58ae6d21 : 2 : ittapi_config_apply_per_lib :  ITTAPI function not implemented: __itt_mark_global_off
12572 : 0x1c58ae6d39 : 2 : ittapi_config_apply_per_lib :  ITTAPI function NOT instrumented (not matched by --itt-config option): __itt_stack_caller_create

12572 : 0x1c58ae6d56 : 2 : ittapi_config_apply_per_lib :  ITTAPI function NOT instrumented (not matched by --itt-config option): __itt_stack_caller_destroy

12572 : 0x1c58ae6da6 : 2 : ittapi_config_apply_per_lib :  ITTAPI function NOT instrumented (not matched by --itt-config option): __itt_stack_callee_enter

12572 : 0x1c58ae6dc4 : 2 : ittapi_config_apply_per_lib :  ITTAPI function NOT instrumented (not matched by --itt-config option): __itt_stack_callee_leave

12572 : 0x1c58ae6de6 : 2 : ittapi_config_apply_per_lib :  ITTAPI function not implemented: __itt_clock_domain_create
12572 : 0x1c58ae6e00 : 2 : ittapi_config_apply_per_lib :  ITTAPI function not implemented: __itt_clock_domain_reset
12572 : 0x1c58ae6e1a : 2 : ittapi_config_apply_per_lib :  ITTAPI function not implemented: __itt_id_create_ex
12572 : 0x1c58ae6e34 : 2 : ittapi_config_apply_per_lib :  ITTAPI function not implemented: __itt_id_destroy_ex
12572 : 0x1c58ae6e50 : 2 : ittapi_config_apply_per_lib :  ITTAPI function not implemented: __itt_task_begin_ex
12572 : 0x1c58ae6e6a : 2 : ittapi_config_apply_per_lib :  ITTAPI function not implemented: __itt_task_begin_fn_ex
12572 : 0x1c58ae6e85 : 2 : ittapi_config_apply_per_lib :  ITTAPI function not implemented: __itt_task_end_ex
12572 : 0x1c58ae6e9d : 2 : ittapi_config_apply_per_lib :  ITTAPI function instrumented: __itt_task_begin_overlapped
12572 : 0x1c58ae6ee9 : 2 : ittapi_config_apply_per_lib :  ITTAPI function not implemented: __itt_task_begin_overlapped_ex
12572 : 0x1c58ae6f02 : 2 : ittapi_config_apply_per_lib :  ITTAPI function instrumented: __itt_task_end_overlapped
12572 : 0x1c58ae6f1d : 2 : ittapi_config_apply_per_lib :  ITTAPI function not implemented: __itt_task_end_overlapped_ex
12572 : 0x1c58ae6f37 : 2 : ittapi_config_apply_per_lib :  ITTAPI function not implemented: __itt_marker_ex
12572 : 0x1c58ae6f4f : 2 : ittapi_config_apply_per_lib :  ITTAPI function not implemented: __itt_metadata_add_with_scope
12572 : 0x1c58ae6fd3 : 2 : ittapi_config_apply_per_lib :  ITTAPI function not implemented: __itt_metadata_str_add_with_scopeA
12572 : 0x1c58ae6ff0 : 2 : ittapi_config_apply_per_lib :  ITTAPI function not implemented: __itt_metadata_str_add_with_scopeW
12572 : 0x1c58ae700c : 2 : ittapi_config_apply_per_lib :  ITTAPI function not implemented: __itt_relation_add_to_current_ex
12572 : 0x1c58ae7027 : 2 : ittapi_config_apply_per_lib :  ITTAPI function not implemented: __itt_relation_add_ex
12572 : 0x1c58ae7042 : 2 : ittapi_config_apply_per_lib :  ITTAPI function not implemented: __itt_track_group_create
12572 : 0x1c58ae70c6 : 2 : ittapi_config_apply_per_lib :  ITTAPI function not implemented: __itt_track_create
12572 : 0x1c58ae70e2 : 2 : ittapi_config_apply_per_lib :  ITTAPI function not implemented: __itt_set_track
12572 : 0x1c58ae70fb : 2 : ittapi_config_apply_per_lib :  ITTAPI function instrumented: __itt_api_version
12572 : 0x1c58ae7115 : 2 : ittapi_config_apply_per_lib :  ITTAPI function not implemented: __itt_av_saveA
12572 : 0x1c58ae712f : 2 : ittapi_config_apply_per_lib :  ITTAPI function not implemented: __itt_av_saveW